{
    "expand": "operations,versionedRepresentations,editmeta,changelog,renderedFields",
    "fields": {
        "aggregateprogress": {
            "progress": 0,
            "total": 0
        },
        "aggregatetimeestimate": null,
        "aggregatetimeoriginalestimate": null,
        "aggregatetimespent": null,
        "assignee": {
            "active": true,
            "avatarUrls": {
                "16x16": "https://issues.apache.org/jira/secure/useravatar?size=xsmall&ownerId=mmokhtar&avatarId=21863",
                "24x24": "https://issues.apache.org/jira/secure/useravatar?size=small&ownerId=mmokhtar&avatarId=21863",
                "32x32": "https://issues.apache.org/jira/secure/useravatar?size=medium&ownerId=mmokhtar&avatarId=21863",
                "48x48": "https://issues.apache.org/jira/secure/useravatar?ownerId=mmokhtar&avatarId=21863"
            },
            "displayName": "Mostafa Mokhtar",
            "key": "mmokhtar",
            "name": "mmokhtar",
            "self": "https://issues.apache.org/jira/rest/api/2/user?username=mmokhtar",
            "timeZone": "America/Los_Angeles"
        },
        "components": [{
            "description": "All issues dealing with Hive's cost based optimizer and its interaction with Optiq",
            "id": "12323402",
            "name": "CBO",
            "self": "https://issues.apache.org/jira/rest/api/2/component/12323402"
        }],
        "created": "2014-08-29T18:05:12.000+0000",
        "creator": {
            "active": true,
            "avatarUrls": {
                "16x16": "https://issues.apache.org/jira/secure/useravatar?size=xsmall&ownerId=mmokhtar&avatarId=21863",
                "24x24": "https://issues.apache.org/jira/secure/useravatar?size=small&ownerId=mmokhtar&avatarId=21863",
                "32x32": "https://issues.apache.org/jira/secure/useravatar?size=medium&ownerId=mmokhtar&avatarId=21863",
                "48x48": "https://issues.apache.org/jira/secure/useravatar?ownerId=mmokhtar&avatarId=21863"
            },
            "displayName": "Mostafa Mokhtar",
            "key": "mmokhtar",
            "name": "mmokhtar",
            "self": "https://issues.apache.org/jira/rest/api/2/user?username=mmokhtar",
            "timeZone": "America/Los_Angeles"
        },
        "customfield_10010": null,
        "customfield_12310191": null,
        "customfield_12310192": null,
        "customfield_12310220": "2014-10-11T01:45:34.005+0000",
        "customfield_12310222": "1_*:*_1_*:*_4052690921_*|*_5_*:*_1_*:*_0",
        "customfield_12310230": null,
        "customfield_12310250": null,
        "customfield_12310290": null,
        "customfield_12310291": null,
        "customfield_12310300": null,
        "customfield_12310310": "0.0",
        "customfield_12310320": null,
        "customfield_12310420": "9223372036854775807",
        "customfield_12310920": "9223372036854775807",
        "customfield_12310921": null,
        "customfield_12311020": null,
        "customfield_12311024": null,
        "customfield_12311120": null,
        "customfield_12311820": "0|i1zhwv:",
        "customfield_12312022": null,
        "customfield_12312023": null,
        "customfield_12312024": null,
        "customfield_12312026": null,
        "customfield_12312220": null,
        "customfield_12312320": null,
        "customfield_12312321": null,
        "customfield_12312322": null,
        "customfield_12312323": null,
        "customfield_12312324": null,
        "customfield_12312325": null,
        "customfield_12312326": null,
        "customfield_12312327": null,
        "customfield_12312328": null,
        "customfield_12312329": null,
        "customfield_12312330": null,
        "customfield_12312331": null,
        "customfield_12312332": null,
        "customfield_12312333": null,
        "customfield_12312334": null,
        "customfield_12312335": null,
        "customfield_12312336": null,
        "customfield_12312337": null,
        "customfield_12312338": null,
        "customfield_12312339": null,
        "customfield_12312340": null,
        "customfield_12312341": null,
        "customfield_12312520": null,
        "customfield_12312521": "Wed Dec 10 22:32:09 UTC 2014",
        "customfield_12312720": null,
        "customfield_12312823": null,
        "customfield_12312920": null,
        "customfield_12312921": null,
        "customfield_12312923": null,
        "customfield_12313422": "false",
        "customfield_12313520": null,
        "description": "Simplify predicates for disjunctive predicates so that can get pushed down to the scan.\n\nFor TPC-DS query 13 we push down predicates in the following form \n\nwhere c_martial_status in ('M','D','U') etc.. \n\n{code}\nselect avg(ss_quantity)\n       ,avg(ss_ext_sales_price)\n       ,avg(ss_ext_wholesale_cost)\n       ,sum(ss_ext_wholesale_cost)\n from store_sales\n     ,store\n     ,customer_demographics\n     ,household_demographics\n     ,customer_address\n     ,date_dim\n where store.s_store_sk = store_sales.ss_store_sk\n and  store_sales.ss_sold_date_sk = date_dim.d_date_sk and date_dim.d_year = 2001\n and((store_sales.ss_hdemo_sk=household_demographics.hd_demo_sk\n  and customer_demographics.cd_demo_sk = store_sales.ss_cdemo_sk\n  and customer_demographics.cd_marital_status = 'M'\n  and customer_demographics.cd_education_status = '4 yr Degree'\n  and store_sales.ss_sales_price between 100.00 and 150.00\n  and household_demographics.hd_dep_count = 3   \n     )or\n     (store_sales.ss_hdemo_sk=household_demographics.hd_demo_sk\n  and customer_demographics.cd_demo_sk = store_sales.ss_cdemo_sk\n  and customer_demographics.cd_marital_status = 'D'\n  and customer_demographics.cd_education_status = 'Primary'\n  and store_sales.ss_sales_price between 50.00 and 100.00   \n  and household_demographics.hd_dep_count = 1\n     ) or \n     (store_sales.ss_hdemo_sk=household_demographics.hd_demo_sk\n  and customer_demographics.cd_demo_sk = ss_cdemo_sk\n  and customer_demographics.cd_marital_status = 'U'\n  and customer_demographics.cd_education_status = 'Advanced Degree'\n  and store_sales.ss_sales_price between 150.00 and 200.00 \n  and household_demographics.hd_dep_count = 1  \n     ))\n and((store_sales.ss_addr_sk = customer_address.ca_address_sk\n  and customer_address.ca_country = 'United States'\n  and customer_address.ca_state in ('KY', 'GA', 'NM')\n  and store_sales.ss_net_profit between 100 and 200  \n     ) or\n     (store_sales.ss_addr_sk = customer_address.ca_address_sk\n  and customer_address.ca_country = 'United States'\n  and customer_address.ca_state in ('MT', 'OR', 'IN')\n  and store_sales.ss_net_profit between 150 and 300  \n     ) or\n     (store_sales.ss_addr_sk = customer_address.ca_address_sk\n  and customer_address.ca_country = 'United States'\n  and customer_address.ca_state in ('WI', 'MO', 'WV')\n  and store_sales.ss_net_profit between 50 and 250  \n     ))\n;\n\n{code}\n\n\nThis is the plan currently generated without any predicate simplification \n{code}\nSTAGE DEPENDENCIES:\n  Stage-1 is a root stage\n  Stage-0 depends on stages: Stage-1\n\nSTAGE PLANS:\n  Stage: Stage-1\n    Tez\n      Edges:\n        Map 7 <- Map 8 (BROADCAST_EDGE)\n        Map 8 <- Map 5 (BROADCAST_EDGE), Map 6 (BROADCAST_EDGE)\n        Reducer 2 <- Map 1 (SIMPLE_EDGE), Map 4 (BROADCAST_EDGE), Map 7 (SIMPLE_EDGE)\n        Reducer 3 <- Reducer 2 (SIMPLE_EDGE)\n      DagName: mmokhtar_20140828155050_7059c24b-501b-4683-86c0-4f3c023f0b0e:1\n      Vertices:\n        Map 1 \n            Map Operator Tree:\n                TableScan\n                  alias: customer_address\n                  Statistics: Num rows: 40000000 Data size: 40595195284 Basic stats: COMPLETE Column stats: NONE\n                  Select Operator\n                    expressions: ca_address_sk (type: int), ca_state (type: string), ca_country (type: string)\n                    outputColumnNames: _col0, _col1, _col2\n                    Statistics: Num rows: 40000000 Data size: 40595195284 Basic stats: COMPLETE Column stats: NONE\n                    Reduce Output Operator\n                      sort order: \n                      Statistics: Num rows: 40000000 Data size: 40595195284 Basic stats: COMPLETE Column stats: NONE\n                      value expressions: _col0 (type: int), _col1 (type: string), _col2 (type: string)\n            Execution mode: vectorized\n        Map 4 \n            Map Operator Tree:\n                TableScan\n                  alias: date_dim\n                  filterExpr: ((d_year = 2001) and d_date_sk is not null) (type: boolean)\n                  Statistics: Num rows: 73049 Data size: 81741831 Basic stats: COMPLETE Column stats: NONE\n                  Filter Operator\n                    predicate: ((d_year = 2001) and d_date_sk is not null) (type: boolean)\n                    Statistics: Num rows: 18262 Data size: 20435178 Basic stats: COMPLETE Column stats: NONE\n                    Select Operator\n                      expressions: d_date_sk (type: int)\n                      outputColumnNames: _col0\n                      Statistics: Num rows: 18262 Data size: 20435178 Basic stats: COMPLETE Column stats: NONE\n                      Reduce Output Operator\n                        key expressions: _col0 (type: int)\n                        sort order: +\n                        Map-reduce partition columns: _col0 (type: int)\n                        Statistics: Num rows: 18262 Data size: 20435178 Basic stats: COMPLETE Column stats: NONE\n            Execution mode: vectorized\n        Map 5 \n            Map Operator Tree:\n                TableScan\n                  alias: household_demographics\n                  Statistics: Num rows: 7200 Data size: 770400 Basic stats: COMPLETE Column stats: NONE\n                  Select Operator\n                    expressions: hd_demo_sk (type: int), hd_dep_count (type: int)\n                    outputColumnNames: _col0, _col1\n                    Statistics: Num rows: 7200 Data size: 770400 Basic stats: COMPLETE Column stats: NONE\n                    Reduce Output Operator\n                      sort order: \n                      Statistics: Num rows: 7200 Data size: 770400 Basic stats: COMPLETE Column stats: NONE\n                      value expressions: _col0 (type: int), _col1 (type: int)\n            Execution mode: vectorized\n        Map 6 \n            Map Operator Tree:\n                TableScan\n                  alias: store\n                  filterExpr: (true and s_store_sk is not null) (type: boolean)\n                  Statistics: Num rows: 1704 Data size: 3256276 Basic stats: COMPLETE Column stats: NONE\n                  Filter Operator\n                    predicate: s_store_sk is not null (type: boolean)\n                    Statistics: Num rows: 852 Data size: 1628138 Basic stats: COMPLETE Column stats: NONE\n                    Select Operator\n                      expressions: s_store_sk (type: int)\n                      outputColumnNames: _col0\n                      Statistics: Num rows: 852 Data size: 1628138 Basic stats: COMPLETE Column stats: NONE\n                      Reduce Output Operator\n                        sort order: \n                        Statistics: Num rows: 852 Data size: 1628138 Basic stats: COMPLETE Column stats: NONE\n                        value expressions: _col0 (type: int)\n            Execution mode: vectorized\n        Map 7 \n            Map Operator Tree:\n                TableScan\n                  alias: store_sales\n                  filterExpr: (ss_store_sk is not null and ss_sold_date_sk is not null) (type: boolean)\n                  Statistics: Num rows: 82510879939 Data size: 7203833257964 Basic stats: COMPLETE Column stats: NONE\n                  Filter Operator\n                    predicate: (ss_store_sk is not null and ss_sold_date_sk is not null) (type: boolean)\n                    Statistics: Num rows: 20627719985 Data size: 1800958314512 Basic stats: COMPLETE Column stats: NONE\n                    Select Operator\n                      expressions: ss_sold_date_sk (type: int), ss_cdemo_sk (type: int), ss_hdemo_sk (type: int), ss_addr_sk (type: int), ss_store_sk (type: int), ss_quantity (type: int), ss_sales_price (type: float), ss_ext_sales_price (type: float), ss_ext_wholesale_cost (type: float), ss_net_profit (type: float)\n                      outputColumnNames: _col0, _col1, _col2, _col3, _col4, _col5, _col6, _col7, _col8, _col9\n                      Statistics: Num rows: 20627719985 Data size: 1800958314512 Basic stats: COMPLETE Column stats: NONE\n                      Map Join Operator\n                        condition map:\n                             Inner Join 0 to 1\n                        condition expressions:\n                          0 {_col0} {_col1} {_col2} {_col4} {_col5}\n                          1 {_col0} {_col1} {_col2} {_col3} {_col5} {_col6} {_col7} {_col8} {_col9}\n                        keys:\n                          0 _col3 (type: int)\n                          1 _col4 (type: int)\n                        outputColumnNames: _col0, _col1, _col2, _col4, _col5, _col6, _col7, _col8, _col9, _col11, _col12, _col13, _col14, _col15\n                        input vertices:\n                          0 Map 8\n                        Statistics: Num rows: 22690492416 Data size: 1981054320640 Basic stats: COMPLETE Column stats: NONE\n                        Filter Operator\n                          predicate: (((_col8 = _col4) and ((_col0 = _col7) and ((_col1 = 'M') and ((_col2 = '4 yr Degree') and (_col12 BETWEEN 100 AND 150 and (_col5 = 3)))))) or (((_col8 = _col4) and ((_col0 = _col7) and ((_col1 = 'D') and ((_col2 = 'Primary') and (_col12 BETWEEN 50 AND 100 and (_col5 = 1)))))) or ((_col8 = _col4) and ((_col0 = _col7) and ((_col1 = 'U') and ((_col2 = 'Advanced Degree') and (_col12 BETWEEN 150 AND 200 and (_col5 = 1)))))))) (type: boolean)\n                          Statistics: Num rows: 1063616832 Data size: 92861921280 Basic stats: COMPLETE Column stats: NONE\n                          Select Operator\n                            expressions: _col6 (type: int), _col9 (type: int), _col11 (type: int), _col13 (type: float), _col14 (type: float), _col15 (type: float)\n                            outputColumnNames: _col0, _col3, _col5, _col7, _col8, _col9\n                            Statistics: Num rows: 1063616832 Data size: 92861921280 Basic stats: COMPLETE Column stats: NONE\n                            Reduce Output Operator\n                              sort order: \n                              Statistics: Num rows: 1063616832 Data size: 92861921280 Basic stats: COMPLETE Column stats: NONE\n                              value expressions: _col0 (type: int), _col3 (type: int), _col5 (type: int), _col7 (type: float), _col8 (type: float), _col9 (type: float)\n            Execution mode: vectorized\n        Map 8 \n            Map Operator Tree:\n                TableScan\n                  alias: customer_demographics\n                  Statistics: Num rows: 1920800 Data size: 718379200 Basic stats: COMPLETE Column stats: NONE\n                  Select Operator\n                    expressions: cd_demo_sk (type: int), cd_marital_status (type: string), cd_education_status (type: string)\n                    outputColumnNames: _col0, _col1, _col2\n                    Statistics: Num rows: 1920800 Data size: 718379200 Basic stats: COMPLETE Column stats: NONE\n                    Map Join Operator\n                      condition map:\n                           Inner Join 0 to 1\n                      condition expressions:\n                        0 {_col0} {_col1} {_col2}\n                        1 {_col0}\n                      keys:\n                        0 \n                        1 \n                      outputColumnNames: _col0, _col1, _col2, _col3\n                      input vertices:\n                        1 Map 6\n                      Statistics: Num rows: 2112880 Data size: 790217152 Basic stats: COMPLETE Column stats: NONE\n                      Map Join Operator\n                        condition map:\n                             Inner Join 0 to 1\n                        condition expressions:\n                          0 {_col0} {_col1} {_col2} {_col3}\n                          1 {_col0} {_col1}\n                        keys:\n                          0 \n                          1 \n                        outputColumnNames: _col0, _col1, _col2, _col3, _col4, _col5\n                        input vertices:\n                          1 Map 5\n                        Statistics: Num rows: 2324168 Data size: 869238912 Basic stats: COMPLETE Column stats: NONE\n                        Reduce Output Operator\n                          key expressions: _col3 (type: int)\n                          sort order: +\n                          Map-reduce partition columns: _col3 (type: int)\n                          Statistics: Num rows: 2324168 Data size: 869238912 Basic stats: COMPLETE Column stats: NONE\n                          value expressions: _col0 (type: int), _col1 (type: string), _col2 (type: string), _col4 (type: int), _col5 (type: int)\n            Execution mode: vectorized\n        Reducer 2 \n            Reduce Operator Tree:\n              Join Operator\n                condition map:\n                     Inner Join 0 to 1\n                condition expressions:\n                  0 {VALUE._col0} {VALUE._col3} {VALUE._col5} {VALUE._col7} {VALUE._col8} {VALUE._col9}\n                  1 {VALUE._col0} {VALUE._col1} {VALUE._col2}\n                outputColumnNames: _col0, _col3, _col5, _col7, _col8, _col9, _col16, _col17, _col18\n                Statistics: Num rows: 1169978496 Data size: 102148120576 Basic stats: COMPLETE Column stats: NONE\n                Filter Operator\n                  predicate: (((_col3 = _col16) and ((_col18 = 'United States') and ((_col17) IN ('KY', 'GA', 'NM') and _col9 BETWEEN 100 AND 200))) or (((_col3 = _col16) and ((_col18 = 'United States') and ((_col17) IN ('MT', 'OR', 'IN') and _col9 BETWEEN 150 AND 300))) or ((_col3 = _col16) and ((_col18 = 'United States') and ((_col17) IN ('WI', 'MO', 'WV') and _col9 BETWEEN 50 AND 250))))) (type: boolean)\n                  Statistics: Num rows: 219370968 Data size: 19152772608 Basic stats: COMPLETE Column stats: NONE\n                  Select Operator\n                    expressions: _col0 (type: int), _col5 (type: int), _col7 (type: float), _col8 (type: float)\n                    outputColumnNames: _col0, _col5, _col7, _col8\n                    Statistics: Num rows: 219370968 Data size: 19152772608 Basic stats: COMPLETE Column stats: NONE\n                    Map Join Operator\n                      condition map:\n                           Inner Join 0 to 1\n                      condition expressions:\n                        0 {_col5} {_col7} {_col8}\n                        1 \n                      keys:\n                        0 _col0 (type: int)\n                        1 _col0 (type: int)\n                      outputColumnNames: _col5, _col7, _col8\n                      input vertices:\n                        1 Map 4\n                      Statistics: Num rows: 241308080 Data size: 21068050432 Basic stats: COMPLETE Column stats: NONE\n                      Select Operator\n                        expressions: _col5 (type: int), _col7 (type: float), _col8 (type: float)\n                        outputColumnNames: _col0, _col1, _col2\n                        Statistics: Num rows: 241308080 Data size: 21068050432 Basic stats: COMPLETE Column stats: NONE\n                        Group By Operator\n                          aggregations: avg(_col0), avg(_col1), avg(_col2), sum(_col2)\n                          mode: hash\n                          outputColumnNames: _col0, _col1, _col2, _col3\n                          Statistics: Num rows: 1 Data size: 8 Basic stats: COMPLETE Column stats: NONE\n                          Reduce Output Operator\n                            sort order: \n                            Statistics: Num rows: 1 Data size: 8 Basic stats: COMPLETE Column stats: NONE\n                            value expressions: _col0 (type: struct<count:bigint,sum:double,input:int>), _col1 (type: struct<count:bigint,sum:double,input:float>), _col2 (type: struct<count:bigint,sum:double,input:float>), _col3 (type: double)\n        Reducer 3 \n            Reduce Operator Tree:\n              Group By Operator\n                aggregations: avg(VALUE._col0), avg(VALUE._col1), avg(VALUE._col2), sum(VALUE._col3)\n                mode: mergepartial\n                outputColumnNames: _col0, _col1, _col2, _col3\n                Statistics: Num rows: 1 Data size: 32 Basic stats: COMPLETE Column stats: NONE\n                Select Operator\n                  expressions: _col0 (type: double), _col1 (type: double), _col2 (type: double), _col3 (type: double)\n                  outputColumnNames: _col0, _col1, _col2, _col3\n                  Statistics: Num rows: 1 Data size: 32 Basic stats: COMPLETE Column stats: NONE\n                  File Output Operator\n                    compressed: false\n                    Statistics: Num rows: 1 Data size: 32 Basic stats: COMPLETE Column stats: NONE\n                    table:\n                        input format: org.apache.hadoop.mapred.TextInputFormat\n                        output format: org.apache.hadoop.hive.ql.io.HiveIgnoreKeyTextOutputFormat\n                        serde: org.apache.hadoop.hive.serde2.lazy.LazySimpleSerDe\n\n  Stage: Stage-0\n    Fetch Operator\n      limit: -1\n      Processor Tree:\n        ListSink\n{code}",
        "duedate": null,
        "environment": null,
        "fixVersions": [{
            "archived": false,
            "description": "released",
            "id": "12326450",
            "name": "0.14.0",
            "releaseDate": "2014-11-12",
            "released": true,
            "self": "https://issues.apache.org/jira/rest/api/2/version/12326450"
        }],
        "issuelinks": [{
            "id": "12395519",
            "inwardIssue": {
                "fields": {
                    "issuetype": {
                        "avatarId": 21133,
                        "description": "A problem which impairs or prevents the functions of the product.",
                        "iconUrl": "https://issues.apache.org/jira/secure/viewavatar?size=xsmall&avatarId=21133&avatarType=issuetype",
                        "id": "1",
                        "name": "Bug",
                        "self": "https://issues.apache.org/jira/rest/api/2/issuetype/1",
                        "subtask": false
                    },
                    "priority": {
                        "iconUrl": "https://issues.apache.org/jira/images/icons/priorities/major.svg",
                        "id": "3",
                        "name": "Major",
                        "self": "https://issues.apache.org/jira/rest/api/2/priority/3"
                    },
                    "status": {
                        "description": "The issue is considered finished, the resolution is correct. Issues which are not closed can be reopened.",
                        "iconUrl": "https://issues.apache.org/jira/images/icons/statuses/closed.png",
                        "id": "6",
                        "name": "Closed",
                        "self": "https://issues.apache.org/jira/rest/api/2/status/6",
                        "statusCategory": {
                            "colorName": "green",
                            "id": 3,
                            "key": "done",
                            "name": "Done",
                            "self": "https://issues.apache.org/jira/rest/api/2/statuscategory/3"
                        }
                    },
                    "summary": "Simplify join predicates for CBO to avoid cross products"
                },
                "id": "12737893",
                "key": "HIVE-7914",
                "self": "https://issues.apache.org/jira/rest/api/2/issue/12737893"
            },
            "self": "https://issues.apache.org/jira/rest/api/2/issueLink/12395519",
            "type": {
                "id": "10020",
                "inward": "is cloned by",
                "name": "Cloners",
                "outward": "is a clone of",
                "self": "https://issues.apache.org/jira/rest/api/2/issueLinkType/10020"
            }
        }],
        "issuetype": {
            "avatarId": 21133,
            "description": "A problem which impairs or prevents the functions of the product.",
            "iconUrl": "https://issues.apache.org/jira/secure/viewavatar?size=xsmall&avatarId=21133&avatarType=issuetype",
            "id": "1",
            "name": "Bug",
            "self": "https://issues.apache.org/jira/rest/api/2/issuetype/1",
            "subtask": false
        },
        "labels": [],
        "lastViewed": null,
        "priority": {
            "iconUrl": "https://issues.apache.org/jira/images/icons/priorities/major.svg",
            "id": "3",
            "name": "Major",
            "self": "https://issues.apache.org/jira/rest/api/2/priority/3"
        },
        "progress": {
            "progress": 0,
            "total": 0
        },
        "project": {
            "avatarUrls": {
                "16x16": "https://issues.apache.org/jira/secure/projectavatar?size=xsmall&pid=12310843&avatarId=11935",
                "24x24": "https://issues.apache.org/jira/secure/projectavatar?size=small&pid=12310843&avatarId=11935",
                "32x32": "https://issues.apache.org/jira/secure/projectavatar?size=medium&pid=12310843&avatarId=11935",
                "48x48": "https://issues.apache.org/jira/secure/projectavatar?pid=12310843&avatarId=11935"
            },
            "id": "12310843",
            "key": "HIVE",
            "name": "Hive",
            "projectCategory": {
                "description": "Scalable Distributed Computing",
                "id": "10292",
                "name": "Hadoop",
                "self": "https://issues.apache.org/jira/rest/api/2/projectCategory/10292"
            },
            "self": "https://issues.apache.org/jira/rest/api/2/project/12310843"
        },
        "reporter": {
            "active": true,
            "avatarUrls": {
                "16x16": "https://issues.apache.org/jira/secure/useravatar?size=xsmall&ownerId=mmokhtar&avatarId=21863",
                "24x24": "https://issues.apache.org/jira/secure/useravatar?size=small&ownerId=mmokhtar&avatarId=21863",
                "32x32": "https://issues.apache.org/jira/secure/useravatar?size=medium&ownerId=mmokhtar&avatarId=21863",
                "48x48": "https://issues.apache.org/jira/secure/useravatar?ownerId=mmokhtar&avatarId=21863"
            },
            "displayName": "Mostafa Mokhtar",
            "key": "mmokhtar",
            "name": "mmokhtar",
            "self": "https://issues.apache.org/jira/rest/api/2/user?username=mmokhtar",
            "timeZone": "America/Los_Angeles"
        },
        "resolution": {
            "description": "The problem is a duplicate of an existing issue.",
            "id": "3",
            "name": "Duplicate",
            "self": "https://issues.apache.org/jira/rest/api/2/resolution/3"
        },
        "resolutiondate": "2014-10-15T15:50:03.000+0000",
        "status": {
            "description": "The issue is considered finished, the resolution is correct. Issues which are not closed can be reopened.",
            "iconUrl": "https://issues.apache.org/jira/images/icons/statuses/closed.png",
            "id": "6",
            "name": "Closed",
            "self": "https://issues.apache.org/jira/rest/api/2/status/6",
            "statusCategory": {
                "colorName": "green",
                "id": 3,
                "key": "done",
                "name": "Done",
                "self": "https://issues.apache.org/jira/rest/api/2/statuscategory/3"
            }
        },
        "subtasks": [],
        "summary": "Simplify filter predicates for CBO",
        "timeestimate": null,
        "timeoriginalestimate": null,
        "timespent": null,
        "updated": "2014-12-10T22:32:47.000+0000",
        "versions": [{
            "archived": false,
            "description": "0.13 maintenance release 1",
            "id": "12326829",
            "name": "0.13.1",
            "releaseDate": "2014-06-06",
            "released": true,
            "self": "https://issues.apache.org/jira/rest/api/2/version/12326829"
        }],
        "votes": {
            "hasVoted": false,
            "self": "https://issues.apache.org/jira/rest/api/2/issue/HIVE-7913/votes",
            "votes": 0
        },
        "watches": {
            "isWatching": false,
            "self": "https://issues.apache.org/jira/rest/api/2/issue/HIVE-7913/watchers",
            "watchCount": 3
        },
        "workratio": -1
    },
    "id": "12737866",
    "key": "HIVE-7913",
    "self": "https://issues.apache.org/jira/rest/api/2/issue/12737866"
}