{
    "expand": "operations,versionedRepresentations,editmeta,changelog,renderedFields",
    "fields": {
        "aggregateprogress": {
            "progress": 0,
            "total": 0
        },
        "aggregatetimeestimate": null,
        "aggregatetimeoriginalestimate": null,
        "aggregatetimespent": null,
        "assignee": {
            "active": true,
            "avatarUrls": {
                "16x16": "https://issues.apache.org/jira/secure/useravatar?size=xsmall&avatarId=10452",
                "24x24": "https://issues.apache.org/jira/secure/useravatar?size=small&avatarId=10452",
                "32x32": "https://issues.apache.org/jira/secure/useravatar?size=medium&avatarId=10452",
                "48x48": "https://issues.apache.org/jira/secure/useravatar?avatarId=10452"
            },
            "displayName": "Prasanth Jayachandran",
            "key": "prasanth_j",
            "name": "prasanth_j",
            "self": "https://issues.apache.org/jira/rest/api/2/user?username=prasanth_j",
            "timeZone": "America/Los_Angeles"
        },
        "components": [{
            "description": "Optimizations which are dependent on runtime",
            "id": "12323401",
            "name": "Physical Optimizer",
            "self": "https://issues.apache.org/jira/rest/api/2/component/12323401"
        }],
        "created": "2014-10-30T15:53:43.000+0000",
        "creator": {
            "active": true,
            "avatarUrls": {
                "16x16": "https://issues.apache.org/jira/secure/useravatar?size=xsmall&ownerId=mmokhtar&avatarId=21863",
                "24x24": "https://issues.apache.org/jira/secure/useravatar?size=small&ownerId=mmokhtar&avatarId=21863",
                "32x32": "https://issues.apache.org/jira/secure/useravatar?size=medium&ownerId=mmokhtar&avatarId=21863",
                "48x48": "https://issues.apache.org/jira/secure/useravatar?ownerId=mmokhtar&avatarId=21863"
            },
            "displayName": "Mostafa Mokhtar",
            "key": "mmokhtar",
            "name": "mmokhtar",
            "self": "https://issues.apache.org/jira/rest/api/2/user?username=mmokhtar",
            "timeZone": "America/Los_Angeles"
        },
        "customfield_10010": null,
        "customfield_12310191": null,
        "customfield_12310192": null,
        "customfield_12310220": "2014-10-31T21:24:18.660+0000",
        "customfield_12310222": "10002_*:*_2_*:*_70334791_*|*_1_*:*_2_*:*_115554105_*|*_5_*:*_1_*:*_0",
        "customfield_12310230": null,
        "customfield_12310250": null,
        "customfield_12310290": null,
        "customfield_12310291": null,
        "customfield_12310300": null,
        "customfield_12310310": "5.0",
        "customfield_12310320": null,
        "customfield_12310420": "9223372036854775807",
        "customfield_12310920": "9223372036854775807",
        "customfield_12310921": null,
        "customfield_12311020": null,
        "customfield_12311024": null,
        "customfield_12311120": null,
        "customfield_12311820": "0|i21rv3:",
        "customfield_12312022": null,
        "customfield_12312023": null,
        "customfield_12312024": null,
        "customfield_12312026": null,
        "customfield_12312220": null,
        "customfield_12312320": null,
        "customfield_12312321": null,
        "customfield_12312322": null,
        "customfield_12312323": null,
        "customfield_12312324": null,
        "customfield_12312325": null,
        "customfield_12312326": null,
        "customfield_12312327": null,
        "customfield_12312328": null,
        "customfield_12312329": null,
        "customfield_12312330": null,
        "customfield_12312331": null,
        "customfield_12312332": null,
        "customfield_12312333": null,
        "customfield_12312334": null,
        "customfield_12312335": null,
        "customfield_12312336": null,
        "customfield_12312337": null,
        "customfield_12312338": null,
        "customfield_12312339": null,
        "customfield_12312340": null,
        "customfield_12312341": null,
        "customfield_12312520": null,
        "customfield_12312521": "Thu Nov 13 19:44:15 UTC 2014",
        "customfield_12312720": null,
        "customfield_12312823": null,
        "customfield_12312920": null,
        "customfield_12312921": null,
        "customfield_12312923": null,
        "customfield_12313422": "false",
        "customfield_12313520": null,
        "description": "Overflow in row counts and data size for several TPC-DS queries.\nInterestingly the operators which have overflow end up running with a small parallelism.\n\nFor instance Reducer 2 has an overflow but it only runs with parallelism of 2.\n{code}\n       Reducer 2 \n            Reduce Operator Tree:\n              Group By Operator\n                aggregations: sum(VALUE._col0)\n                keys: KEY._col0 (type: string), KEY._col1 (type: string), KEY._col2 (type: string), KEY._col3 (type: string), KEY._col4 (type: float)\n                mode: mergepartial\n                outputColumnNames: _col0, _col1, _col2, _col3, _col4, _col5\n                Statistics: Num rows: 9223372036854775807 Data size: 9223372036854775341 Basic stats: COMPLETE Column stats: COMPLETE\n                Reduce Output Operator\n                  key expressions: _col3 (type: string), _col3 (type: string)\n                  sort order: ++\n                  Map-reduce partition columns: _col3 (type: string)\n                  Statistics: Num rows: 9223372036854775807 Data size: 9223372036854775341 Basic stats: COMPLETE Column stats: COMPLETE\n                  value expressions: _col0 (type: string), _col1 (type: string), _col2 (type: string), _col3 (type: string), _col4 (type: float), _col5 (type: double)\n            Execution mode: vectorized\n{code}\n\n{code}\nVERTEX       TOTAL_TASKS    DURATION_SECONDS     CPU_TIME_MILLIS INPUT_RECORDS   OUTPUT_RECORDS \nMap 1                 62               26.41           1,779,510   211,978,502       60,628,390\nMap 5                  1                4.28               6,950       138,098          138,098\nMap 6                  1                2.44               3,910            31               31\nReducer 2              2               22.69              61,320    60,628,390           69,182\nReducer 3              1                2.63               3,910        69,182              100\nReducer 4              1                1.01               1,180           100              100\n{code}\n\nQuery\n{code}\nexplain  \nselect  i_item_desc \n      ,i_category \n      ,i_class \n      ,i_current_price\n      ,i_item_id\n      ,sum(ws_ext_sales_price) as itemrevenue \n      ,sum(ws_ext_sales_price)*100/sum(sum(ws_ext_sales_price)) over\n          (partition by i_class) as revenueratio\nfrom\t\n\tweb_sales\n    \t,item \n    \t,date_dim\nwhere \n\tweb_sales.ws_item_sk = item.i_item_sk \n  \tand item.i_category in ('Jewelry', 'Sports', 'Books')\n  \tand web_sales.ws_sold_date_sk = date_dim.d_date_sk\n\tand date_dim.d_date between '2001-01-12' and '2001-02-11'\ngroup by \n\ti_item_id\n        ,i_item_desc \n        ,i_category\n        ,i_class\n        ,i_current_price\norder by \n\ti_category\n        ,i_class\n        ,i_item_id\n        ,i_item_desc\n        ,revenueratio\nlimit 100\n{code}\n\nExplain \n{code}\nSTAGE PLANS:\n  Stage: Stage-1\n    Tez\n      Edges:\n        Map 1 <- Map 5 (BROADCAST_EDGE), Map 6 (BROADCAST_EDGE)\n        Reducer 2 <- Map 1 (SIMPLE_EDGE)\n        Reducer 3 <- Reducer 2 (SIMPLE_EDGE)\n        Reducer 4 <- Reducer 3 (SIMPLE_EDGE)\n      DagName: mmokhtar_20141019164343_854cb757-01bd-40cb-843e-9ada7c5e6f38:1\n      Vertices:\n        Map 1 \n            Map Operator Tree:\n                TableScan\n                  alias: web_sales\n                  filterExpr: ws_item_sk is not null (type: boolean)\n                  Statistics: Num rows: 21594638446 Data size: 2850189889652 Basic stats: COMPLETE Column stats: COMPLETE\n                  Filter Operator\n                    predicate: ws_item_sk is not null (type: boolean)\n                    Statistics: Num rows: 21594638446 Data size: 172746300152 Basic stats: COMPLETE Column stats: COMPLETE\n                    Select Operator\n                      expressions: ws_item_sk (type: int), ws_ext_sales_price (type: float), ws_sold_date_sk (type: int)\n                      outputColumnNames: _col0, _col1, _col2\n                      Statistics: Num rows: 21594638446 Data size: 172746300152 Basic stats: COMPLETE Column stats: COMPLETE\n                      Map Join Operator\n                        condition map:\n                             Inner Join 0 to 1\n                        condition expressions:\n                          0 {_col0} {_col1}\n                          1 \n                        keys:\n                          0 _col2 (type: int)\n                          1 _col0 (type: int)\n                        outputColumnNames: _col0, _col1\n                        input vertices:\n                          1 Map 6\n                        Statistics: Num rows: 24145061366 Data size: 193160490928 Basic stats: COMPLETE Column stats: COMPLETE\n                        Map Join Operator\n                          condition map:\n                               Inner Join 0 to 1\n                          condition expressions:\n                            0 {_col1}\n                            1 {_col1} {_col2} {_col3} {_col4} {_col5}\n                          keys:\n                            0 _col0 (type: int)\n                            1 _col0 (type: int)\n                          outputColumnNames: _col1, _col6, _col7, _col8, _col9, _col10\n                          input vertices:\n                            1 Map 5\n                          Statistics: Num rows: 25381041158 Data size: 11929089344260 Basic stats: COMPLETE Column stats: COMPLETE\n                          Select Operator\n                            expressions: _col6 (type: string), _col7 (type: string), _col10 (type: string), _col9 (type: string), _col8 (type: float), _col1 (type: float)\n                            outputColumnNames: _col0, _col1, _col2, _col3, _col4, _col5\n                            Statistics: Num rows: 25381041158 Data size: 11929089344260 Basic stats: COMPLETE Column stats: COMPLETE\n                            Group By Operator\n                              aggregations: sum(_col5)\n                              keys: _col0 (type: string), _col1 (type: string), _col2 (type: string), _col3 (type: string), _col4 (type: float)\n                              mode: hash\n                              outputColumnNames: _col0, _col1, _col2, _col3, _col4, _col5\n                              Statistics: Num rows: 119291 Data size: 954328 Basic stats: COMPLETE Column stats: COMPLETE\n                              Reduce Output Operator\n                                key expressions: _col0 (type: string), _col1 (type: string), _col2 (type: string), _col3 (type: string), _col4 (type: float)\n                                sort order: +++++\n                                Map-reduce partition columns: _col0 (type: string), _col1 (type: string), _col2 (type: string), _col3 (type: string), _col4 (type: float)\n                                Statistics: Num rows: 119291 Data size: 954328 Basic stats: COMPLETE Column stats: COMPLETE\n                                value expressions: _col5 (type: double)\n            Execution mode: vectorized\n        Map 5 \n            Map Operator Tree:\n                TableScan\n                  alias: item\n                  filterExpr: ((i_category) IN ('Jewelry', 'Sports', 'Books') and i_item_sk is not null) (type: boolean)\n                  Statistics: Num rows: 462000 Data size: 663862160 Basic stats: COMPLETE Column stats: COMPLETE\n                  Filter Operator\n                    predicate: ((i_category) IN ('Jewelry', 'Sports', 'Books') and i_item_sk is not null) (type: boolean)\n                    Statistics: Num rows: 231000 Data size: 109491664 Basic stats: COMPLETE Column stats: COMPLETE\n                    Select Operator\n                      expressions: i_item_sk (type: int), i_item_id (type: string), i_item_desc (type: string), i_current_price (type: float), i_class (type: string), i_category (type: string)\n                      outputColumnNames: _col0, _col1, _col2, _col3, _col4, _col5\n                      Statistics: Num rows: 231000 Data size: 109491664 Basic stats: COMPLETE Column stats: COMPLETE\n                      Reduce Output Operator\n                        key expressions: _col0 (type: int)\n                        sort order: +\n                        Map-reduce partition columns: _col0 (type: int)\n                        Statistics: Num rows: 231000 Data size: 109491664 Basic stats: COMPLETE Column stats: COMPLETE\n                        value expressions: _col1 (type: string), _col2 (type: string), _col3 (type: float), _col4 (type: string), _col5 (type: string)\n            Execution mode: vectorized\n        Map 6 \n            Map Operator Tree:\n                TableScan\n                  alias: date_dim\n                  filterExpr: (d_date BETWEEN '2001-01-12' AND '2001-02-11' and d_date_sk is not null) (type: boolean)\n                  Statistics: Num rows: 73049 Data size: 81741831 Basic stats: COMPLETE Column stats: COMPLETE\n                  Filter Operator\n                    predicate: (d_date BETWEEN '2001-01-12' AND '2001-02-11' and d_date_sk is not null) (type: boolean)\n                    Statistics: Num rows: 36524 Data size: 3579352 Basic stats: COMPLETE Column stats: COMPLETE\n                    Select Operator\n                      expressions: d_date_sk (type: int)\n                      outputColumnNames: _col0\n                      Statistics: Num rows: 36524 Data size: 146096 Basic stats: COMPLETE Column stats: COMPLETE\n                      Reduce Output Operator\n                        key expressions: _col0 (type: int)\n                        sort order: +\n                        Map-reduce partition columns: _col0 (type: int)\n                        Statistics: Num rows: 36524 Data size: 146096 Basic stats: COMPLETE Column stats: COMPLETE\n                      Select Operator\n                        expressions: _col0 (type: int)\n                        outputColumnNames: _col0\n                        Statistics: Num rows: 36524 Data size: 0 Basic stats: PARTIAL Column stats: COMPLETE\n                        Group By Operator\n                          keys: _col0 (type: int)\n                          mode: hash\n                          outputColumnNames: _col0\n                          Statistics: Num rows: 36524 Data size: 0 Basic stats: PARTIAL Column stats: COMPLETE\n                          Dynamic Partitioning Event Operator\n                            Target Input: web_sales\n                            Partition key expr: ws_sold_date_sk\n                            Statistics: Num rows: 36524 Data size: 0 Basic stats: PARTIAL Column stats: COMPLETE\n                            Target column: ws_sold_date_sk\n                            Target Vertex: Map 1\n            Execution mode: vectorized\n        Reducer 2 \n            Reduce Operator Tree:\n              Group By Operator\n                aggregations: sum(VALUE._col0)\n                keys: KEY._col0 (type: string), KEY._col1 (type: string), KEY._col2 (type: string), KEY._col3 (type: string), KEY._col4 (type: float)\n                mode: mergepartial\n                outputColumnNames: _col0, _col1, _col2, _col3, _col4, _col5\n                Statistics: Num rows: 119291 Data size: 1908656 Basic stats: COMPLETE Column stats: COMPLETE\n                Reduce Output Operator\n                  key expressions: _col3 (type: string), _col3 (type: string)\n                  sort order: ++\n                  Map-reduce partition columns: _col3 (type: string)\n                  Statistics: Num rows: 119291 Data size: 1908656 Basic stats: COMPLETE Column stats: COMPLETE\n                  value expressions: _col0 (type: string), _col1 (type: string), _col2 (type: string), _col3 (type: string), _col4 (type: float), _col5 (type: double)\n            Execution mode: vectorized\n        Reducer 3 \n            Reduce Operator Tree:\n              Extract\n                Statistics: Num rows: 119291 Data size: 1908656 Basic stats: COMPLETE Column stats: COMPLETE\n                PTF Operator\n                  Statistics: Num rows: 119291 Data size: 1908656 Basic stats: COMPLETE Column stats: COMPLETE\n                  Select Operator\n                    expressions: _col1 (type: string), _col2 (type: string), _col3 (type: string), _col4 (type: float), _col0 (type: string), _col5 (type: double), ((_col5 * 100.0) / _wcol0) (type: double)\n                    outputColumnNames: _col0, _col1, _col2, _col3, _col4, _col5, _col6\n                    Statistics: Num rows: 119291 Data size: 954328 Basic stats: COMPLETE Column stats: COMPLETE\n                    Reduce Output Operator\n                      key expressions: _col1 (type: string), _col2 (type: string), _col4 (type: string), _col0 (type: string), _col6 (type: double)\n                      sort order: +++++\n                      Statistics: Num rows: 119291 Data size: 954328 Basic stats: COMPLETE Column stats: COMPLETE\n                      TopN Hash Memory Usage: 0.04\n                      value expressions: _col3 (type: float), _col5 (type: double)\n        Reducer 4 \n            Reduce Operator Tree:\n              Select Operator\n                expressions: KEY.reducesinkkey3 (type: string), KEY.reducesinkkey0 (type: string), KEY.reducesinkkey1 (type: string), VALUE._col0 (type: float), KEY.reducesinkkey2 (type: string), VALUE._col1 (type: double), KEY.reducesinkkey4 (type: double)\n                outputColumnNames: _col0, _col1, _col2, _col3, _col4, _col5, _col6\n                Statistics: Num rows: 119291 Data size: 954328 Basic stats: COMPLETE Column stats: COMPLETE\n                Limit\n                  Number of rows: 100\n                  Statistics: Num rows: 100 Data size: 800 Basic stats: COMPLETE Column stats: COMPLETE\n                  File Output Operator\n                    compressed: false\n                    Statistics: Num rows: 100 Data size: 800 Basic stats: COMPLETE Column stats: COMPLETE\n                    table:\n                        input format: org.apache.hadoop.mapred.TextInputFormat\n                        output format: org.apache.hadoop.hive.ql.io.HiveIgnoreKeyTextOutputFormat\n                        serde: org.apache.hadoop.hive.serde2.lazy.LazySimpleSerDe\n            Execution mode: vectorized\n\n  Stage: Stage-0\n    Fetch Operator\n      limit: 100\n      Processor Tree:\n        ListSink\n\n{code}",
        "duedate": null,
        "environment": null,
        "fixVersions": [{
            "archived": false,
            "description": "released",
            "id": "12326450",
            "name": "0.14.0",
            "releaseDate": "2014-11-12",
            "released": true,
            "self": "https://issues.apache.org/jira/rest/api/2/version/12326450"
        }],
        "issuelinks": [{
            "id": "12400263",
            "outwardIssue": {
                "fields": {
                    "issuetype": {
                        "avatarId": 21133,
                        "description": "A problem which impairs or prevents the functions of the product.",
                        "iconUrl": "https://issues.apache.org/jira/secure/viewavatar?size=xsmall&avatarId=21133&avatarType=issuetype",
                        "id": "1",
                        "name": "Bug",
                        "self": "https://issues.apache.org/jira/rest/api/2/issuetype/1",
                        "subtask": false
                    },
                    "priority": {
                        "iconUrl": "https://issues.apache.org/jira/images/icons/priorities/major.svg",
                        "id": "3",
                        "name": "Major",
                        "self": "https://issues.apache.org/jira/rest/api/2/priority/3"
                    },
                    "status": {
                        "description": "The issue is considered finished, the resolution is correct. Issues which are not closed can be reopened.",
                        "iconUrl": "https://issues.apache.org/jira/images/icons/statuses/closed.png",
                        "id": "6",
                        "name": "Closed",
                        "self": "https://issues.apache.org/jira/rest/api/2/status/6",
                        "statusCategory": {
                            "colorName": "green",
                            "id": 3,
                            "key": "done",
                            "name": "Done",
                            "self": "https://issues.apache.org/jira/rest/api/2/statuscategory/3"
                        }
                    },
                    "summary": "handle overflows in statistics better"
                },
                "id": "12752112",
                "key": "HIVE-8689",
                "self": "https://issues.apache.org/jira/rest/api/2/issue/12752112"
            },
            "self": "https://issues.apache.org/jira/rest/api/2/issueLink/12400263",
            "type": {
                "id": "10030",
                "inward": "is related to",
                "name": "Reference",
                "outward": "relates to",
                "self": "https://issues.apache.org/jira/rest/api/2/issueLinkType/10030"
            }
        }],
        "issuetype": {
            "avatarId": 21133,
            "description": "A problem which impairs or prevents the functions of the product.",
            "iconUrl": "https://issues.apache.org/jira/secure/viewavatar?size=xsmall&avatarId=21133&avatarType=issuetype",
            "id": "1",
            "name": "Bug",
            "self": "https://issues.apache.org/jira/rest/api/2/issuetype/1",
            "subtask": false
        },
        "labels": [],
        "lastViewed": null,
        "priority": {
            "iconUrl": "https://issues.apache.org/jira/images/icons/priorities/critical.svg",
            "id": "2",
            "name": "Critical",
            "self": "https://issues.apache.org/jira/rest/api/2/priority/2"
        },
        "progress": {
            "progress": 0,
            "total": 0
        },
        "project": {
            "avatarUrls": {
                "16x16": "https://issues.apache.org/jira/secure/projectavatar?size=xsmall&pid=12310843&avatarId=11935",
                "24x24": "https://issues.apache.org/jira/secure/projectavatar?size=small&pid=12310843&avatarId=11935",
                "32x32": "https://issues.apache.org/jira/secure/projectavatar?size=medium&pid=12310843&avatarId=11935",
                "48x48": "https://issues.apache.org/jira/secure/projectavatar?pid=12310843&avatarId=11935"
            },
            "id": "12310843",
            "key": "HIVE",
            "name": "Hive",
            "projectCategory": {
                "description": "Scalable Distributed Computing",
                "id": "10292",
                "name": "Hadoop",
                "self": "https://issues.apache.org/jira/rest/api/2/projectCategory/10292"
            },
            "self": "https://issues.apache.org/jira/rest/api/2/project/12310843"
        },
        "reporter": {
            "active": true,
            "avatarUrls": {
                "16x16": "https://issues.apache.org/jira/secure/useravatar?size=xsmall&ownerId=mmokhtar&avatarId=21863",
                "24x24": "https://issues.apache.org/jira/secure/useravatar?size=small&ownerId=mmokhtar&avatarId=21863",
                "32x32": "https://issues.apache.org/jira/secure/useravatar?size=medium&ownerId=mmokhtar&avatarId=21863",
                "48x48": "https://issues.apache.org/jira/secure/useravatar?ownerId=mmokhtar&avatarId=21863"
            },
            "displayName": "Mostafa Mokhtar",
            "key": "mmokhtar",
            "name": "mmokhtar",
            "self": "https://issues.apache.org/jira/rest/api/2/user?username=mmokhtar",
            "timeZone": "America/Los_Angeles"
        },
        "resolution": {
            "description": "A fix for this issue is checked into the tree and tested.",
            "id": "1",
            "name": "Fixed",
            "self": "https://issues.apache.org/jira/rest/api/2/resolution/1"
        },
        "resolutiondate": "2014-11-01T19:31:52.000+0000",
        "status": {
            "description": "The issue is considered finished, the resolution is correct. Issues which are not closed can be reopened.",
            "iconUrl": "https://issues.apache.org/jira/images/icons/statuses/closed.png",
            "id": "6",
            "name": "Closed",
            "self": "https://issues.apache.org/jira/rest/api/2/status/6",
            "statusCategory": {
                "colorName": "green",
                "id": 3,
                "key": "done",
                "name": "Done",
                "self": "https://issues.apache.org/jira/rest/api/2/statuscategory/3"
            }
        },
        "subtasks": [],
        "summary": "Overflow in estimate row count and data size with fetch column stats",
        "timeestimate": null,
        "timeoriginalestimate": null,
        "timespent": null,
        "updated": "2014-11-13T19:44:15.000+0000",
        "versions": [{
            "archived": false,
            "description": "released",
            "id": "12326450",
            "name": "0.14.0",
            "releaseDate": "2014-11-12",
            "released": true,
            "self": "https://issues.apache.org/jira/rest/api/2/version/12326450"
        }],
        "votes": {
            "hasVoted": false,
            "self": "https://issues.apache.org/jira/rest/api/2/issue/HIVE-8671/votes",
            "votes": 0
        },
        "watches": {
            "isWatching": false,
            "self": "https://issues.apache.org/jira/rest/api/2/issue/HIVE-8671/watchers",
            "watchCount": 5
        },
        "workratio": -1
    },
    "id": "12751705",
    "key": "HIVE-8671",
    "self": "https://issues.apache.org/jira/rest/api/2/issue/12751705"
}