{
    "expand": "operations,versionedRepresentations,editmeta,changelog,renderedFields",
    "fields": {
        "aggregateprogress": {
            "progress": 0,
            "total": 0
        },
        "aggregatetimeestimate": null,
        "aggregatetimeoriginalestimate": null,
        "aggregatetimespent": null,
        "assignee": null,
        "components": [],
        "created": "2015-02-23T19:24:26.000+0000",
        "creator": {
            "active": true,
            "avatarUrls": {
                "16x16": "https://issues.apache.org/jira/secure/useravatar?size=xsmall&avatarId=10452",
                "24x24": "https://issues.apache.org/jira/secure/useravatar?size=small&avatarId=10452",
                "32x32": "https://issues.apache.org/jira/secure/useravatar?size=medium&avatarId=10452",
                "48x48": "https://issues.apache.org/jira/secure/useravatar?avatarId=10452"
            },
            "displayName": "Pavan Srinivas",
            "key": "pavan101",
            "name": "pavan101",
            "self": "https://issues.apache.org/jira/rest/api/2/user?username=pavan101",
            "timeZone": "Etc/UTC"
        },
        "customfield_10010": null,
        "customfield_12310191": null,
        "customfield_12310192": null,
        "customfield_12310220": "2015-09-18T23:47:00.442+0000",
        "customfield_12310222": null,
        "customfield_12310230": null,
        "customfield_12310250": null,
        "customfield_12310290": null,
        "customfield_12310291": null,
        "customfield_12310300": null,
        "customfield_12310310": "6.0",
        "customfield_12310320": null,
        "customfield_12310420": "9223372036854775807",
        "customfield_12310920": "9223372036854775807",
        "customfield_12310921": null,
        "customfield_12311020": null,
        "customfield_12311024": null,
        "customfield_12311120": null,
        "customfield_12311820": "0|i25xqv:",
        "customfield_12312022": null,
        "customfield_12312023": null,
        "customfield_12312024": null,
        "customfield_12312026": null,
        "customfield_12312220": null,
        "customfield_12312320": null,
        "customfield_12312321": null,
        "customfield_12312322": null,
        "customfield_12312323": null,
        "customfield_12312324": null,
        "customfield_12312325": null,
        "customfield_12312326": null,
        "customfield_12312327": null,
        "customfield_12312328": null,
        "customfield_12312329": null,
        "customfield_12312330": null,
        "customfield_12312331": null,
        "customfield_12312332": null,
        "customfield_12312333": null,
        "customfield_12312334": null,
        "customfield_12312335": null,
        "customfield_12312336": null,
        "customfield_12312337": null,
        "customfield_12312338": null,
        "customfield_12312339": null,
        "customfield_12312340": null,
        "customfield_12312341": null,
        "customfield_12312520": null,
        "customfield_12312521": "Tue Sep 29 06:35:38 UTC 2015",
        "customfield_12312720": null,
        "customfield_12312823": null,
        "customfield_12312920": null,
        "customfield_12312921": null,
        "customfield_12312923": null,
        "customfield_12313422": "false",
        "customfield_12313520": null,
        "description": "Let take scenario, where the tables are:\n{code}\ndrop table table1;\nCREATE TABLE table1(\n  col1 string,\n  col2 string,\n  col3 string,\n  col4 string\n  )\nROW FORMAT DELIMITED\n  FIELDS TERMINATED BY '\\t'\nSTORED AS INPUTFORMAT\n  'org.apache.hadoop.mapred.TextInputFormat'\nOUTPUTFORMAT\n  'org.apache.hadoop.hive.ql.io.HiveIgnoreKeyTextOutputFormat';\n\ndrop table table2;\nCREATE  TABLE table2(\n  col1 string,\n  col2 bigint,\n  col3 string,\n  col4 string\n  )\nROW FORMAT DELIMITED\n  FIELDS TERMINATED BY '\\t'\nSTORED AS INPUTFORMAT\n  'org.apache.hadoop.mapred.TextInputFormat'\nOUTPUTFORMAT\n  'org.apache.hadoop.hive.ql.io.HiveIgnoreKeyTextOutputFormat';\n\n\ndrop table table3;\nCREATE  TABLE table3(\n  col1 string,\n  col2 int,\n  col3 int,\n  col4 string)\nROW FORMAT DELIMITED\n  FIELDS TERMINATED BY '\\t'\nSTORED AS INPUTFORMAT\n  'org.apache.hadoop.mapred.TextInputFormat'\nOUTPUTFORMAT\n  'org.apache.hadoop.hive.ql.io.HiveIgnoreKeyTextOutputFormat';\n{code}\n\nQuery with wrong results:\n{code}\n\nSELECT t1.col1 AS dummy,\n    t1.expected_column AS expected_column,\n    t2.col4\nFROM (\n    SELECT col1,\n        '23-11111',\n        '23-13' as three,\n        col4 AS expected_column\n\n    FROM table1\n    ) t1\nJOIN table2 t2\n    ON cast(t2.col1 as string) = cast(t1.col1 as string)\nLEFT OUTER JOIN\n    (SELECT col4, col1\n    FROM table3\n    ) t3\n    ON t2.col4 = t3.col1  \n;\n\n{code}\n\nand explain output: \n{code}\nSTAGE DEPENDENCIES:\n  Stage-7 is a root stage\n  Stage-5 depends on stages: Stage-7\n  Stage-0 depends on stages: Stage-5\n\nSTAGE PLANS:\n  Stage: Stage-7\n    Map Reduce Local Work\n      Alias -> Map Local Tables:\n        t1:table1\n          Fetch Operator\n            limit: -1\n        t3:table3\n          Fetch Operator\n            limit: -1\n      Alias -> Map Local Operator Tree:\n        t1:table1\n          TableScan\n            alias: table1\n            Statistics: Num rows: 0 Data size: 0 Basic stats: NONE Column stats: NONE\n            Filter Operator\n              predicate: col1 is not null (type: boolean)\n              Statistics: Num rows: 0 Data size: 0 Basic stats: NONE Column stats: NONE\n              Select Operator\n                expressions: col1 (type: string)\n                outputColumnNames: _col0\n                Statistics: Num rows: 0 Data size: 0 Basic stats: NONE Column stats: NONE\n                HashTable Sink Operator\n                  condition expressions:\n                    0\n                    1 {col4}\n                  keys:\n                    0 _col0 (type: string)\n                    1 col1 (type: string)\n        t3:table3\n          TableScan\n            alias: table3\n            Statistics: Num rows: 0 Data size: 0 Basic stats: NONE Column stats: NONE\n            Select Operator\n              expressions: col1 (type: string)\n              outputColumnNames: _col1\n              Statistics: Num rows: 0 Data size: 0 Basic stats: NONE Column stats: NONE\n              HashTable Sink Operator\n                condition expressions:\n                  0 {_col0} {_col7} {_col7}\n                  1\n                keys:\n                  0 _col7 (type: string)\n                  1 _col1 (type: string)\n\n  Stage: Stage-5\n    Map Reduce\n      Map Operator Tree:\n          TableScan\n            alias: t2\n            Statistics: Num rows: 0 Data size: 0 Basic stats: NONE Column stats: NONE\n            Filter Operator\n              predicate: col1 is not null (type: boolean)\n              Statistics: Num rows: 0 Data size: 0 Basic stats: NONE Column stats: NONE\n              Map Join Operator\n                condition map:\n                     Inner Join 0 to 1\n                condition expressions:\n                  0 {_col0}\n                  1 {col4}\n                keys:\n                  0 _col0 (type: string)\n                  1 col1 (type: string)\n                outputColumnNames: _col0, _col7\n                Statistics: Num rows: 0 Data size: 0 Basic stats: NONE Column stats: NONE\n                Map Join Operator\n                  condition map:\n                       Left Outer Join0 to 1\n                  condition expressions:\n                    0 {_col0} {_col7} {_col7}\n                    1\n                  keys:\n                    0 _col7 (type: string)\n                    1 _col1 (type: string)\n                  outputColumnNames: _col0, _col3, _col7\n                  Statistics: Num rows: 0 Data size: 0 Basic stats: NONE Column stats: NONE\n                  Select Operator\n                    expressions: _col0 (type: string), _col3 (type: string), _col7 (type: string)\n                    outputColumnNames: _col0, _col1, _col2\n                    Statistics: Num rows: 0 Data size: 0 Basic stats: NONE Column stats: NONE\n                    File Output Operator\n                      compressed: false\n                      Statistics: Num rows: 0 Data size: 0 Basic stats: NONE Column stats: NONE\n                      table:\n                          input format: org.apache.hadoop.mapred.TextInputFormat\n                          output format: org.apache.hadoop.hive.ql.io.HiveIgnoreKeyTextOutputFormat\n                          serde: org.apache.hadoop.hive.serde2.lazy.LazySimpleSerDe\n      Local Work:\n        Map Reduce Local Work\n\n  Stage: Stage-0\n    Fetch Operator\n      limit: -1\n      Processor Tree:\n        ListSink\n{code}\n\nAfter the patch, explain output(correct)\n\n{code}\nSTAGE DEPENDENCIES:\n  Stage-7 is a root stage\n  Stage-5 depends on stages: Stage-7\n  Stage-0 depends on stages: Stage-5\n\nSTAGE PLANS:\n  Stage: Stage-7\n    Map Reduce Local Work\n      Alias -> Map Local Tables:\n        t1:table1\n          Fetch Operator\n            limit: -1\n        t3:table3\n          Fetch Operator\n            limit: -1\n      Alias -> Map Local Operator Tree:\n        t1:table1\n          TableScan\n            alias: table1\n            Statistics: Num rows: 0 Data size: 0 Basic stats: NONE Column stats: NONE\n            Filter Operator\n              predicate: col1 is not null (type: boolean)\n              Statistics: Num rows: 0 Data size: 0 Basic stats: NONE Column stats: NONE\n              Select Operator\n                expressions: col1 (type: string), col4 (type: string)\n                outputColumnNames: _col0, _col3\n                Statistics: Num rows: 0 Data size: 0 Basic stats: NONE Column stats: NONE\n                HashTable Sink Operator\n                  condition expressions:\n                    0 {_col3}\n                    1 {col4}\n                  keys:\n                    0 _col0 (type: string)\n                    1 col1 (type: string)\n        t3:table3\n          TableScan\n            alias: table3\n            Statistics: Num rows: 0 Data size: 0 Basic stats: NONE Column stats: NONE\n            Select Operator\n              expressions: col1 (type: string)\n              outputColumnNames: _col1\n              Statistics: Num rows: 0 Data size: 0 Basic stats: NONE Column stats: NONE\n              HashTable Sink Operator\n                condition expressions:\n                  0 {_col0} {_col3} {_col7}\n                  1\n                keys:\n                  0 _col7 (type: string)\n                  1 _col1 (type: string)\n\n  Stage: Stage-5\n    Map Reduce\n      Map Operator Tree:\n          TableScan\n            alias: t2\n            Statistics: Num rows: 0 Data size: 0 Basic stats: NONE Column stats: NONE\n            Filter Operator\n              predicate: col1 is not null (type: boolean)\n              Statistics: Num rows: 0 Data size: 0 Basic stats: NONE Column stats: NONE\n              Map Join Operator\n                condition map:\n                     Inner Join 0 to 1\n                condition expressions:\n                  0 {_col0} {_col3}\n                  1 {col4}\n                keys:\n                  0 _col0 (type: string)\n                  1 col1 (type: string)\n                outputColumnNames: _col0, _col3, _col7\n                Statistics: Num rows: 0 Data size: 0 Basic stats: NONE Column stats: NONE\n                Map Join Operator\n                  condition map:\n                       Left Outer Join0 to 1\n                  condition expressions:\n                    0 {_col0} {_col3} {_col7}\n                    1\n                  keys:\n                    0 _col7 (type: string)\n                    1 _col1 (type: string)\n                  outputColumnNames: _col0, _col3, _col7\n                  Statistics: Num rows: 0 Data size: 0 Basic stats: NONE Column stats: NONE\n                  Select Operator\n                    expressions: _col0 (type: string), _col3 (type: string), _col7 (type: string)\n                    outputColumnNames: _col0, _col1, _col2\n                    Statistics: Num rows: 0 Data size: 0 Basic stats: NONE Column stats: NONE\n                    File Output Operator\n                      compressed: false\n                      Statistics: Num rows: 0 Data size: 0 Basic stats: NONE Column stats: NONE\n                      table:\n                          input format: org.apache.hadoop.mapred.TextInputFormat\n                          output format: org.apache.hadoop.hive.ql.io.HiveIgnoreKeyTextOutputFormat\n                          serde: org.apache.hadoop.hive.serde2.lazy.LazySimpleSerDe\n      Local Work:\n        Map Reduce Local Work\n\n  Stage: Stage-0\n    Fetch Operator\n      limit: -1\n      Processor Tree:\n        ListSink\n{code}\nNotice the difference of \"_col3\" between the two explain outputs. \n\nOutput of the query:(WRONG)\n{code}\none\tbad_data_1\tbad_data_1\none\tbad_data_1\tbad_data_1\none\tbad_data_1\tbad_data_1\none\tbad_data_1\tbad_data_1\ntwo\tbad_data_2\tbad_data_2\ntwo\tbad_data_2\tbad_data_2\ntwo\tbad_data_2\tbad_data_2\ntwo\tbad_data_2\tbad_data_2\none\tbad_data_1\tbad_data_1\none\tbad_data_1\tbad_data_1\none\tbad_data_1\tbad_data_1\none\tbad_data_1\tbad_data_1\ntwo\tbad_data_2\tbad_data_2\ntwo\tbad_data_2\tbad_data_2\ntwo\tbad_data_2\tbad_data_2\ntwo\tbad_data_2\tbad_data_2\n{code}",
        "duedate": null,
        "environment": null,
        "fixVersions": [],
        "issuelinks": [],
        "issuetype": {
            "avatarId": 21133,
            "description": "A problem which impairs or prevents the functions of the product.",
            "iconUrl": "https://issues.apache.org/jira/secure/viewavatar?size=xsmall&avatarId=21133&avatarType=issuetype",
            "id": "1",
            "name": "Bug",
            "self": "https://issues.apache.org/jira/rest/api/2/issuetype/1",
            "subtask": false
        },
        "labels": [],
        "lastViewed": null,
        "priority": {
            "iconUrl": "https://issues.apache.org/jira/images/icons/priorities/critical.svg",
            "id": "2",
            "name": "Critical",
            "self": "https://issues.apache.org/jira/rest/api/2/priority/2"
        },
        "progress": {
            "progress": 0,
            "total": 0
        },
        "project": {
            "avatarUrls": {
                "16x16": "https://issues.apache.org/jira/secure/projectavatar?size=xsmall&pid=12310843&avatarId=11935",
                "24x24": "https://issues.apache.org/jira/secure/projectavatar?size=small&pid=12310843&avatarId=11935",
                "32x32": "https://issues.apache.org/jira/secure/projectavatar?size=medium&pid=12310843&avatarId=11935",
                "48x48": "https://issues.apache.org/jira/secure/projectavatar?pid=12310843&avatarId=11935"
            },
            "id": "12310843",
            "key": "HIVE",
            "name": "Hive",
            "projectCategory": {
                "description": "Scalable Distributed Computing",
                "id": "10292",
                "name": "Hadoop",
                "self": "https://issues.apache.org/jira/rest/api/2/projectCategory/10292"
            },
            "self": "https://issues.apache.org/jira/rest/api/2/project/12310843"
        },
        "reporter": {
            "active": true,
            "avatarUrls": {
                "16x16": "https://issues.apache.org/jira/secure/useravatar?size=xsmall&avatarId=10452",
                "24x24": "https://issues.apache.org/jira/secure/useravatar?size=small&avatarId=10452",
                "32x32": "https://issues.apache.org/jira/secure/useravatar?size=medium&avatarId=10452",
                "48x48": "https://issues.apache.org/jira/secure/useravatar?avatarId=10452"
            },
            "displayName": "Pavan Srinivas",
            "key": "pavan101",
            "name": "pavan101",
            "self": "https://issues.apache.org/jira/rest/api/2/user?username=pavan101",
            "timeZone": "Etc/UTC"
        },
        "resolution": null,
        "resolutiondate": null,
        "status": {
            "description": "The issue is open and ready for the assignee to start work on it.",
            "iconUrl": "https://issues.apache.org/jira/images/icons/statuses/open.png",
            "id": "1",
            "name": "Open",
            "self": "https://issues.apache.org/jira/rest/api/2/status/1",
            "statusCategory": {
                "colorName": "blue-gray",
                "id": 2,
                "key": "new",
                "name": "To Do",
                "self": "https://issues.apache.org/jira/rest/api/2/statuscategory/2"
            }
        },
        "subtasks": [],
        "summary": "Wrong results when using multiple levels of Joins. When table alias of one of the table is null with left outer joins.  ",
        "timeestimate": null,
        "timeoriginalestimate": null,
        "timespent": null,
        "updated": "2015-09-29T06:35:38.000+0000",
        "versions": [
            {
                "archived": false,
                "description": "released",
                "id": "12326450",
                "name": "0.14.0",
                "releaseDate": "2014-11-12",
                "released": true,
                "self": "https://issues.apache.org/jira/rest/api/2/version/12326450"
            },
            {
                "archived": false,
                "description": "Branch 1.0 release",
                "id": "12329278",
                "name": "1.0.0",
                "releaseDate": "2015-02-04",
                "released": true,
                "self": "https://issues.apache.org/jira/rest/api/2/version/12329278"
            }
        ],
        "votes": {
            "hasVoted": false,
            "self": "https://issues.apache.org/jira/rest/api/2/issue/HIVE-9753/votes",
            "votes": 1
        },
        "watches": {
            "isWatching": false,
            "self": "https://issues.apache.org/jira/rest/api/2/issue/HIVE-9753/watchers",
            "watchCount": 5
        },
        "workratio": -1
    },
    "id": "12776914",
    "key": "HIVE-9753",
    "self": "https://issues.apache.org/jira/rest/api/2/issue/12776914"
}