{
    "expand": "operations,versionedRepresentations,editmeta,changelog,renderedFields",
    "fields": {
        "aggregateprogress": {
            "progress": 0,
            "total": 0
        },
        "aggregatetimeestimate": null,
        "aggregatetimeoriginalestimate": null,
        "aggregatetimespent": null,
        "assignee": {
            "active": true,
            "avatarUrls": {
                "16x16": "https://issues.apache.org/jira/secure/useravatar?size=xsmall&avatarId=10452",
                "24x24": "https://issues.apache.org/jira/secure/useravatar?size=small&avatarId=10452",
                "32x32": "https://issues.apache.org/jira/secure/useravatar?size=medium&avatarId=10452",
                "48x48": "https://issues.apache.org/jira/secure/useravatar?avatarId=10452"
            },
            "displayName": "Laljo John Pullokkaran",
            "key": "jpullokkaran",
            "name": "jpullokkaran",
            "self": "https://issues.apache.org/jira/rest/api/2/user?username=jpullokkaran",
            "timeZone": "America/Los_Angeles"
        },
        "components": [
            {
                "id": "12324798",
                "name": "Query Planning",
                "self": "https://issues.apache.org/jira/rest/api/2/component/12324798"
            },
            {
                "description": "Tracks issues dealing with query processing.",
                "id": "12312586",
                "name": "Query Processor",
                "self": "https://issues.apache.org/jira/rest/api/2/component/12312586"
            }
        ],
        "created": "2015-05-27T23:05:09.000+0000",
        "creator": {
            "active": true,
            "avatarUrls": {
                "16x16": "https://issues.apache.org/jira/secure/useravatar?size=xsmall&ownerId=apivovarov&avatarId=25851",
                "24x24": "https://issues.apache.org/jira/secure/useravatar?size=small&ownerId=apivovarov&avatarId=25851",
                "32x32": "https://issues.apache.org/jira/secure/useravatar?size=medium&ownerId=apivovarov&avatarId=25851",
                "48x48": "https://issues.apache.org/jira/secure/useravatar?ownerId=apivovarov&avatarId=25851"
            },
            "displayName": "Alexander Pivovarov",
            "key": "apivovarov",
            "name": "apivovarov",
            "self": "https://issues.apache.org/jira/rest/api/2/user?username=apivovarov",
            "timeZone": "America/Los_Angeles"
        },
        "customfield_10010": null,
        "customfield_12310191": null,
        "customfield_12310192": null,
        "customfield_12310220": "2015-05-28T20:47:57.038+0000",
        "customfield_12310222": "10002_*:*_4_*:*_997063519_*|*_1_*:*_4_*:*_632138230_*|*_5_*:*_1_*:*_0",
        "customfield_12310230": null,
        "customfield_12310250": null,
        "customfield_12310290": null,
        "customfield_12310291": null,
        "customfield_12310300": null,
        "customfield_12310310": "4.0",
        "customfield_12310320": null,
        "customfield_12310420": "9223372036854775807",
        "customfield_12310920": "9223372036854775807",
        "customfield_12310921": null,
        "customfield_12311020": null,
        "customfield_12311024": null,
        "customfield_12311120": null,
        "customfield_12311820": "0|i2fadb:",
        "customfield_12312022": null,
        "customfield_12312023": null,
        "customfield_12312024": null,
        "customfield_12312026": null,
        "customfield_12312220": null,
        "customfield_12312320": null,
        "customfield_12312321": null,
        "customfield_12312322": null,
        "customfield_12312323": null,
        "customfield_12312324": null,
        "customfield_12312325": null,
        "customfield_12312326": null,
        "customfield_12312327": null,
        "customfield_12312328": null,
        "customfield_12312329": null,
        "customfield_12312330": null,
        "customfield_12312331": null,
        "customfield_12312332": null,
        "customfield_12312333": null,
        "customfield_12312334": null,
        "customfield_12312335": null,
        "customfield_12312336": null,
        "customfield_12312337": null,
        "customfield_12312338": null,
        "customfield_12312339": null,
        "customfield_12312340": null,
        "customfield_12312341": null,
        "customfield_12312520": null,
        "customfield_12312521": "Thu Jun 18 04:30:34 UTC 2015",
        "customfield_12312720": null,
        "customfield_12312823": null,
        "customfield_12312920": null,
        "customfield_12312921": null,
        "customfield_12312923": null,
        "customfield_12313422": "false",
        "customfield_12313520": null,
        "description": "The result from the following SELECT query is 3 rows but it should be 1 row.\nI checked it in MySQL - it returned 1 row.\n\nTo reproduce the issue in Hive\n1. prepare tables\n{code}\ndrop table if exists L;\ndrop table if exists LA;\ndrop table if exists FR;\ndrop table if exists A;\ndrop table if exists PI;\ndrop table if exists acct;\n\ncreate table L as select 4436 id;\ncreate table LA as select 4436 loan_id, 4748 aid, 4415 pi_id;\ncreate table FR as select 4436 loan_id;\ncreate table A as select 4748 id;\ncreate table PI as select 4415 id;\n\ncreate table acct as select 4748 aid, 10 acc_n, 122 brn;\ninsert into table acct values(4748, null, null);\ninsert into table acct values(4748, null, null);\n{code}\n\n2. run SELECT query\n{code}\nselect\n  acct.ACC_N,\n  acct.brn\nFROM L\nJOIN LA ON L.id = LA.loan_id\nJOIN FR ON L.id = FR.loan_id\nJOIN A ON LA.aid = A.id\nJOIN PI ON PI.id = LA.pi_id\nJOIN acct ON A.id = acct.aid\nWHERE\n  L.id = 4436\n  and acct.brn is not null;\n{code}\n\nthe result is 3 rows\n{code}\n10\t122\nNULL\tNULL\nNULL\tNULL\n{code}\n\nbut it should be 1 row\n\n{code}\n10\t122\n{code}\n\n2.1 \"explain select ...\" output for hive-1.3.0 MR\n{code}\nSTAGE DEPENDENCIES:\n  Stage-12 is a root stage\n  Stage-9 depends on stages: Stage-12\n  Stage-0 depends on stages: Stage-9\n\nSTAGE PLANS:\n  Stage: Stage-12\n    Map Reduce Local Work\n      Alias -> Map Local Tables:\n        a \n          Fetch Operator\n            limit: -1\n        acct \n          Fetch Operator\n            limit: -1\n        fr \n          Fetch Operator\n            limit: -1\n        l \n          Fetch Operator\n            limit: -1\n        pi \n          Fetch Operator\n            limit: -1\n      Alias -> Map Local Operator Tree:\n        a \n          TableScan\n            alias: a\n            Statistics: Num rows: 1 Data size: 4 Basic stats: COMPLETE Column stats: NONE\n            Filter Operator\n              predicate: id is not null (type: boolean)\n              Statistics: Num rows: 1 Data size: 4 Basic stats: COMPLETE Column stats: NONE\n              HashTable Sink Operator\n                keys:\n                  0 _col5 (type: int)\n                  1 id (type: int)\n                  2 aid (type: int)\n        acct \n          TableScan\n            alias: acct\n            Statistics: Num rows: 3 Data size: 31 Basic stats: COMPLETE Column stats: NONE\n            Filter Operator\n              predicate: aid is not null (type: boolean)\n              Statistics: Num rows: 2 Data size: 20 Basic stats: COMPLETE Column stats: NONE\n              HashTable Sink Operator\n                keys:\n                  0 _col5 (type: int)\n                  1 id (type: int)\n                  2 aid (type: int)\n        fr \n          TableScan\n            alias: fr\n            Statistics: Num rows: 1 Data size: 4 Basic stats: COMPLETE Column stats: NONE\n            Filter Operator\n              predicate: (loan_id = 4436) (type: boolean)\n              Statistics: Num rows: 1 Data size: 4 Basic stats: COMPLETE Column stats: NONE\n              HashTable Sink Operator\n                keys:\n                  0 4436 (type: int)\n                  1 4436 (type: int)\n                  2 4436 (type: int)\n        l \n          TableScan\n            alias: l\n            Statistics: Num rows: 1 Data size: 4 Basic stats: COMPLETE Column stats: NONE\n            Filter Operator\n              predicate: (id = 4436) (type: boolean)\n              Statistics: Num rows: 1 Data size: 4 Basic stats: COMPLETE Column stats: NONE\n              HashTable Sink Operator\n                keys:\n                  0 4436 (type: int)\n                  1 4436 (type: int)\n                  2 4436 (type: int)\n        pi \n          TableScan\n            alias: pi\n            Statistics: Num rows: 1 Data size: 4 Basic stats: COMPLETE Column stats: NONE\n            Filter Operator\n              predicate: id is not null (type: boolean)\n              Statistics: Num rows: 1 Data size: 4 Basic stats: COMPLETE Column stats: NONE\n              HashTable Sink Operator\n                keys:\n                  0 _col6 (type: int)\n                  1 id (type: int)\n\n  Stage: Stage-9\n    Map Reduce\n      Map Operator Tree:\n          TableScan\n            alias: la\n            Statistics: Num rows: 1 Data size: 14 Basic stats: COMPLETE Column stats: NONE\n            Filter Operator\n              predicate: (((loan_id is not null and aid is not null) and pi_id is not null) and (loan_id = 4436)) (type: boolean)\n              Statistics: Num rows: 1 Data size: 14 Basic stats: COMPLETE Column stats: NONE\n              Map Join Operator\n                condition map:\n                     Inner Join 0 to 1\n                     Inner Join 0 to 2\n                keys:\n                  0 4436 (type: int)\n                  1 4436 (type: int)\n                  2 4436 (type: int)\n                outputColumnNames: _col5, _col6\n                Statistics: Num rows: 2 Data size: 8 Basic stats: COMPLETE Column stats: NONE\n                Map Join Operator\n                  condition map:\n                       Inner Join 0 to 1\n                       Inner Join 1 to 2\n                  keys:\n                    0 _col5 (type: int)\n                    1 id (type: int)\n                    2 aid (type: int)\n                  outputColumnNames: _col6, _col19, _col20\n                  Statistics: Num rows: 4 Data size: 17 Basic stats: COMPLETE Column stats: NONE\n                  Map Join Operator\n                    condition map:\n                         Inner Join 0 to 1\n                    keys:\n                      0 _col6 (type: int)\n                      1 id (type: int)\n                    outputColumnNames: _col19, _col20\n                    Statistics: Num rows: 4 Data size: 18 Basic stats: COMPLETE Column stats: NONE\n                    Select Operator\n                      expressions: _col19 (type: int), _col20 (type: int)\n                      outputColumnNames: _col0, _col1\n                      Statistics: Num rows: 4 Data size: 18 Basic stats: COMPLETE Column stats: NONE\n                      File Output Operator\n                        compressed: false\n                        Statistics: Num rows: 4 Data size: 18 Basic stats: COMPLETE Column stats: NONE\n                        table:\n                            input format: org.apache.hadoop.mapred.TextInputFormat\n                            output format: org.apache.hadoop.hive.ql.io.HiveIgnoreKeyTextOutputFormat\n                            serde: org.apache.hadoop.hive.serde2.lazy.LazySimpleSerDe\n      Local Work:\n        Map Reduce Local Work\n\n  Stage: Stage-0\n    Fetch Operator\n      limit: -1\n      Processor Tree:\n        ListSink\n\nTime taken: 0.57 seconds, Fetched: 142 row(s)\n{code}\n\n2.2. \"explain select...\" output for hive-0.13.1 Tez\n{code}\nSTAGE DEPENDENCIES:\n  Stage-1 is a root stage\n  Stage-0 is a root stage\n\nSTAGE PLANS:\n  Stage: Stage-1\n    Tez\n      Edges:\n        Reducer 2 <- Map 1 (SIMPLE_EDGE), Map 4 (SIMPLE_EDGE), Reducer 6 (SIMPLE_EDGE)\n        Reducer 3 <- Reducer 2 (SIMPLE_EDGE), Map 9 (SIMPLE_EDGE)\n        Reducer 6 <- Map 5 (SIMPLE_EDGE), Map 7 (SIMPLE_EDGE), Map 8 (SIMPLE_EDGE)\n      DagName: lcapp_20150528111717_06c57a5b-8dc6-4ce9-bce7-b9e0a7818fe4:1\n      Vertices:\n        Map 1 \n            Map Operator Tree:\n                TableScan\n                  alias: acct\n                  Statistics: Num rows: 1 Data size: 4 Basic stats: COMPLETE Column stats: NONE\n                  Reduce Output Operator\n                    key expressions: aid (type: int)\n                    sort order: +\n                    Map-reduce partition columns: aid (type: int)\n                    Statistics: Num rows: 1 Data size: 4 Basic stats: COMPLETE Column stats: NONE\n                    value expressions: acc_n (type: int), brn (type: int)\n        Map 4 \n            Map Operator Tree:\n                TableScan\n                  alias: a\n                  Statistics: Num rows: 46 Data size: 187 Basic stats: COMPLETE Column stats: NONE\n                  Reduce Output Operator\n                    key expressions: id (type: int)\n                    sort order: +\n                    Map-reduce partition columns: id (type: int)\n                    Statistics: Num rows: 46 Data size: 187 Basic stats: COMPLETE Column stats: NONE\n        Map 5 \n            Map Operator Tree:\n                TableScan\n                  alias: la\n                  Statistics: Num rows: 28 Data size: 347 Basic stats: COMPLETE Column stats: NONE\n                  Filter Operator\n                    predicate: (loan_id = 4436) (type: boolean)\n                    Statistics: Num rows: 14 Data size: 173 Basic stats: COMPLETE Column stats: NONE\n                    Reduce Output Operator\n                      key expressions: loan_id (type: int)\n                      sort order: +\n                      Map-reduce partition columns: loan_id (type: int)\n                      Statistics: Num rows: 14 Data size: 173 Basic stats: COMPLETE Column stats: NONE\n                      value expressions: aid (type: int), pi_id (type: int)\n        Map 7 \n            Map Operator Tree:\n                TableScan\n                  alias: fr\n                  Statistics: Num rows: 46 Data size: 187 Basic stats: COMPLETE Column stats: NONE\n                  Filter Operator\n                    predicate: (loan_id = 4436) (type: boolean)\n                    Statistics: Num rows: 23 Data size: 93 Basic stats: COMPLETE Column stats: NONE\n                    Reduce Output Operator\n                      key expressions: loan_id (type: int)\n                      sort order: +\n                      Map-reduce partition columns: loan_id (type: int)\n                      Statistics: Num rows: 23 Data size: 93 Basic stats: COMPLETE Column stats: NONE\n        Map 8 \n            Map Operator Tree:\n                TableScan\n                  alias: l\n                  Statistics: Num rows: 46 Data size: 187 Basic stats: COMPLETE Column stats: NONE\n                  Filter Operator\n                    predicate: (id = 4436) (type: boolean)\n                    Statistics: Num rows: 23 Data size: 93 Basic stats: COMPLETE Column stats: NONE\n                    Reduce Output Operator\n                      key expressions: id (type: int)\n                      sort order: +\n                      Map-reduce partition columns: id (type: int)\n                      Statistics: Num rows: 23 Data size: 93 Basic stats: COMPLETE Column stats: NONE\n        Map 9 \n            Map Operator Tree:\n                TableScan\n                  alias: pi\n                  Statistics: Num rows: 46 Data size: 187 Basic stats: COMPLETE Column stats: NONE\n                  Reduce Output Operator\n                    key expressions: id (type: int)\n                    sort order: +\n                    Map-reduce partition columns: id (type: int)\n                    Statistics: Num rows: 46 Data size: 187 Basic stats: COMPLETE Column stats: NONE\n        Reducer 2 \n            Reduce Operator Tree:\n              Join Operator\n                condition map:\n                     Inner Join 0 to 1\n                     Inner Join 1 to 2\n                condition expressions:\n                  0 {VALUE._col2}\n                  1 \n                  2 {VALUE._col1} {VALUE._col2}\n                outputColumnNames: _col2, _col15, _col16\n                Statistics: Num rows: 110 Data size: 448 Basic stats: COMPLETE Column stats: NONE\n                Reduce Output Operator\n                  key expressions: _col2 (type: int)\n                  sort order: +\n                  Map-reduce partition columns: _col2 (type: int)\n                  Statistics: Num rows: 110 Data size: 448 Basic stats: COMPLETE Column stats: NONE\n                  value expressions: _col15 (type: int), _col16 (type: int)\n        Reducer 3 \n            Reduce Operator Tree:\n              Join Operator\n                condition map:\n                     Inner Join 0 to 1\n                condition expressions:\n                  0 {VALUE._col1} {VALUE._col2}\n                  1 \n                outputColumnNames: _col1, _col2\n                Statistics: Num rows: 121 Data size: 492 Basic stats: COMPLETE Column stats: NONE\n                Select Operator\n                  expressions: _col1 (type: int), _col2 (type: int)\n                  outputColumnNames: _col0, _col1\n                  Statistics: Num rows: 121 Data size: 492 Basic stats: COMPLETE Column stats: NONE\n                  File Output Operator\n                    compressed: false\n                    Statistics: Num rows: 121 Data size: 492 Basic stats: COMPLETE Column stats: NONE\n                    table:\n                        input format: org.apache.hadoop.mapred.TextInputFormat\n                        output format: org.apache.hadoop.hive.ql.io.HiveIgnoreKeyTextOutputFormat\n                        serde: org.apache.hadoop.hive.serde2.lazy.LazySimpleSerDe\n        Reducer 6 \n            Reduce Operator Tree:\n              Join Operator\n                condition map:\n                     Inner Join 0 to 1\n                     Inner Join 0 to 2\n                condition expressions:\n                  0 \n                  1 {VALUE._col1} {VALUE._col2}\n                  2 \n                outputColumnNames: _col4, _col5\n                Statistics: Num rows: 50 Data size: 204 Basic stats: COMPLETE Column stats: NONE\n                Reduce Output Operator\n                  key expressions: _col4 (type: int)\n                  sort order: +\n                  Map-reduce partition columns: _col4 (type: int)\n                  Statistics: Num rows: 50 Data size: 204 Basic stats: COMPLETE Column stats: NONE\n                  value expressions: _col5 (type: int)\n\n  Stage: Stage-0\n    Fetch Operator\n      limit: -1\n\nTime taken: 1.377 seconds, Fetched: 146 row(s)\n{code}\n\n3. The workaround is to put \"acct.brn is not null\" to join condition\n{code}\nselect\n  acct.ACC_N,\n  acct.brn\nFROM L\nJOIN LA ON L.id = LA.loan_id\nJOIN FR ON L.id = FR.loan_id\nJOIN A ON LA.aid = A.id\nJOIN PI ON PI.id = LA.pi_id\nJOIN acct ON A.id = acct.aid and acct.brn is not null\nWHERE\n  L.id = 4436;\n\nOK\n10\t122\nTime taken: 23.479 seconds, Fetched: 1 row(s)\n{code}\n\nI tried it on hive-1.3.0 (MR) and hive-0.13.1 (MR and Tez) - all combinations have the issue",
        "duedate": null,
        "environment": null,
        "fixVersions": [
            {
                "archived": false,
                "description": "",
                "id": "12332154",
                "name": "1.3.0",
                "released": false,
                "self": "https://issues.apache.org/jira/rest/api/2/version/12332154"
            },
            {
                "archived": false,
                "id": "12332384",
                "name": "1.2.1",
                "releaseDate": "2015-06-26",
                "released": true,
                "self": "https://issues.apache.org/jira/rest/api/2/version/12332384"
            },
            {
                "archived": false,
                "description": "Hive 2.0.0",
                "id": "12332641",
                "name": "2.0.0",
                "releaseDate": "2016-02-15",
                "released": true,
                "self": "https://issues.apache.org/jira/rest/api/2/version/12332641"
            },
            {
                "archived": false,
                "description": "branch-1.0 release 2",
                "id": "12332808",
                "name": "1.0.2",
                "released": false,
                "self": "https://issues.apache.org/jira/rest/api/2/version/12332808"
            }
        ],
        "issuelinks": [
            {
                "id": "12428414",
                "inwardIssue": {
                    "fields": {
                        "issuetype": {
                            "avatarId": 21133,
                            "description": "A problem which impairs or prevents the functions of the product.",
                            "iconUrl": "https://issues.apache.org/jira/secure/viewavatar?size=xsmall&avatarId=21133&avatarType=issuetype",
                            "id": "1",
                            "name": "Bug",
                            "self": "https://issues.apache.org/jira/rest/api/2/issuetype/1",
                            "subtask": false
                        },
                        "priority": {
                            "iconUrl": "https://issues.apache.org/jira/images/icons/priorities/critical.svg",
                            "id": "2",
                            "name": "Critical",
                            "self": "https://issues.apache.org/jira/rest/api/2/priority/2"
                        },
                        "status": {
                            "description": "A resolution has been taken, and it is awaiting verification by reporter. From here issues are either reopened, or are closed.",
                            "iconUrl": "https://issues.apache.org/jira/images/icons/statuses/resolved.png",
                            "id": "5",
                            "name": "Resolved",
                            "self": "https://issues.apache.org/jira/rest/api/2/status/5",
                            "statusCategory": {
                                "colorName": "green",
                                "id": 3,
                                "key": "done",
                                "name": "Done",
                                "self": "https://issues.apache.org/jira/rest/api/2/statuscategory/3"
                            }
                        },
                        "summary": "Joining multiple tables producing different results with different order of join"
                    },
                    "id": "12838367",
                    "key": "HIVE-11034",
                    "self": "https://issues.apache.org/jira/rest/api/2/issue/12838367"
                },
                "self": "https://issues.apache.org/jira/rest/api/2/issueLink/12428414",
                "type": {
                    "id": "12310000",
                    "inward": "is duplicated by",
                    "name": "Duplicate",
                    "outward": "duplicates",
                    "self": "https://issues.apache.org/jira/rest/api/2/issueLinkType/12310000"
                }
            },
            {
                "id": "12426507",
                "outwardIssue": {
                    "fields": {
                        "issuetype": {
                            "avatarId": 21133,
                            "description": "A problem which impairs or prevents the functions of the product.",
                            "iconUrl": "https://issues.apache.org/jira/secure/viewavatar?size=xsmall&avatarId=21133&avatarType=issuetype",
                            "id": "1",
                            "name": "Bug",
                            "self": "https://issues.apache.org/jira/rest/api/2/issuetype/1",
                            "subtask": false
                        },
                        "priority": {
                            "iconUrl": "https://issues.apache.org/jira/images/icons/priorities/critical.svg",
                            "id": "2",
                            "name": "Critical",
                            "self": "https://issues.apache.org/jira/rest/api/2/priority/2"
                        },
                        "status": {
                            "description": "A resolution has been taken, and it is awaiting verification by reporter. From here issues are either reopened, or are closed.",
                            "iconUrl": "https://issues.apache.org/jira/images/icons/statuses/resolved.png",
                            "id": "5",
                            "name": "Resolved",
                            "self": "https://issues.apache.org/jira/rest/api/2/status/5",
                            "statusCategory": {
                                "colorName": "green",
                                "id": 3,
                                "key": "done",
                                "name": "Done",
                                "self": "https://issues.apache.org/jira/rest/api/2/statuscategory/3"
                            }
                        },
                        "summary": "Predicates following UDTF operator are removed by PPD"
                    },
                    "id": "12640695",
                    "key": "HIVE-4293",
                    "self": "https://issues.apache.org/jira/rest/api/2/issue/12640695"
                },
                "self": "https://issues.apache.org/jira/rest/api/2/issueLink/12426507",
                "type": {
                    "id": "10030",
                    "inward": "is related to",
                    "name": "Reference",
                    "outward": "relates to",
                    "self": "https://issues.apache.org/jira/rest/api/2/issueLinkType/10030"
                }
            },
            {
                "id": "12426382",
                "inwardIssue": {
                    "fields": {
                        "issuetype": {
                            "avatarId": 21133,
                            "description": "A problem which impairs or prevents the functions of the product.",
                            "iconUrl": "https://issues.apache.org/jira/secure/viewavatar?size=xsmall&avatarId=21133&avatarType=issuetype",
                            "id": "1",
                            "name": "Bug",
                            "self": "https://issues.apache.org/jira/rest/api/2/issuetype/1",
                            "subtask": false
                        },
                        "priority": {
                            "iconUrl": "https://issues.apache.org/jira/images/icons/priorities/major.svg",
                            "id": "3",
                            "name": "Major",
                            "self": "https://issues.apache.org/jira/rest/api/2/priority/3"
                        },
                        "status": {
                            "description": "The issue is considered finished, the resolution is correct. Issues which are not closed can be reopened.",
                            "iconUrl": "https://issues.apache.org/jira/images/icons/statuses/closed.png",
                            "id": "6",
                            "name": "Closed",
                            "self": "https://issues.apache.org/jira/rest/api/2/status/6",
                            "statusCategory": {
                                "colorName": "green",
                                "id": 3,
                                "key": "done",
                                "name": "Done",
                                "self": "https://issues.apache.org/jira/rest/api/2/statuscategory/3"
                            }
                        },
                        "summary": "ppd.remove.duplicatefilters removing filters too aggressively"
                    },
                    "id": "12625501",
                    "key": "HIVE-3847",
                    "self": "https://issues.apache.org/jira/rest/api/2/issue/12625501"
                },
                "self": "https://issues.apache.org/jira/rest/api/2/issueLink/12426382",
                "type": {
                    "id": "10030",
                    "inward": "is related to",
                    "name": "Reference",
                    "outward": "relates to",
                    "self": "https://issues.apache.org/jira/rest/api/2/issueLinkType/10030"
                }
            }
        ],
        "issuetype": {
            "avatarId": 21133,
            "description": "A problem which impairs or prevents the functions of the product.",
            "iconUrl": "https://issues.apache.org/jira/secure/viewavatar?size=xsmall&avatarId=21133&avatarType=issuetype",
            "id": "1",
            "name": "Bug",
            "self": "https://issues.apache.org/jira/rest/api/2/issuetype/1",
            "subtask": false
        },
        "labels": [],
        "lastViewed": null,
        "priority": {
            "iconUrl": "https://issues.apache.org/jira/images/icons/priorities/major.svg",
            "id": "3",
            "name": "Major",
            "self": "https://issues.apache.org/jira/rest/api/2/priority/3"
        },
        "progress": {
            "progress": 0,
            "total": 0
        },
        "project": {
            "avatarUrls": {
                "16x16": "https://issues.apache.org/jira/secure/projectavatar?size=xsmall&pid=12310843&avatarId=11935",
                "24x24": "https://issues.apache.org/jira/secure/projectavatar?size=small&pid=12310843&avatarId=11935",
                "32x32": "https://issues.apache.org/jira/secure/projectavatar?size=medium&pid=12310843&avatarId=11935",
                "48x48": "https://issues.apache.org/jira/secure/projectavatar?pid=12310843&avatarId=11935"
            },
            "id": "12310843",
            "key": "HIVE",
            "name": "Hive",
            "projectCategory": {
                "description": "Scalable Distributed Computing",
                "id": "10292",
                "name": "Hadoop",
                "self": "https://issues.apache.org/jira/rest/api/2/projectCategory/10292"
            },
            "self": "https://issues.apache.org/jira/rest/api/2/project/12310843"
        },
        "reporter": {
            "active": true,
            "avatarUrls": {
                "16x16": "https://issues.apache.org/jira/secure/useravatar?size=xsmall&ownerId=apivovarov&avatarId=25851",
                "24x24": "https://issues.apache.org/jira/secure/useravatar?size=small&ownerId=apivovarov&avatarId=25851",
                "32x32": "https://issues.apache.org/jira/secure/useravatar?size=medium&ownerId=apivovarov&avatarId=25851",
                "48x48": "https://issues.apache.org/jira/secure/useravatar?ownerId=apivovarov&avatarId=25851"
            },
            "displayName": "Alexander Pivovarov",
            "key": "apivovarov",
            "name": "apivovarov",
            "self": "https://issues.apache.org/jira/rest/api/2/user?username=apivovarov",
            "timeZone": "America/Los_Angeles"
        },
        "resolution": {
            "description": "A fix for this issue is checked into the tree and tested.",
            "id": "1",
            "name": "Fixed",
            "self": "https://issues.apache.org/jira/rest/api/2/resolution/1"
        },
        "resolutiondate": "2015-06-15T19:38:30.000+0000",
        "status": {
            "description": "The issue is considered finished, the resolution is correct. Issues which are not closed can be reopened.",
            "iconUrl": "https://issues.apache.org/jira/images/icons/statuses/closed.png",
            "id": "6",
            "name": "Closed",
            "self": "https://issues.apache.org/jira/rest/api/2/status/6",
            "statusCategory": {
                "colorName": "green",
                "id": 3,
                "key": "done",
                "name": "Done",
                "self": "https://issues.apache.org/jira/rest/api/2/statuscategory/3"
            }
        },
        "subtasks": [],
        "summary": "[WHERE col is not null] does not work sometimes for queries with many JOIN statements",
        "timeestimate": null,
        "timeoriginalestimate": null,
        "timespent": null,
        "updated": "2016-02-16T23:51:26.000+0000",
        "versions": [
            {
                "archived": false,
                "description": "released",
                "id": "12324986",
                "name": "0.13.0",
                "releaseDate": "2014-04-21",
                "released": true,
                "self": "https://issues.apache.org/jira/rest/api/2/version/12324986"
            },
            {
                "archived": false,
                "description": "released",
                "id": "12326450",
                "name": "0.14.0",
                "releaseDate": "2014-11-12",
                "released": true,
                "self": "https://issues.apache.org/jira/rest/api/2/version/12326450"
            },
            {
                "archived": false,
                "description": "0.13 maintenance release 1",
                "id": "12326829",
                "name": "0.13.1",
                "releaseDate": "2014-06-06",
                "released": true,
                "self": "https://issues.apache.org/jira/rest/api/2/version/12326829"
            },
            {
                "archived": false,
                "description": "Hive 1.2.0",
                "id": "12329345",
                "name": "1.2.0",
                "releaseDate": "2015-05-18",
                "released": true,
                "self": "https://issues.apache.org/jira/rest/api/2/version/12329345"
            },
            {
                "archived": false,
                "description": "",
                "id": "12332154",
                "name": "1.3.0",
                "released": false,
                "self": "https://issues.apache.org/jira/rest/api/2/version/12332154"
            }
        ],
        "votes": {
            "hasVoted": false,
            "self": "https://issues.apache.org/jira/rest/api/2/issue/HIVE-10841/votes",
            "votes": 0
        },
        "watches": {
            "isWatching": false,
            "self": "https://issues.apache.org/jira/rest/api/2/issue/HIVE-10841/watchers",
            "watchCount": 14
        },
        "workratio": -1
    },
    "id": "12833234",
    "key": "HIVE-10841",
    "self": "https://issues.apache.org/jira/rest/api/2/issue/12833234"
}