{
    "expand": "operations,versionedRepresentations,editmeta,changelog,renderedFields",
    "fields": {
        "aggregateprogress": {
            "progress": 0,
            "total": 0
        },
        "aggregatetimeestimate": null,
        "aggregatetimeoriginalestimate": null,
        "aggregatetimespent": null,
        "assignee": {
            "active": true,
            "avatarUrls": {
                "16x16": "https://issues.apache.org/jira/secure/useravatar?size=xsmall&avatarId=10452",
                "24x24": "https://issues.apache.org/jira/secure/useravatar?size=small&avatarId=10452",
                "32x32": "https://issues.apache.org/jira/secure/useravatar?size=medium&avatarId=10452",
                "48x48": "https://issues.apache.org/jira/secure/useravatar?avatarId=10452"
            },
            "displayName": "Pengcheng Xiong",
            "key": "pxiong",
            "name": "pxiong",
            "self": "https://issues.apache.org/jira/rest/api/2/user?username=pxiong",
            "timeZone": "America/Los_Angeles"
        },
        "components": [],
        "created": "2017-07-11T17:36:50.000+0000",
        "creator": {
            "active": true,
            "avatarUrls": {
                "16x16": "https://issues.apache.org/jira/secure/useravatar?size=xsmall&avatarId=10452",
                "24x24": "https://issues.apache.org/jira/secure/useravatar?size=small&avatarId=10452",
                "32x32": "https://issues.apache.org/jira/secure/useravatar?size=medium&avatarId=10452",
                "48x48": "https://issues.apache.org/jira/secure/useravatar?avatarId=10452"
            },
            "displayName": "Eugene Koifman",
            "key": "ekoifman",
            "name": "ekoifman",
            "self": "https://issues.apache.org/jira/rest/api/2/user?username=ekoifman",
            "timeZone": "America/Los_Angeles"
        },
        "customfield_10010": null,
        "customfield_12310191": null,
        "customfield_12310192": null,
        "customfield_12310220": null,
        "customfield_12310222": null,
        "customfield_12310230": null,
        "customfield_12310250": null,
        "customfield_12310290": null,
        "customfield_12310291": null,
        "customfield_12310300": null,
        "customfield_12310310": "0.0",
        "customfield_12310320": null,
        "customfield_12310420": "9223372036854775807",
        "customfield_12310920": "9223372036854775807",
        "customfield_12310921": null,
        "customfield_12311020": null,
        "customfield_12311024": null,
        "customfield_12311120": null,
        "customfield_12311820": "0|i3hdtj:",
        "customfield_12312022": null,
        "customfield_12312023": null,
        "customfield_12312024": null,
        "customfield_12312026": null,
        "customfield_12312220": null,
        "customfield_12312320": null,
        "customfield_12312321": null,
        "customfield_12312322": null,
        "customfield_12312323": null,
        "customfield_12312324": null,
        "customfield_12312325": null,
        "customfield_12312326": null,
        "customfield_12312327": null,
        "customfield_12312328": null,
        "customfield_12312329": null,
        "customfield_12312330": null,
        "customfield_12312331": null,
        "customfield_12312332": null,
        "customfield_12312333": null,
        "customfield_12312334": null,
        "customfield_12312335": null,
        "customfield_12312336": null,
        "customfield_12312337": null,
        "customfield_12312338": null,
        "customfield_12312339": null,
        "customfield_12312340": null,
        "customfield_12312341": null,
        "customfield_12312520": null,
        "customfield_12312521": "2017-07-11 17:36:50.0",
        "customfield_12312720": null,
        "customfield_12312823": null,
        "customfield_12312920": null,
        "customfield_12312921": null,
        "customfield_12312923": null,
        "customfield_12313422": "false",
        "customfield_12313520": null,
        "description": "stats recorded in explain plan in .out files are sometimes unstable \nhere is 1 concrete example (HIVE-15898 1st run is patch 6, 2nd run is patch 7)\n\n{noformat}\n[10:23 AM] Eugene Koifman: 1st run\n[10:23 AM] Eugene Koifman: https://builds.apache.org/job/PreCommit-HIVE-Build/5951/testReport/org.apache.hadoop.hive.cli/TestMi...\n[10:23 AM] Eugene Koifman: 316c316\n<\u2002\u2002\u2002\u2002\u2002\u2002\u2002\u2002\u2002\u2002\u2002\u2002\u2002\u2002\u2002\u2002\u2002\u2002 Statistics: Num rows: 45 Data size: 4560 Basic stats: COMPLETE Column stats: NONE\n---\n>\u2002\u2002\u2002\u2002\u2002\u2002\u2002\u2002\u2002\u2002\u2002\u2002\u2002\u2002\u2002\u2002\u2002\u2002 Statistics: Num rows: 45 Data size: 4571 Basic stats: COMPLETE Column stats: NONE\n[10:23 AM] Eugene Koifman: this is the 1st diff - it says that actual result was 4560 and expected was 4571\n[10:24 AM] Eugene Koifman: here is a 2nd run (the only difference is that I update the .out file)\n[10:24 AM] Eugene Koifman: https://builds.apache.org/job/PreCommit-HIVE-Build/5956/testReport/org.apache.hadoop.hive.cli/TestMi...\n[10:24 AM] Eugene Koifman: 316c316\n<\u2002\u2002\u2002\u2002\u2002\u2002\u2002\u2002\u2002\u2002\u2002\u2002\u2002\u2002\u2002\u2002\u2002\u2002 Statistics: Num rows: 45 Data size: 4573 Basic stats: COMPLETE Column stats: NONE\n---\n>\u2002\u2002\u2002\u2002\u2002\u2002\u2002\u2002\u2002\u2002\u2002\u2002\u2002\u2002\u2002\u2002\u2002\u2002 Statistics: Num rows: 45 Data size: 4560 Basic stats: COMPLETE Column stats: NONE\n[10:25 AM] Eugene Koifman: is the 1st diff in the 2nd run\n{noformat}\n\nThe actual value from each run is different.\n\nComplete output from patch 6 run \n{noformat}\nClient Execution succeeded but contained differences (error code = 1) after executing sqlmerge_type2_scd.q \n316c316\n<                   Statistics: Num rows: 45 Data size: 4560 Basic stats: COMPLETE Column stats: NONE\n---\n>                   Statistics: Num rows: 45 Data size: 4571 Basic stats: COMPLETE Column stats: NONE\n319c319\n<                     Statistics: Num rows: 45 Data size: 4560 Basic stats: COMPLETE Column stats: NONE\n---\n>                     Statistics: Num rows: 45 Data size: 4571 Basic stats: COMPLETE Column stats: NONE\n324c324\n<                       Statistics: Num rows: 45 Data size: 4560 Basic stats: COMPLETE Column stats: NONE\n---\n>                       Statistics: Num rows: 45 Data size: 4571 Basic stats: COMPLETE Column stats: NONE\n347c347\n<                   Statistics: Num rows: 22 Data size: 4560 Basic stats: COMPLETE Column stats: NONE\n---\n>                   Statistics: Num rows: 22 Data size: 4571 Basic stats: COMPLETE Column stats: NONE\n350c350\n<                     Statistics: Num rows: 22 Data size: 4560 Basic stats: COMPLETE Column stats: NONE\n---\n>                     Statistics: Num rows: 22 Data size: 4571 Basic stats: COMPLETE Column stats: NONE\n355c355\n<                       Statistics: Num rows: 22 Data size: 4560 Basic stats: COMPLETE Column stats: NONE\n---\n>                       Statistics: Num rows: 22 Data size: 4571 Basic stats: COMPLETE Column stats: NONE\n369c369\n<                 Statistics: Num rows: 49 Data size: 5016 Basic stats: COMPLETE Column stats: NONE\n---\n>                 Statistics: Num rows: 49 Data size: 5028 Basic stats: COMPLETE Column stats: NONE\n373c373\n<                   Statistics: Num rows: 49 Data size: 5016 Basic stats: COMPLETE Column stats: NONE\n---\n>                   Statistics: Num rows: 49 Data size: 5028 Basic stats: COMPLETE Column stats: NONE\n378c378\n<                     Statistics: Num rows: 49 Data size: 5016 Basic stats: COMPLETE Column stats: NONE\n---\n>                     Statistics: Num rows: 49 Data size: 5028 Basic stats: COMPLETE Column stats: NONE\n390c390\n<                 Statis\n\n{noformat}\n\nFrom patch 7 run \n{noformat}\n316c316\n<                   Statistics: Num rows: 45 Data size: 4573 Basic stats: COMPLETE Column stats: NONE\n---\n>                   Statistics: Num rows: 45 Data size: 4560 Basic stats: COMPLETE Column stats: NONE\n319c319\n<                     Statistics: Num rows: 45 Data size: 4573 Basic stats: COMPLETE Column stats: NONE\n---\n>                     Statistics: Num rows: 45 Data size: 4560 Basic stats: COMPLETE Column stats: NONE\n324c324\n<                       Statistics: Num rows: 45 Data size: 4573 Basic stats: COMPLETE Column stats: NONE\n---\n>                       Statistics: Num rows: 45 Data size: 4560 Basic stats: COMPLETE Column stats: NONE\n347c347\n<                   Statistics: Num rows: 22 Data size: 4573 Basic stats: COMPLETE Column stats: NONE\n---\n>                   Statistics: Num rows: 22 Data size: 4560 Basic stats: COMPLETE Column stats: NONE\n350c350\n<                     Statistics: Num rows: 22 Data size: 4573 Basic stats: COMPLETE Column stats: NONE\n---\n>                     Statistics: Num rows: 22 Data size: 4560 Basic stats: COMPLETE Column stats: NONE\n355c355\n<                       Statistics: Num rows: 22 Data size: 4573 Basic stats: COMPLETE Column stats: NONE\n---\n>                       Statistics: Num rows: 22 Data size: 4560 Basic stats: COMPLETE Column stats: NONE\n369c369\n<                 Statistics: Num rows: 49 Data size: 5030 Basic stats: COMPLETE Column stats: NONE\n---\n>                 Statistics: Num rows: 49 Data size: 5016 Basic stats: COMPLETE Column stats: NONE\n373c373\n<                   Statistics: Num rows: 49 Data size: 5030 Basic stats: COMPLETE Column stats: NONE\n---\n>                   Statistics: Num rows: 49 Data size: 5016 Basic stats: COMPLETE Column stats: NONE\n378c378\n<                     Statistics: Num rows: 49 Data size: 5030 Basic stats: COMPLETE Column stats: NONE\n---\n>                     Statistics: Num rows: 49 Data size: 5016 Basic stats: COMPLETE Column stats: NONE\n390c390\n<                 Statis\n{noformat}",
        "duedate": null,
        "environment": null,
        "fixVersions": [],
        "issuelinks": [{
            "id": "12508887",
            "outwardIssue": {
                "fields": {
                    "issuetype": {
                        "description": "A new unit, integration or system test.",
                        "iconUrl": "https://issues.apache.org/jira/images/icons/issuetypes/requirement.png",
                        "id": "6",
                        "name": "Test",
                        "self": "https://issues.apache.org/jira/rest/api/2/issuetype/6",
                        "subtask": false
                    },
                    "priority": {
                        "iconUrl": "https://issues.apache.org/jira/images/icons/priorities/major.svg",
                        "id": "3",
                        "name": "Major",
                        "self": "https://issues.apache.org/jira/rest/api/2/priority/3"
                    },
                    "status": {
                        "description": "The issue is open and ready for the assignee to start work on it.",
                        "iconUrl": "https://issues.apache.org/jira/images/icons/statuses/open.png",
                        "id": "1",
                        "name": "Open",
                        "self": "https://issues.apache.org/jira/rest/api/2/status/1",
                        "statusCategory": {
                            "colorName": "blue-gray",
                            "id": 2,
                            "key": "new",
                            "name": "To Do",
                            "self": "https://issues.apache.org/jira/rest/api/2/statuscategory/2"
                        }
                    },
                    "summary": "add Type2 SCD merge tests"
                },
                "id": "13042702",
                "key": "HIVE-15898",
                "self": "https://issues.apache.org/jira/rest/api/2/issue/13042702"
            },
            "self": "https://issues.apache.org/jira/rest/api/2/issueLink/12508887",
            "type": {
                "id": "10032",
                "inward": "is blocked by",
                "name": "Blocker",
                "outward": "blocks",
                "self": "https://issues.apache.org/jira/rest/api/2/issueLinkType/10032"
            }
        }],
        "issuetype": {
            "avatarId": 21133,
            "description": "A problem which impairs or prevents the functions of the product.",
            "iconUrl": "https://issues.apache.org/jira/secure/viewavatar?size=xsmall&avatarId=21133&avatarType=issuetype",
            "id": "1",
            "name": "Bug",
            "self": "https://issues.apache.org/jira/rest/api/2/issuetype/1",
            "subtask": false
        },
        "labels": [],
        "lastViewed": null,
        "priority": {
            "iconUrl": "https://issues.apache.org/jira/images/icons/priorities/major.svg",
            "id": "3",
            "name": "Major",
            "self": "https://issues.apache.org/jira/rest/api/2/priority/3"
        },
        "progress": {
            "progress": 0,
            "total": 0
        },
        "project": {
            "avatarUrls": {
                "16x16": "https://issues.apache.org/jira/secure/projectavatar?size=xsmall&pid=12310843&avatarId=11935",
                "24x24": "https://issues.apache.org/jira/secure/projectavatar?size=small&pid=12310843&avatarId=11935",
                "32x32": "https://issues.apache.org/jira/secure/projectavatar?size=medium&pid=12310843&avatarId=11935",
                "48x48": "https://issues.apache.org/jira/secure/projectavatar?pid=12310843&avatarId=11935"
            },
            "id": "12310843",
            "key": "HIVE",
            "name": "Hive",
            "projectCategory": {
                "description": "Scalable Distributed Computing",
                "id": "10292",
                "name": "Hadoop",
                "self": "https://issues.apache.org/jira/rest/api/2/projectCategory/10292"
            },
            "self": "https://issues.apache.org/jira/rest/api/2/project/12310843"
        },
        "reporter": {
            "active": true,
            "avatarUrls": {
                "16x16": "https://issues.apache.org/jira/secure/useravatar?size=xsmall&avatarId=10452",
                "24x24": "https://issues.apache.org/jira/secure/useravatar?size=small&avatarId=10452",
                "32x32": "https://issues.apache.org/jira/secure/useravatar?size=medium&avatarId=10452",
                "48x48": "https://issues.apache.org/jira/secure/useravatar?avatarId=10452"
            },
            "displayName": "Eugene Koifman",
            "key": "ekoifman",
            "name": "ekoifman",
            "self": "https://issues.apache.org/jira/rest/api/2/user?username=ekoifman",
            "timeZone": "America/Los_Angeles"
        },
        "resolution": null,
        "resolutiondate": null,
        "status": {
            "description": "The issue is open and ready for the assignee to start work on it.",
            "iconUrl": "https://issues.apache.org/jira/images/icons/statuses/open.png",
            "id": "1",
            "name": "Open",
            "self": "https://issues.apache.org/jira/rest/api/2/status/1",
            "statusCategory": {
                "colorName": "blue-gray",
                "id": 2,
                "key": "new",
                "name": "To Do",
                "self": "https://issues.apache.org/jira/rest/api/2/statuscategory/2"
            }
        },
        "subtasks": [],
        "summary": "unstable stats in q files",
        "timeestimate": null,
        "timeoriginalestimate": null,
        "timespent": null,
        "updated": "2017-07-11T17:37:33.000+0000",
        "versions": [],
        "votes": {
            "hasVoted": false,
            "self": "https://issues.apache.org/jira/rest/api/2/issue/HIVE-17075/votes",
            "votes": 0
        },
        "watches": {
            "isWatching": false,
            "self": "https://issues.apache.org/jira/rest/api/2/issue/HIVE-17075/watchers",
            "watchCount": 1
        },
        "workratio": -1
    },
    "id": "13086322",
    "key": "HIVE-17075",
    "self": "https://issues.apache.org/jira/rest/api/2/issue/13086322"
}