{
    "expand": "operations,versionedRepresentations,editmeta,changelog,renderedFields",
    "fields": {
        "aggregateprogress": {
            "progress": 0,
            "total": 0
        },
        "aggregatetimeestimate": null,
        "aggregatetimeoriginalestimate": null,
        "aggregatetimespent": null,
        "assignee": {
            "active": true,
            "avatarUrls": {
                "16x16": "https://issues.apache.org/jira/secure/useravatar?size=xsmall&avatarId=10452",
                "24x24": "https://issues.apache.org/jira/secure/useravatar?size=small&avatarId=10452",
                "32x32": "https://issues.apache.org/jira/secure/useravatar?size=medium&avatarId=10452",
                "48x48": "https://issues.apache.org/jira/secure/useravatar?avatarId=10452"
            },
            "displayName": "Laljo John Pullokkaran",
            "key": "jpullokkaran",
            "name": "jpullokkaran",
            "self": "https://issues.apache.org/jira/rest/api/2/user?username=jpullokkaran",
            "timeZone": "America/Los_Angeles"
        },
        "components": [{
            "description": "All issues dealing with Hive's cost based optimizer and its interaction with Optiq",
            "id": "12323402",
            "name": "CBO",
            "self": "https://issues.apache.org/jira/rest/api/2/component/12323402"
        }],
        "created": "2014-09-04T18:12:46.000+0000",
        "creator": {
            "active": true,
            "avatarUrls": {
                "16x16": "https://issues.apache.org/jira/secure/useravatar?size=xsmall&ownerId=mmokhtar&avatarId=21863",
                "24x24": "https://issues.apache.org/jira/secure/useravatar?size=small&ownerId=mmokhtar&avatarId=21863",
                "32x32": "https://issues.apache.org/jira/secure/useravatar?size=medium&ownerId=mmokhtar&avatarId=21863",
                "48x48": "https://issues.apache.org/jira/secure/useravatar?ownerId=mmokhtar&avatarId=21863"
            },
            "displayName": "Mostafa Mokhtar",
            "key": "mmokhtar",
            "name": "mmokhtar",
            "self": "https://issues.apache.org/jira/rest/api/2/user?username=mmokhtar",
            "timeZone": "America/Los_Angeles"
        },
        "customfield_10010": null,
        "customfield_12310191": null,
        "customfield_12310192": null,
        "customfield_12310220": "2014-10-11T01:54:57.024+0000",
        "customfield_12310222": "10002_*:*_2_*:*_30041457_*|*_1_*:*_2_*:*_4146580244_*|*_5_*:*_1_*:*_0",
        "customfield_12310230": null,
        "customfield_12310250": null,
        "customfield_12310290": null,
        "customfield_12310291": null,
        "customfield_12310300": null,
        "customfield_12310310": "3.0",
        "customfield_12310320": null,
        "customfield_12310420": "9223372036854775807",
        "customfield_12310920": "9223372036854775807",
        "customfield_12310921": null,
        "customfield_12311020": null,
        "customfield_12311024": null,
        "customfield_12311120": null,
        "customfield_12311820": "0|i1zozr:",
        "customfield_12312022": null,
        "customfield_12312023": null,
        "customfield_12312024": null,
        "customfield_12312026": null,
        "customfield_12312220": null,
        "customfield_12312320": null,
        "customfield_12312321": null,
        "customfield_12312322": null,
        "customfield_12312323": null,
        "customfield_12312324": null,
        "customfield_12312325": null,
        "customfield_12312326": null,
        "customfield_12312327": null,
        "customfield_12312328": null,
        "customfield_12312329": null,
        "customfield_12312330": null,
        "customfield_12312331": null,
        "customfield_12312332": null,
        "customfield_12312333": null,
        "customfield_12312334": null,
        "customfield_12312335": null,
        "customfield_12312336": null,
        "customfield_12312337": null,
        "customfield_12312338": null,
        "customfield_12312339": null,
        "customfield_12312340": null,
        "customfield_12312341": null,
        "customfield_12312520": null,
        "customfield_12312521": "Thu Nov 13 19:42:39 UTC 2014",
        "customfield_12312720": null,
        "customfield_12312823": null,
        "customfield_12312920": null,
        "customfield_12312921": null,
        "customfield_12312923": null,
        "customfield_12313422": "false",
        "customfield_12313520": null,
        "description": "This is a regression introduced in the latest build of the CBO branch.\nRemoving the subquery for item will remove the cross products\n\nQuery\n{code}\nselect i_item_id,sum(ss_ext_sales_price) total_sales from store_sales, date_dim, item where item.i_item_id in (select i.i_item_id from item i where i_color in ('purple','burlywood','indian')) and ss_item_sk = i_item_sk and ss_sold_date_sk = d_date_sk and d_year = 2001 and d_moy = 1 group by i_item_id;\n{code}\n\n{code}\nWarning: Map Join MAPJOIN[38][bigTable=?] in task 'Map 1' is a cross product\nWarning: Map Join MAPJOIN[39][bigTable=store_sales] in task 'Map 4' is a cross product\nOK\nSTAGE DEPENDENCIES:\n  Stage-1 is a root stage\n  Stage-0 depends on stages: Stage-1\n\nSTAGE PLANS:\n  Stage: Stage-1\n    Tez\n      Edges:\n        Map 1 <- Map 3 (BROADCAST_EDGE)\n        Map 4 <- Map 1 (BROADCAST_EDGE), Map 2 (BROADCAST_EDGE)\n        Reducer 5 <- Map 4 (SIMPLE_EDGE)\n      DagName: mmokhtar_20140904141313_9c253f7e-aad1-4ca4-9be1-ea45e3d34496:1\n      Vertices:\n        Map 1\n            Map Operator Tree:\n                TableScan\n                  alias: item\n                  filterExpr: (true and i_item_id is not null) (type: boolean)\n                  Statistics: Num rows: 462000 Data size: 663862160 Basic stats: COMPLETE Column stats: NONE\n                  Filter Operator\n                    predicate: i_item_id is not null (type: boolean)\n                    Statistics: Num rows: 231000 Data size: 331931080 Basic stats: COMPLETE Column stats: NONE\n                    Map Join Operator\n                      condition map:\n                           Inner Join 0 to 1\n                      condition expressions:\n                        0 {i_item_sk} {i_item_id}\n                        1 {d_date_sk}\n                      keys:\n                        0\n                        1\n                      outputColumnNames: _col0, _col1, _col25\n                      input vertices:\n                        1 Map 3\n                      Statistics: Num rows: 254100 Data size: 365124192 Basic stats: COMPLETE Column stats: NONE\n                      Select Operator\n                        expressions: _col0 (type: int), _col1 (type: string), _col25 (type: int)\n                        outputColumnNames: _col0, _col1, _col25\n                        Statistics: Num rows: 254100 Data size: 365124192 Basic stats: COMPLETE Column stats: NONE\n                        Reduce Output Operator\n                          sort order:\n                          Statistics: Num rows: 254100 Data size: 365124192 Basic stats: COMPLETE Column stats: NONE\n                          value expressions: _col0 (type: int), _col1 (type: string), _col25 (type: int)\n            Execution mode: vectorized\n        Map 2\n            Map Operator Tree:\n                TableScan\n                  alias: i\n                  filterExpr: ((i_color) IN ('purple', 'burlywood', 'indian') and i_item_id is not null) (type: boolean)\n                  Statistics: Num rows: 462000 Data size: 663862160 Basic stats: COMPLETE Column stats: NONE\n                  Filter Operator\n                    predicate: ((i_color) IN ('purple', 'burlywood', 'indian') and i_item_id is not null) (type: boolean)\n                    Statistics: Num rows: 115500 Data size: 165965540 Basic stats: COMPLETE Column stats: NONE\n                    Select Operator\n                      expressions: i_item_id (type: string)\n                      outputColumnNames: _col0\n                      Statistics: Num rows: 115500 Data size: 165965540 Basic stats: COMPLETE Column stats: NONE\n                      Group By Operator\n                        keys: _col0 (type: string)\n                        mode: hash\n                        outputColumnNames: _col0\n                        Statistics: Num rows: 115500 Data size: 165965540 Basic stats: COMPLETE Column stats: NONE\n                        Reduce Output Operator\n                          key expressions: _col0 (type: string)\n                          sort order: +\n                          Map-reduce partition columns: _col0 (type: string)\n                          Statistics: Num rows: 115500 Data size: 165965540 Basic stats: COMPLETE Column stats: NONE\n            Execution mode: vectorized\n        Map 3\n            Map Operator Tree:\n                TableScan\n                  alias: date_dim\n                  filterExpr: ((d_year = 2001) and (d_moy = 1)) (type: boolean)\n                  Statistics: Num rows: 73049 Data size: 81741831 Basic stats: COMPLETE Column stats: NONE\n                  Filter Operator\n                    predicate: ((d_year = 2001) and (d_moy = 1)) (type: boolean)\n                    Statistics: Num rows: 18262 Data size: 20435178 Basic stats: COMPLETE Column stats: NONE\n                    Reduce Output Operator\n                      sort order:\n                      Statistics: Num rows: 18262 Data size: 20435178 Basic stats: COMPLETE Column stats: NONE\n                      value expressions: d_date_sk (type: int)\n            Execution mode: vectorized\n        Map 4\n            Map Operator Tree:\n                TableScan\n                  alias: store_sales\n                  Statistics: Num rows: 82510879939 Data size: 7203833257964 Basic stats: COMPLETE Column stats: NONE\n                  Map Join Operator\n                    condition map:\n                         Inner Join 0 to 1\n                    condition expressions:\n                      0 {ss_sold_date_sk} {ss_item_sk} {ss_ext_sales_price}\n                      1 {_col0} {_col1} {_col25}\n                    keys:\n                      0\n                      1\n                    outputColumnNames: _col0, _col2, _col15, _col27, _col28, _col52\n                    input vertices:\n                      1 Map 1\n                    Statistics: Num rows: 90761969664 Data size: 7924217282560 Basic stats: COMPLETE Column stats: NONE\n                    Filter Operator\n                      predicate: ((_col2 = _col27) and (_col0 = _col52)) (type: boolean)\n                      Statistics: Num rows: 22690492416 Data size: 1981054320640 Basic stats: COMPLETE Column stats: NONE\n                      Select Operator\n                        expressions: _col15 (type: float), _col28 (type: string)\n                        outputColumnNames: _col15, _col59\n                        Statistics: Num rows: 22690492416 Data size: 1981054320640 Basic stats: COMPLETE Column stats: NONE\n                        Map Join Operator\n                          condition map:\n                               Left Semi Join 0 to 1\n                          condition expressions:\n                            0 {_col15} {_col59}\n                            1\n                          keys:\n                            0 _col59 (type: string)\n                            1 _col0 (type: string)\n                          outputColumnNames: _col15, _col59\n                          input vertices:\n                            1 Map 2\n                          Statistics: Num rows: 24959541248 Data size: 2179159818240 Basic stats: COMPLETE Column stats: NONE\n                          Select Operator\n                            expressions: _col59 (type: string), _col15 (type: float)\n                            outputColumnNames: _col0, _col1\n                            Statistics: Num rows: 24959541248 Data size: 2179159818240 Basic stats: COMPLETE Column stats: NONE\n                            Group By Operator\n                              aggregations: sum(_col1)\n                              keys: _col0 (type: string)\n                              mode: hash\n                              outputColumnNames: _col0, _col1\n                              Statistics: Num rows: 24959541248 Data size: 2179159818240 Basic stats: COMPLETE Column stats: NONE\n                              Reduce Output Operator\n                                key expressions: _col0 (type: string)\n                                sort order: +\n                                Map-reduce partition columns: _col0 (type: string)\n                                Statistics: Num rows: 24959541248 Data size: 2179159818240 Basic stats: COMPLETE Column stats: NONE\n                                value expressions: _col1 (type: double)\n            Execution mode: vectorized\n        Reducer 5\n            Reduce Operator Tree:\n              Group By Operator\n                aggregations: sum(VALUE._col0)\n                keys: KEY._col0 (type: string)\n                mode: mergepartial\n                outputColumnNames: _col0, _col1\n                Statistics: Num rows: 12479770624 Data size: 1089579909120 Basic stats: COMPLETE Column stats: NONE\n                Select Operator\n                  expressions: _col0 (type: string), _col1 (type: double)\n                  outputColumnNames: _col0, _col1\n                  Statistics: Num rows: 12479770624 Data size: 1089579909120 Basic stats: COMPLETE Column stats: NONE\n                  File Output Operator\n                    compressed: false\n                    Statistics: Num rows: 12479770624 Data size: 1089579909120 Basic stats: COMPLETE Column stats: NONE\n                    table:\n                        input format: org.apache.hadoop.mapred.TextInputFormat\n                        output format: org.apache.hadoop.hive.ql.io.HiveIgnoreKeyTextOutputFormat\n                        serde: org.apache.hadoop.hive.serde2.lazy.LazySimpleSerDe\n\n  Stage: Stage-0\n    Fetch Operator\n      limit: -1\n      Processor Tree:\n        ListSink\n{code}\n\n\nNo cross product generated for this query\n{code}\n select i_item_id,sum(ss_ext_sales_price) total_sales\n from\n        store_sales,\n        date_dim,\n         item\nwhere i_color in ('purple','burlywood','indian')\n and     ss_item_sk              = i_item_sk\n and     ss_sold_date_sk         = d_date_sk\n and     d_year                  = 2001\n and     d_moy                   = 1\n group by i_item_id;\n\n{code}",
        "duedate": null,
        "environment": null,
        "fixVersions": [{
            "archived": false,
            "description": "released",
            "id": "12326450",
            "name": "0.14.0",
            "releaseDate": "2014-11-12",
            "released": true,
            "self": "https://issues.apache.org/jira/rest/api/2/version/12326450"
        }],
        "issuelinks": [],
        "issuetype": {
            "avatarId": 21133,
            "description": "A problem which impairs or prevents the functions of the product.",
            "iconUrl": "https://issues.apache.org/jira/secure/viewavatar?size=xsmall&avatarId=21133&avatarType=issuetype",
            "id": "1",
            "name": "Bug",
            "self": "https://issues.apache.org/jira/rest/api/2/issuetype/1",
            "subtask": false
        },
        "labels": [],
        "lastViewed": null,
        "priority": {
            "iconUrl": "https://issues.apache.org/jira/images/icons/priorities/critical.svg",
            "id": "2",
            "name": "Critical",
            "self": "https://issues.apache.org/jira/rest/api/2/priority/2"
        },
        "progress": {
            "progress": 0,
            "total": 0
        },
        "project": {
            "avatarUrls": {
                "16x16": "https://issues.apache.org/jira/secure/projectavatar?size=xsmall&pid=12310843&avatarId=11935",
                "24x24": "https://issues.apache.org/jira/secure/projectavatar?size=small&pid=12310843&avatarId=11935",
                "32x32": "https://issues.apache.org/jira/secure/projectavatar?size=medium&pid=12310843&avatarId=11935",
                "48x48": "https://issues.apache.org/jira/secure/projectavatar?pid=12310843&avatarId=11935"
            },
            "id": "12310843",
            "key": "HIVE",
            "name": "Hive",
            "projectCategory": {
                "description": "Scalable Distributed Computing",
                "id": "10292",
                "name": "Hadoop",
                "self": "https://issues.apache.org/jira/rest/api/2/projectCategory/10292"
            },
            "self": "https://issues.apache.org/jira/rest/api/2/project/12310843"
        },
        "reporter": {
            "active": true,
            "avatarUrls": {
                "16x16": "https://issues.apache.org/jira/secure/useravatar?size=xsmall&ownerId=mmokhtar&avatarId=21863",
                "24x24": "https://issues.apache.org/jira/secure/useravatar?size=small&ownerId=mmokhtar&avatarId=21863",
                "32x32": "https://issues.apache.org/jira/secure/useravatar?size=medium&ownerId=mmokhtar&avatarId=21863",
                "48x48": "https://issues.apache.org/jira/secure/useravatar?ownerId=mmokhtar&avatarId=21863"
            },
            "displayName": "Mostafa Mokhtar",
            "key": "mmokhtar",
            "name": "mmokhtar",
            "self": "https://issues.apache.org/jira/rest/api/2/user?username=mmokhtar",
            "timeZone": "America/Los_Angeles"
        },
        "resolution": {
            "description": "A fix for this issue is checked into the tree and tested.",
            "id": "1",
            "name": "Fixed",
            "self": "https://issues.apache.org/jira/rest/api/2/resolution/1"
        },
        "resolutiondate": "2014-10-23T02:23:07.000+0000",
        "status": {
            "description": "The issue is considered finished, the resolution is correct. Issues which are not closed can be reopened.",
            "iconUrl": "https://issues.apache.org/jira/images/icons/statuses/closed.png",
            "id": "6",
            "name": "Closed",
            "self": "https://issues.apache.org/jira/rest/api/2/status/6",
            "statusCategory": {
                "colorName": "green",
                "id": 3,
                "key": "done",
                "name": "Done",
                "self": "https://issues.apache.org/jira/rest/api/2/statuscategory/3"
            }
        },
        "subtasks": [],
        "summary": "With CBO enabled cross product is generated when a subquery is present",
        "timeestimate": null,
        "timeoriginalestimate": null,
        "timespent": null,
        "updated": "2014-11-13T19:42:39.000+0000",
        "versions": [{
            "archived": false,
            "description": "released",
            "id": "12326450",
            "name": "0.14.0",
            "releaseDate": "2014-11-12",
            "released": true,
            "self": "https://issues.apache.org/jira/rest/api/2/version/12326450"
        }],
        "votes": {
            "hasVoted": false,
            "self": "https://issues.apache.org/jira/rest/api/2/issue/HIVE-7985/votes",
            "votes": 0
        },
        "watches": {
            "isWatching": false,
            "self": "https://issues.apache.org/jira/rest/api/2/issue/HIVE-7985/watchers",
            "watchCount": 6
        },
        "workratio": -1
    },
    "id": "12739190",
    "key": "HIVE-7985",
    "self": "https://issues.apache.org/jira/rest/api/2/issue/12739190"
}