{
    "expand": "operations,versionedRepresentations,editmeta,changelog,renderedFields",
    "fields": {
        "aggregateprogress": {
            "progress": 0,
            "total": 0
        },
        "aggregatetimeestimate": null,
        "aggregatetimeoriginalestimate": null,
        "aggregatetimespent": null,
        "assignee": {
            "active": true,
            "avatarUrls": {
                "16x16": "https://issues.apache.org/jira/secure/useravatar?size=xsmall&ownerId=mmccline&avatarId=36046",
                "24x24": "https://issues.apache.org/jira/secure/useravatar?size=small&ownerId=mmccline&avatarId=36046",
                "32x32": "https://issues.apache.org/jira/secure/useravatar?size=medium&ownerId=mmccline&avatarId=36046",
                "48x48": "https://issues.apache.org/jira/secure/useravatar?ownerId=mmccline&avatarId=36046"
            },
            "displayName": "Matt McCline",
            "key": "mmccline",
            "name": "mmccline",
            "self": "https://issues.apache.org/jira/rest/api/2/user?username=mmccline",
            "timeZone": "America/Chicago"
        },
        "components": [{
            "description": "Vectorized query execution",
            "id": "12321300",
            "name": "Vectorization",
            "self": "https://issues.apache.org/jira/rest/api/2/component/12321300"
        }],
        "created": "2015-05-05T05:03:56.000+0000",
        "creator": {
            "active": true,
            "avatarUrls": {
                "16x16": "https://issues.apache.org/jira/secure/useravatar?size=xsmall&ownerId=mmokhtar&avatarId=21863",
                "24x24": "https://issues.apache.org/jira/secure/useravatar?size=small&ownerId=mmokhtar&avatarId=21863",
                "32x32": "https://issues.apache.org/jira/secure/useravatar?size=medium&ownerId=mmokhtar&avatarId=21863",
                "48x48": "https://issues.apache.org/jira/secure/useravatar?ownerId=mmokhtar&avatarId=21863"
            },
            "displayName": "Mostafa Mokhtar",
            "key": "mmokhtar",
            "name": "mmokhtar",
            "self": "https://issues.apache.org/jira/rest/api/2/user?username=mmokhtar",
            "timeZone": "America/Los_Angeles"
        },
        "customfield_10010": null,
        "customfield_12310191": null,
        "customfield_12310192": null,
        "customfield_12310220": "2015-05-06T05:42:32.359+0000",
        "customfield_12310222": "3_*:*_1_*:*_139437_*|*_10002_*:*_2_*:*_149550039_*|*_1_*:*_1_*:*_433329806_*|*_5_*:*_1_*:*_0",
        "customfield_12310230": null,
        "customfield_12310250": null,
        "customfield_12310290": null,
        "customfield_12310291": null,
        "customfield_12310300": null,
        "customfield_12310310": "2.0",
        "customfield_12310320": null,
        "customfield_12310420": "9223372036854775807",
        "customfield_12310920": "9223372036854775807",
        "customfield_12310921": null,
        "customfield_12311020": null,
        "customfield_12311024": null,
        "customfield_12311120": null,
        "customfield_12311820": "0|i2ea73:",
        "customfield_12312022": null,
        "customfield_12312023": null,
        "customfield_12312024": null,
        "customfield_12312026": null,
        "customfield_12312220": null,
        "customfield_12312320": null,
        "customfield_12312321": null,
        "customfield_12312322": null,
        "customfield_12312323": null,
        "customfield_12312324": null,
        "customfield_12312325": null,
        "customfield_12312326": null,
        "customfield_12312327": null,
        "customfield_12312328": null,
        "customfield_12312329": null,
        "customfield_12312330": null,
        "customfield_12312331": null,
        "customfield_12312332": null,
        "customfield_12312333": null,
        "customfield_12312334": null,
        "customfield_12312335": null,
        "customfield_12312336": null,
        "customfield_12312337": null,
        "customfield_12312338": null,
        "customfield_12312339": null,
        "customfield_12312340": null,
        "customfield_12312341": null,
        "customfield_12312520": null,
        "customfield_12312521": "Mon May 18 19:53:59 UTC 2015",
        "customfield_12312720": null,
        "customfield_12312823": null,
        "customfield_12312920": null,
        "customfield_12312921": null,
        "customfield_12312923": null,
        "customfield_12313422": "false",
        "customfield_12313520": null,
        "description": "TPC-DS Q64 fails with ClassCastException.\nQuery\n{code}\n\n\nselect cs1.product_name ,cs1.store_name ,cs1.store_zip ,cs1.b_street_number ,cs1.b_streen_name ,cs1.b_city\n     ,cs1.b_zip ,cs1.c_street_number ,cs1.c_street_name ,cs1.c_city ,cs1.c_zip ,cs1.syear ,cs1.cnt\n     ,cs1.s1 ,cs1.s2 ,cs1.s3\n     ,cs2.s1 ,cs2.s2 ,cs2.s3 ,cs2.syear ,cs2.cnt\nfrom\n(select i_product_name as product_name ,i_item_sk as item_sk ,s_store_name as store_name\n     ,s_zip as store_zip ,ad1.ca_street_number as b_street_number ,ad1.ca_street_name as b_streen_name\n     ,ad1.ca_city as b_city ,ad1.ca_zip as b_zip ,ad2.ca_street_number as c_street_number\n     ,ad2.ca_street_name as c_street_name ,ad2.ca_city as c_city ,ad2.ca_zip as c_zip\n     ,d1.d_year as syear ,d2.d_year as fsyear ,d3.d_year as s2year ,count(*) as cnt\n     ,sum(ss_wholesale_cost) as s1 ,sum(ss_list_price) as s2 ,sum(ss_coupon_amt) as s3\n  FROM   store_sales\n        JOIN store_returns ON store_sales.ss_item_sk = store_returns.sr_item_sk and store_sales.ss_ticket_number = store_returns.sr_ticket_number\n        JOIN customer ON store_sales.ss_customer_sk = customer.c_customer_sk\n        JOIN date_dim d1 ON store_sales.ss_sold_date_sk = d1.d_date_sk\n        JOIN date_dim d2 ON customer.c_first_sales_date_sk = d2.d_date_sk \n        JOIN date_dim d3 ON customer.c_first_shipto_date_sk = d3.d_date_sk\n        JOIN store ON store_sales.ss_store_sk = store.s_store_sk\n        JOIN customer_demographics cd1 ON store_sales.ss_cdemo_sk= cd1.cd_demo_sk\n        JOIN customer_demographics cd2 ON customer.c_current_cdemo_sk = cd2.cd_demo_sk\n        JOIN promotion ON store_sales.ss_promo_sk = promotion.p_promo_sk\n        JOIN household_demographics hd1 ON store_sales.ss_hdemo_sk = hd1.hd_demo_sk\n        JOIN household_demographics hd2 ON customer.c_current_hdemo_sk = hd2.hd_demo_sk\n        JOIN customer_address ad1 ON store_sales.ss_addr_sk = ad1.ca_address_sk\n        JOIN customer_address ad2 ON customer.c_current_addr_sk = ad2.ca_address_sk\n        JOIN income_band ib1 ON hd1.hd_income_band_sk = ib1.ib_income_band_sk\n        JOIN income_band ib2 ON hd2.hd_income_band_sk = ib2.ib_income_band_sk\n        JOIN item ON store_sales.ss_item_sk = item.i_item_sk\n        JOIN\n (select cs_item_sk\n        ,sum(cs_ext_list_price) as sale,sum(cr_refunded_cash+cr_reversed_charge+cr_store_credit) as refund\n  from catalog_sales JOIN catalog_returns\n  ON catalog_sales.cs_item_sk = catalog_returns.cr_item_sk\n    and catalog_sales.cs_order_number = catalog_returns.cr_order_number\n  group by cs_item_sk\n  having sum(cs_ext_list_price)>2*sum(cr_refunded_cash+cr_reversed_charge+cr_store_credit)) cs_ui\nON store_sales.ss_item_sk = cs_ui.cs_item_sk\n  WHERE  \n         cd1.cd_marital_status <> cd2.cd_marital_status and\n         i_color in ('maroon','burnished','dim','steel','navajo','chocolate') and\n         i_current_price between 35 and 35 + 10 and\n         i_current_price between 35 + 1 and 35 + 15\ngroup by i_product_name ,i_item_sk ,s_store_name ,s_zip ,ad1.ca_street_number\n       ,ad1.ca_street_name ,ad1.ca_city ,ad1.ca_zip ,ad2.ca_street_number\n       ,ad2.ca_street_name ,ad2.ca_city ,ad2.ca_zip ,d1.d_year ,d2.d_year ,d3.d_year\n) cs1\nJOIN\n(select i_product_name as product_name ,i_item_sk as item_sk ,s_store_name as store_name\n     ,s_zip as store_zip ,ad1.ca_street_number as b_street_number ,ad1.ca_street_name as b_streen_name\n     ,ad1.ca_city as b_city ,ad1.ca_zip as b_zip ,ad2.ca_street_number as c_street_number\n     ,ad2.ca_street_name as c_street_name ,ad2.ca_city as c_city ,ad2.ca_zip as c_zip\n     ,d1.d_year as syear ,d2.d_year as fsyear ,d3.d_year as s2year ,count(*) as cnt\n     ,sum(ss_wholesale_cost) as s1 ,sum(ss_list_price) as s2 ,sum(ss_coupon_amt) as s3\n  FROM   store_sales\n        JOIN store_returns ON store_sales.ss_item_sk = store_returns.sr_item_sk and store_sales.ss_ticket_number = store_returns.sr_ticket_number\n        JOIN customer ON store_sales.ss_customer_sk = customer.c_customer_sk\n        JOIN date_dim d1 ON store_sales.ss_sold_date_sk = d1.d_date_sk\n        JOIN date_dim d2 ON customer.c_first_sales_date_sk = d2.d_date_sk \n        JOIN date_dim d3 ON customer.c_first_shipto_date_sk = d3.d_date_sk\n        JOIN store ON store_sales.ss_store_sk = store.s_store_sk\n        JOIN customer_demographics cd1 ON store_sales.ss_cdemo_sk= cd1.cd_demo_sk\n        JOIN customer_demographics cd2 ON customer.c_current_cdemo_sk = cd2.cd_demo_sk\n        JOIN promotion ON store_sales.ss_promo_sk = promotion.p_promo_sk\n        JOIN household_demographics hd1 ON store_sales.ss_hdemo_sk = hd1.hd_demo_sk\n        JOIN household_demographics hd2 ON customer.c_current_hdemo_sk = hd2.hd_demo_sk\n        JOIN customer_address ad1 ON store_sales.ss_addr_sk = ad1.ca_address_sk\n        JOIN customer_address ad2 ON customer.c_current_addr_sk = ad2.ca_address_sk\n        JOIN income_band ib1 ON hd1.hd_income_band_sk = ib1.ib_income_band_sk\n        JOIN income_band ib2 ON hd2.hd_income_band_sk = ib2.ib_income_band_sk\n        JOIN item ON store_sales.ss_item_sk = item.i_item_sk\n        JOIN\n (select cs_item_sk\n        ,sum(cs_ext_list_price) as sale,sum(cr_refunded_cash+cr_reversed_charge+cr_store_credit) as refund\n  from catalog_sales JOIN catalog_returns\n  ON catalog_sales.cs_item_sk = catalog_returns.cr_item_sk\n    and catalog_sales.cs_order_number = catalog_returns.cr_order_number\n  group by cs_item_sk\n  having sum(cs_ext_list_price)>2*sum(cr_refunded_cash+cr_reversed_charge+cr_store_credit)) cs_ui\nON store_sales.ss_item_sk = cs_ui.cs_item_sk\n  WHERE  \n         cd1.cd_marital_status <> cd2.cd_marital_status and\n         i_color in ('maroon','burnished','dim','steel','navajo','chocolate') and\n         i_current_price between 35 and 35 + 10 and\n         i_current_price between 35 + 1 and 35 + 15\ngroup by i_product_name ,i_item_sk ,s_store_name ,s_zip ,ad1.ca_street_number\n       ,ad1.ca_street_name ,ad1.ca_city ,ad1.ca_zip ,ad2.ca_street_number\n       ,ad2.ca_street_name ,ad2.ca_city ,ad2.ca_zip ,d1.d_year ,d2.d_year ,d3.d_year\n) cs2\nON cs1.item_sk=cs2.item_sk\nwhere \n     cs1.syear = 2000 and\n     cs2.syear = 2000 + 1 and\n     cs2.cnt <= cs1.cnt and\n     cs1.store_name = cs2.store_name and\n     cs1.store_zip = cs2.store_zip\norder by cs1.product_name ,cs1.store_name ,cs2.cnt\n{code}\n\nException \n{code}\n], TaskAttempt 3 failed, info=[Error: Failure while running task:java.lang.RuntimeException: java.lang.RuntimeException: org.apache.hadoop.hive.ql.metadata.HiveException: Hive Runtime Error while processing row \n\tat org.apache.hadoop.hive.ql.exec.tez.TezProcessor.initializeAndRunProcessor(TezProcessor.java:171)\n\tat org.apache.hadoop.hive.ql.exec.tez.TezProcessor.run(TezProcessor.java:137)\n\tat org.apache.tez.runtime.LogicalIOProcessorRuntimeTask.run(LogicalIOProcessorRuntimeTask.java:337)\n\tat org.apache.tez.runtime.task.TezTaskRunner$TaskRunnerCallable$1.run(TezTaskRunner.java:179)\n\tat org.apache.tez.runtime.task.TezTaskRunner$TaskRunnerCallable$1.run(TezTaskRunner.java:171)\n\tat java.security.AccessController.doPrivileged(Native Method)\n\tat javax.security.auth.Subject.doAs(Subject.java:415)\n\tat org.apache.hadoop.security.UserGroupInformation.doAs(UserGroupInformation.java:1628)\n\tat org.apache.tez.runtime.task.TezTaskRunner$TaskRunnerCallable.callInternal(TezTaskRunner.java:171)\n\tat org.apache.tez.runtime.task.TezTaskRunner$TaskRunnerCallable.callInternal(TezTaskRunner.java:167)\n\tat org.apache.tez.common.CallableWithNdc.call(CallableWithNdc.java:36)\n\tat java.util.concurrent.FutureTask.run(FutureTask.java:262)\n\tat java.util.concurrent.ThreadPoolExecutor.runWorker(ThreadPoolExecutor.java:1145)\n\tat java.util.concurrent.ThreadPoolExecutor$Worker.run(ThreadPoolExecutor.java:615)\n\tat java.lang.Thread.run(Thread.java:745)\nCaused by: java.lang.RuntimeException: org.apache.hadoop.hive.ql.metadata.HiveException: Hive Runtime Error while processing row \n\tat org.apache.hadoop.hive.ql.exec.tez.MapRecordSource.processRow(MapRecordSource.java:91)\n\tat org.apache.hadoop.hive.ql.exec.tez.MapRecordSource.pushRecord(MapRecordSource.java:68)\n\tat org.apache.hadoop.hive.ql.exec.tez.MapRecordProcessor.run(MapRecordProcessor.java:290)\n\tat org.apache.hadoop.hive.ql.exec.tez.TezProcessor.initializeAndRunProcessor(TezProcessor.java:148)\n\t... 14 more\nCaused by: org.apache.hadoop.hive.ql.metadata.HiveException: Hive Runtime Error while processing row \n\tat org.apache.hadoop.hive.ql.exec.vector.VectorMapOperator.process(VectorMapOperator.java:52)\n\tat org.apache.hadoop.hive.ql.exec.tez.MapRecordSource.processRow(MapRecordSource.java:83)\n\t... 17 more\nCaused by: org.apache.hadoop.hive.ql.metadata.HiveException: Unexpected exception: org.apache.hadoop.hive.ql.exec.vector.BytesColumnVector cannot be cast to org.apache.hadoop.hive.ql.exec.vector.DoubleColumnVector\n\tat org.apache.hadoop.hive.ql.exec.MapJoinOperator.process(MapJoinOperator.java:426)\n\tat org.apache.hadoop.hive.ql.exec.vector.VectorMapJoinOperator.process(VectorMapJoinOperator.java:290)\n\tat org.apache.hadoop.hive.ql.exec.Operator.forward(Operator.java:837)\n\tat org.apache.hadoop.hive.ql.exec.vector.VectorSelectOperator.process(VectorSelectOperator.java:138)\n\tat org.apache.hadoop.hive.ql.exec.Operator.forward(Operator.java:837)\n\tat org.apache.hadoop.hive.ql.exec.vector.VectorFilterOperator.process(VectorFilterOperator.java:114)\n\tat org.apache.hadoop.hive.ql.exec.Operator.forward(Operator.java:837)\n\tat org.apache.hadoop.hive.ql.exec.TableScanOperator.process(TableScanOperator.java:97)\n\tat org.apache.hadoop.hive.ql.exec.MapOperator$MapOpCtx.forward(MapOperator.java:162)\n\tat org.apache.hadoop.hive.ql.exec.vector.VectorMapOperator.process(VectorMapOperator.java:45)\n\t... 18 more\nCaused by: java.lang.ClassCastException: org.apache.hadoop.hive.ql.exec.vector.BytesColumnVector cannot be cast to org.apache.hadoop.hive.ql.exec.vector.DoubleColumnVector\n\tat org.apache.hadoop.hive.ql.exec.vector.expressions.VectorExpressionWriterFactory$VectorExpressionWriterDouble.writeValue(VectorExpressionWriterFactory.java:225)\n\tat org.apache.hadoop.hive.ql.exec.vector.VectorMapJoinOperator.getRowObject(VectorMapJoinOperator.java:352)\n\tat org.apache.hadoop.hive.ql.exec.vector.VectorMapJoinOperator.spillBigTableRow(VectorMapJoinOperator.java:309)\n\tat org.apache.hadoop.hive.ql.exec.MapJoinOperator.process(MapJoinOperator.java:404)\n\t... 27 more\n]], Vertex failed as one or more tasks failed. failedTasks:1, Vertex vertex_1426707664723_4575_1_34 [Map 40] killed/failed due to:null]Vertex killed, vertexName=Reducer 6, vertexId=vertex_1426707664723_4575_1_42, diagnostics=[Vertex received Kill while in RUNNING state., Vertex killed as other vertex failed. failedTasks:0, Vertex vertex_1426707664723_4575_1_42 [Reducer 6] killed/failed due to:null]Vertex killed, vertexName=Reducer 27, vertexId=vertex_1426707664723_4575_1_36, diagnostics=[Vertex received Kill while in RUNNING state., Vertex killed as other vertex failed. failedTasks:0, Vertex vertex_1426707664723_4575_1_36 [Reducer 27] killed/failed due to:null]Vertex killed, vertexName=Reducer 5, vertexId=vertex_1426707664723_4575_1_41, diagnostics=[Vertex received Kill while in RUNNING state., Vertex killed as other vertex failed. failedTasks:0, Vertex vertex_1426707664723_4575_1_41 [Reducer 5] killed/failed due to:null]Vertex killed, vertexName=Map 26, vertexId=vertex_1426707664723_4575_1_35, diagnostics=[Vertex received Kill while in RUNNING state., Vertex killed as other vertex failed. failedTasks:0, Vertex vertex_1426707664723_4575_1_35 [Map 26] killed/failed due to:null]Vertex killed, vertexName=Map 19, vertexId=vertex_1426707664723_4575_1_39, diagnostics=[Vertex received Kill while in RUNNING state., Vertex killed as other vertex failed. failedTasks:0, Vertex vertex_1426707664723_4575_1_39 [Map 19] killed/failed due to:null]Vertex killed, vertexName=Map 4, vertexId=vertex_1426707664723_4575_1_40, diagnostics=[Vertex received Kill while in RUNNING state., Vertex killed as other vertex failed. failedTasks:0, Vertex vertex_1426707664723_4575_1_40 [Map 4] killed/failed due to:null]DAG failed due to vertex failure. failedVertices:1 killedVertices:6\n{code}\n\nPlan \n{code}\n\nSTAGE PLANS:\n  Stage: Stage-1\n    Tez\n      Edges:\n        Map 1 <- Map 2 (BROADCAST_EDGE)\n        Map 10 <- Map 11 (BROADCAST_EDGE), Map 12 (BROADCAST_EDGE), Map 13 (BROADCAST_EDGE), Map 18 (BROADCAST_EDGE)\n        Map 14 <- Map 15 (BROADCAST_EDGE)\n        Map 15 <- Map 16 (BROADCAST_EDGE), Map 17 (BROADCAST_EDGE)\n        Map 18 <- Map 14 (BROADCAST_EDGE)\n        Map 19 <- Map 10 (BROADCAST_EDGE), Map 7 (BROADCAST_EDGE), Map 9 (BROADCAST_EDGE), Reducer 21 (BROADCAST_EDGE)\n        Map 20 <- Map 22 (BROADCAST_EDGE)\n        Map 23 <- Map 24 (BROADCAST_EDGE)\n        Map 26 <- Map 23 (BROADCAST_EDGE), Map 25 (BROADCAST_EDGE), Map 40 (BROADCAST_EDGE)\n        Map 28 <- Map 29 (BROADCAST_EDGE)\n        Map 31 <- Map 32 (BROADCAST_EDGE), Map 33 (BROADCAST_EDGE), Map 34 (BROADCAST_EDGE), Map 39 (BROADCAST_EDGE)\n        Map 35 <- Map 36 (BROADCAST_EDGE)\n        Map 36 <- Map 37 (BROADCAST_EDGE), Map 38 (BROADCAST_EDGE)\n        Map 39 <- Map 35 (BROADCAST_EDGE)\n        Map 4 <- Map 1 (BROADCAST_EDGE), Map 19 (BROADCAST_EDGE), Map 3 (BROADCAST_EDGE)\n        Map 40 <- Map 28 (BROADCAST_EDGE), Map 30 (BROADCAST_EDGE), Map 31 (BROADCAST_EDGE), Reducer 42 (BROADCAST_EDGE)\n        Map 41 <- Map 43 (BROADCAST_EDGE)\n        Map 7 <- Map 8 (BROADCAST_EDGE)\n        Reducer 21 <- Map 20 (SIMPLE_EDGE)\n        Reducer 27 <- Map 26 (SIMPLE_EDGE)\n        Reducer 42 <- Map 41 (SIMPLE_EDGE)\n        Reducer 5 <- Map 4 (SIMPLE_EDGE), Reducer 27 (BROADCAST_EDGE)\n        Reducer 6 <- Reducer 5 (SIMPLE_EDGE)\n      DagName: jenkins_20150503192312_dad6086a-e3ca-4519-aab9-d1179786ba1d:1\n      Vertices:\n        Map 1 \n            Map Operator Tree:\n                TableScan\n                  alias: hd1\n                  filterExpr: (hd_income_band_sk is not null and hd_demo_sk is not null) (type: boolean)\n                  Statistics: Num rows: 7200 Data size: 770400 Basic stats: COMPLETE Column stats: COMPLETE\n                  Filter Operator\n                    predicate: (hd_income_band_sk is not null and hd_demo_sk is not null) (type: boolean)\n                    Statistics: Num rows: 7200 Data size: 57600 Basic stats: COMPLETE Column stats: COMPLETE\n                    Select Operator\n                      expressions: hd_demo_sk (type: int), hd_income_band_sk (type: int)\n                      outputColumnNames: _col0, _col1\n                      Statistics: Num rows: 7200 Data size: 57600 Basic stats: COMPLETE Column stats: COMPLETE\n                      Map Join Operator\n                        condition map:\n                             Inner Join 0 to 1\n                        keys:\n                          0 _col1 (type: int)\n                          1 _col0 (type: int)\n                        outputColumnNames: _col0\n                        input vertices:\n                          1 Map 2\n                        Statistics: Num rows: 7200 Data size: 28800 Basic stats: COMPLETE Column stats: COMPLETE\n                        HybridGraceHashJoin: true\n                        Reduce Output Operator\n                          key expressions: _col0 (type: int)\n                          sort order: +\n                          Map-reduce partition columns: _col0 (type: int)\n                          Statistics: Num rows: 7200 Data size: 28800 Basic stats: COMPLETE Column stats: COMPLETE\n            Execution mode: vectorized\n        Map 10 \n            Map Operator Tree:\n                TableScan\n                  alias: cd1\n                  filterExpr: cd_demo_sk is not null (type: boolean)\n                  Statistics: Num rows: 1920800 Data size: 718379200 Basic stats: COMPLETE Column stats: COMPLETE\n                  Filter Operator\n                    predicate: cd_demo_sk is not null (type: boolean)\n                    Statistics: Num rows: 1920800 Data size: 170951200 Basic stats: COMPLETE Column stats: COMPLETE\n                    Select Operator\n                      expressions: cd_demo_sk (type: int), cd_marital_status (type: string)\n                      outputColumnNames: _col0, _col1\n                      Statistics: Num rows: 1920800 Data size: 170951200 Basic stats: COMPLETE Column stats: COMPLETE\n                      Map Join Operator\n                        condition map:\n                             Inner Join 0 to 1\n                        keys:\n                          0 _col0 (type: int)\n                          1 _col1 (type: int)\n                        outputColumnNames: _col1, _col2, _col4, _col5, _col6, _col7\n                        input vertices:\n                          1 Map 11\n                        Statistics: Num rows: 1387730 Data size: 145711650 Basic stats: COMPLETE Column stats: COMPLETE\n                        HybridGraceHashJoin: true\n                        Map Join Operator\n                          condition map:\n                               Inner Join 0 to 1\n                          keys:\n                            0 _col7 (type: int)\n                            1 _col0 (type: int)\n                          outputColumnNames: _col1, _col2, _col4, _col5, _col6, _col9\n                          input vertices:\n                            1 Map 12\n                          Statistics: Num rows: 1387730 Data size: 145711650 Basic stats: COMPLETE Column stats: COMPLETE\n                          HybridGraceHashJoin: true\n                          Map Join Operator\n                            condition map:\n                                 Inner Join 0 to 1\n                            keys:\n                              0 _col6 (type: int)\n                              1 _col0 (type: int)\n                            outputColumnNames: _col1, _col2, _col4, _col5, _col9, _col11\n                            input vertices:\n                              1 Map 13\n                            Statistics: Num rows: 1387730 Data size: 145711650 Basic stats: COMPLETE Column stats: COMPLETE\n                            HybridGraceHashJoin: true\n                            Map Join Operator\n                              condition map:\n                                   Inner Join 0 to 1\n                              keys:\n                                0 _col2 (type: int)\n                                1 _col4 (type: int)\n                              outputColumnNames: _col1, _col4, _col5, _col9, _col11, _col13, _col15, _col18, _col19, _col21, _col23, _col24, _col25, _col29, _col31, _col32\n                              input vertices:\n                                1 Map 18\n                              Statistics: Num rows: 68 Data size: 26860 Basic stats: COMPLETE Column stats: COMPLETE\n                              HybridGraceHashJoin: true\n                              Filter Operator\n                                predicate: (_col13 <> _col1) (type: boolean)\n                                Statistics: Num rows: 68 Data size: 26860 Basic stats: COMPLETE Column stats: COMPLETE\n                                Select Operator\n                                  expressions: _col15 (type: int), _col24 (type: float), _col25 (type: float), _col4 (type: int), _col5 (type: int), _col29 (type: int), _col9 (type: int), _col11 (type: int), _col31 (type: string), _col32 (type: string), _col18 (type: int), _col19 (type: int), _col21 (type: int), _col23 (type: float)\n                                  outputColumnNames: _col1, _col10, _col11, _col16, _col17, _col21, _col23, _col25, _col27, _col28, _col4, _col5, _col7, _col9\n                                  Statistics: Num rows: 68 Data size: 15300 Basic stats: COMPLETE Column stats: COMPLETE\n                                  Reduce Output Operator\n                                    key expressions: _col1 (type: int)\n                                    sort order: +\n                                    Map-reduce partition columns: _col1 (type: int)\n                                    Statistics: Num rows: 68 Data size: 15300 Basic stats: COMPLETE Column stats: COMPLETE\n                                    value expressions: _col4 (type: int), _col5 (type: int), _col7 (type: int), _col9 (type: float), _col10 (type: float), _col11 (type: float), _col16 (type: int), _col17 (type: int), _col21 (type: int), _col23 (type: int), _col25 (type: int), _col27 (type: string), _col28 (type: string)\n            Execution mode: vectorized\n        Map 11 \n            Map Operator Tree:\n                TableScan\n                  alias: customer\n                  filterExpr: (((((c_current_cdemo_sk is not null and c_first_sales_date_sk is not null) and c_first_shipto_date_sk is not null) and c_customer_sk is not null) and c_current_hdemo_sk is not null) and c_current_addr_sk is not null) (type: boolean)\n                  Statistics: Num rows: 1600000 Data size: 1241633212 Basic stats: COMPLETE Column stats: COMPLETE\n                  Filter Operator\n                    predicate: (((((c_current_cdemo_sk is not null and c_first_sales_date_sk is not null) and c_first_shipto_date_sk is not null) and c_customer_sk is not null) and c_current_hdemo_sk is not null) and c_current_addr_sk is not null) (type: boolean)\n                    Statistics: Num rows: 1387730 Data size: 32529324 Basic stats: COMPLETE Column stats: COMPLETE\n                    Select Operator\n                      expressions: c_customer_sk (type: int), c_current_cdemo_sk (type: int), c_current_hdemo_sk (type: int), c_current_addr_sk (type: int), c_first_shipto_date_sk (type: int), c_first_sales_date_sk (type: int)\n                      outputColumnNames: _col0, _col1, _col2, _col3, _col4, _col5\n                      Statistics: Num rows: 1387730 Data size: 32529324 Basic stats: COMPLETE Column stats: COMPLETE\n                      Reduce Output Operator\n                        key expressions: _col1 (type: int)\n                        sort order: +\n                        Map-reduce partition columns: _col1 (type: int)\n                        Statistics: Num rows: 1387730 Data size: 32529324 Basic stats: COMPLETE Column stats: COMPLETE\n                        value expressions: _col0 (type: int), _col2 (type: int), _col3 (type: int), _col4 (type: int), _col5 (type: int)\n            Execution mode: vectorized\n        Map 12 \n            Map Operator Tree:\n                TableScan\n                  alias: d1\n                  filterExpr: d_date_sk is not null (type: boolean)\n                  Statistics: Num rows: 73049 Data size: 81741831 Basic stats: COMPLETE Column stats: COMPLETE\n                  Filter Operator\n                    predicate: d_date_sk is not null (type: boolean)\n                    Statistics: Num rows: 73049 Data size: 584392 Basic stats: COMPLETE Column stats: COMPLETE\n                    Select Operator\n                      expressions: d_date_sk (type: int), d_year (type: int)\n                      outputColumnNames: _col0, _col1\n                      Statistics: Num rows: 73049 Data size: 584392 Basic stats: COMPLETE Column stats: COMPLETE\n                      Reduce Output Operator\n                        key expressions: _col0 (type: int)\n                        sort order: +\n                        Map-reduce partition columns: _col0 (type: int)\n                        Statistics: Num rows: 73049 Data size: 584392 Basic stats: COMPLETE Column stats: COMPLETE\n                        value expressions: _col1 (type: int)\n            Execution mode: vectorized\n        Map 13 \n            Map Operator Tree:\n                TableScan\n                  alias: d1\n                  filterExpr: d_date_sk is not null (type: boolean)\n                  Statistics: Num rows: 73049 Data size: 81741831 Basic stats: COMPLETE Column stats: COMPLETE\n                  Filter Operator\n                    predicate: d_date_sk is not null (type: boolean)\n                    Statistics: Num rows: 73049 Data size: 584392 Basic stats: COMPLETE Column stats: COMPLETE\n                    Select Operator\n                      expressions: d_date_sk (type: int), d_year (type: int)\n                      outputColumnNames: _col0, _col1\n                      Statistics: Num rows: 73049 Data size: 584392 Basic stats: COMPLETE Column stats: COMPLETE\n                      Reduce Output Operator\n                        key expressions: _col0 (type: int)\n                        sort order: +\n                        Map-reduce partition columns: _col0 (type: int)\n                        Statistics: Num rows: 73049 Data size: 584392 Basic stats: COMPLETE Column stats: COMPLETE\n                        value expressions: _col1 (type: int)\n            Execution mode: vectorized\n        Map 14 \n            Map Operator Tree:\n                TableScan\n                  alias: cd1\n                  filterExpr: cd_demo_sk is not null (type: boolean)\n                  Statistics: Num rows: 1920800 Data size: 718379200 Basic stats: COMPLETE Column stats: COMPLETE\n                  Filter Operator\n                    predicate: cd_demo_sk is not null (type: boolean)\n                    Statistics: Num rows: 1920800 Data size: 170951200 Basic stats: COMPLETE Column stats: COMPLETE\n                    Select Operator\n                      expressions: cd_demo_sk (type: int), cd_marital_status (type: string)\n                      outputColumnNames: _col0, _col1\n                      Statistics: Num rows: 1920800 Data size: 170951200 Basic stats: COMPLETE Column stats: COMPLETE\n                      Map Join Operator\n                        condition map:\n                             Inner Join 0 to 1\n                        keys:\n                          0 _col0 (type: int)\n                          1 _col3 (type: int)\n                        outputColumnNames: _col1, _col3, _col4, _col6, _col7, _col8, _col9, _col11, _col12, _col13, _col17\n                        input vertices:\n                          1 Map 15\n                        Statistics: Num rows: 78 Data size: 9750 Basic stats: COMPLETE Column stats: COMPLETE\n                        HybridGraceHashJoin: true\n                        Reduce Output Operator\n                          key expressions: _col8 (type: int)\n                          sort order: +\n                          Map-reduce partition columns: _col8 (type: int)\n                          Statistics: Num rows: 78 Data size: 9750 Basic stats: COMPLETE Column stats: COMPLETE\n                          value expressions: _col1 (type: string), _col3 (type: int), _col4 (type: int), _col6 (type: int), _col7 (type: int), _col9 (type: int), _col11 (type: float), _col12 (type: float), _col13 (type: float), _col17 (type: int)\n            Execution mode: vectorized\n        Map 15 \n            Map Operator Tree:\n                TableScan\n                  alias: store_sales\n                  filterExpr: ((((((((ss_item_sk is not null and ss_ticket_number is not null) and ss_sold_date_sk is not null) and ss_cdemo_sk is not null) and ss_store_sk is not null) and ss_customer_sk is not null) and ss_promo_sk is not null) and ss_addr_sk is not null) and ss_hdemo_sk is not null) (type: boolean)\n                  Statistics: Num rows: 550076554 Data size: 101277521188 Basic stats: COMPLETE Column stats: COMPLETE\n                  Filter Operator\n                    predicate: ((((((((ss_item_sk is not null and ss_ticket_number is not null) and ss_sold_date_sk is not null) and ss_cdemo_sk is not null) and ss_store_sk is not null) and ss_customer_sk is not null) and ss_promo_sk is not null) and ss_addr_sk is not null) and ss_hdemo_sk is not null) (type: boolean)\n                    Statistics: Num rows: 476766968 Data size: 22480476572 Basic stats: COMPLETE Column stats: COMPLETE\n                    Select Operator\n                      expressions: ss_sold_date_sk (type: int), ss_item_sk (type: int), ss_customer_sk (type: int), ss_cdemo_sk (type: int), ss_hdemo_sk (type: int), ss_addr_sk (type: int), ss_store_sk (type: int), ss_promo_sk (type: int), ss_ticket_number (type: int), ss_wholesale_cost (type: float), ss_list_price (type: float), ss_coupon_amt (type: float)\n                      outputColumnNames: _col0, _col1, _col2, _col3, _col4, _col5, _col6, _col7, _col8, _col9, _col10, _col11\n                      Statistics: Num rows: 476766968 Data size: 22480476572 Basic stats: COMPLETE Column stats: COMPLETE\n                      Map Join Operator\n                        condition map:\n                             Inner Join 0 to 1\n                        keys:\n                          0 _col1 (type: int), _col8 (type: int)\n                          1 _col0 (type: int), _col1 (type: int)\n                        outputColumnNames: _col0, _col1, _col2, _col3, _col4, _col5, _col6, _col7, _col9, _col10, _col11\n                        input vertices:\n                          1 Map 16\n                        Statistics: Num rows: 8686 Data size: 382184 Basic stats: COMPLETE Column stats: COMPLETE\n                        HybridGraceHashJoin: true\n                        Map Join Operator\n                          condition map:\n                               Inner Join 0 to 1\n                          keys:\n                            0 _col0 (type: int)\n                            1 _col0 (type: int)\n                          outputColumnNames: _col1, _col2, _col3, _col4, _col5, _col6, _col7, _col9, _col10, _col11\n                          input vertices:\n                            1 Map 17\n                          Statistics: Num rows: 78 Data size: 3120 Basic stats: COMPLETE Column stats: COMPLETE\n                          HybridGraceHashJoin: true\n                          Select Operator\n                            expressions: _col1 (type: int), _col10 (type: float), _col11 (type: float), 2000 (type: int), _col2 (type: int), _col3 (type: int), _col4 (type: int), _col5 (type: int), _col6 (type: int), _col7 (type: int), _col9 (type: float)\n                            outputColumnNames: _col1, _col10, _col11, _col15, _col2, _col3, _col4, _col5, _col6, _col7, _col9\n                            Statistics: Num rows: 78 Data size: 3432 Basic stats: COMPLETE Column stats: COMPLETE\n                            Reduce Output Operator\n                              key expressions: _col3 (type: int)\n                              sort order: +\n                              Map-reduce partition columns: _col3 (type: int)\n                              Statistics: Num rows: 78 Data size: 3432 Basic stats: COMPLETE Column stats: COMPLETE\n                              value expressions: _col1 (type: int), _col2 (type: int), _col4 (type: int), _col5 (type: int), _col6 (type: int), _col7 (type: int), _col9 (type: float), _col10 (type: float), _col11 (type: float), _col15 (type: int)\n            Execution mode: vectorized\n        Map 16 \n            Map Operator Tree:\n                TableScan\n                  alias: store_returns\n                  filterExpr: (sr_item_sk is not null and sr_ticket_number is not null) (type: boolean)\n                  Statistics: Num rows: 55578005 Data size: 9601960106 Basic stats: COMPLETE Column stats: COMPLETE\n                  Filter Operator\n                    predicate: (sr_item_sk is not null and sr_ticket_number is not null) (type: boolean)\n                    Statistics: Num rows: 55578005 Data size: 444624040 Basic stats: COMPLETE Column stats: COMPLETE\n                    Select Operator\n                      expressions: sr_item_sk (type: int), sr_ticket_number (type: int)\n                      outputColumnNames: _col0, _col1\n                      Statistics: Num rows: 55578005 Data size: 444624040 Basic stats: COMPLETE Column stats: COMPLETE\n                      Reduce Output Operator\n                        key expressions: _col0 (type: int), _col1 (type: int)\n                        sort order: ++\n                        Map-reduce partition columns: _col0 (type: int), _col1 (type: int)\n                        Statistics: Num rows: 55578005 Data size: 444624040 Basic stats: COMPLETE Column stats: COMPLETE\n            Execution mode: vectorized\n        Map 17 \n            Map Operator Tree:\n                TableScan\n                  alias: d1\n                  filterExpr: ((d_year = 2000) and d_date_sk is not null) (type: boolean)\n                  Statistics: Num rows: 73049 Data size: 81741831 Basic stats: COMPLETE Column stats: COMPLETE\n                  Filter Operator\n                    predicate: ((d_year = 2000) and d_date_sk is not null) (type: boolean)\n                    Statistics: Num rows: 652 Data size: 5216 Basic stats: COMPLETE Column stats: COMPLETE\n                    Select Operator\n                      expressions: d_date_sk (type: int)\n                      outputColumnNames: _col0\n                      Statistics: Num rows: 652 Data size: 2608 Basic stats: COMPLETE Column stats: COMPLETE\n                      Reduce Output Operator\n                        key expressions: _col0 (type: int)\n                        sort order: +\n                        Map-reduce partition columns: _col0 (type: int)\n                        Statistics: Num rows: 652 Data size: 2608 Basic stats: COMPLETE Column stats: COMPLETE\n            Execution mode: vectorized\n        Map 18 \n            Map Operator Tree:\n                TableScan\n                  alias: store\n                  filterExpr: ((s_store_sk is not null and s_store_name is not null) and s_zip is not null) (type: boolean)\n                  Statistics: Num rows: 212 Data size: 405680 Basic stats: COMPLETE Column stats: COMPLETE\n                  Filter Operator\n                    predicate: ((s_store_sk is not null and s_store_name is not null) and s_zip is not null) (type: boolean)\n                    Statistics: Num rows: 212 Data size: 38372 Basic stats: COMPLETE Column stats: COMPLETE\n                    Select Operator\n                      expressions: s_store_sk (type: int), s_store_name (type: string), s_zip (type: string)\n                      outputColumnNames: _col0, _col1, _col2\n                      Statistics: Num rows: 212 Data size: 38372 Basic stats: COMPLETE Column stats: COMPLETE\n                      Map Join Operator\n                        condition map:\n                             Inner Join 0 to 1\n                        keys:\n                          0 _col8 (type: int)\n                          1 _col0 (type: int)\n                        outputColumnNames: _col1, _col3, _col4, _col6, _col7, _col9, _col11, _col12, _col13, _col17, _col19, _col20\n                        input vertices:\n                          0 Map 14\n                        Statistics: Num rows: 78 Data size: 23244 Basic stats: COMPLETE Column stats: COMPLETE\n                        HybridGraceHashJoin: true\n                        Select Operator\n                          expressions: _col1 (type: string), _col11 (type: float), _col12 (type: float), _col13 (type: float), _col17 (type: int), _col19 (type: string), _col20 (type: string), _col3 (type: int), _col4 (type: int), _col6 (type: int), _col7 (type: int), _col9 (type: int)\n                          outputColumnNames: _col1, _col11, _col12, _col13, _col17, _col19, _col20, _col3, _col4, _col6, _col7, _col9\n                          Statistics: Num rows: 78 Data size: 23244 Basic stats: COMPLETE Column stats: COMPLETE\n                          Reduce Output Operator\n                            key expressions: _col4 (type: int)\n                            sort order: +\n                            Map-reduce partition columns: _col4 (type: int)\n                            Statistics: Num rows: 78 Data size: 23244 Basic stats: COMPLETE Column stats: COMPLETE\n                            value expressions: _col1 (type: string), _col3 (type: int), _col6 (type: int), _col7 (type: int), _col9 (type: int), _col11 (type: float), _col12 (type: float), _col13 (type: float), _col17 (type: int), _col19 (type: string), _col20 (type: string)\n            Execution mode: vectorized\n        Map 19 \n            Map Operator Tree:\n                TableScan\n                  alias: item\n                  filterExpr: ((((i_color) IN ('maroon', 'burnished', 'dim', 'steel', 'navajo', 'chocolate') and i_current_price BETWEEN 35 AND 45) and i_current_price BETWEEN 36 AND 50) and i_item_sk is not null) (type: boolean)\n                  Statistics: Num rows: 48000 Data size: 68732712 Basic stats: COMPLETE Column stats: COMPLETE\n                  Filter Operator\n                    predicate: ((((i_color) IN ('maroon', 'burnished', 'dim', 'steel', 'navajo', 'chocolate') and i_current_price BETWEEN 35 AND 45) and i_current_price BETWEEN 36 AND 50) and i_item_sk is not null) (type: boolean)\n                    Statistics: Num rows: 6000 Data size: 1199936 Basic stats: COMPLETE Column stats: COMPLETE\n                    Select Operator\n                      expressions: i_item_sk (type: int), i_product_name (type: string)\n                      outputColumnNames: _col0, _col3\n                      Statistics: Num rows: 6000 Data size: 642000 Basic stats: COMPLETE Column stats: COMPLETE\n                      Map Join Operator\n                        condition map:\n                             Inner Join 0 to 1\n                             Inner Join 0 to 2\n                        keys:\n                          0 _col1 (type: int)\n                          1 _col0 (type: int)\n                          2 _col0 (type: int)\n                        outputColumnNames: _col4, _col5, _col7, _col9, _col10, _col11, _col16, _col17, _col21, _col23, _col25, _col27, _col28, _col33, _col36\n                        input vertices:\n                          0 Map 10\n                          2 Reducer 21\n                        Statistics: Num rows: 13200 Data size: 1412400 Basic stats: COMPLETE Column stats: NONE\n                        HybridGraceHashJoin: true\n                        Select Operator\n                          expressions: _col10 (type: float), _col11 (type: float), _col16 (type: int), _col17 (type: int), _col21 (type: int), _col23 (type: int), _col25 (type: int), _col27 (type: string), _col28 (type: string), _col33 (type: int), _col36 (type: string), _col4 (type: int), _col5 (type: int), _col7 (type: int), _col9 (type: float)\n                          outputColumnNames: _col10, _col11, _col16, _col17, _col21, _col23, _col25, _col27, _col28, _col33, _col36, _col4, _col5, _col7, _col9\n                          Statistics: Num rows: 13200 Data size: 1412400 Basic stats: COMPLETE Column stats: NONE\n                          Map Join Operator\n                            condition map:\n                                 Inner Join 0 to 1\n                            keys:\n                              0 _col0 (type: int)\n                              1 _col7 (type: int)\n                            outputColumnNames: _col5, _col6, _col10, _col11, _col12, _col17, _col18, _col22, _col24, _col26, _col28, _col29, _col34, _col37\n                            input vertices:\n                              0 Map 9\n                            Statistics: Num rows: 14520 Data size: 1553640 Basic stats: COMPLETE Column stats: NONE\n                            HybridGraceHashJoin: true\n                            Select Operator\n                              expressions: _col10 (type: float), _col11 (type: float), _col12 (type: float), _col17 (type: int), _col18 (type: int), _col22 (type: int), _col24 (type: int), _col26 (type: int), _col28 (type: string), _col29 (type: string), _col34 (type: int), _col37 (type: string), _col5 (type: int), _col6 (type: int)\n                              outputColumnNames: _col10, _col11, _col12, _col17, _col18, _col22, _col24, _col26, _col28, _col29, _col34, _col37, _col5, _col6\n                              Statistics: Num rows: 14520 Data size: 1553640 Basic stats: COMPLETE Column stats: NONE\n                              Map Join Operator\n                                condition map:\n                                     Inner Join 0 to 1\n                                keys:\n                                  0 _col0 (type: int)\n                                  1 _col17 (type: int)\n                                outputColumnNames: _col8, _col9, _col13, _col14, _col15, _col21, _col25, _col27, _col29, _col31, _col32, _col37, _col40\n                                input vertices:\n                                  0 Map 7\n                                Statistics: Num rows: 15972 Data size: 1709004 Basic stats: COMPLETE Column stats: NONE\n                                HybridGraceHashJoin: true\n                                Select Operator\n                                  expressions: _col13 (type: float), _col14 (type: float), _col15 (type: float), _col21 (type: int), _col25 (type: int), _col27 (type: int), _col29 (type: int), _col31 (type: string), _col32 (type: string), _col37 (type: int), _col40 (type: string), _col8 (type: int), _col9 (type: int)\n                                  outputColumnNames: _col13, _col14, _col15, _col21, _col25, _col27, _col29, _col31, _col32, _col37, _col40, _col8, _col9\n                                  Statistics: Num rows: 15972 Data size: 1709004 Basic stats: COMPLETE Column stats: NONE\n                                  Reduce Output Operator\n                                    key expressions: _col9 (type: int)\n                                    sort order: +\n                                    Map-reduce partition columns: _col9 (type: int)\n                                    Statistics: Num rows: 15972 Data size: 1709004 Basic stats: COMPLETE Column stats: NONE\n                                    value expressions: _col8 (type: int), _col13 (type: float), _col14 (type: float), _col15 (type: float), _col21 (type: int), _col25 (type: int), _col27 (type: int), _col29 (type: int), _col31 (type: string), _col32 (type: string), _col37 (type: int), _col40 (type: string)\n            Execution mode: vectorized\n        Map 2 \n            Map Operator Tree:\n                TableScan\n                  alias: ib1\n                  filterExpr: ib_income_band_sk is not null (type: boolean)\n                  Statistics: Num rows: 20 Data size: 240 Basic stats: COMPLETE Column stats: COMPLETE\n                  Filter Operator\n                    predicate: ib_income_band_sk is not null (type: boolean)\n                    Statistics: Num rows: 20 Data size: 80 Basic stats: COMPLETE Column stats: COMPLETE\n                    Select Operator\n                      expressions: ib_income_band_sk (type: int)\n                      outputColumnNames: _col0\n                      Statistics: Num rows: 20 Data size: 80 Basic stats: COMPLETE Column stats: COMPLETE\n                      Reduce Output Operator\n                        key expressions: _col0 (type: int)\n                        sort order: +\n                        Map-reduce partition columns: _col0 (type: int)\n                        Statistics: Num rows: 20 Data size: 80 Basic stats: COMPLETE Column stats: COMPLETE\n            Execution mode: vectorized\n        Map 20 \n            Map Operator Tree:\n                TableScan\n                  alias: catalog_sales\n                  filterExpr: (cs_item_sk is not null and cs_order_number is not null) (type: boolean)\n                  Statistics: Num rows: 286549727 Data size: 65825832570 Basic stats: COMPLETE Column stats: COMPLETE\n                  Filter Operator\n                    predicate: (cs_item_sk is not null and cs_order_number is not null) (type: boolean)\n                    Statistics: Num rows: 286549727 Data size: 3435718732 Basic stats: COMPLETE Column stats: COMPLETE\n                    Select Operator\n                      expressions: cs_item_sk (type: int), cs_order_number (type: int), cs_ext_list_price (type: float)\n                      outputColumnNames: _col0, _col1, _col2\n                      Statistics: Num rows: 286549727 Data size: 3435718732 Basic stats: COMPLETE Column stats: COMPLETE\n                      Map Join Operator\n                        condition map:\n                             Inner Join 0 to 1\n                        keys:\n                          0 _col0 (type: int), _col1 (type: int)\n                          1 _col0 (type: int), _col1 (type: int)\n                        outputColumnNames: _col0, _col2, _col5, _col6, _col7\n                        input vertices:\n                          1 Map 22\n                        Statistics: Num rows: 2911 Data size: 58220 Basic stats: COMPLETE Column stats: COMPLETE\n                        HybridGraceHashJoin: true\n                        Select Operator\n                          expressions: _col0 (type: int), _col2 (type: float), ((_col5 + _col6) + _col7) (type: float)\n                          outputColumnNames: _col0, _col1, _col2\n                          Statistics: Num rows: 2911 Data size: 58220 Basic stats: COMPLETE Column stats: COMPLETE\n                          Group By Operator\n                            aggregations: sum(_col1), sum(_col2)\n                            keys: _col0 (type: int)\n                            mode: hash\n                            outputColumnNames: _col0, _col1, _col2\n                            Statistics: Num rows: 1 Data size: 20 Basic stats: COMPLETE Column stats: COMPLETE\n                            Reduce Output Operator\n                              key expressions: _col0 (type: int)\n                              sort order: +\n                              Map-reduce partition columns: _col0 (type: int)\n                              Statistics: Num rows: 1 Data size: 20 Basic stats: COMPLETE Column stats: COMPLETE\n                              value expressions: _col1 (type: double), _col2 (type: double)\n            Execution mode: vectorized\n        Map 22 \n            Map Operator Tree:\n                TableScan\n                  alias: catalog_returns\n                  filterExpr: (cr_item_sk is not null and cr_order_number is not null) (type: boolean)\n                  Statistics: Num rows: 28798881 Data size: 5764329494 Basic stats: COMPLETE Column stats: COMPLETE\n                  Filter Operator\n                    predicate: (cr_item_sk is not null and cr_order_number is not null) (type: boolean)\n                    Statistics: Num rows: 28798881 Data size: 569059536 Basic stats: COMPLETE Column stats: COMPLETE\n                    Select Operator\n                      expressions: cr_item_sk (type: int), cr_order_number (type: int), cr_refunded_cash (type: float), cr_reversed_charge (type: float), cr_store_credit (type: float)\n                      outputColumnNames: _col0, _col1, _col2, _col3, _col4\n                      Statistics: Num rows: 28798881 Data size: 569059536 Basic stats: COMPLETE Column stats: COMPLETE\n                      Reduce Output Operator\n                        key expressions: _col0 (type: int), _col1 (type: int)\n                        sort order: ++\n                        Map-reduce partition columns: _col0 (type: int), _col1 (type: int)\n                        Statistics: Num rows: 28798881 Data size: 569059536 Basic stats: COMPLETE Column stats: COMPLETE\n                        value expressions: _col2 (type: float), _col3 (type: float), _col4 (type: float)\n            Execution mode: vectorized\n        Map 23 \n            Map Operator Tree:\n                TableScan\n                  alias: hd1\n                  filterExpr: (hd_income_band_sk is not null and hd_demo_sk is not null) (type: boolean)\n                  Statistics: Num rows: 7200 Data size: 770400 Basic stats: COMPLETE Column stats: COMPLETE\n                  Filter Operator\n                    predicate: (hd_income_band_sk is not null and hd_demo_sk is not null) (type: boolean)\n                    Statistics: Num rows: 7200 Data size: 57600 Basic stats: COMPLETE Column stats: COMPLETE\n                    Select Operator\n                      expressions: hd_demo_sk (type: int), hd_income_band_sk (type: int)\n                      outputColumnNames: _col0, _col1\n                      Statistics: Num rows: 7200 Data size: 57600 Basic stats: COMPLETE Column stats: COMPLETE\n                      Map Join Operator\n                        condition map:\n                             Inner Join 0 to 1\n                        keys:\n                          0 _col1 (type: int)\n                          1 _col0 (type: int)\n                        outputColumnNames: _col0\n                        input vertices:\n                          1 Map 24\n                        Statistics: Num rows: 7200 Data size: 28800 Basic stats: COMPLETE Column stats: COMPLETE\n                        HybridGraceHashJoin: true\n                        Reduce Output Operator\n                          key expressions: _col0 (type: int)\n                          sort order: +\n                          Map-reduce partition columns: _col0 (type: int)\n                          Statistics: Num rows: 7200 Data size: 28800 Basic stats: COMPLETE Column stats: COMPLETE\n            Execution mode: vectorized\n        Map 24 \n            Map Operator Tree:\n                TableScan\n                  alias: ib1\n                  filterExpr: ib_income_band_sk is not null (type: boolean)\n                  Statistics: Num rows: 20 Data size: 240 Basic stats: COMPLETE Column stats: COMPLETE\n                  Filter Operator\n                    predicate: ib_income_band_sk is not null (type: boolean)\n                    Statistics: Num rows: 20 Data size: 80 Basic stats: COMPLETE Column stats: COMPLETE\n                    Select Operator\n                      expressions: ib_income_band_sk (type: int)\n                      outputColumnNames: _col0\n                      Statistics: Num rows: 20 Data size: 80 Basic stats: COMPLETE Column stats: COMPLETE\n                      Reduce Output Operator\n                        key expressions: _col0 (type: int)\n                        sort order: +\n                        Map-reduce partition columns: _col0 (type: int)\n                        Statistics: Num rows: 20 Data size: 80 Basic stats: COMPLETE Column stats: COMPLETE\n            Execution mode: vectorized\n        Map 25 \n            Map Operator Tree:\n                TableScan\n                  alias: ad1\n                  filterExpr: ca_address_sk is not null (type: boolean)\n                  Statistics: Num rows: 800000 Data size: 811903688 Basic stats: COMPLETE Column stats: COMPLETE\n                  Filter Operator\n                    predicate: ca_address_sk is not null (type: boolean)\n                    Statistics: Num rows: 800000 Data size: 292000000 Basic stats: COMPLETE Column stats: COMPLETE\n                    Select Operator\n                      expressions: ca_address_sk (type: int), ca_street_number (type: string), ca_street_name (type: string), ca_city (type: string), ca_zip (type: string)\n                      outputColumnNames: _col0, _col1, _col2, _col3, _col4\n                      Statistics: Num rows: 800000 Data size: 292000000 Basic stats: COMPLETE Column stats: COMPLETE\n                      Reduce Output Operator\n                        key expressions: _col0 (type: int)\n                        sort order: +\n                        Map-reduce partition columns: _col0 (type: int)\n                        Statistics: Num rows: 800000 Data size: 292000000 Basic stats: COMPLETE Column stats: COMPLETE\n                        value expressions: _col1 (type: string), _col2 (type: string), _col3 (type: string), _col4 (type: string)\n            Execution mode: vectorized\n        Map 26 \n            Map Operator Tree:\n                TableScan\n                  alias: ad1\n                  filterExpr: ca_address_sk is not null (type: boolean)\n                  Statistics: Num rows: 800000 Data size: 811903688 Basic stats: COMPLETE Column stats: COMPLETE\n                  Filter Operator\n                    predicate: ca_address_sk is not null (type: boolean)\n                    Statistics: Num rows: 800000 Data size: 292000000 Basic stats: COMPLETE Column stats: COMPLETE\n                    Select Operator\n                      expressions: ca_address_sk (type: int), ca_street_number (type: string), ca_street_name (type: string), ca_city (type: string), ca_zip (type: string)\n                      outputColumnNames: _col0, _col1, _col2, _col3, _col4\n                      Statistics: Num rows: 800000 Data size: 292000000 Basic stats: COMPLETE Column stats: COMPLETE\n                      Map Join Operator\n                        condition map:\n                             Inner Join 0 to 1\n                        keys:\n                          0 _col0 (type: int)\n                          1 _col9 (type: int)\n                        outputColumnNames: _col1, _col2, _col3, _col4, _col13, _col18, _col19, _col20, _col26, _col30, _col32, _col34, _col36, _col37, _col42, _col45\n                        input vertices:\n                          1 Map 40\n                        Statistics: Num rows: 880000 Data size: 321200006 Basic stats: COMPLETE Column stats: NONE\n                        HybridGraceHashJoin: true\n                        Select Operator\n                          expressions: _col1 (type: string), _col13 (type: int), _col18 (type: float), _col19 (type: float), _col2 (type: string), _col20 (type: float), _col26 (type: int), _col3 (type: string), _col30 (type: int), _col32 (type: int), _col34 (type: int), _col36 (type: string), _col37 (type: string), _col4 (type: string), _col42 (type: int), _col45 (type: string)\n                          outputColumnNames: _col1, _col13, _col18, _col19, _col2, _col20, _col26, _col3, _col30, _col32, _col34, _col36, _col37, _col4, _col42, _col45\n                          Statistics: Num rows: 880000 Data size: 321200006 Basic stats: COMPLETE Column stats: NONE\n                          Map Join Operator\n                            condition map:\n                                 Inner Join 0 to 1\n                            keys:\n                              0 _col0 (type: int)\n                              1 _col26 (type: int)\n                            outputColumnNames: _col1, _col2, _col3, _col4, _col6, _col7, _col8, _col9, _col18, _col23, _col24, _col25, _col35, _col37, _col39, _col41, _col42, _col47, _col50\n                            input vertices:\n                              0 Map 25\n                            Statistics: Num rows: 968000 Data size: 353320014 Basic stats: COMPLETE Column stats: NONE\n                            HybridGraceHashJoin: true\n                            Select Operator\n                              expressions: _col1 (type: string), _col18 (type: int), _col2 (type: string), _col23 (type: float), _col24 (type: float), _col25 (type: float), _col3 (type: string), _col35 (type: int), _col37 (type: int), _col39 (type: int), _col4 (type: string), _col41 (type: string), _col42 (type: string), _col47 (type: int), _col50 (type: string), _col6 (type: string), _col7 (type: string), _col8 (type: string), _col9 (type: string)\n                              outputColumnNames: _col1, _col18, _col2, _col23, _col24, _col25, _col3, _col35, _col37, _col39, _col4, _col41, _col42, _col47, _col50, _col6, _col7, _col8, _col9\n                              Statistics: Num rows: 968000 Data size: 353320014 Basic stats: COMPLETE Column stats: NONE\n                              Map Join Operator\n                                condition map:\n                                     Inner Join 0 to 1\n                                keys:\n                                  0 _col0 (type: int)\n                                  1 _col18 (type: int)\n                                outputColumnNames: _col4, _col5, _col6, _col7, _col9, _col10, _col11, _col12, _col26, _col27, _col28, _col38, _col40, _col42, _col44, _col45, _col50, _col53\n                                input vertices:\n                                  0 Map 23\n                                Statistics: Num rows: 1064800 Data size: 388652023 Basic stats: COMPLETE Column stats: NONE\n                                HybridGraceHashJoin: true\n                                Select Operator\n                                  expressions: _col53 (type: string), _col50 (type: int), _col44 (type: string), _col45 (type: string), _col9 (type: string), _col10 (type: string), _col11 (type: string), _col12 (type: string), _col4 (type: string), _col5 (type: string), _col6 (type: string), _col7 (type: string), _col38 (type: int), _col40 (type: int), _col42 (type: int), _col26 (type: float), _col27 (type: float), _col28 (type: float)\n                                  outputColumnNames: _col0, _col1, _col2, _col3, _col4, _col5, _col6, _col7, _col8, _col9, _col10, _col11, _col12, _col13, _col14, _col15, _col16, _col17\n                                  Statistics: Num rows: 1064800 Data size: 388652023 Basic stats: COMPLETE Column stats: NONE\n                                  Group By Operator\n                                    aggregations: count(), sum(_col15), sum(_col16), sum(_col17)\n                                    keys: _col0 (type: string), _col1 (type: int), _col2 (type: string), _col3 (type: string), _col4 (type: string), _col5 (type: string), _col6 (type: string), _col7 (type: string), _col8 (type: string), _col9 (type: string), _col10 (type: string), _col11 (type: string), _col12 (type: int), _col13 (type: int), _col14 (type: int)\n                                    mode: hash\n                                    outputColumnNames: _col0, _col1, _col2, _col3, _col4, _col5, _col6, _col7, _col8, _col9, _col10, _col11, _col12, _col13, _col14, _col15, _col16, _col17, _col18\n                                    Statistics: Num rows: 1064800 Data size: 388652023 Basic stats: COMPLETE Column stats: NONE\n                                    Reduce Output Operator\n                                      key expressions: _col0 (type: string), _col1 (type: int), _col2 (type: string), _col3 (type: string), _col4 (type: string), _col5 (type: string), _col6 (type: string), _col7 (type: string), _col8 (type: string), _col9 (type: string), _col10 (type: string), _col11 (type: string), _col12 (type: int), _col13 (type: int), _col14 (type: int)\n                                      sort order: +++++++++++++++\n                                      Map-reduce partition columns: _col0 (type: string), _col1 (type: int), _col2 (type: string), _col3 (type: string), _col4 (type: string), _col5 (type: string), _col6 (type: string), _col7 (type: string), _col8 (type: string), _col9 (type: string), _col10 (type: string), _col11 (type: string), _col12 (type: int), _col13 (type: int), _col14 (type: int)\n                                      Statistics: Num rows: 1064800 Data size: 388652023 Basic stats: COMPLETE Column stats: NONE\n                                      value expressions: _col15 (type: bigint), _col16 (type: double), _col17 (type: double), _col18 (type: double)\n            Execution mode: vectorized\n        Map 28 \n            Map Operator Tree:\n                TableScan\n                  alias: hd1\n                  filterExpr: (hd_income_band_sk is not null and hd_demo_sk is not null) (type: boolean)\n                  Statistics: Num rows: 7200 Data size: 770400 Basic stats: COMPLETE Column stats: COMPLETE\n                  Filter Operator\n                    predicate: (hd_income_band_sk is not null and hd_demo_sk is not null) (type: boolean)\n                    Statistics: Num rows: 7200 Data size: 57600 Basic stats: COMPLETE Column stats: COMPLETE\n                    Select Operator\n                      expressions: hd_demo_sk (type: int), hd_income_band_sk (type: int)\n                      outputColumnNames: _col0, _col1\n                      Statistics: Num rows: 7200 Data size: 57600 Basic stats: COMPLETE Column stats: COMPLETE\n                      Map Join Operator\n                        condition map:\n                             Inner Join 0 to 1\n                        keys:\n                          0 _col1 (type: int)\n                          1 _col0 (type: int)\n                        outputColumnNames: _col0\n                        input vertices:\n                          1 Map 29\n                        Statistics: Num rows: 7200 Data size: 28800 Basic stats: COMPLETE Column stats: COMPLETE\n                        HybridGraceHashJoin: true\n                        Reduce Output Operator\n                          key expressions: _col0 (type: int)\n                          sort order: +\n                          Map-reduce partition columns: _col0 (type: int)\n                          Statistics: Num rows: 7200 Data size: 28800 Basic stats: COMPLETE Column stats: COMPLETE\n            Execution mode: vectorized\n        Map 29 \n            Map Operator Tree:\n                TableScan\n                  alias: ib1\n                  filterExpr: ib_income_band_sk is not null (type: boolean)\n                  Statistics: Num rows: 20 Data size: 240 Basic stats: COMPLETE Column stats: COMPLETE\n                  Filter Operator\n                    predicate: ib_income_band_sk is not null (type: boolean)\n                    Statistics: Num rows: 20 Data size: 80 Basic stats: COMPLETE Column stats: COMPLETE\n                    Select Operator\n                      expressions: ib_income_band_sk (type: int)\n                      outputColumnNames: _col0\n                      Statistics: Num rows: 20 Data size: 80 Basic stats: COMPLETE Column stats: COMPLETE\n                      Reduce Output Operator\n                        key expressions: _col0 (type: int)\n                        sort order: +\n                        Map-reduce partition columns: _col0 (type: int)\n                        Statistics: Num rows: 20 Data size: 80 Basic stats: COMPLETE Column stats: COMPLETE\n            Execution mode: vectorized\n        Map 3 \n            Map Operator Tree:\n                TableScan\n                  alias: ad1\n                  filterExpr: ca_address_sk is not null (type: boolean)\n                  Statistics: Num rows: 800000 Data size: 811903688 Basic stats: COMPLETE Column stats: COMPLETE\n                  Filter Operator\n                    predicate: ca_address_sk is not null (type: boolean)\n                    Statistics: Num rows: 800000 Data size: 292000000 Basic stats: COMPLETE Column stats: COMPLETE\n                    Select Operator\n                      expressions: ca_address_sk (type: int), ca_street_number (type: string), ca_street_name (type: string), ca_city (type: string), ca_zip (type: string)\n                      outputColumnNames: _col0, _col1, _col2, _col3, _col4\n                      Statistics: Num rows: 800000 Data size: 292000000 Basic stats: COMPLETE Column stats: COMPLETE\n                      Reduce Output Operator\n                        key expressions: _col0 (type: int)\n                        sort order: +\n                        Map-reduce partition columns: _col0 (type: int)\n                        Statistics: Num rows: 800000 Data size: 292000000 Basic stats: COMPLETE Column stats: COMPLETE\n                        value expressions: _col1 (type: string), _col2 (type: string), _col3 (type: string), _col4 (type: string)\n            Execution mode: vectorized\n        Map 30 \n            Map Operator Tree:\n                TableScan\n                  alias: promotion\n                  filterExpr: p_promo_sk is not null (type: boolean)\n                  Statistics: Num rows: 450 Data size: 530848 Basic stats: COMPLETE Column stats: COMPLETE\n                  Filter Operator\n                    predicate: p_promo_sk is not null (type: boolean)\n                    Statistics: Num rows: 450 Data size: 1800 Basic stats: COMPLETE Column stats: COMPLETE\n                    Select Operator\n                      expressions: p_promo_sk (type: int)\n                      outputColumnNames: _col0\n                      Statistics: Num rows: 450 Data size: 1800 Basic stats: COMPLETE Column stats: COMPLETE\n                      Reduce Output Operator\n                        key expressions: _col0 (type: int)\n                        sort order: +\n                        Map-reduce partition columns: _col0 (type: int)\n                        Statistics: Num rows: 450 Data size: 1800 Basic stats: COMPLETE Column stats: COMPLETE\n            Execution mode: vectorized\n        Map 31 \n            Map Operator Tree:\n                TableScan\n                  alias: cd1\n                  filterExpr: cd_demo_sk is not null (type: boolean)\n                  Statistics: Num rows: 1920800 Data size: 718379200 Basic stats: COMPLETE Column stats: COMPLETE\n                  Filter Operator\n                    predicate: cd_demo_sk is not null (type: boolean)\n                    Statistics: Num rows: 1920800 Data size: 170951200 Basic stats: COMPLETE Column stats: COMPLETE\n                    Select Operator\n                      expressions: cd_demo_sk (type: int), cd_marital_status (type: string)\n                      outputColumnNames: _col0, _col1\n                      Statistics: Num rows: 1920800 Data size: 170951200 Basic stats: COMPLETE Column stats: COMPLETE\n                      Map Join Operator\n                        condition map:\n                             Inner Join 0 to 1\n                        keys:\n                          0 _col0 (type: int)\n                          1 _col1 (type: int)\n                        outputColumnNames: _col1, _col2, _col4, _col5, _col6, _col7\n                        input vertices:\n                          1 Map 32\n                        Statistics: Num rows: 1387730 Data size: 145711650 Basic stats: COMPLETE Column stats: COMPLETE\n                        HybridGraceHashJoin: true\n                        Map Join Operator\n                          condition map:\n                               Inner Join 0 to 1\n                          keys:\n                            0 _col7 (type: int)\n                            1 _col0 (type: int)\n                          outputColumnNames: _col1, _col2, _col4, _col5, _col6, _col9\n                          input vertices:\n                            1 Map 33\n                          Statistics: Num rows: 1387730 Data size: 145711650 Basic stats: COMPLETE Column stats: COMPLETE\n                          HybridGraceHashJoin: true\n                          Map Join Operator\n                            condition map:\n                                 Inner Join 0 to 1\n                            keys:\n                              0 _col6 (type: int)\n                              1 _col0 (type: int)\n                            outputColumnNames: _col1, _col2, _col4, _col5, _col9, _col11\n                            input vertices:\n                              1 Map 34\n                            Statistics: Num rows: 1387730 Data size: 145711650 Basic stats: COMPLETE Column stats: COMPLETE\n                            HybridGraceHashJoin: true\n                            Map Join Operator\n                              condition map:\n                                   Inner Join 0 to 1\n                              keys:\n                                0 _col2 (type: int)\n                                1 _col4 (type: int)\n                              outputColumnNames: _col1, _col4, _col5, _col9, _col11, _col13, _col15, _col18, _col19, _col21, _col23, _col24, _col25, _col29, _col31, _col32\n                              input vertices:\n                                1 Map 39\n                              Statistics: Num rows: 68 Data size: 26860 Basic stats: COMPLETE Column stats: COMPLETE\n                              HybridGraceHashJoin: true\n                              Filter Operator\n                                predicate: (_col13 <> _col1) (type: boolean)\n                                Statistics: Num rows: 68 Data size: 26860 Basic stats: COMPLETE Column stats: COMPLETE\n                                Select Operator\n                                  expressions: _col15 (type: int), _col24 (type: float), _col25 (type: float), _col4 (type: int), _col5 (type: int), _col29 (type: int), _col9 (type: int), _col11 (type: int), _col31 (type: string), _col32 (type: string), _col18 (type: int), _col19 (type: int), _col21 (type: int), _col23 (type: float)\n                                  outputColumnNames: _col1, _col10, _col11, _col16, _col17, _col21, _col23, _col25, _col27, _col28, _col4, _col5, _col7, _col9\n                                  Statistics: Num rows: 68 Data size: 15300 Basic stats: COMPLETE Column stats: COMPLETE\n                                  Reduce Output Operator\n                                    key expressions: _col1 (type: int)\n                                    sort order: +\n                                    Map-reduce partition columns: _col1 (type: int)\n                                    Statistics: Num rows: 68 Data size: 15300 Basic stats: COMPLETE Column stats: COMPLETE\n                                    value expressions: _col4 (type: int), _col5 (type: int), _col7 (type: int), _col9 (type: float), _col10 (type: float), _col11 (type: float), _col16 (type: int), _col17 (type: int), _col21 (type: int), _col23 (type: int), _col25 (type: int), _col27 (type: string), _col28 (type: string)\n            Execution mode: vectorized\n        Map 32 \n            Map Operator Tree:\n                TableScan\n                  alias: customer\n                  filterExpr: (((((c_current_cdemo_sk is not null and c_first_sales_date_sk is not null) and c_first_shipto_date_sk is not null) and c_customer_sk is not null) and c_current_hdemo_sk is not null) and c_current_addr_sk is not null) (type: boolean)\n                  Statistics: Num rows: 1600000 Data size: 1241633212 Basic stats: COMPLETE Column stats: COMPLETE\n                  Filter Operator\n                    predicate: (((((c_current_cdemo_sk is not null and c_first_sales_date_sk is not null) and c_first_shipto_date_sk is not null) and c_customer_sk is not null) and c_current_hdemo_sk is not null) and c_current_addr_sk is not null) (type: boolean)\n                    Statistics: Num rows: 1387730 Data size: 32529324 Basic stats: COMPLETE Column stats: COMPLETE\n                    Select Operator\n                      expressions: c_customer_sk (type: int), c_current_cdemo_sk (type: int), c_current_hdemo_sk (type: int), c_current_addr_sk (type: int), c_first_shipto_date_sk (type: int), c_first_sales_date_sk (type: int)\n                      outputColumnNames: _col0, _col1, _col2, _col3, _col4, _col5\n                      Statistics: Num rows: 1387730 Data size: 32529324 Basic stats: COMPLETE Column stats: COMPLETE\n                      Reduce Output Operator\n                        key expressions: _col1 (type: int)\n                        sort order: +\n                        Map-reduce partition columns: _col1 (type: int)\n                        Statistics: Num rows: 1387730 Data size: 32529324 Basic stats: COMPLETE Column stats: COMPLETE\n                        value expressions: _col0 (type: int), _col2 (type: int), _col3 (type: int), _col4 (type: int), _col5 (type: int)\n            Execution mode: vectorized\n        Map 33 \n            Map Operator Tree:\n                TableScan\n                  alias: d1\n                  filterExpr: d_date_sk is not null (type: boolean)\n                  Statistics: Num rows: 73049 Data size: 81741831 Basic stats: COMPLETE Column stats: COMPLETE\n                  Filter Operator\n                    predicate: d_date_sk is not null (type: boolean)\n                    Statistics: Num rows: 73049 Data size: 584392 Basic stats: COMPLETE Column stats: COMPLETE\n                    Select Operator\n                      expressions: d_date_sk (type: int), d_year (type: int)\n                      outputColumnNames: _col0, _col1\n                      Statistics: Num rows: 73049 Data size: 584392 Basic stats: COMPLETE Column stats: COMPLETE\n                      Reduce Output Operator\n                        key expressions: _col0 (type: int)\n                        sort order: +\n                        Map-reduce partition columns: _col0 (type: int)\n                        Statistics: Num rows: 73049 Data size: 584392 Basic stats: COMPLETE Column stats: COMPLETE\n                        value expressions: _col1 (type: int)\n            Execution mode: vectorized\n        Map 34 \n            Map Operator Tree:\n                TableScan\n                  alias: d1\n                  filterExpr: d_date_sk is not null (type: boolean)\n                  Statistics: Num rows: 73049 Data size: 81741831 Basic stats: COMPLETE Column stats: COMPLETE\n                  Filter Operator\n                    predicate: d_date_sk is not null (type: boolean)\n                    Statistics: Num rows: 73049 Data size: 584392 Basic stats: COMPLETE Column stats: COMPLETE\n                    Select Operator\n                      expressions: d_date_sk (type: int), d_year (type: int)\n                      outputColumnNames: _col0, _col1\n                      Statistics: Num rows: 73049 Data size: 584392 Basic stats: COMPLETE Column stats: COMPLETE\n                      Reduce Output Operator\n                        key expressions: _col0 (type: int)\n                        sort order: +\n                        Map-reduce partition columns: _col0 (type: int)\n                        Statistics: Num rows: 73049 Data size: 584392 Basic stats: COMPLETE Column stats: COMPLETE\n                        value expressions: _col1 (type: int)\n            Execution mode: vectorized\n        Map 35 \n            Map Operator Tree:\n                TableScan\n                  alias: cd1\n                  filterExpr: cd_demo_sk is not null (type: boolean)\n                  Statistics: Num rows: 1920800 Data size: 718379200 Basic stats: COMPLETE Column stats: COMPLETE\n                  Filter Operator\n                    predicate: cd_demo_sk is not null (type: boolean)\n                    Statistics: Num rows: 1920800 Data size: 170951200 Basic stats: COMPLETE Column stats: COMPLETE\n                    Select Operator\n                      expressions: cd_demo_sk (type: int), cd_marital_status (type: string)\n                      outputColumnNames: _col0, _col1\n                      Statistics: Num rows: 1920800 Data size: 170951200 Basic stats: COMPLETE Column stats: COMPLETE\n                      Map Join Operator\n                        condition map:\n                             Inner Join 0 to 1\n                        keys:\n                          0 _col0 (type: int)\n                          1 _col3 (type: int)\n                        outputColumnNames: _col1, _col3, _col4, _col6, _col7, _col8, _col9, _col11, _col12, _col13, _col17\n                        input vertices:\n                          1 Map 36\n                        Statistics: Num rows: 78 Data size: 9750 Basic stats: COMPLETE Column stats: COMPLETE\n                        HybridGraceHashJoin: true\n                        Reduce Output Operator\n                          key expressions: _col8 (type: int)\n                          sort order: +\n                          Map-reduce partition columns: _col8 (type: int)\n                          Statistics: Num rows: 78 Data size: 9750 Basic stats: COMPLETE Column stats: COMPLETE\n                          value expressions: _col1 (type: string), _col3 (type: int), _col4 (type: int), _col6 (type: int), _col7 (type: int), _col9 (type: int), _col11 (type: float), _col12 (type: float), _col13 (type: float), _col17 (type: int)\n            Execution mode: vectorized\n        Map 36 \n            Map Operator Tree:\n                TableScan\n                  alias: store_sales\n                  filterExpr: ((((((((ss_item_sk is not null and ss_ticket_number is not null) and ss_sold_date_sk is not null) and ss_cdemo_sk is not null) and ss_store_sk is not null) and ss_customer_sk is not null) and ss_promo_sk is not null) and ss_addr_sk is not null) and ss_hdemo_sk is not null) (type: boolean)\n                  Statistics: Num rows: 550076554 Data size: 101277521188 Basic stats: COMPLETE Column stats: COMPLETE\n                  Filter Operator\n                    predicate: ((((((((ss_item_sk is not null and ss_ticket_number is not null) and ss_sold_date_sk is not null) and ss_cdemo_sk is not null) and ss_store_sk is not null) and ss_customer_sk is not null) and ss_promo_sk is not null) and ss_addr_sk is not null) and ss_hdemo_sk is not null) (type: boolean)\n                    Statistics: Num rows: 476766968 Data size: 22480476572 Basic stats: COMPLETE Column stats: COMPLETE\n                    Select Operator\n                      expressions: ss_sold_date_sk (type: int), ss_item_sk (type: int), ss_customer_sk (type: int), ss_cdemo_sk (type: int), ss_hdemo_sk (type: int), ss_addr_sk (type: int), ss_store_sk (type: int), ss_promo_sk (type: int), ss_ticket_number (type: int), ss_wholesale_cost (type: float), ss_list_price (type: float), ss_coupon_amt (type: float)\n                      outputColumnNames: _col0, _col1, _col2, _col3, _col4, _col5, _col6, _col7, _col8, _col9, _col10, _col11\n                      Statistics: Num rows: 476766968 Data size: 22480476572 Basic stats: COMPLETE Column stats: COMPLETE\n                      Map Join Operator\n                        condition map:\n                             Inner Join 0 to 1\n                        keys:\n                          0 _col1 (type: int), _col8 (type: int)\n                          1 _col0 (type: int), _col1 (type: int)\n                        outputColumnNames: _col0, _col1, _col2, _col3, _col4, _col5, _col6, _col7, _col9, _col10, _col11\n                        input vertices:\n                          1 Map 37\n                        Statistics: Num rows: 8686 Data size: 382184 Basic stats: COMPLETE Column stats: COMPLETE\n                        HybridGraceHashJoin: true\n                        Map Join Operator\n                          condition map:\n                               Inner Join 0 to 1\n                          keys:\n                            0 _col0 (type: int)\n                            1 _col0 (type: int)\n                          outputColumnNames: _col1, _col2, _col3, _col4, _col5, _col6, _col7, _col9, _col10, _col11\n                          input vertices:\n                            1 Map 38\n                          Statistics: Num rows: 78 Data size: 3120 Basic stats: COMPLETE Column stats: COMPLETE\n                          HybridGraceHashJoin: true\n                          Select Operator\n                            expressions: _col1 (type: int), _col10 (type: float), _col11 (type: float), 2001 (type: int), _col2 (type: int), _col3 (type: int), _col4 (type: int), _col5 (type: int), _col6 (type: int), _col7 (type: int), _col9 (type: float)\n                            outputColumnNames: _col1, _col10, _col11, _col15, _col2, _col3, _col4, _col5, _col6, _col7, _col9\n                            Statistics: Num rows: 78 Data size: 3432 Basic stats: COMPLETE Column stats: COMPLETE\n                            Reduce Output Operator\n                              key expressions: _col3 (type: int)\n                              sort order: +\n                              Map-reduce partition columns: _col3 (type: int)\n                              Statistics: Num rows: 78 Data size: 3432 Basic stats: COMPLETE Column stats: COMPLETE\n                              value expressions: _col1 (type: int), _col2 (type: int), _col4 (type: int), _col5 (type: int), _col6 (type: int), _col7 (type: int), _col9 (type: float), _col10 (type: float), _col11 (type: float), _col15 (type: int)\n            Execution mode: vectorized\n        Map 37 \n            Map Operator Tree:\n                TableScan\n                  alias: store_returns\n                  filterExpr: (sr_item_sk is not null and sr_ticket_number is not null) (type: boolean)\n                  Statistics: Num rows: 55578005 Data size: 9601960106 Basic stats: COMPLETE Column stats: COMPLETE\n                  Filter Operator\n                    predicate: (sr_item_sk is not null and sr_ticket_number is not null) (type: boolean)\n                    Statistics: Num rows: 55578005 Data size: 444624040 Basic stats: COMPLETE Column stats: COMPLETE\n                    Select Operator\n                      expressions: sr_item_sk (type: int), sr_ticket_number (type: int)\n                      outputColumnNames: _col0, _col1\n                      Statistics: Num rows: 55578005 Data size: 444624040 Basic stats: COMPLETE Column stats: COMPLETE\n                      Reduce Output Operator\n                        key expressions: _col0 (type: int), _col1 (type: int)\n                        sort order: ++\n                        Map-reduce partition columns: _col0 (type: int), _col1 (type: int)\n                        Statistics: Num rows: 55578005 Data size: 444624040 Basic stats: COMPLETE Column stats: COMPLETE\n            Execution mode: vectorized\n        Map 38 \n            Map Operator Tree:\n                TableScan\n                  alias: d1\n                  filterExpr: ((d_year = 2001) and d_date_sk is not null) (type: boolean)\n                  Statistics: Num rows: 73049 Data size: 81741831 Basic stats: COMPLETE Column stats: COMPLETE\n                  Filter Operator\n                    predicate: ((d_year = 2001) and d_date_sk is not null) (type: boolean)\n                    Statistics: Num rows: 652 Data size: 5216 Basic stats: COMPLETE Column stats: COMPLETE\n                    Select Operator\n                      expressions: d_date_sk (type: int)\n                      outputColumnNames: _col0\n                      Statistics: Num rows: 652 Data size: 2608 Basic stats: COMPLETE Column stats: COMPLETE\n                      Reduce Output Operator\n                        key expressions: _col0 (type: int)\n                        sort order: +\n                        Map-reduce partition columns: _col0 (type: int)\n                        Statistics: Num rows: 652 Data size: 2608 Basic stats: COMPLETE Column stats: COMPLETE\n            Execution mode: vectorized\n        Map 39 \n            Map Operator Tree:\n                TableScan\n                  alias: store\n                  filterExpr: ((s_store_sk is not null and s_store_name is not null) and s_zip is not null) (type: boolean)\n                  Statistics: Num rows: 212 Data size: 405680 Basic stats: COMPLETE Column stats: COMPLETE\n                  Filter Operator\n                    predicate: ((s_store_sk is not null and s_store_name is not null) and s_zip is not null) (type: boolean)\n                    Statistics: Num rows: 212 Data size: 38372 Basic stats: COMPLETE Column stats: COMPLETE\n                    Select Operator\n                      expressions: s_store_sk (type: int), s_store_name (type: string), s_zip (type: string)\n                      outputColumnNames: _col0, _col1, _col2\n                      Statistics: Num rows: 212 Data size: 38372 Basic stats: COMPLETE Column stats: COMPLETE\n                      Map Join Operator\n                        condition map:\n                             Inner Join 0 to 1\n                        keys:\n                          0 _col8 (type: int)\n                          1 _col0 (type: int)\n                        outputColumnNames: _col1, _col3, _col4, _col6, _col7, _col9, _col11, _col12, _col13, _col17, _col19, _col20\n                        input vertices:\n                          0 Map 35\n                        Statistics: Num rows: 78 Data size: 23244 Basic stats: COMPLETE Column stats: COMPLETE\n                        HybridGraceHashJoin: true\n                        Select Operator\n                          expressions: _col1 (type: string), _col11 (type: float), _col12 (type: float), _col13 (type: float), _col17 (type: int), _col19 (type: string), _col20 (type: string), _col3 (type: int), _col4 (type: int), _col6 (type: int), _col7 (type: int), _col9 (type: int)\n                          outputColumnNames: _col1, _col11, _col12, _col13, _col17, _col19, _col20, _col3, _col4, _col6, _col7, _col9\n                          Statistics: Num rows: 78 Data size: 23244 Basic stats: COMPLETE Column stats: COMPLETE\n                          Reduce Output Operator\n                            key expressions: _col4 (type: int)\n                            sort order: +\n                            Map-reduce partition columns: _col4 (type: int)\n                            Statistics: Num rows: 78 Data size: 23244 Basic stats: COMPLETE Column stats: COMPLETE\n                            value expressions: _col1 (type: string), _col3 (type: int), _col6 (type: int), _col7 (type: int), _col9 (type: int), _col11 (type: float), _col12 (type: float), _col13 (type: float), _col17 (type: int), _col19 (type: string), _col20 (type: string)\n            Execution mode: vectorized\n        Map 4 \n            Map Operator Tree:\n                TableScan\n                  alias: ad1\n                  filterExpr: ca_address_sk is not null (type: boolean)\n                  Statistics: Num rows: 800000 Data size: 811903688 Basic stats: COMPLETE Column stats: COMPLETE\n                  Filter Operator\n                    predicate: ca_address_sk is not null (type: boolean)\n                    Statistics: Num rows: 800000 Data size: 292000000 Basic stats: COMPLETE Column stats: COMPLETE\n                    Select Operator\n                      expressions: ca_address_sk (type: int), ca_street_number (type: string), ca_street_name (type: string), ca_city (type: string), ca_zip (type: string)\n                      outputColumnNames: _col0, _col1, _col2, _col3, _col4\n                      Statistics: Num rows: 800000 Data size: 292000000 Basic stats: COMPLETE Column stats: COMPLETE\n                      Map Join Operator\n                        condition map:\n                             Inner Join 0 to 1\n                        keys:\n                          0 _col0 (type: int)\n                          1 _col9 (type: int)\n                        outputColumnNames: _col1, _col2, _col3, _col4, _col13, _col18, _col19, _col20, _col26, _col30, _col32, _col34, _col36, _col37, _col42, _col45\n                        input vertices:\n                          1 Map 19\n                        Statistics: Num rows: 880000 Data size: 321200006 Basic stats: COMPLETE Column stats: NONE\n                        HybridGraceHashJoin: true\n                        Select Operator\n                          expressions: _col1 (type: string), _col13 (type: int), _col18 (type: float), _col19 (type: float), _col2 (type: string), _col20 (type: float), _col26 (type: int), _col3 (type: string), _col30 (type: int), _col32 (type: int), _col34 (type: int), _col36 (type: string), _col37 (type: string), _col4 (type: string), _col42 (type: int), _col45 (type: string)\n                          outputColumnNames: _col1, _col13, _col18, _col19, _col2, _col20, _col26, _col3, _col30, _col32, _col34, _col36, _col37, _col4, _col42, _col45\n                          Statistics: Num rows: 880000 Data size: 321200006 Basic stats: COMPLETE Column stats: NONE\n                          Map Join Operator\n                            condition map:\n                                 Inner Join 0 to 1\n                            keys:\n                              0 _col0 (type: int)\n                              1 _col26 (type: int)\n                            outputColumnNames: _col1, _col2, _col3, _col4, _col6, _col7, _col8, _col9, _col18, _col23, _col24, _col25, _col35, _col37, _col39, _col41, _col42, _col47, _col50\n                            input vertices:\n                              0 Map 3\n                            Statistics: Num rows: 968000 Data size: 353320014 Basic stats: COMPLETE Column stats: NONE\n                            HybridGraceHashJoin: true\n                            Select Operator\n                              expressions: _col1 (type: string), _col18 (type: int), _col2 (type: string), _col23 (type: float), _col24 (type: float), _col25 (type: float), _col3 (type: string), _col35 (type: int), _col37 (type: int), _col39 (type: int), _col4 (type: string), _col41 (type: string), _col42 (type: string), _col47 (type: int), _col50 (type: string), _col6 (type: string), _col7 (type: string), _col8 (type: string), _col9 (type: string)\n                              outputColumnNames: _col1, _col18, _col2, _col23, _col24, _col25, _col3, _col35, _col37, _col39, _col4, _col41, _col42, _col47, _col50, _col6, _col7, _col8, _col9\n                              Statistics: Num rows: 968000 Data size: 353320014 Basic stats: COMPLETE Column stats: NONE\n                              Map Join Operator\n                                condition map:\n                                     Inner Join 0 to 1\n                                keys:\n                                  0 _col0 (type: int)\n                                  1 _col18 (type: int)\n                                outputColumnNames: _col4, _col5, _col6, _col7, _col9, _col10, _col11, _col12, _col26, _col27, _col28, _col38, _col40, _col42, _col44, _col45, _col50, _col53\n                                input vertices:\n                                  0 Map 1\n                                Statistics: Num rows: 1064800 Data size: 388652023 Basic stats: COMPLETE Column stats: NONE\n                                HybridGraceHashJoin: true\n                                Select Operator\n                                  expressions: _col53 (type: string), _col50 (type: int), _col44 (type: string), _col45 (type: string), _col9 (type: string), _col10 (type: string), _col11 (type: string), _col12 (type: string), _col4 (type: string), _col5 (type: string), _col6 (type: string), _col7 (type: string), _col38 (type: int), _col40 (type: int), _col42 (type: int), _col26 (type: float), _col27 (type: float), _col28 (type: float)\n                                  outputColumnNames: _col0, _col1, _col2, _col3, _col4, _col5, _col6, _col7, _col8, _col9, _col10, _col11, _col12, _col13, _col14, _col15, _col16, _col17\n                                  Statistics: Num rows: 1064800 Data size: 388652023 Basic stats: COMPLETE Column stats: NONE\n                                  Group By Operator\n                                    aggregations: count(), sum(_col15), sum(_col16), sum(_col17)\n                                    keys: _col0 (type: string), _col1 (type: int), _col2 (type: string), _col3 (type: string), _col4 (type: string), _col5 (type: string), _col6 (type: string), _col7 (type: string), _col8 (type: string), _col9 (type: string), _col10 (type: string), _col11 (type: string), _col12 (type: int), _col13 (type: int), _col14 (type: int)\n                                    mode: hash\n                                    outputColumnNames: _col0, _col1, _col2, _col3, _col4, _col5, _col6, _col7, _col8, _col9, _col10, _col11, _col12, _col13, _col14, _col15, _col16, _col17, _col18\n                                    Statistics: Num rows: 1064800 Data size: 388652023 Basic stats: COMPLETE Column stats: NONE\n                                    Reduce Output Operator\n                                      key expressions: _col0 (type: string), _col1 (type: int), _col2 (type: string), _col3 (type: string), _col4 (type: string), _col5 (type: string), _col6 (type: string), _col7 (type: string), _col8 (type: string), _col9 (type: string), _col10 (type: string), _col11 (type: string), _col12 (type: int), _col13 (type: int), _col14 (type: int)\n                                      sort order: +++++++++++++++\n                                      Map-reduce partition columns: _col0 (type: string), _col1 (type: int), _col2 (type: string), _col3 (type: string), _col4 (type: string), _col5 (type: string), _col6 (type: string), _col7 (type: string), _col8 (type: string), _col9 (type: string), _col10 (type: string), _col11 (type: string), _col12 (type: int), _col13 (type: int), _col14 (type: int)\n                                      Statistics: Num rows: 1064800 Data size: 388652023 Basic stats: COMPLETE Column stats: NONE\n                                      value expressions: _col15 (type: bigint), _col16 (type: double), _col17 (type: double), _col18 (type: double)\n            Execution mode: vectorized\n        Map 40 \n            Map Operator Tree:\n                TableScan\n                  alias: item\n                  filterExpr: ((((i_color) IN ('maroon', 'burnished', 'dim', 'steel', 'navajo', 'chocolate') and i_current_price BETWEEN 35 AND 45) and i_current_price BETWEEN 36 AND 50) and i_item_sk is not null) (type: boolean)\n                  Statistics: Num rows: 48000 Data size: 68732712 Basic stats: COMPLETE Column stats: COMPLETE\n                  Filter Operator\n                    predicate: ((((i_color) IN ('maroon', 'burnished', 'dim', 'steel', 'navajo', 'chocolate') and i_current_price BETWEEN 35 AND 45) and i_current_price BETWEEN 36 AND 50) and i_item_sk is not null) (type: boolean)\n                    Statistics: Num rows: 6000 Data size: 1199936 Basic stats: COMPLETE Column stats: COMPLETE\n                    Select Operator\n                      expressions: i_item_sk (type: int), i_product_name (type: string)\n                      outputColumnNames: _col0, _col3\n                      Statistics: Num rows: 6000 Data size: 642000 Basic stats: COMPLETE Column stats: COMPLETE\n                      Map Join Operator\n                        condition map:\n                             Inner Join 0 to 1\n                             Inner Join 0 to 2\n                        keys:\n                          0 _col1 (type: int)\n                          1 _col0 (type: int)\n                          2 _col0 (type: int)\n                        outputColumnNames: _col4, _col5, _col7, _col9, _col10, _col11, _col16, _col17, _col21, _col23, _col25, _col27, _col28, _col33, _col36\n                        input vertices:\n                          0 Map 31\n                          2 Reducer 42\n                        Statistics: Num rows: 13200 Data size: 1412400 Basic stats: COMPLETE Column stats: NONE\n                        HybridGraceHashJoin: true\n                        Select Operator\n                          expressions: _col10 (type: float), _col11 (type: float), _col16 (type: int), _col17 (type: int), _col21 (type: int), _col23 (type: int), _col25 (type: int), _col27 (type: string), _col28 (type: string), _col33 (type: int), _col36 (type: string), _col4 (type: int), _col5 (type: int), _col7 (type: int), _col9 (type: float)\n                          outputColumnNames: _col10, _col11, _col16, _col17, _col21, _col23, _col25, _col27, _col28, _col33, _col36, _col4, _col5, _col7, _col9\n                          Statistics: Num rows: 13200 Data size: 1412400 Basic stats: COMPLETE Column stats: NONE\n                          Map Join Operator\n                            condition map:\n                                 Inner Join 0 to 1\n                            keys:\n                              0 _col0 (type: int)\n                              1 _col7 (type: int)\n                            outputColumnNames: _col5, _col6, _col10, _col11, _col12, _col17, _col18, _col22, _col24, _col26, _col28, _col29, _col34, _col37\n                            input vertices:\n                              0 Map 30\n                            Statistics: Num rows: 14520 Data size: 1553640 Basic stats: COMPLETE Column stats: NONE\n                            HybridGraceHashJoin: true\n                            Select Operator\n                              expressions: _col10 (type: float), _col11 (type: float), _col12 (type: float), _col17 (type: int), _col18 (type: int), _col22 (type: int), _col24 (type: int), _col26 (type: int), _col28 (type: string), _col29 (type: string), _col34 (type: int), _col37 (type: string), _col5 (type: int), _col6 (type: int)\n                              outputColumnNames: _col10, _col11, _col12, _col17, _col18, _col22, _col24, _col26, _col28, _col29, _col34, _col37, _col5, _col6\n                              Statistics: Num rows: 14520 Data size: 1553640 Basic stats: COMPLETE Column stats: NONE\n                              Map Join Operator\n                                condition map:\n                                     Inner Join 0 to 1\n                                keys:\n                                  0 _col0 (type: int)\n                                  1 _col17 (type: int)\n                                outputColumnNames: _col8, _col9, _col13, _col14, _col15, _col21, _col25, _col27, _col29, _col31, _col32, _col37, _col40\n                                input vertices:\n                                  0 Map 28\n                                Statistics: Num rows: 15972 Data size: 1709004 Basic stats: COMPLETE Column stats: NONE\n                                HybridGraceHashJoin: true\n                                Select Operator\n                                  expressions: _col13 (type: float), _col14 (type: float), _col15 (type: float), _col21 (type: int), _col25 (type: int), _col27 (type: int), _col29 (type: int), _col31 (type: string), _col32 (type: string), _col37 (type: int), _col40 (type: string), _col8 (type: int), _col9 (type: int)\n                                  outputColumnNames: _col13, _col14, _col15, _col21, _col25, _col27, _col29, _col31, _col32, _col37, _col40, _col8, _col9\n                                  Statistics: Num rows: 15972 Data size: 1709004 Basic stats: COMPLETE Column stats: NONE\n                                  Reduce Output Operator\n                                    key expressions: _col9 (type: int)\n                                    sort order: +\n                                    Map-reduce partition columns: _col9 (type: int)\n                                    Statistics: Num rows: 15972 Data size: 1709004 Basic stats: COMPLETE Column stats: NONE\n                                    value expressions: _col8 (type: int), _col13 (type: float), _col14 (type: float), _col15 (type: float), _col21 (type: int), _col25 (type: int), _col27 (type: int), _col29 (type: int), _col31 (type: string), _col32 (type: string), _col37 (type: int), _col40 (type: string)\n            Execution mode: vectorized\n        Map 41 \n            Map Operator Tree:\n                TableScan\n                  alias: catalog_sales\n                  filterExpr: (cs_item_sk is not null and cs_order_number is not null) (type: boolean)\n                  Statistics: Num rows: 286549727 Data size: 65825832570 Basic stats: COMPLETE Column stats: COMPLETE\n                  Filter Operator\n                    predicate: (cs_item_sk is not null and cs_order_number is not null) (type: boolean)\n                    Statistics: Num rows: 286549727 Data size: 3435718732 Basic stats: COMPLETE Column stats: COMPLETE\n                    Select Operator\n                      expressions: cs_item_sk (type: int), cs_order_number (type: int), cs_ext_list_price (type: float)\n                      outputColumnNames: _col0, _col1, _col2\n                      Statistics: Num rows: 286549727 Data size: 3435718732 Basic stats: COMPLETE Column stats: COMPLETE\n                      Map Join Operator\n                        condition map:\n                             Inner Join 0 to 1\n                        keys:\n                          0 _col0 (type: int), _col1 (type: int)\n                          1 _col0 (type: int), _col1 (type: int)\n                        outputColumnNames: _col0, _col2, _col5, _col6, _col7\n                        input vertices:\n                          1 Map 43\n                        Statistics: Num rows: 2911 Data size: 58220 Basic stats: COMPLETE Column stats: COMPLETE\n                        HybridGraceHashJoin: true\n                        Select Operator\n                          expressions: _col0 (type: int), _col2 (type: float), ((_col5 + _col6) + _col7) (type: float)\n                          outputColumnNames: _col0, _col1, _col2\n                          Statistics: Num rows: 2911 Data size: 58220 Basic stats: COMPLETE Column stats: COMPLETE\n                          Group By Operator\n                            aggregations: sum(_col1), sum(_col2)\n                            keys: _col0 (type: int)\n                            mode: hash\n                            outputColumnNames: _col0, _col1, _col2\n                            Statistics: Num rows: 1 Data size: 20 Basic stats: COMPLETE Column stats: COMPLETE\n                            Reduce Output Operator\n                              key expressions: _col0 (type: int)\n                              sort order: +\n                              Map-reduce partition columns: _col0 (type: int)\n                              Statistics: Num rows: 1 Data size: 20 Basic stats: COMPLETE Column stats: COMPLETE\n                              value expressions: _col1 (type: double), _col2 (type: double)\n            Execution mode: vectorized\n        Map 43 \n            Map Operator Tree:\n                TableScan\n                  alias: catalog_returns\n                  filterExpr: (cr_item_sk is not null and cr_order_number is not null) (type: boolean)\n                  Statistics: Num rows: 28798881 Data size: 5764329494 Basic stats: COMPLETE Column stats: COMPLETE\n                  Filter Operator\n                    predicate: (cr_item_sk is not null and cr_order_number is not null) (type: boolean)\n                    Statistics: Num rows: 28798881 Data size: 569059536 Basic stats: COMPLETE Column stats: COMPLETE\n                    Select Operator\n                      expressions: cr_item_sk (type: int), cr_order_number (type: int), cr_refunded_cash (type: float), cr_reversed_charge (type: float), cr_store_credit (type: float)\n                      outputColumnNames: _col0, _col1, _col2, _col3, _col4\n                      Statistics: Num rows: 28798881 Data size: 569059536 Basic stats: COMPLETE Column stats: COMPLETE\n                      Reduce Output Operator\n                        key expressions: _col0 (type: int), _col1 (type: int)\n                        sort order: ++\n                        Map-reduce partition columns: _col0 (type: int), _col1 (type: int)\n                        Statistics: Num rows: 28798881 Data size: 569059536 Basic stats: COMPLETE Column stats: COMPLETE\n                        value expressions: _col2 (type: float), _col3 (type: float), _col4 (type: float)\n            Execution mode: vectorized\n        Map 7 \n            Map Operator Tree:\n                TableScan\n                  alias: hd1\n                  filterExpr: (hd_income_band_sk is not null and hd_demo_sk is not null) (type: boolean)\n                  Statistics: Num rows: 7200 Data size: 770400 Basic stats: COMPLETE Column stats: COMPLETE\n                  Filter Operator\n                    predicate: (hd_income_band_sk is not null and hd_demo_sk is not null) (type: boolean)\n                    Statistics: Num rows: 7200 Data size: 57600 Basic stats: COMPLETE Column stats: COMPLETE\n                    Select Operator\n                      expressions: hd_demo_sk (type: int), hd_income_band_sk (type: int)\n                      outputColumnNames: _col0, _col1\n                      Statistics: Num rows: 7200 Data size: 57600 Basic stats: COMPLETE Column stats: COMPLETE\n                      Map Join Operator\n                        condition map:\n                             Inner Join 0 to 1\n                        keys:\n                          0 _col1 (type: int)\n                          1 _col0 (type: int)\n                        outputColumnNames: _col0\n                        input vertices:\n                          1 Map 8\n                        Statistics: Num rows: 7200 Data size: 28800 Basic stats: COMPLETE Column stats: COMPLETE\n                        HybridGraceHashJoin: true\n                        Reduce Output Operator\n                          key expressions: _col0 (type: int)\n                          sort order: +\n                          Map-reduce partition columns: _col0 (type: int)\n                          Statistics: Num rows: 7200 Data size: 28800 Basic stats: COMPLETE Column stats: COMPLETE\n            Execution mode: vectorized\n        Map 8 \n            Map Operator Tree:\n                TableScan\n                  alias: ib1\n                  filterExpr: ib_income_band_sk is not null (type: boolean)\n                  Statistics: Num rows: 20 Data size: 240 Basic stats: COMPLETE Column stats: COMPLETE\n                  Filter Operator\n                    predicate: ib_income_band_sk is not null (type: boolean)\n                    Statistics: Num rows: 20 Data size: 80 Basic stats: COMPLETE Column stats: COMPLETE\n                    Select Operator\n                      expressions: ib_income_band_sk (type: int)\n                      outputColumnNames: _col0\n                      Statistics: Num rows: 20 Data size: 80 Basic stats: COMPLETE Column stats: COMPLETE\n                      Reduce Output Operator\n                        key expressions: _col0 (type: int)\n                        sort order: +\n                        Map-reduce partition columns: _col0 (type: int)\n                        Statistics: Num rows: 20 Data size: 80 Basic stats: COMPLETE Column stats: COMPLETE\n            Execution mode: vectorized\n        Map 9 \n            Map Operator Tree:\n                TableScan\n                  alias: promotion\n                  filterExpr: p_promo_sk is not null (type: boolean)\n                  Statistics: Num rows: 450 Data size: 530848 Basic stats: COMPLETE Column stats: COMPLETE\n                  Filter Operator\n                    predicate: p_promo_sk is not null (type: boolean)\n                    Statistics: Num rows: 450 Data size: 1800 Basic stats: COMPLETE Column stats: COMPLETE\n                    Select Operator\n                      expressions: p_promo_sk (type: int)\n                      outputColumnNames: _col0\n                      Statistics: Num rows: 450 Data size: 1800 Basic stats: COMPLETE Column stats: COMPLETE\n                      Reduce Output Operator\n                        key expressions: _col0 (type: int)\n                        sort order: +\n                        Map-reduce partition columns: _col0 (type: int)\n                        Statistics: Num rows: 450 Data size: 1800 Basic stats: COMPLETE Column stats: COMPLETE\n            Execution mode: vectorized\n        Reducer 21 \n            Reduce Operator Tree:\n              Group By Operator\n                aggregations: sum(VALUE._col0), sum(VALUE._col1)\n                keys: KEY._col0 (type: int)\n                mode: mergepartial\n                outputColumnNames: _col0, _col1, _col2\n                Statistics: Num rows: 1 Data size: 20 Basic stats: COMPLETE Column stats: COMPLETE\n                Filter Operator\n                  predicate: (_col1 > (2.0 * _col2)) (type: boolean)\n                  Statistics: Num rows: 0 Data size: 0 Basic stats: NONE Column stats: COMPLETE\n                  Select Operator\n                    expressions: _col0 (type: int)\n                    outputColumnNames: _col0\n                    Statistics: Num rows: 0 Data size: 0 Basic stats: NONE Column stats: COMPLETE\n                    Reduce Output Operator\n                      key expressions: _col0 (type: int)\n                      sort order: +\n                      Map-reduce partition columns: _col0 (type: int)\n                      Statistics: Num rows: 0 Data size: 0 Basic stats: NONE Column stats: COMPLETE\n        Reducer 27 \n            Reduce Operator Tree:\n              Group By Operator\n                aggregations: count(VALUE._col0), sum(VALUE._col1), sum(VALUE._col2), sum(VALUE._col3)\n                keys: KEY._col0 (type: string), KEY._col1 (type: int), KEY._col2 (type: string), KEY._col3 (type: string), KEY._col4 (type: string), KEY._col5 (type: string), KEY._col6 (type: string), KEY._col7 (type: string), KEY._col8 (type: string), KEY._col9 (type: string), KEY._col10 (type: string), KEY._col11 (type: string), KEY._col12 (type: int), KEY._col13 (type: int), KEY._col14 (type: int)\n                mode: mergepartial\n                outputColumnNames: _col0, _col1, _col2, _col3, _col4, _col5, _col6, _col7, _col8, _col9, _col10, _col11, _col12, _col13, _col14, _col15, _col16, _col17, _col18\n                Statistics: Num rows: 532400 Data size: 194326011 Basic stats: COMPLETE Column stats: NONE\n                Select Operator\n                  expressions: _col1 (type: int), _col2 (type: string), _col3 (type: string), _col12 (type: int), _col15 (type: bigint), _col16 (type: double), _col17 (type: double), _col18 (type: double)\n                  outputColumnNames: _col0, _col1, _col2, _col3, _col4, _col5, _col6, _col7\n                  Statistics: Num rows: 532400 Data size: 194326011 Basic stats: COMPLETE Column stats: NONE\n                  Reduce Output Operator\n                    key expressions: _col0 (type: int), _col1 (type: string), _col2 (type: string)\n                    sort order: +++\n                    Map-reduce partition columns: _col0 (type: int), _col1 (type: string), _col2 (type: string)\n                    Statistics: Num rows: 532400 Data size: 194326011 Basic stats: COMPLETE Column stats: NONE\n                    value expressions: _col3 (type: int), _col4 (type: bigint), _col5 (type: double), _col6 (type: double), _col7 (type: double)\n        Reducer 42 \n            Reduce Operator Tree:\n              Group By Operator\n                aggregations: sum(VALUE._col0), sum(VALUE._col1)\n                keys: KEY._col0 (type: int)\n                mode: mergepartial\n                outputColumnNames: _col0, _col1, _col2\n                Statistics: Num rows: 1 Data size: 20 Basic stats: COMPLETE Column stats: COMPLETE\n                Filter Operator\n                  predicate: (_col1 > (2.0 * _col2)) (type: boolean)\n                  Statistics: Num rows: 0 Data size: 0 Basic stats: NONE Column stats: COMPLETE\n                  Select Operator\n                    expressions: _col0 (type: int)\n                    outputColumnNames: _col0\n                    Statistics: Num rows: 0 Data size: 0 Basic stats: NONE Column stats: COMPLETE\n                    Reduce Output Operator\n                      key expressions: _col0 (type: int)\n                      sort order: +\n                      Map-reduce partition columns: _col0 (type: int)\n                      Statistics: Num rows: 0 Data size: 0 Basic stats: NONE Column stats: COMPLETE\n        Reducer 5 \n            Reduce Operator Tree:\n              Group By Operator\n                aggregations: count(VALUE._col0), sum(VALUE._col1), sum(VALUE._col2), sum(VALUE._col3)\n                keys: KEY._col0 (type: string), KEY._col1 (type: int), KEY._col2 (type: string), KEY._col3 (type: string), KEY._col4 (type: string), KEY._col5 (type: string), KEY._col6 (type: string), KEY._col7 (type: string), KEY._col8 (type: string), KEY._col9 (type: string), KEY._col10 (type: string), KEY._col11 (type: string), KEY._col12 (type: int), KEY._col13 (type: int), KEY._col14 (type: int)\n                mode: mergepartial\n                outputColumnNames: _col0, _col1, _col2, _col3, _col4, _col5, _col6, _col7, _col8, _col9, _col10, _col11, _col12, _col13, _col14, _col15, _col16, _col17, _col18\n                Statistics: Num rows: 532400 Data size: 194326011 Basic stats: COMPLETE Column stats: NONE\n                Select Operator\n                  expressions: _col0 (type: string), _col1 (type: int), _col2 (type: string), _col3 (type: string), _col4 (type: string), _col5 (type: string), _col6 (type: string), _col7 (type: string), _col8 (type: string), _col9 (type: string), _col10 (type: string), _col11 (type: string), _col12 (type: int), _col15 (type: bigint), _col16 (type: double), _col17 (type: double), _col18 (type: double)\n                  outputColumnNames: _col0, _col1, _col2, _col3, _col4, _col5, _col6, _col7, _col8, _col9, _col10, _col11, _col12, _col13, _col14, _col15, _col16\n                  Statistics: Num rows: 532400 Data size: 194326011 Basic stats: COMPLETE Column stats: NONE\n                  Map Join Operator\n                    condition map:\n                         Inner Join 0 to 1\n                    keys:\n                      0 _col1 (type: int), _col2 (type: string), _col3 (type: string)\n                      1 _col0 (type: int), _col1 (type: string), _col2 (type: string)\n                    outputColumnNames: _col0, _col2, _col3, _col4, _col5, _col6, _col7, _col8, _col9, _col10, _col11, _col12, _col13, _col14, _col15, _col16, _col20, _col21, _col22, _col23, _col24\n                    input vertices:\n                      1 Reducer 27\n                    Statistics: Num rows: 585640 Data size: 213758616 Basic stats: COMPLETE Column stats: NONE\n                    HybridGraceHashJoin: true\n                    Filter Operator\n                      predicate: (_col21 <= _col13) (type: boolean)\n                      Statistics: Num rows: 195213 Data size: 71252750 Basic stats: COMPLETE Column stats: NONE\n                      Select Operator\n                        expressions: _col0 (type: string), _col2 (type: string), _col3 (type: string), _col4 (type: string), _col5 (type: string), _col6 (type: string), _col7 (type: string), _col8 (type: string), _col9 (type: string), _col10 (type: string), _col11 (type: string), _col12 (type: int), _col13 (type: bigint), _col14 (type: double), _col15 (type: double), _col16 (type: double), _col22 (type: double), _col23 (type: double), _col24 (type: double), _col20 (type: int), _col21 (type: bigint)\n                        outputColumnNames: _col0, _col1, _col2, _col3, _col4, _col5, _col6, _col7, _col8, _col9, _col10, _col11, _col12, _col13, _col14, _col15, _col16, _col17, _col18, _col19, _col20\n                        Statistics: Num rows: 195213 Data size: 71252750 Basic stats: COMPLETE Column stats: NONE\n                        Reduce Output Operator\n                          key expressions: _col0 (type: string), _col1 (type: string), _col20 (type: bigint)\n                          sort order: +++\n                          Statistics: Num rows: 195213 Data size: 71252750 Basic stats: COMPLETE Column stats: NONE\n                          value expressions: _col2 (type: string), _col3 (type: string), _col4 (type: string), _col5 (type: string), _col6 (type: string), _col7 (type: string), _col8 (type: string), _col9 (type: string), _col10 (type: string), _col11 (type: int), _col12 (type: bigint), _col13 (type: double), _col14 (type: double), _col15 (type: double), _col16 (type: double), _col17 (type: double), _col18 (type: double), _col19 (type: int)\n        Reducer 6 \n            Reduce Operator Tree:\n              Select Operator\n                expressions: KEY.reducesinkkey0 (type: string), KEY.reducesinkkey1 (type: string), VALUE._col0 (type: string), VALUE._col1 (type: string), VALUE._col2 (type: string), VALUE._col3 (type: string), VALUE._col4 (type: string), VALUE._col5 (type: string), VALUE._col6 (type: string), VALUE._col7 (type: string), VALUE._col8 (type: string), VALUE._col9 (type: int), VALUE._col10 (type: bigint), VALUE._col11 (type: double), VALUE._col12 (type: double), VALUE._col13 (type: double), VALUE._col14 (type: double), VALUE._col15 (type: double), VALUE._col16 (type: double), VALUE._col17 (type: int), KEY.reducesinkkey2 (type: bigint)\n                outputColumnNames: _col0, _col1, _col2, _col3, _col4, _col5, _col6, _col7, _col8, _col9, _col10, _col11, _col12, _col13, _col14, _col15, _col16, _col17, _col18, _col19, _col20\n                Statistics: Num rows: 195213 Data size: 71252750 Basic stats: COMPLETE Column stats: NONE\n                File Output Operator\n                  compressed: false\n                  Statistics: Num rows: 195213 Data size: 71252750 Basic stats: COMPLETE Column stats: NONE\n                  table:\n                      input format: org.apache.hadoop.mapred.TextInputFormat\n                      output format: org.apache.hadoop.hive.ql.io.HiveIgnoreKeyTextOutputFormat\n                      serde: org.apache.hadoop.hive.serde2.lazy.LazySimpleSerDe\n\n  Stage: Stage-0\n    Fetch Operator\n      limit: -1\n      Processor Tree:\n        ListSink\n{code}",
        "duedate": null,
        "environment": null,
        "fixVersions": [
            {
                "archived": false,
                "description": "",
                "id": "12332154",
                "name": "1.3.0",
                "released": false,
                "self": "https://issues.apache.org/jira/rest/api/2/version/12332154"
            },
            {
                "archived": false,
                "description": "Hive 2.0.0",
                "id": "12332641",
                "name": "2.0.0",
                "releaseDate": "2016-02-15",
                "released": true,
                "self": "https://issues.apache.org/jira/rest/api/2/version/12332641"
            }
        ],
        "issuelinks": [],
        "issuetype": {
            "avatarId": 21133,
            "description": "A problem which impairs or prevents the functions of the product.",
            "iconUrl": "https://issues.apache.org/jira/secure/viewavatar?size=xsmall&avatarId=21133&avatarType=issuetype",
            "id": "1",
            "name": "Bug",
            "self": "https://issues.apache.org/jira/rest/api/2/issuetype/1",
            "subtask": false
        },
        "labels": [],
        "lastViewed": null,
        "priority": {
            "iconUrl": "https://issues.apache.org/jira/images/icons/priorities/major.svg",
            "id": "3",
            "name": "Major",
            "self": "https://issues.apache.org/jira/rest/api/2/priority/3"
        },
        "progress": {
            "progress": 0,
            "total": 0
        },
        "project": {
            "avatarUrls": {
                "16x16": "https://issues.apache.org/jira/secure/projectavatar?size=xsmall&pid=12310843&avatarId=11935",
                "24x24": "https://issues.apache.org/jira/secure/projectavatar?size=small&pid=12310843&avatarId=11935",
                "32x32": "https://issues.apache.org/jira/secure/projectavatar?size=medium&pid=12310843&avatarId=11935",
                "48x48": "https://issues.apache.org/jira/secure/projectavatar?pid=12310843&avatarId=11935"
            },
            "id": "12310843",
            "key": "HIVE",
            "name": "Hive",
            "projectCategory": {
                "description": "Scalable Distributed Computing",
                "id": "10292",
                "name": "Hadoop",
                "self": "https://issues.apache.org/jira/rest/api/2/projectCategory/10292"
            },
            "self": "https://issues.apache.org/jira/rest/api/2/project/12310843"
        },
        "reporter": {
            "active": true,
            "avatarUrls": {
                "16x16": "https://issues.apache.org/jira/secure/useravatar?size=xsmall&ownerId=mmokhtar&avatarId=21863",
                "24x24": "https://issues.apache.org/jira/secure/useravatar?size=small&ownerId=mmokhtar&avatarId=21863",
                "32x32": "https://issues.apache.org/jira/secure/useravatar?size=medium&ownerId=mmokhtar&avatarId=21863",
                "48x48": "https://issues.apache.org/jira/secure/useravatar?ownerId=mmokhtar&avatarId=21863"
            },
            "displayName": "Mostafa Mokhtar",
            "key": "mmokhtar",
            "name": "mmokhtar",
            "self": "https://issues.apache.org/jira/rest/api/2/user?username=mmokhtar",
            "timeZone": "America/Los_Angeles"
        },
        "resolution": {
            "description": "A fix for this issue is checked into the tree and tested.",
            "id": "1",
            "name": "Fixed",
            "self": "https://issues.apache.org/jira/rest/api/2/resolution/1"
        },
        "resolutiondate": "2015-05-11T23:00:55.000+0000",
        "status": {
            "description": "The issue is considered finished, the resolution is correct. Issues which are not closed can be reopened.",
            "iconUrl": "https://issues.apache.org/jira/images/icons/statuses/closed.png",
            "id": "6",
            "name": "Closed",
            "self": "https://issues.apache.org/jira/rest/api/2/status/6",
            "statusCategory": {
                "colorName": "green",
                "id": 3,
                "key": "done",
                "name": "Done",
                "self": "https://issues.apache.org/jira/rest/api/2/statuscategory/3"
            }
        },
        "subtasks": [],
        "summary": "Vectorization : Q64 fails with ClassCastException",
        "timeestimate": null,
        "timeoriginalestimate": null,
        "timespent": null,
        "updated": "2015-06-05T21:50:18.000+0000",
        "versions": [{
            "archived": false,
            "description": "Hive 1.2.0",
            "id": "12329345",
            "name": "1.2.0",
            "releaseDate": "2015-05-18",
            "released": true,
            "self": "https://issues.apache.org/jira/rest/api/2/version/12329345"
        }],
        "votes": {
            "hasVoted": false,
            "self": "https://issues.apache.org/jira/rest/api/2/issue/HIVE-10609/votes",
            "votes": 0
        },
        "watches": {
            "isWatching": false,
            "self": "https://issues.apache.org/jira/rest/api/2/issue/HIVE-10609/watchers",
            "watchCount": 5
        },
        "workratio": -1
    },
    "id": "12827145",
    "key": "HIVE-10609",
    "self": "https://issues.apache.org/jira/rest/api/2/issue/12827145"
}