{
    "expand": "operations,versionedRepresentations,editmeta,changelog,renderedFields",
    "fields": {
        "aggregateprogress": {
            "progress": 0,
            "total": 0
        },
        "aggregatetimeestimate": null,
        "aggregatetimeoriginalestimate": null,
        "aggregatetimespent": null,
        "assignee": {
            "active": true,
            "avatarUrls": {
                "16x16": "https://issues.apache.org/jira/secure/useravatar?size=xsmall&avatarId=10452",
                "24x24": "https://issues.apache.org/jira/secure/useravatar?size=small&avatarId=10452",
                "32x32": "https://issues.apache.org/jira/secure/useravatar?size=medium&avatarId=10452",
                "48x48": "https://issues.apache.org/jira/secure/useravatar?avatarId=10452"
            },
            "displayName": "Prasanth Jayachandran",
            "key": "prasanth_j",
            "name": "prasanth_j",
            "self": "https://issues.apache.org/jira/rest/api/2/user?username=prasanth_j",
            "timeZone": "America/Los_Angeles"
        },
        "components": [{
            "description": "Optimizations which are dependent on runtime",
            "id": "12323401",
            "name": "Physical Optimizer",
            "self": "https://issues.apache.org/jira/rest/api/2/component/12323401"
        }],
        "created": "2015-02-18T03:46:47.000+0000",
        "creator": {
            "active": true,
            "avatarUrls": {
                "16x16": "https://issues.apache.org/jira/secure/useravatar?size=xsmall&ownerId=mmokhtar&avatarId=21863",
                "24x24": "https://issues.apache.org/jira/secure/useravatar?size=small&ownerId=mmokhtar&avatarId=21863",
                "32x32": "https://issues.apache.org/jira/secure/useravatar?size=medium&ownerId=mmokhtar&avatarId=21863",
                "48x48": "https://issues.apache.org/jira/secure/useravatar?ownerId=mmokhtar&avatarId=21863"
            },
            "displayName": "Mostafa Mokhtar",
            "key": "mmokhtar",
            "name": "mmokhtar",
            "self": "https://issues.apache.org/jira/rest/api/2/user?username=mmokhtar",
            "timeZone": "America/Los_Angeles"
        },
        "customfield_10010": null,
        "customfield_12310191": null,
        "customfield_12310192": null,
        "customfield_12310220": null,
        "customfield_12310222": null,
        "customfield_12310230": null,
        "customfield_12310250": null,
        "customfield_12310290": null,
        "customfield_12310291": null,
        "customfield_12310300": null,
        "customfield_12310310": "0.0",
        "customfield_12310320": null,
        "customfield_12310420": "9223372036854775807",
        "customfield_12310920": "9223372036854775807",
        "customfield_12310921": null,
        "customfield_12311020": null,
        "customfield_12311024": null,
        "customfield_12311120": null,
        "customfield_12311820": "0|i25r47:",
        "customfield_12312022": null,
        "customfield_12312023": null,
        "customfield_12312024": null,
        "customfield_12312026": null,
        "customfield_12312220": null,
        "customfield_12312320": null,
        "customfield_12312321": null,
        "customfield_12312322": null,
        "customfield_12312323": null,
        "customfield_12312324": null,
        "customfield_12312325": null,
        "customfield_12312326": null,
        "customfield_12312327": null,
        "customfield_12312328": null,
        "customfield_12312329": null,
        "customfield_12312330": null,
        "customfield_12312331": null,
        "customfield_12312332": null,
        "customfield_12312333": null,
        "customfield_12312334": null,
        "customfield_12312335": null,
        "customfield_12312336": null,
        "customfield_12312337": null,
        "customfield_12312338": null,
        "customfield_12312339": null,
        "customfield_12312340": null,
        "customfield_12312341": null,
        "customfield_12312520": null,
        "customfield_12312521": "2015-02-18 03:46:47.0",
        "customfield_12312720": null,
        "customfield_12312823": null,
        "customfield_12312920": null,
        "customfield_12312921": null,
        "customfield_12312923": null,
        "customfield_12313422": "false",
        "customfield_12313520": null,
        "description": "For the query below which is a subset of TPC-DS Query 80, CBO joins catalog_sales with catalog_returns first although the CE of the join is relatively high.\nThe physical optimizer estimates for catalog_sales left out join catalog_returns 2,911 rows while the actual is 285,470,584 rows.\n\nDatabase used was un-partitioned.\n\n{code}\nselect count(*)\nfrom\n          catalog_sales\n         ,warehouse\n         ,date_dim\n         ,time_dim\n \t ,ship_mode\n     where\n            catalog_sales.cs_warehouse_sk =  warehouse.w_warehouse_sk\n        and catalog_sales.cs_sold_date_sk = date_dim.d_date_sk\n        and catalog_sales.cs_sold_time_sk = time_dim.t_time_sk\n \tand catalog_sales.cs_ship_mode_sk = ship_mode.sm_ship_mode_sk\n        and d_year = 2002\n \tand t_time between 49530 AND 49530+28800 \n \tand sm_carrier in ('DIAMOND','AIRBORNE')\n     group by \n        w_warehouse_name\n \t,w_warehouse_sq_ft\n \t,w_city\n \t,w_county\n \t,w_state\n \t,w_country\n       ,d_year\n{code}\n\nExplain plan \n{code}\nSTAGE DEPENDENCIES:\n  Stage-1 is a root stage\n  Stage-0 depends on stages: Stage-1\n\nSTAGE PLANS:\n  Stage: Stage-1\n    Tez\n      Edges:\n        Map 1 <- Map 2 (BROADCAST_EDGE)\n        Map 3 <- Map 1 (BROADCAST_EDGE)\n        Map 4 <- Map 3 (BROADCAST_EDGE), Map 6 (BROADCAST_EDGE), Map 7 (BROADCAST_EDGE)\n        Reducer 5 <- Map 4 (SIMPLE_EDGE)\n      DagName: mmokhtar_20150217223434_d0ab6fa9-a1a3-47a5-8138-ba7435d9aea5:4\n      Vertices:\n        Map 1\n            Map Operator Tree:\n                TableScan\n                  alias: catalog_sales\n                  filterExpr: (((cs_sold_date_sk is not null and cs_catalog_page_sk is not null) and cs_item_sk is not null) and cs_promo_sk is not null) (type: boolean)\n                  Statistics: Num rows: 286549727 Data size: 65825832570 Basic stats: COMPLETE Column stats: COMPLETE\n                  Filter Operator\n                    predicate: (((cs_sold_date_sk is not null and cs_catalog_page_sk is not null) and cs_item_sk is not null) and cs_promo_sk is not null) (type: boolean)\n                    Statistics: Num rows: 285112475 Data size: 7974560516 Basic stats: COMPLETE Column stats: COMPLETE\n                    Select Operator\n                      expressions: cs_sold_date_sk (type: int), cs_catalog_page_sk (type: int), cs_item_sk (type: int), cs_promo_sk (type: int), cs_order_number (type: int), cs_ext_sales_price (type: float), cs_net_profit (type: float)\n                      outputColumnNames: _col0, _col1, _col2, _col3, _col4, _col5, _col6\n                      Statistics: Num rows: 285112475 Data size: 7974560516 Basic stats: COMPLETE Column stats: COMPLETE\n                      Map Join Operator\n                        condition map:\n                             Left Outer Join0 to 1\n                        keys:\n                          0 _col2 (type: int), _col4 (type: int)\n                          1 _col0 (type: int), _col1 (type: int)\n                        outputColumnNames: _col0, _col1, _col2, _col3, _col5, _col6, _col9, _col10\n                        input vertices:\n                          1 Map 2\n                        Statistics: Num rows: 2911 Data size: 93152 Basic stats: COMPLETE Column stats: COMPLETE\n                        Reduce Output Operator\n                          key expressions: _col0 (type: int)\n                          sort order: +\n                          Map-reduce partition columns: _col0 (type: int)\n                          Statistics: Num rows: 2911 Data size: 93152 Basic stats: COMPLETE Column stats: COMPLETE\n                          value expressions: _col1 (type: int), _col2 (type: int), _col3 (type: int), _col5 (type: float), _col6 (type: float), _col9 (type: float), _col10 (type: float)\n            Execution mode: vectorized\n        Map 2\n            Map Operator Tree:\n                TableScan\n                  alias: catalog_returns\n                  filterExpr: cr_item_sk is not null (type: boolean)\n                  Statistics: Num rows: 28798881 Data size: 5764329494 Basic stats: COMPLETE Column stats: COMPLETE\n                  Filter Operator\n                    predicate: cr_item_sk is not null (type: boolean)\n                    Statistics: Num rows: 28798881 Data size: 456171072 Basic stats: COMPLETE Column stats: COMPLETE\n                    Select Operator\n                      expressions: cr_item_sk (type: int), cr_order_number (type: int), cr_return_amount (type: float), cr_net_loss (type: float)\n                      outputColumnNames: _col0, _col1, _col2, _col3\n                      Statistics: Num rows: 28798881 Data size: 456171072 Basic stats: COMPLETE Column stats: COMPLETE\n                      Reduce Output Operator\n                        key expressions: _col0 (type: int), _col1 (type: int)\n                        sort order: ++\n                        Map-reduce partition columns: _col0 (type: int), _col1 (type: int)\n                        Statistics: Num rows: 28798881 Data size: 456171072 Basic stats: COMPLETE Column stats: COMPLETE\n                        value expressions: _col2 (type: float), _col3 (type: float)\n            Execution mode: vectorized\n        Map 3\n            Map Operator Tree:\n                TableScan\n                  alias: date_dim\n                  filterExpr: (d_date BETWEEN 1998-08-04 AND 1998-09-04 and d_date_sk is not null) (type: boolean)\n                  Statistics: Num rows: 73049 Data size: 81741831 Basic stats: COMPLETE Column stats: COMPLETE\n                  Filter Operator\n                    predicate: (d_date BETWEEN 1998-08-04 AND 1998-09-04 and d_date_sk is not null) (type: boolean)\n                    Statistics: Num rows: 36524 Data size: 3579352 Basic stats: COMPLETE Column stats: COMPLETE\n                    Select Operator\n                      expressions: d_date_sk (type: int)\n                      outputColumnNames: _col0\n                      Statistics: Num rows: 36524 Data size: 146096 Basic stats: COMPLETE Column stats: COMPLETE\n                      Map Join Operator\n                        condition map:\n                             Inner Join 0 to 1\n                        keys:\n                          0 _col0 (type: int)\n                          1 _col0 (type: int)\n                        outputColumnNames: _col1, _col2, _col3, _col5, _col6, _col9, _col10\n                        input vertices:\n                          0 Map 1\n                        Statistics: Num rows: 1456 Data size: 40768 Basic stats: COMPLETE Column stats: COMPLETE\n                        Reduce Output Operator\n                          key expressions: _col1 (type: int)\n                          sort order: +\n                          Map-reduce partition columns: _col1 (type: int)\n                          Statistics: Num rows: 1456 Data size: 40768 Basic stats: COMPLETE Column stats: COMPLETE\n                          value expressions: _col2 (type: int), _col3 (type: int), _col5 (type: float), _col6 (type: float), _col9 (type: float), _col10 (type: float)\n            Execution mode: vectorized\n        Map 4\n            Map Operator Tree:\n                TableScan\n                  alias: catalog_page\n                  filterExpr: cp_catalog_page_sk is not null (type: boolean)\n                  Statistics: Num rows: 11718 Data size: 5400282 Basic stats: COMPLETE Column stats: COMPLETE\n                  Filter Operator\n                    predicate: cp_catalog_page_sk is not null (type: boolean)\n                    Statistics: Num rows: 11718 Data size: 1218672 Basic stats: COMPLETE Column stats: COMPLETE\n                    Select Operator\n                      expressions: cp_catalog_page_sk (type: int), cp_catalog_page_id (type: string)\n                      outputColumnNames: _col0, _col1\n                      Statistics: Num rows: 11718 Data size: 1218672 Basic stats: COMPLETE Column stats: COMPLETE\n                      Map Join Operator\n                        condition map:\n                             Inner Join 0 to 1\n                        keys:\n                          0 _col1 (type: int)\n                          1 _col0 (type: int)\n                        outputColumnNames: _col2, _col3, _col5, _col6, _col9, _col10, _col14\n                        input vertices:\n                          0 Map 3\n                        Statistics: Num rows: 1456 Data size: 180544 Basic stats: COMPLETE Column stats: COMPLETE\n                        Map Join Operator\n                          condition map:\n                               Inner Join 0 to 1\n                          keys:\n                            0 _col2 (type: int)\n                            1 _col0 (type: int)\n                          outputColumnNames: _col3, _col5, _col6, _col9, _col10, _col14\n                          input vertices:\n                            1 Map 6\n                          Statistics: Num rows: 486 Data size: 58320 Basic stats: COMPLETE Column stats: COMPLETE\n                          Map Join Operator\n                            condition map:\n                                 Inner Join 0 to 1\n                            keys:\n                              0 _col3 (type: int)\n                              1 _col0 (type: int)\n                            outputColumnNames: _col5, _col6, _col9, _col10, _col14\n                            input vertices:\n                              1 Map 7\n                            Statistics: Num rows: 243 Data size: 28188 Basic stats: COMPLETE Column stats: COMPLETE\n                            Select Operator\n                              expressions: _col14 (type: string), _col5 (type: float), COALESCE(_col9,0) (type: float), (_col6 - COALESCE(_col10,0)) (type: float)\n                              outputColumnNames: _col0, _col1, _col2, _col3\n                              Statistics: Num rows: 243 Data size: 28188 Basic stats: COMPLETE Column stats: COMPLETE\n                              Group By Operator\n                                aggregations: sum(_col1), sum(_col2), sum(_col3)\n                                keys: _col0 (type: string)\n                                mode: hash\n                                outputColumnNames: _col0, _col1, _col2, _col3\n                                Statistics: Num rows: 121 Data size: 15004 Basic stats: COMPLETE Column stats: COMPLETE\n                                Reduce Output Operator\n                                  key expressions: _col0 (type: string)\n                                  sort order: +\n                                  Map-reduce partition columns: _col0 (type: string)\n                                  Statistics: Num rows: 121 Data size: 15004 Basic stats: COMPLETE Column stats: COMPLETE\n                                  value expressions: _col1 (type: double), _col2 (type: double), _col3 (type: double)\n            Execution mode: vectorized\n        Map 6\n            Map Operator Tree:\n                TableScan\n                  alias: item\n                  filterExpr: ((i_current_price > 50.0) and i_item_sk is not null) (type: boolean)\n                  Statistics: Num rows: 48000 Data size: 68732712 Basic stats: COMPLETE Column stats: COMPLETE\n                  Filter Operator\n                    predicate: ((i_current_price > 50.0) and i_item_sk is not null) (type: boolean)\n                    Statistics: Num rows: 16000 Data size: 127832 Basic stats: COMPLETE Column stats: COMPLETE\n                    Select Operator\n                      expressions: i_item_sk (type: int)\n                      outputColumnNames: _col0\n                      Statistics: Num rows: 16000 Data size: 64000 Basic stats: COMPLETE Column stats: COMPLETE\n                      Reduce Output Operator\n                        key expressions: _col0 (type: int)\n                        sort order: +\n                        Map-reduce partition columns: _col0 (type: int)\n                        Statistics: Num rows: 16000 Data size: 64000 Basic stats: COMPLETE Column stats: COMPLETE\n            Execution mode: vectorized\n        Map 7\n            Map Operator Tree:\n                TableScan\n                  alias: promotion\n                  filterExpr: ((p_channel_tv = 'N') and p_promo_sk is not null) (type: boolean)\n                  Statistics: Num rows: 450 Data size: 530848 Basic stats: COMPLETE Column stats: COMPLETE\n                  Filter Operator\n                    predicate: ((p_channel_tv = 'N') and p_promo_sk is not null) (type: boolean)\n                    Statistics: Num rows: 225 Data size: 20025 Basic stats: COMPLETE Column stats: COMPLETE\n                    Select Operator\n                      expressions: p_promo_sk (type: int)\n                      outputColumnNames: _col0\n                      Statistics: Num rows: 225 Data size: 900 Basic stats: COMPLETE Column stats: COMPLETE\n                      Reduce Output Operator\n                        key expressions: _col0 (type: int)\n                        sort order: +\n                        Map-reduce partition columns: _col0 (type: int)\n                        Statistics: Num rows: 225 Data size: 900 Basic stats: COMPLETE Column stats: COMPLETE\n            Execution mode: vectorized\n        Reducer 5\n            Reduce Operator Tree:\n              Group By Operator\n                aggregations: sum(VALUE._col0), sum(VALUE._col1), sum(VALUE._col2)\n                keys: KEY._col0 (type: string)\n                mode: mergepartial\n                outputColumnNames: _col0, _col1, _col2, _col3\n                Statistics: Num rows: 121 Data size: 15004 Basic stats: COMPLETE Column stats: COMPLETE\n                File Output Operator\n                  compressed: false\n                  Statistics: Num rows: 121 Data size: 15004 Basic stats: COMPLETE Column stats: COMPLETE\n                  table:\n                      input format: org.apache.hadoop.mapred.TextInputFormat\n                      output format: org.apache.hadoop.hive.ql.io.HiveIgnoreKeyTextOutputFormat\n                      serde: org.apache.hadoop.hive.serde2.lazy.LazySimpleSerDe\n\n  Stage: Stage-0\n    Fetch Operator\n      limit: -1\n      Processor Tree:\n        ListSink\n{code}",
        "duedate": null,
        "environment": null,
        "fixVersions": [],
        "issuelinks": [],
        "issuetype": {
            "avatarId": 21133,
            "description": "A problem which impairs or prevents the functions of the product.",
            "iconUrl": "https://issues.apache.org/jira/secure/viewavatar?size=xsmall&avatarId=21133&avatarType=issuetype",
            "id": "1",
            "name": "Bug",
            "self": "https://issues.apache.org/jira/rest/api/2/issuetype/1",
            "subtask": false
        },
        "labels": [],
        "lastViewed": null,
        "priority": {
            "iconUrl": "https://issues.apache.org/jira/images/icons/priorities/major.svg",
            "id": "3",
            "name": "Major",
            "self": "https://issues.apache.org/jira/rest/api/2/priority/3"
        },
        "progress": {
            "progress": 0,
            "total": 0
        },
        "project": {
            "avatarUrls": {
                "16x16": "https://issues.apache.org/jira/secure/projectavatar?size=xsmall&pid=12310843&avatarId=11935",
                "24x24": "https://issues.apache.org/jira/secure/projectavatar?size=small&pid=12310843&avatarId=11935",
                "32x32": "https://issues.apache.org/jira/secure/projectavatar?size=medium&pid=12310843&avatarId=11935",
                "48x48": "https://issues.apache.org/jira/secure/projectavatar?pid=12310843&avatarId=11935"
            },
            "id": "12310843",
            "key": "HIVE",
            "name": "Hive",
            "projectCategory": {
                "description": "Scalable Distributed Computing",
                "id": "10292",
                "name": "Hadoop",
                "self": "https://issues.apache.org/jira/rest/api/2/projectCategory/10292"
            },
            "self": "https://issues.apache.org/jira/rest/api/2/project/12310843"
        },
        "reporter": {
            "active": true,
            "avatarUrls": {
                "16x16": "https://issues.apache.org/jira/secure/useravatar?size=xsmall&ownerId=mmokhtar&avatarId=21863",
                "24x24": "https://issues.apache.org/jira/secure/useravatar?size=small&ownerId=mmokhtar&avatarId=21863",
                "32x32": "https://issues.apache.org/jira/secure/useravatar?size=medium&ownerId=mmokhtar&avatarId=21863",
                "48x48": "https://issues.apache.org/jira/secure/useravatar?ownerId=mmokhtar&avatarId=21863"
            },
            "displayName": "Mostafa Mokhtar",
            "key": "mmokhtar",
            "name": "mmokhtar",
            "self": "https://issues.apache.org/jira/rest/api/2/user?username=mmokhtar",
            "timeZone": "America/Los_Angeles"
        },
        "resolution": null,
        "resolutiondate": null,
        "status": {
            "description": "The issue is open and ready for the assignee to start work on it.",
            "iconUrl": "https://issues.apache.org/jira/images/icons/statuses/open.png",
            "id": "1",
            "name": "Open",
            "self": "https://issues.apache.org/jira/rest/api/2/status/1",
            "statusCategory": {
                "colorName": "blue-gray",
                "id": 2,
                "key": "new",
                "name": "To Do",
                "self": "https://issues.apache.org/jira/rest/api/2/statuscategory/2"
            }
        },
        "subtasks": [],
        "summary": "Physical optimizer : Under estimation for left join outer condition ",
        "timeestimate": null,
        "timeoriginalestimate": null,
        "timespent": null,
        "updated": "2015-03-12T18:25:34.000+0000",
        "versions": [{
            "archived": false,
            "description": "released",
            "id": "12326450",
            "name": "0.14.0",
            "releaseDate": "2014-11-12",
            "released": true,
            "self": "https://issues.apache.org/jira/rest/api/2/version/12326450"
        }],
        "votes": {
            "hasVoted": false,
            "self": "https://issues.apache.org/jira/rest/api/2/issue/HIVE-9714/votes",
            "votes": 0
        },
        "watches": {
            "isWatching": false,
            "self": "https://issues.apache.org/jira/rest/api/2/issue/HIVE-9714/watchers",
            "watchCount": 2
        },
        "workratio": -1
    },
    "id": "12775806",
    "key": "HIVE-9714",
    "self": "https://issues.apache.org/jira/rest/api/2/issue/12775806"
}