{
    "expand": "operations,versionedRepresentations,editmeta,changelog,renderedFields",
    "fields": {
        "aggregateprogress": {
            "progress": 0,
            "total": 0
        },
        "aggregatetimeestimate": null,
        "aggregatetimeoriginalestimate": null,
        "aggregatetimespent": null,
        "assignee": {
            "active": true,
            "avatarUrls": {
                "16x16": "https://issues.apache.org/jira/secure/useravatar?size=xsmall&avatarId=10452",
                "24x24": "https://issues.apache.org/jira/secure/useravatar?size=small&avatarId=10452",
                "32x32": "https://issues.apache.org/jira/secure/useravatar?size=medium&avatarId=10452",
                "48x48": "https://issues.apache.org/jira/secure/useravatar?avatarId=10452"
            },
            "displayName": "liyunzhang",
            "key": "kellyzly",
            "name": "kellyzly",
            "self": "https://issues.apache.org/jira/rest/api/2/user?username=kellyzly",
            "timeZone": "Asia/Shanghai"
        },
        "components": [],
        "created": "2017-06-23T03:23:30.000+0000",
        "creator": {
            "active": true,
            "avatarUrls": {
                "16x16": "https://issues.apache.org/jira/secure/useravatar?size=xsmall&avatarId=10452",
                "24x24": "https://issues.apache.org/jira/secure/useravatar?size=small&avatarId=10452",
                "32x32": "https://issues.apache.org/jira/secure/useravatar?size=medium&avatarId=10452",
                "48x48": "https://issues.apache.org/jira/secure/useravatar?avatarId=10452"
            },
            "displayName": "liyunzhang",
            "key": "kellyzly",
            "name": "kellyzly",
            "self": "https://issues.apache.org/jira/rest/api/2/user?username=kellyzly",
            "timeZone": "Asia/Shanghai"
        },
        "customfield_10010": null,
        "customfield_12310191": null,
        "customfield_12310192": null,
        "customfield_12310220": "2017-06-23T03:28:31.924+0000",
        "customfield_12310222": "1_*:*_1_*:*_2764596342_*|*_5_*:*_1_*:*_0_*|*_10002_*:*_1_*:*_2088406422",
        "customfield_12310230": null,
        "customfield_12310250": null,
        "customfield_12310290": null,
        "customfield_12310291": null,
        "customfield_12310300": null,
        "customfield_12310310": "7.0",
        "customfield_12310320": null,
        "customfield_12310420": "9223372036854775807",
        "customfield_12310920": "9223372036854775807",
        "customfield_12310921": null,
        "customfield_12311020": null,
        "customfield_12311024": null,
        "customfield_12311120": null,
        "customfield_12311820": "0|i3gn4v:",
        "customfield_12312022": null,
        "customfield_12312023": null,
        "customfield_12312024": null,
        "customfield_12312026": null,
        "customfield_12312220": null,
        "customfield_12312320": null,
        "customfield_12312321": null,
        "customfield_12312322": null,
        "customfield_12312323": null,
        "customfield_12312324": null,
        "customfield_12312325": null,
        "customfield_12312326": null,
        "customfield_12312327": null,
        "customfield_12312328": null,
        "customfield_12312329": null,
        "customfield_12312330": null,
        "customfield_12312331": null,
        "customfield_12312332": null,
        "customfield_12312333": null,
        "customfield_12312334": null,
        "customfield_12312335": null,
        "customfield_12312336": null,
        "customfield_12312337": null,
        "customfield_12312338": null,
        "customfield_12312339": null,
        "customfield_12312340": null,
        "customfield_12312341": null,
        "customfield_12312520": null,
        "customfield_12312521": "Tue May 22 23:59:24 UTC 2018",
        "customfield_12312720": null,
        "customfield_12312823": null,
        "customfield_12312920": null,
        "customfield_12312921": null,
        "customfield_12312923": null,
        "customfield_12313422": "false",
        "customfield_12313520": null,
        "description": "in [union_subquery.q|https://github.com/apache/hive/blob/master/ql/src/test/queries/clientpositive/spark_dynamic_partition_pruning.q#L107] in spark_dynamic_partition_pruning.q\n{code}\nset hive.optimize.ppd=true;\nset hive.ppd.remove.duplicatefilters=true;\nset hive.spark.dynamic.partition.pruning=true;\nset hive.optimize.metadataonly=false;\nset hive.optimize.index.filter=true;\nset hive.strict.checks.cartesian.product=false;\nexplain select ds from (select distinct(ds) as ds from srcpart union all select distinct(ds) as ds from srcpart) s where s.ds in (select max(srcpart.ds) from srcpart union all select min(srcpart.ds) from srcpart);\n{code}\nexplain \n{code}\nSTAGE DEPENDENCIES:\n  Stage-2 is a root stage\n  Stage-1 depends on stages: Stage-2\n  Stage-0 depends on stages: Stage-1\n\nSTAGE PLANS:\n  Stage: Stage-2\n    Spark\n      Edges:\n        Reducer 11 <- Map 10 (GROUP, 1)\n        Reducer 13 <- Map 12 (GROUP, 1)\n      DagName: root_20170622231525_20a777e5-e659-4138-b605-65f8395e18e2:2\n      Vertices:\n        Map 10 \n            Map Operator Tree:\n                TableScan\n                  alias: srcpart\n                  Statistics: Num rows: 1 Data size: 23248 Basic stats: PARTIAL Column stats: NONE\n                  Select Operator\n                    expressions: ds (type: string)\n                    outputColumnNames: ds\n                    Statistics: Num rows: 1 Data size: 23248 Basic stats: PARTIAL Column stats: NONE\n                    Group By Operator\n                      aggregations: max(ds)\n                      mode: hash\n                      outputColumnNames: _col0\n                      Statistics: Num rows: 1 Data size: 184 Basic stats: COMPLETE Column stats: NONE\n                      Reduce Output Operator\n                        sort order: \n                        Statistics: Num rows: 1 Data size: 184 Basic stats: COMPLETE Column stats: NONE\n                        value expressions: _col0 (type: string)\n        Map 12 \n            Map Operator Tree:\n                TableScan\n                  alias: srcpart\n                  Statistics: Num rows: 1 Data size: 23248 Basic stats: PARTIAL Column stats: NONE\n                  Select Operator\n                    expressions: ds (type: string)\n                    outputColumnNames: ds\n                    Statistics: Num rows: 1 Data size: 23248 Basic stats: PARTIAL Column stats: NONE\n                    Group By Operator\n                      aggregations: min(ds)\n                      mode: hash\n                      outputColumnNames: _col0\n                      Statistics: Num rows: 1 Data size: 184 Basic stats: COMPLETE Column stats: NONE\n                      Reduce Output Operator\n                        sort order: \n                        Statistics: Num rows: 1 Data size: 184 Basic stats: COMPLETE Column stats: NONE\n                        value expressions: _col0 (type: string)\n        Reducer 11 \n            Reduce Operator Tree:\n              Group By Operator\n                aggregations: max(VALUE._col0)\n                mode: mergepartial\n                outputColumnNames: _col0\n                Statistics: Num rows: 1 Data size: 184 Basic stats: COMPLETE Column stats: NONE\n                Filter Operator\n                  predicate: _col0 is not null (type: boolean)\n                  Statistics: Num rows: 1 Data size: 184 Basic stats: COMPLETE Column stats: NONE\n                  Group By Operator\n                    keys: _col0 (type: string)\n                    mode: hash\n                    outputColumnNames: _col0\n                    Statistics: Num rows: 2 Data size: 368 Basic stats: COMPLETE Column stats: NONE\n                    Select Operator\n                      expressions: _col0 (type: string)\n                      outputColumnNames: _col0\n                      Statistics: Num rows: 2 Data size: 368 Basic stats: COMPLETE Column stats: NONE\n                      Group By Operator\n                        keys: _col0 (type: string)\n                        mode: hash\n                        outputColumnNames: _col0\n                        Statistics: Num rows: 2 Data size: 368 Basic stats: COMPLETE Column stats: NONE\n                        Spark Partition Pruning Sink Operator\n                          partition key expr: ds\n                          Statistics: Num rows: 2 Data size: 368 Basic stats: COMPLETE Column stats: NONE\n                          target column name: ds\n                          target work: Map 1\n                    Select Operator\n                      expressions: _col0 (type: string)\n                      outputColumnNames: _col0\n                      Statistics: Num rows: 2 Data size: 368 Basic stats: COMPLETE Column stats: NONE\n                      Group By Operator\n                        keys: _col0 (type: string)\n                        mode: hash\n                        outputColumnNames: _col0\n                        Statistics: Num rows: 2 Data size: 368 Basic stats: COMPLETE Column stats: NONE\n                        Spark Partition Pruning Sink Operator\n                          partition key expr: ds\n                          Statistics: Num rows: 2 Data size: 368 Basic stats: COMPLETE Column stats: NONE\n                          target column name: ds\n                          target work: Map 4\n        Reducer 13 \n            Reduce Operator Tree:\n              Group By Operator\n                aggregations: min(VALUE._col0)\n                mode: mergepartial\n                outputColumnNames: _col0\n                Statistics: Num rows: 1 Data size: 184 Basic stats: COMPLETE Column stats: NONE\n                Filter Operator\n                  predicate: _col0 is not null (type: boolean)\n                  Statistics: Num rows: 1 Data size: 184 Basic stats: COMPLETE Column stats: NONE\n                  Group By Operator\n                    keys: _col0 (type: string)\n                    mode: hash\n                    outputColumnNames: _col0\n                    Statistics: Num rows: 2 Data size: 368 Basic stats: COMPLETE Column stats: NONE\n                    Select Operator\n                      expressions: _col0 (type: string)\n                      outputColumnNames: _col0\n                      Statistics: Num rows: 2 Data size: 368 Basic stats: COMPLETE Column stats: NONE\n                      Group By Operator\n                        keys: _col0 (type: string)\n                        mode: hash\n                        outputColumnNames: _col0\n                        Statistics: Num rows: 2 Data size: 368 Basic stats: COMPLETE Column stats: NONE\n                        Spark Partition Pruning Sink Operator\n                          partition key expr: ds\n                          Statistics: Num rows: 2 Data size: 368 Basic stats: COMPLETE Column stats: NONE\n                          target column name: ds\n                          target work: Map 1\n                    Select Operator\n                      expressions: _col0 (type: string)\n                      outputColumnNames: _col0\n                      Statistics: Num rows: 2 Data size: 368 Basic stats: COMPLETE Column stats: NONE\n                      Group By Operator\n                        keys: _col0 (type: string)\n                        mode: hash\n                        outputColumnNames: _col0\n                        Statistics: Num rows: 2 Data size: 368 Basic stats: COMPLETE Column stats: NONE\n                        Spark Partition Pruning Sink Operator\n                          partition key expr: ds\n                          Statistics: Num rows: 2 Data size: 368 Basic stats: COMPLETE Column stats: NONE\n                          target column name: ds\n                          target work: Map 4\n\n  Stage: Stage-1\n    Spark\n      Edges:\n        Reducer 2 <- Map 1 (GROUP, 2)\n        Reducer 3 <- Reducer 2 (PARTITION-LEVEL SORT, 2), Reducer 2 (PARTITION-LEVEL SORT, 2), Reducer 7 (PARTITION-LEVEL SORT, 2), Reducer 9 (PARTITION-LEVEL SORT, 2)\n        Reducer 7 <- Map 6 (GROUP, 1)\n        Reducer 9 <- Map 8 (GROUP, 1)\n      DagName: root_20170622231525_20a777e5-e659-4138-b605-65f8395e18e2:1\n      Vertices:\n        Map 1 \n            Map Operator Tree:\n                TableScan\n                  alias: srcpart\n                  filterExpr: ds is not null (type: boolean)\n                  Statistics: Num rows: 1 Data size: 23248 Basic stats: PARTIAL Column stats: NONE\n                  Group By Operator\n                    keys: ds (type: string)\n                    mode: hash\n                    outputColumnNames: _col0\n                    Statistics: Num rows: 1 Data size: 23248 Basic stats: COMPLETE Column stats: NONE\n                    Reduce Output Operator\n                      key expressions: _col0 (type: string)\n                      sort order: +\n                      Map-reduce partition columns: _col0 (type: string)\n                      Statistics: Num rows: 1 Data size: 23248 Basic stats: COMPLETE Column stats: NONE\n        Map 6 \n            Map Operator Tree:\n                TableScan\n                  alias: srcpart\n                  Statistics: Num rows: 1 Data size: 23248 Basic stats: PARTIAL Column stats: NONE\n                  Select Operator\n                    expressions: ds (type: string)\n                    outputColumnNames: ds\n                    Statistics: Num rows: 1 Data size: 23248 Basic stats: PARTIAL Column stats: NONE\n                    Group By Operator\n                      aggregations: max(ds)\n                      mode: hash\n                      outputColumnNames: _col0\n                      Statistics: Num rows: 1 Data size: 184 Basic stats: COMPLETE Column stats: NONE\n                      Reduce Output Operator\n                        sort order: \n                        Statistics: Num rows: 1 Data size: 184 Basic stats: COMPLETE Column stats: NONE\n                        value expressions: _col0 (type: string)\n        Map 8 \n            Map Operator Tree:\n                TableScan\n                  alias: srcpart\n                  Statistics: Num rows: 1 Data size: 23248 Basic stats: PARTIAL Column stats: NONE\n                  Select Operator\n                    expressions: ds (type: string)\n                    outputColumnNames: ds\n                    Statistics: Num rows: 1 Data size: 23248 Basic stats: PARTIAL Column stats: NONE\n                    Group By Operator\n                      aggregations: min(ds)\n                      mode: hash\n                      outputColumnNames: _col0\n                      Statistics: Num rows: 1 Data size: 184 Basic stats: COMPLETE Column stats: NONE\n                      Reduce Output Operator\n                        sort order: \n                        Statistics: Num rows: 1 Data size: 184 Basic stats: COMPLETE Column stats: NONE\n                        value expressions: _col0 (type: string)\n        Reducer 2 \n            Reduce Operator Tree:\n              Group By Operator\n                keys: KEY._col0 (type: string)\n                mode: mergepartial\n                outputColumnNames: _col0\n                Statistics: Num rows: 1 Data size: 23248 Basic stats: COMPLETE Column stats: NONE\n                Reduce Output Operator\n                  key expressions: _col0 (type: string)\n                  sort order: +\n                  Map-reduce partition columns: _col0 (type: string)\n                  Statistics: Num rows: 2 Data size: 46496 Basic stats: COMPLETE Column stats: NONE\n        Reducer 3 \n            Reduce Operator Tree:\n              Join Operator\n                condition map:\n                     Left Semi Join 0 to 1\n                keys:\n                  0 _col0 (type: string)\n                  1 _col0 (type: string)\n                outputColumnNames: _col0\n                Statistics: Num rows: 2 Data size: 51145 Basic stats: COMPLETE Column stats: NONE\n                File Output Operator\n                  compressed: false\n                  Statistics: Num rows: 2 Data size: 51145 Basic stats: COMPLETE Column stats: NONE\n                  table:\n                      input format: org.apache.hadoop.mapred.SequenceFileInputFormat\n                      output format: org.apache.hadoop.hive.ql.io.HiveSequenceFileOutputFormat\n                      serde: org.apache.hadoop.hive.serde2.lazy.LazySimpleSerDe\n        Reducer 7 \n            Reduce Operator Tree:\n              Group By Operator\n                aggregations: max(VALUE._col0)\n                mode: mergepartial\n                outputColumnNames: _col0\n                Statistics: Num rows: 1 Data size: 184 Basic stats: COMPLETE Column stats: NONE\n                Filter Operator\n                  predicate: _col0 is not null (type: boolean)\n                  Statistics: Num rows: 1 Data size: 184 Basic stats: COMPLETE Column stats: NONE\n                  Group By Operator\n                    keys: _col0 (type: string)\n                    mode: hash\n                    outputColumnNames: _col0\n                    Statistics: Num rows: 2 Data size: 368 Basic stats: COMPLETE Column stats: NONE\n                    Reduce Output Operator\n                      key expressions: _col0 (type: string)\n                      sort order: +\n                      Map-reduce partition columns: _col0 (type: string)\n                      Statistics: Num rows: 2 Data size: 368 Basic stats: COMPLETE Column stats: NONE\n        Reducer 9 \n            Reduce Operator Tree:\n              Group By Operator\n                aggregations: min(VALUE._col0)\n                mode: mergepartial\n                outputColumnNames: _col0\n                Statistics: Num rows: 1 Data size: 184 Basic stats: COMPLETE Column stats: NONE\n                Filter Operator\n                  predicate: _col0 is not null (type: boolean)\n                  Statistics: Num rows: 1 Data size: 184 Basic stats: COMPLETE Column stats: NONE\n                  Group By Operator\n                    keys: _col0 (type: string)\n                    mode: hash\n                    outputColumnNames: _col0\n                    Statistics: Num rows: 2 Data size: 368 Basic stats: COMPLETE Column stats: NONE\n                    Reduce Output Operator\n                      key expressions: _col0 (type: string)\n                      sort order: +\n                      Map-reduce partition columns: _col0 (type: string)\n                      Statistics: Num rows: 2 Data size: 368 Basic stats: COMPLETE Column stats: NONE\n\n  Stage: Stage-0\n    Fetch Operator\n      limit: -1\n      Processor Tree:\n        ListSink\n{code}\nthe target work of Reducer11 and Reducer13 is Map4 , but Map4 does not exist in the explain ",
        "duedate": null,
        "environment": null,
        "fixVersions": [{
            "archived": false,
            "id": "12340268",
            "name": "3.0.0",
            "releaseDate": "2018-05-21",
            "released": true,
            "self": "https://issues.apache.org/jira/rest/api/2/version/12340268"
        }],
        "issuelinks": [{
            "id": "12513342",
            "outwardIssue": {
                "fields": {
                    "issuetype": {
                        "avatarId": 21146,
                        "description": "The sub-task of the issue",
                        "iconUrl": "https://issues.apache.org/jira/secure/viewavatar?size=xsmall&avatarId=21146&avatarType=issuetype",
                        "id": "7",
                        "name": "Sub-task",
                        "self": "https://issues.apache.org/jira/rest/api/2/issuetype/7",
                        "subtask": true
                    },
                    "priority": {
                        "iconUrl": "https://issues.apache.org/jira/images/icons/priorities/major.svg",
                        "id": "3",
                        "name": "Major",
                        "self": "https://issues.apache.org/jira/rest/api/2/priority/3"
                    },
                    "status": {
                        "description": "The issue is considered finished, the resolution is correct. Issues which are not closed can be reopened.",
                        "iconUrl": "https://issues.apache.org/jira/images/icons/statuses/closed.png",
                        "id": "6",
                        "name": "Closed",
                        "self": "https://issues.apache.org/jira/rest/api/2/status/6",
                        "statusCategory": {
                            "colorName": "green",
                            "id": 3,
                            "key": "done",
                            "name": "Done",
                            "self": "https://issues.apache.org/jira/rest/api/2/statuscategory/3"
                        }
                    },
                    "summary": "HoS DPP + Vectorization generates invalid explain plan due to CombineEquivalentWorkResolver"
                },
                "id": "13098676",
                "key": "HIVE-17414",
                "self": "https://issues.apache.org/jira/rest/api/2/issue/13098676"
            },
            "self": "https://issues.apache.org/jira/rest/api/2/issueLink/12513342",
            "type": {
                "id": "10030",
                "inward": "is related to",
                "name": "Reference",
                "outward": "relates to",
                "self": "https://issues.apache.org/jira/rest/api/2/issueLinkType/10030"
            }
        }],
        "issuetype": {
            "avatarId": 21133,
            "description": "A problem which impairs or prevents the functions of the product.",
            "iconUrl": "https://issues.apache.org/jira/secure/viewavatar?size=xsmall&avatarId=21133&avatarType=issuetype",
            "id": "1",
            "name": "Bug",
            "self": "https://issues.apache.org/jira/rest/api/2/issuetype/1",
            "subtask": false
        },
        "labels": [],
        "lastViewed": null,
        "priority": {
            "iconUrl": "https://issues.apache.org/jira/images/icons/priorities/major.svg",
            "id": "3",
            "name": "Major",
            "self": "https://issues.apache.org/jira/rest/api/2/priority/3"
        },
        "progress": {
            "progress": 0,
            "total": 0
        },
        "project": {
            "avatarUrls": {
                "16x16": "https://issues.apache.org/jira/secure/projectavatar?size=xsmall&pid=12310843&avatarId=11935",
                "24x24": "https://issues.apache.org/jira/secure/projectavatar?size=small&pid=12310843&avatarId=11935",
                "32x32": "https://issues.apache.org/jira/secure/projectavatar?size=medium&pid=12310843&avatarId=11935",
                "48x48": "https://issues.apache.org/jira/secure/projectavatar?pid=12310843&avatarId=11935"
            },
            "id": "12310843",
            "key": "HIVE",
            "name": "Hive",
            "projectCategory": {
                "description": "Scalable Distributed Computing",
                "id": "10292",
                "name": "Hadoop",
                "self": "https://issues.apache.org/jira/rest/api/2/projectCategory/10292"
            },
            "self": "https://issues.apache.org/jira/rest/api/2/project/12310843"
        },
        "reporter": {
            "active": true,
            "avatarUrls": {
                "16x16": "https://issues.apache.org/jira/secure/useravatar?size=xsmall&avatarId=10452",
                "24x24": "https://issues.apache.org/jira/secure/useravatar?size=small&avatarId=10452",
                "32x32": "https://issues.apache.org/jira/secure/useravatar?size=medium&avatarId=10452",
                "48x48": "https://issues.apache.org/jira/secure/useravatar?avatarId=10452"
            },
            "displayName": "liyunzhang",
            "key": "kellyzly",
            "name": "kellyzly",
            "self": "https://issues.apache.org/jira/rest/api/2/user?username=kellyzly",
            "timeZone": "Asia/Shanghai"
        },
        "resolution": {
            "description": "A fix for this issue is checked into the tree and tested.",
            "id": "1",
            "name": "Fixed",
            "self": "https://issues.apache.org/jira/rest/api/2/resolution/1"
        },
        "resolutiondate": "2017-08-18T07:26:53.000+0000",
        "status": {
            "description": "The issue is considered finished, the resolution is correct. Issues which are not closed can be reopened.",
            "iconUrl": "https://issues.apache.org/jira/images/icons/statuses/closed.png",
            "id": "6",
            "name": "Closed",
            "self": "https://issues.apache.org/jira/rest/api/2/status/6",
            "statusCategory": {
                "colorName": "green",
                "id": 3,
                "key": "done",
                "name": "Done",
                "self": "https://issues.apache.org/jira/rest/api/2/statuscategory/3"
            }
        },
        "subtasks": [],
        "summary": "Invalid explain when running dynamic partition pruning query in Hive On Spark",
        "timeestimate": null,
        "timeoriginalestimate": null,
        "timespent": null,
        "updated": "2018-05-22T23:59:24.000+0000",
        "versions": [],
        "votes": {
            "hasVoted": false,
            "self": "https://issues.apache.org/jira/rest/api/2/issue/HIVE-16948/votes",
            "votes": 0
        },
        "watches": {
            "isWatching": false,
            "self": "https://issues.apache.org/jira/rest/api/2/issue/HIVE-16948/watchers",
            "watchCount": 8
        },
        "workratio": -1
    },
    "id": "13081984",
    "key": "HIVE-16948",
    "self": "https://issues.apache.org/jira/rest/api/2/issue/13081984"
}