{
    "expand": "operations,versionedRepresentations,editmeta,changelog,renderedFields",
    "fields": {
        "aggregateprogress": {
            "progress": 0,
            "total": 0
        },
        "aggregatetimeestimate": null,
        "aggregatetimeoriginalestimate": null,
        "aggregatetimespent": null,
        "assignee": {
            "active": true,
            "avatarUrls": {
                "16x16": "https://issues.apache.org/jira/secure/useravatar?size=xsmall&avatarId=10452",
                "24x24": "https://issues.apache.org/jira/secure/useravatar?size=small&avatarId=10452",
                "32x32": "https://issues.apache.org/jira/secure/useravatar?size=medium&avatarId=10452",
                "48x48": "https://issues.apache.org/jira/secure/useravatar?avatarId=10452"
            },
            "displayName": "Jesus Camacho Rodriguez",
            "key": "jcamachorodriguez",
            "name": "jcamachorodriguez",
            "self": "https://issues.apache.org/jira/rest/api/2/user?username=jcamachorodriguez",
            "timeZone": "America/Los_Angeles"
        },
        "components": [{
            "description": "All issues dealing with Hive's cost based optimizer and its interaction with Optiq",
            "id": "12323402",
            "name": "CBO",
            "self": "https://issues.apache.org/jira/rest/api/2/component/12323402"
        }],
        "created": "2014-12-10T22:35:20.000+0000",
        "creator": {
            "active": true,
            "avatarUrls": {
                "16x16": "https://issues.apache.org/jira/secure/useravatar?size=xsmall&ownerId=mmokhtar&avatarId=21863",
                "24x24": "https://issues.apache.org/jira/secure/useravatar?size=small&ownerId=mmokhtar&avatarId=21863",
                "32x32": "https://issues.apache.org/jira/secure/useravatar?size=medium&ownerId=mmokhtar&avatarId=21863",
                "48x48": "https://issues.apache.org/jira/secure/useravatar?ownerId=mmokhtar&avatarId=21863"
            },
            "displayName": "Mostafa Mokhtar",
            "key": "mmokhtar",
            "name": "mmokhtar",
            "self": "https://issues.apache.org/jira/rest/api/2/user?username=mmokhtar",
            "timeZone": "America/Los_Angeles"
        },
        "customfield_10010": null,
        "customfield_12310191": null,
        "customfield_12310192": null,
        "customfield_12310220": "2015-05-08T06:31:48.915+0000",
        "customfield_12310222": "3_*:*_22_*:*_418461_*|*_10002_*:*_24_*:*_1703351695_*|*_1_*:*_23_*:*_13453333629_*|*_5_*:*_1_*:*_0",
        "customfield_12310230": null,
        "customfield_12310250": null,
        "customfield_12310290": null,
        "customfield_12310291": null,
        "customfield_12310300": null,
        "customfield_12310310": "26.0",
        "customfield_12310320": null,
        "customfield_12310420": "9223372036854775807",
        "customfield_12310920": "9223372036854775807",
        "customfield_12310921": null,
        "customfield_12311020": null,
        "customfield_12311024": null,
        "customfield_12311120": null,
        "customfield_12311820": "0|i23auv:",
        "customfield_12312022": null,
        "customfield_12312023": null,
        "customfield_12312024": null,
        "customfield_12312026": null,
        "customfield_12312220": null,
        "customfield_12312320": null,
        "customfield_12312321": null,
        "customfield_12312322": null,
        "customfield_12312323": null,
        "customfield_12312324": null,
        "customfield_12312325": null,
        "customfield_12312326": null,
        "customfield_12312327": null,
        "customfield_12312328": null,
        "customfield_12312329": null,
        "customfield_12312330": null,
        "customfield_12312331": null,
        "customfield_12312332": null,
        "customfield_12312333": null,
        "customfield_12312334": null,
        "customfield_12312335": null,
        "customfield_12312336": null,
        "customfield_12312337": null,
        "customfield_12312338": null,
        "customfield_12312339": null,
        "customfield_12312340": null,
        "customfield_12312341": null,
        "customfield_12312520": null,
        "customfield_12312521": "Thu Jun 04 08:52:59 UTC 2015",
        "customfield_12312720": null,
        "customfield_12312823": null,
        "customfield_12312920": null,
        "customfield_12312921": null,
        "customfield_12312923": null,
        "customfield_12313422": "false",
        "customfield_12313520": null,
        "description": "Simplify predicates for disjunctive predicates so that can get pushed down to the scan.\n\nLooks like this is still an issue, some of the filters can be pushed down to the scan.\n{code}\nset hive.cbo.enable=true\nset hive.stats.fetch.column.stats=true\nset hive.exec.dynamic.partition.mode=nonstrict\nset hive.tez.auto.reducer.parallelism=true\nset hive.auto.convert.join.noconditionaltask.size=320000000\nset hive.exec.reducers.bytes.per.reducer=100000000\nset hive.txn.manager=org.apache.hadoop.hive.ql.lockmgr.DummyTxnManager\nset hive.support.concurrency=false\nset hive.tez.exec.print.summary=true\nexplain  \n\nselect  substr(r_reason_desc,1,20) as r\n       ,avg(ws_quantity) wq\n       ,avg(wr_refunded_cash) ref\n       ,avg(wr_fee) fee\n from web_sales, web_returns, web_page, customer_demographics cd1,\n      customer_demographics cd2, customer_address, date_dim, reason \n where web_sales.ws_web_page_sk = web_page.wp_web_page_sk\n   and web_sales.ws_item_sk = web_returns.wr_item_sk\n   and web_sales.ws_order_number = web_returns.wr_order_number\n   and web_sales.ws_sold_date_sk = date_dim.d_date_sk and d_year = 1998\n   and cd1.cd_demo_sk = web_returns.wr_refunded_cdemo_sk \n   and cd2.cd_demo_sk = web_returns.wr_returning_cdemo_sk\n   and customer_address.ca_address_sk = web_returns.wr_refunded_addr_sk\n   and reason.r_reason_sk = web_returns.wr_reason_sk\n   and\n   (\n    (\n     cd1.cd_marital_status = 'M'\n     and\n     cd1.cd_marital_status = cd2.cd_marital_status\n     and\n     cd1.cd_education_status = '4 yr Degree'\n     and \n     cd1.cd_education_status = cd2.cd_education_status\n     and\n     ws_sales_price between 100.00 and 150.00\n    )\n   or\n    (\n     cd1.cd_marital_status = 'D'\n     and\n     cd1.cd_marital_status = cd2.cd_marital_status\n     and\n     cd1.cd_education_status = 'Primary' \n     and\n     cd1.cd_education_status = cd2.cd_education_status\n     and\n     ws_sales_price between 50.00 and 100.00\n    )\n   or\n    (\n     cd1.cd_marital_status = 'U'\n     and\n     cd1.cd_marital_status = cd2.cd_marital_status\n     and\n     cd1.cd_education_status = 'Advanced Degree'\n     and\n     cd1.cd_education_status = cd2.cd_education_status\n     and\n     ws_sales_price between 150.00 and 200.00\n    )\n   )\n   and\n   (\n    (\n     ca_country = 'United States'\n     and\n     ca_state in ('KY', 'GA', 'NM')\n     and ws_net_profit between 100 and 200  \n    )\n    or\n    (\n     ca_country = 'United States'\n     and\n     ca_state in ('MT', 'OR', 'IN')\n     and ws_net_profit between 150 and 300  \n    )\n    or\n    (\n     ca_country = 'United States'\n     and\n     ca_state in ('WI', 'MO', 'WV')\n     and ws_net_profit between 50 and 250  \n    )\n   )\ngroup by r_reason_desc\norder by r, wq, ref, fee\nlimit 100\nOK\nSTAGE DEPENDENCIES:\n  Stage-1 is a root stage\n  Stage-0 depends on stages: Stage-1\n\nSTAGE PLANS:\n  Stage: Stage-1\n    Tez\n      Edges:\n        Map 9 <- Map 1 (BROADCAST_EDGE)\n        Reducer 3 <- Map 13 (SIMPLE_EDGE), Map 2 (SIMPLE_EDGE)\n        Reducer 4 <- Map 9 (SIMPLE_EDGE), Reducer 3 (SIMPLE_EDGE)\n        Reducer 5 <- Map 14 (SIMPLE_EDGE), Reducer 4 (SIMPLE_EDGE)\n        Reducer 6 <- Map 10 (SIMPLE_EDGE), Map 11 (BROADCAST_EDGE), Map 12 (BROADCAST_EDGE), Reducer 5 (SIMPLE_EDGE)\n        Reducer 7 <- Reducer 6 (SIMPLE_EDGE)\n        Reducer 8 <- Reducer 7 (SIMPLE_EDGE)\n      DagName: mmokhtar_20141111161818_f5fd23ba-d783-4b13-8507-7faa65851798:1\n      Vertices:\n        Map 1 \n            Map Operator Tree:\n                TableScan\n                  alias: web_page\n                  filterExpr: wp_web_page_sk is not null (type: boolean)\n                  Statistics: Num rows: 4602 Data size: 2696178 Basic stats: COMPLETE Column stats: COMPLETE\n                  Filter Operator\n                    predicate: wp_web_page_sk is not null (type: boolean)\n                    Statistics: Num rows: 4602 Data size: 18408 Basic stats: COMPLETE Column stats: COMPLETE\n                    Select Operator\n                      expressions: wp_web_page_sk (type: int)\n                      outputColumnNames: _col0\n                      Statistics: Num rows: 4602 Data size: 18408 Basic stats: COMPLETE Column stats: COMPLETE\n                      Reduce Output Operator\n                        key expressions: _col0 (type: int)\n                        sort order: +\n                        Map-reduce partition columns: _col0 (type: int)\n                        Statistics: Num rows: 4602 Data size: 18408 Basic stats: COMPLETE Column stats: COMPLETE\n            Execution mode: vectorized\n        Map 10 \n            Map Operator Tree:\n                TableScan\n                  alias: customer_address\n                  filterExpr: ((ca_country = 'United States') and ca_address_sk is not null) (type: boolean)\n                  Statistics: Num rows: 40000000 Data size: 40595195284 Basic stats: COMPLETE Column stats: COMPLETE\n                  Filter Operator\n                    predicate: ((ca_country = 'United States') and ca_address_sk is not null) (type: boolean)\n                    Statistics: Num rows: 20000000 Data size: 3740000000 Basic stats: COMPLETE Column stats: COMPLETE\n                    Select Operator\n                      expressions: ca_address_sk (type: int), ca_state (type: string)\n                      outputColumnNames: _col0, _col1\n                      Statistics: Num rows: 20000000 Data size: 1800000000 Basic stats: COMPLETE Column stats: COMPLETE\n                      Reduce Output Operator\n                        key expressions: _col0 (type: int)\n                        sort order: +\n                        Map-reduce partition columns: _col0 (type: int)\n                        Statistics: Num rows: 20000000 Data size: 1800000000 Basic stats: COMPLETE Column stats: COMPLETE\n                        value expressions: _col1 (type: string)\n            Execution mode: vectorized\n        Map 11 \n            Map Operator Tree:\n                TableScan\n                  alias: date_dim\n                  filterExpr: ((d_year = 1998) and d_date_sk is not null) (type: boolean)\n                  Statistics: Num rows: 73049 Data size: 81741831 Basic stats: COMPLETE Column stats: COMPLETE\n                  Filter Operator\n                    predicate: ((d_year = 1998) and d_date_sk is not null) (type: boolean)\n                    Statistics: Num rows: 652 Data size: 5216 Basic stats: COMPLETE Column stats: COMPLETE\n                    Select Operator\n                      expressions: d_date_sk (type: int)\n                      outputColumnNames: _col0\n                      Statistics: Num rows: 652 Data size: 2608 Basic stats: COMPLETE Column stats: COMPLETE\n                      Reduce Output Operator\n                        key expressions: _col0 (type: int)\n                        sort order: +\n                        Map-reduce partition columns: _col0 (type: int)\n                        Statistics: Num rows: 652 Data size: 2608 Basic stats: COMPLETE Column stats: COMPLETE\n                      Select Operator\n                        expressions: _col0 (type: int)\n                        outputColumnNames: _col0\n                        Statistics: Num rows: 652 Data size: 2608 Basic stats: COMPLETE Column stats: COMPLETE\n                        Group By Operator\n                          keys: _col0 (type: int)\n                          mode: hash\n                          outputColumnNames: _col0\n                          Statistics: Num rows: 326 Data size: 1304 Basic stats: COMPLETE Column stats: COMPLETE\n                          Dynamic Partitioning Event Operator\n                            Target Input: web_sales\n                            Partition key expr: ws_sold_date_sk\n                            Statistics: Num rows: 326 Data size: 1304 Basic stats: COMPLETE Column stats: COMPLETE\n                            Target column: ws_sold_date_sk\n                            Target Vertex: Map 9\n            Execution mode: vectorized\n        Map 12 \n            Map Operator Tree:\n                TableScan\n                  alias: reason\n                  filterExpr: r_reason_sk is not null (type: boolean)\n                  Statistics: Num rows: 72 Data size: 14400 Basic stats: COMPLETE Column stats: COMPLETE\n                  Filter Operator\n                    predicate: r_reason_sk is not null (type: boolean)\n                    Statistics: Num rows: 72 Data size: 7272 Basic stats: COMPLETE Column stats: COMPLETE\n                    Select Operator\n                      expressions: r_reason_sk (type: int), r_reason_desc (type: string)\n                      outputColumnNames: _col0, _col1\n                      Statistics: Num rows: 72 Data size: 7272 Basic stats: COMPLETE Column stats: COMPLETE\n                      Reduce Output Operator\n                        key expressions: _col0 (type: int)\n                        sort order: +\n                        Map-reduce partition columns: _col0 (type: int)\n                        Statistics: Num rows: 72 Data size: 7272 Basic stats: COMPLETE Column stats: COMPLETE\n                        value expressions: _col1 (type: string)\n            Execution mode: vectorized\n        Map 13 \n            Map Operator Tree:\n                TableScan\n                  alias: web_returns\n                  filterExpr: (((((wr_refunded_cdemo_sk is not null and wr_item_sk is not null) and wr_order_number is not null) and wr_returning_cdemo_sk is not null) and wr_refunded_addr_sk is not null) and wr_reason_sk is not null) (type: boolean)\n                  Statistics: Num rows: 2062802370 Data size: 185695406284 Basic stats: COMPLETE Column stats: COMPLETE\n                  Filter Operator\n                    predicate: (((((wr_refunded_cdemo_sk is not null and wr_item_sk is not null) and wr_order_number is not null) and wr_returning_cdemo_sk is not null) and wr_refunded_addr_sk is not null) and wr_reason_sk is not null) (type: boolean)\n                    Statistics: Num rows: 1875154722 Data size: 58944640412 Basic stats: COMPLETE Column stats: COMPLETE\n                    Select Operator\n                      expressions: wr_item_sk (type: int), wr_refunded_cdemo_sk (type: int), wr_refunded_addr_sk (type: int), wr_returning_cdemo_sk (type: int), wr_reason_sk (type: int), wr_order_number (type: int), wr_fee (type: float), wr_refunded_cash (type: float)\n                      outputColumnNames: _col0, _col1, _col2, _col3, _col4, _col5, _col6, _col7\n                      Statistics: Num rows: 1875154722 Data size: 58944640412 Basic stats: COMPLETE Column stats: COMPLETE\n                      Reduce Output Operator\n                        key expressions: _col1 (type: int)\n                        sort order: +\n                        Map-reduce partition columns: _col1 (type: int)\n                        Statistics: Num rows: 1875154722 Data size: 58944640412 Basic stats: COMPLETE Column stats: COMPLETE\n                        value expressions: _col0 (type: int), _col2 (type: int), _col3 (type: int), _col4 (type: int), _col5 (type: int), _col6 (type: float), _col7 (type: float)\n            Execution mode: vectorized\n        Map 14 \n            Map Operator Tree:\n                TableScan\n                  alias: cd1\n                  filterExpr: ((cd_demo_sk is not null and cd_marital_status is not null) and cd_education_status is not null) (type: boolean)\n                  Statistics: Num rows: 1920800 Data size: 718379200 Basic stats: COMPLETE Column stats: COMPLETE\n                  Filter Operator\n                    predicate: ((cd_demo_sk is not null and cd_marital_status is not null) and cd_education_status is not null) (type: boolean)\n                    Statistics: Num rows: 1920800 Data size: 351506400 Basic stats: COMPLETE Column stats: COMPLETE\n                    Select Operator\n                      expressions: cd_demo_sk (type: int), cd_marital_status (type: string), cd_education_status (type: string)\n                      outputColumnNames: _col0, _col1, _col2\n                      Statistics: Num rows: 1920800 Data size: 351506400 Basic stats: COMPLETE Column stats: COMPLETE\n                      Reduce Output Operator\n                        key expressions: _col0 (type: int), _col1 (type: string), _col2 (type: string)\n                        sort order: +++\n                        Map-reduce partition columns: _col0 (type: int), _col1 (type: string), _col2 (type: string)\n                        Statistics: Num rows: 1920800 Data size: 351506400 Basic stats: COMPLETE Column stats: COMPLETE\n            Execution mode: vectorized\n        Map 2 \n            Map Operator Tree:\n                TableScan\n                  alias: cd1\n                  filterExpr: ((cd_demo_sk is not null and cd_marital_status is not null) and cd_education_status is not null) (type: boolean)\n                  Statistics: Num rows: 1920800 Data size: 718379200 Basic stats: COMPLETE Column stats: COMPLETE\n                  Filter Operator\n                    predicate: ((cd_demo_sk is not null and cd_marital_status is not null) and cd_education_status is not null) (type: boolean)\n                    Statistics: Num rows: 1920800 Data size: 351506400 Basic stats: COMPLETE Column stats: COMPLETE\n                    Select Operator\n                      expressions: cd_demo_sk (type: int), cd_marital_status (type: string), cd_education_status (type: string)\n                      outputColumnNames: _col0, _col1, _col2\n                      Statistics: Num rows: 1920800 Data size: 351506400 Basic stats: COMPLETE Column stats: COMPLETE\n                      Reduce Output Operator\n                        key expressions: _col0 (type: int)\n                        sort order: +\n                        Map-reduce partition columns: _col0 (type: int)\n                        Statistics: Num rows: 1920800 Data size: 351506400 Basic stats: COMPLETE Column stats: COMPLETE\n                        value expressions: _col1 (type: string), _col2 (type: string)\n            Execution mode: vectorized\n        Map 9 \n            Map Operator Tree:\n                TableScan\n                  alias: web_sales\n                  filterExpr: ((ws_web_page_sk is not null and ws_item_sk is not null) and ws_order_number is not null) (type: boolean)\n                  Statistics: Num rows: 21594638446 Data size: 2850189889652 Basic stats: COMPLETE Column stats: COMPLETE\n                  Filter Operator\n                    predicate: ((ws_web_page_sk is not null and ws_item_sk is not null) and ws_order_number is not null) (type: boolean)\n                    Statistics: Num rows: 21591939929 Data size: 604541956128 Basic stats: COMPLETE Column stats: COMPLETE\n                    Select Operator\n                      expressions: ws_item_sk (type: int), ws_web_page_sk (type: int), ws_order_number (type: int), ws_quantity (type: int), ws_sales_price (type: float), ws_net_profit (type: float), ws_sold_date_sk (type: int)\n                      outputColumnNames: _col0, _col1, _col2, _col3, _col4, _col5, _col6\n                      Statistics: Num rows: 21591939929 Data size: 604541956128 Basic stats: COMPLETE Column stats: COMPLETE\n                      Map Join Operator\n                        condition map:\n                             Inner Join 0 to 1\n                        condition expressions:\n                          0 {_col0} {_col2} {_col3} {_col4} {_col5} {_col6}\n                          1 \n                        keys:\n                          0 _col1 (type: int)\n                          1 _col0 (type: int)\n                        outputColumnNames: _col0, _col2, _col3, _col4, _col5, _col6\n                        input vertices:\n                          1 Map 1\n                        Statistics: Num rows: 21591939072 Data size: 518206537728 Basic stats: COMPLETE Column stats: COMPLETE\n                        Reduce Output Operator\n                          key expressions: _col0 (type: int), _col2 (type: int)\n                          sort order: ++\n                          Map-reduce partition columns: _col0 (type: int), _col2 (type: int)\n                          Statistics: Num rows: 21591939072 Data size: 518206537728 Basic stats: COMPLETE Column stats: COMPLETE\n                          value expressions: _col3 (type: int), _col4 (type: float), _col5 (type: float), _col6 (type: int)\n            Execution mode: vectorized\n        Reducer 3 \n            Reduce Operator Tree:\n              Merge Join Operator\n                condition map:\n                     Inner Join 0 to 1\n                condition expressions:\n                  0 {VALUE._col0} {VALUE._col1} {VALUE._col2} {VALUE._col3} {VALUE._col4} {VALUE._col5} {VALUE._col6}\n                  1 {VALUE._col0} {VALUE._col1}\n                outputColumnNames: _col0, _col2, _col3, _col4, _col5, _col6, _col7, _col9, _col10\n                Statistics: Num rows: 1875154688 Data size: 373155782912 Basic stats: COMPLETE Column stats: COMPLETE\n                Select Operator\n                  expressions: _col0 (type: int), _col10 (type: string), _col2 (type: int), _col3 (type: int), _col4 (type: int), _col5 (type: int), _col6 (type: float), _col7 (type: float), _col9 (type: string)\n                  outputColumnNames: _col0, _col10, _col2, _col3, _col4, _col5, _col6, _col7, _col9\n                  Statistics: Num rows: 1875154688 Data size: 373155782912 Basic stats: COMPLETE Column stats: COMPLETE\n                  Reduce Output Operator\n                    key expressions: _col0 (type: int), _col5 (type: int)\n                    sort order: ++\n                    Map-reduce partition columns: _col0 (type: int), _col5 (type: int)\n                    Statistics: Num rows: 1875154688 Data size: 373155782912 Basic stats: COMPLETE Column stats: COMPLETE\n                    value expressions: _col2 (type: int), _col3 (type: int), _col4 (type: int), _col6 (type: float), _col7 (type: float), _col9 (type: string), _col10 (type: string)\n        Reducer 4 \n            Reduce Operator Tree:\n              Merge Join Operator\n                condition map:\n                     Inner Join 0 to 1\n                condition expressions:\n                  0 {VALUE._col1} {VALUE._col2} {VALUE._col3} {VALUE._col4}\n                  1 {VALUE._col1} {VALUE._col2} {VALUE._col3} {VALUE._col4} {VALUE._col5} {VALUE._col7} {VALUE._col8}\n                outputColumnNames: _col3, _col4, _col5, _col6, _col10, _col11, _col12, _col14, _col15, _col17, _col18\n                Statistics: Num rows: 57653145 Data size: 11472975855 Basic stats: COMPLETE Column stats: COMPLETE\n                Filter Operator\n                  predicate: (((_col17 = 'M') and ((_col18 = '4 yr Degree') and _col4 BETWEEN 100.0 AND 150.0)) or (((_col17 = 'D') and ((_col18 = 'Primary') and _col4 BETWEEN 50.0 AND 100.0)) or ((_col17 = 'U') and ((_col18 = 'Advanced Degree') and _col4 BETWEEN 150.0 AND 200.0)))) (type: boolean)\n                  Statistics: Num rows: 57653145 Data size: 11472975855 Basic stats: COMPLETE Column stats: COMPLETE\n                  Select Operator\n                    expressions: _col11 (type: int), _col12 (type: int), _col14 (type: float), _col15 (type: float), _col17 (type: string), _col18 (type: string), _col3 (type: int), _col5 (type: float), _col6 (type: int), _col10 (type: int)\n                    outputColumnNames: _col10, _col11, _col13, _col14, _col17, _col18, _col3, _col5, _col6, _col9\n                    Statistics: Num rows: 57653145 Data size: 11472975855 Basic stats: COMPLETE Column stats: COMPLETE\n                    Reduce Output Operator\n                      key expressions: _col10 (type: int), _col17 (type: string), _col18 (type: string)\n                      sort order: +++\n                      Map-reduce partition columns: _col10 (type: int), _col17 (type: string), _col18 (type: string)\n                      Statistics: Num rows: 57653145 Data size: 11472975855 Basic stats: COMPLETE Column stats: COMPLETE\n                      value expressions: _col3 (type: int), _col5 (type: float), _col6 (type: int), _col9 (type: int), _col11 (type: int), _col13 (type: float), _col14 (type: float)\n        Reducer 5 \n            Reduce Operator Tree:\n              Merge Join Operator\n                condition map:\n                     Inner Join 0 to 1\n                condition expressions:\n                  0 \n                  1 {VALUE._col3} {VALUE._col5} {VALUE._col6} {VALUE._col9} {VALUE._col10} {VALUE._col12} {VALUE._col13}\n                outputColumnNames: _col6, _col8, _col9, _col12, _col14, _col16, _col17\n                Statistics: Num rows: 3187317548 Data size: 50997080768 Basic stats: COMPLETE Column stats: COMPLETE\n                Select Operator\n                  expressions: _col12 (type: int), _col14 (type: int), _col16 (type: float), _col17 (type: float), _col6 (type: int), _col8 (type: float), _col9 (type: int)\n                  outputColumnNames: _col12, _col14, _col16, _col17, _col6, _col8, _col9\n                  Statistics: Num rows: 3187317548 Data size: 50997080768 Basic stats: COMPLETE Column stats: COMPLETE\n                  Reduce Output Operator\n                    key expressions: _col12 (type: int)\n                    sort order: +\n                    Map-reduce partition columns: _col12 (type: int)\n                    Statistics: Num rows: 3187317548 Data size: 50997080768 Basic stats: COMPLETE Column stats: COMPLETE\n                    value expressions: _col6 (type: int), _col8 (type: float), _col9 (type: int), _col14 (type: int), _col16 (type: float), _col17 (type: float)\n        Reducer 6 \n            Reduce Operator Tree:\n              Merge Join Operator\n                condition map:\n                     Inner Join 0 to 1\n                condition expressions:\n                  0 {VALUE._col0}\n                  1 {VALUE._col6} {VALUE._col8} {VALUE._col9} {VALUE._col13} {VALUE._col15} {VALUE._col16}\n                outputColumnNames: _col1, _col9, _col11, _col12, _col17, _col19, _col20\n                Statistics: Num rows: 1593658752 Data size: 156178557696 Basic stats: COMPLETE Column stats: COMPLETE\n                Filter Operator\n                  predicate: (((_col1) IN ('KY', 'GA', 'NM') and _col11 BETWEEN 100 AND 200) or (((_col1) IN ('MT', 'OR', 'IN') and _col11 BETWEEN 150 AND 300) or ((_col1) IN ('WI', 'MO', 'WV') and _col11 BETWEEN 50 AND 250))) (type: boolean)\n                  Statistics: Num rows: 1195244064 Data size: 117133918272 Basic stats: COMPLETE Column stats: COMPLETE\n                  Select Operator\n                    expressions: _col17 (type: int), _col19 (type: float), _col20 (type: float), _col9 (type: int), _col12 (type: int)\n                    outputColumnNames: _col11, _col13, _col14, _col3, _col6\n                    Statistics: Num rows: 1195244064 Data size: 14342928768 Basic stats: COMPLETE Column stats: COMPLETE\n                    Map Join Operator\n                      condition map:\n                           Inner Join 0 to 1\n                      condition expressions:\n                        0 \n                        1 {_col3} {_col11} {_col13} {_col14}\n                      keys:\n                        0 _col0 (type: int)\n                        1 _col6 (type: int)\n                      outputColumnNames: _col5, _col13, _col15, _col16\n                      input vertices:\n                        0 Map 11\n                      Statistics: Num rows: 1334416318 Data size: 16012995816 Basic stats: COMPLETE Column stats: COMPLETE\n                      Select Operator\n                        expressions: _col13 (type: int), _col15 (type: float), _col16 (type: float), _col5 (type: int)\n                        outputColumnNames: _col13, _col15, _col16, _col5\n                        Statistics: Num rows: 1334416318 Data size: 16012995816 Basic stats: COMPLETE Column stats: COMPLETE\n                        Map Join Operator\n                          condition map:\n                               Inner Join 0 to 1\n                          condition expressions:\n                            0 {_col1}\n                            1 {_col5} {_col15} {_col16}\n                          keys:\n                            0 _col0 (type: int)\n                            1 _col13 (type: int)\n                          outputColumnNames: _col1, _col7, _col17, _col18\n                          input vertices:\n                            0 Map 12\n                          Statistics: Num rows: 1334416256 Data size: 140113706880 Basic stats: COMPLETE Column stats: COMPLETE\n                          Select Operator\n                            expressions: _col1 (type: string), _col7 (type: int), _col18 (type: float), _col17 (type: float)\n                            outputColumnNames: _col0, _col1, _col2, _col3\n                            Statistics: Num rows: 1334416256 Data size: 140113706880 Basic stats: COMPLETE Column stats: COMPLETE\n                            Group By Operator\n                              aggregations: avg(_col1), avg(_col2), avg(_col3)\n                              keys: _col0 (type: string)\n                              mode: hash\n                              outputColumnNames: _col0, _col1, _col2, _col3\n                              Statistics: Num rows: 157024 Data size: 15231328 Basic stats: COMPLETE Column stats: COMPLETE\n                              Reduce Output Operator\n                                key expressions: _col0 (type: string)\n                                sort order: +\n                                Map-reduce partition columns: _col0 (type: string)\n                                Statistics: Num rows: 157024 Data size: 15231328 Basic stats: COMPLETE Column stats: COMPLETE\n                                value expressions: _col1 (type: struct<count:bigint,sum:double,input:int>), _col2 (type: struct<count:bigint,sum:double,input:float>), _col3 (type: struct<count:bigint,sum:double,input:float>)\n        Reducer 7 \n            Reduce Operator Tree:\n              Group By Operator\n                aggregations: avg(VALUE._col0), avg(VALUE._col1), avg(VALUE._col2)\n                keys: KEY._col0 (type: string)\n                mode: mergepartial\n                outputColumnNames: _col0, _col1, _col2, _col3\n                Statistics: Num rows: 112 Data size: 13552 Basic stats: COMPLETE Column stats: COMPLETE\n                Select Operator\n                  expressions: substr(_col0, 1, 20) (type: string), _col1 (type: double), _col2 (type: double), _col3 (type: double)\n                  outputColumnNames: _col0, _col1, _col2, _col3\n                  Statistics: Num rows: 112 Data size: 23296 Basic stats: COMPLETE Column stats: COMPLETE\n                  Reduce Output Operator\n                    key expressions: _col0 (type: string), _col1 (type: double), _col2 (type: double), _col3 (type: double)\n                    sort order: ++++\n                    Statistics: Num rows: 112 Data size: 23296 Basic stats: COMPLETE Column stats: COMPLETE\n                    TopN Hash Memory Usage: 0.04\n        Reducer 8 \n            Reduce Operator Tree:\n              Select Operator\n                expressions: KEY.reducesinkkey0 (type: string), KEY.reducesinkkey1 (type: double), KEY.reducesinkkey2 (type: double), KEY.reducesinkkey3 (type: double)\n                outputColumnNames: _col0, _col1, _col2, _col3\n                Statistics: Num rows: 112 Data size: 23296 Basic stats: COMPLETE Column stats: COMPLETE\n                Limit\n                  Number of rows: 100\n                  Statistics: Num rows: 100 Data size: 20800 Basic stats: COMPLETE Column stats: COMPLETE\n                  File Output Operator\n                    compressed: false\n                    Statistics: Num rows: 100 Data size: 20800 Basic stats: COMPLETE Column stats: COMPLETE\n                    table:\n                        input format: org.apache.hadoop.mapred.TextInputFormat\n                        output format: org.apache.hadoop.hive.ql.io.HiveIgnoreKeyTextOutputFormat\n                        serde: org.apache.hadoop.hive.serde2.lazy.LazySimpleSerDe\n            Execution mode: vectorized\n\n  Stage: Stage-0\n{code}",
        "duedate": null,
        "environment": null,
        "fixVersions": [
            {
                "archived": false,
                "description": "",
                "id": "12332154",
                "name": "1.3.0",
                "released": false,
                "self": "https://issues.apache.org/jira/rest/api/2/version/12332154"
            },
            {
                "archived": false,
                "id": "12332384",
                "name": "1.2.1",
                "releaseDate": "2015-06-26",
                "released": true,
                "self": "https://issues.apache.org/jira/rest/api/2/version/12332384"
            },
            {
                "archived": false,
                "description": "Hive 2.0.0",
                "id": "12332641",
                "name": "2.0.0",
                "releaseDate": "2016-02-15",
                "released": true,
                "self": "https://issues.apache.org/jira/rest/api/2/version/12332641"
            }
        ],
        "issuelinks": [
            {
                "id": "12425322",
                "outwardIssue": {
                    "fields": {
                        "issuetype": {
                            "avatarId": 21133,
                            "description": "A problem which impairs or prevents the functions of the product.",
                            "iconUrl": "https://issues.apache.org/jira/secure/viewavatar?size=xsmall&avatarId=21133&avatarType=issuetype",
                            "id": "1",
                            "name": "Bug",
                            "self": "https://issues.apache.org/jira/rest/api/2/issuetype/1",
                            "subtask": false
                        },
                        "priority": {
                            "iconUrl": "https://issues.apache.org/jira/images/icons/priorities/minor.svg",
                            "id": "4",
                            "name": "Minor",
                            "self": "https://issues.apache.org/jira/rest/api/2/priority/4"
                        },
                        "status": {
                            "description": "The issue is open and ready for the assignee to start work on it.",
                            "iconUrl": "https://issues.apache.org/jira/images/icons/statuses/open.png",
                            "id": "1",
                            "name": "Open",
                            "self": "https://issues.apache.org/jira/rest/api/2/status/1",
                            "statusCategory": {
                                "colorName": "blue-gray",
                                "id": 2,
                                "key": "new",
                                "name": "To Do",
                                "self": "https://issues.apache.org/jira/rest/api/2/statuscategory/2"
                            }
                        },
                        "summary": "Recognize additional common factors in Filter predicates"
                    },
                    "id": "12831425",
                    "key": "HIVE-10770",
                    "self": "https://issues.apache.org/jira/rest/api/2/issue/12831425"
                },
                "self": "https://issues.apache.org/jira/rest/api/2/issueLink/12425322",
                "type": {
                    "id": "10030",
                    "inward": "is related to",
                    "name": "Reference",
                    "outward": "relates to",
                    "self": "https://issues.apache.org/jira/rest/api/2/issueLinkType/10030"
                }
            },
            {
                "id": "12403177",
                "outwardIssue": {
                    "fields": {
                        "issuetype": {
                            "avatarId": 21133,
                            "description": "A problem which impairs or prevents the functions of the product.",
                            "iconUrl": "https://issues.apache.org/jira/secure/viewavatar?size=xsmall&avatarId=21133&avatarType=issuetype",
                            "id": "1",
                            "name": "Bug",
                            "self": "https://issues.apache.org/jira/rest/api/2/issuetype/1",
                            "subtask": false
                        },
                        "priority": {
                            "iconUrl": "https://issues.apache.org/jira/images/icons/priorities/major.svg",
                            "id": "3",
                            "name": "Major",
                            "self": "https://issues.apache.org/jira/rest/api/2/priority/3"
                        },
                        "status": {
                            "description": "The issue is considered finished, the resolution is correct. Issues which are not closed can be reopened.",
                            "iconUrl": "https://issues.apache.org/jira/images/icons/statuses/closed.png",
                            "id": "6",
                            "name": "Closed",
                            "self": "https://issues.apache.org/jira/rest/api/2/status/6",
                            "statusCategory": {
                                "colorName": "green",
                                "id": 3,
                                "key": "done",
                                "name": "Done",
                                "self": "https://issues.apache.org/jira/rest/api/2/statuscategory/3"
                            }
                        },
                        "summary": "Simplify join predicates for CBO to avoid cross products"
                    },
                    "id": "12737893",
                    "key": "HIVE-7914",
                    "self": "https://issues.apache.org/jira/rest/api/2/issue/12737893"
                },
                "self": "https://issues.apache.org/jira/rest/api/2/issueLink/12403177",
                "type": {
                    "id": "10030",
                    "inward": "is related to",
                    "name": "Reference",
                    "outward": "relates to",
                    "self": "https://issues.apache.org/jira/rest/api/2/issueLinkType/10030"
                }
            },
            {
                "id": "12444589",
                "inwardIssue": {
                    "fields": {
                        "issuetype": {
                            "avatarId": 21133,
                            "description": "A problem which impairs or prevents the functions of the product.",
                            "iconUrl": "https://issues.apache.org/jira/secure/viewavatar?size=xsmall&avatarId=21133&avatarType=issuetype",
                            "id": "1",
                            "name": "Bug",
                            "self": "https://issues.apache.org/jira/rest/api/2/issuetype/1",
                            "subtask": false
                        },
                        "priority": {
                            "iconUrl": "https://issues.apache.org/jira/images/icons/priorities/major.svg",
                            "id": "3",
                            "name": "Major",
                            "self": "https://issues.apache.org/jira/rest/api/2/priority/3"
                        },
                        "status": {
                            "description": "The issue is considered finished, the resolution is correct. Issues which are not closed can be reopened.",
                            "iconUrl": "https://issues.apache.org/jira/images/icons/statuses/closed.png",
                            "id": "6",
                            "name": "Closed",
                            "self": "https://issues.apache.org/jira/rest/api/2/status/6",
                            "statusCategory": {
                                "colorName": "green",
                                "id": 3,
                                "key": "done",
                                "name": "Done",
                                "self": "https://issues.apache.org/jira/rest/api/2/statuscategory/3"
                            }
                        },
                        "summary": "HivePreFilteringRule may introduce wrong common operands"
                    },
                    "id": "12902176",
                    "key": "HIVE-12021",
                    "self": "https://issues.apache.org/jira/rest/api/2/issue/12902176"
                },
                "self": "https://issues.apache.org/jira/rest/api/2/issueLink/12444589",
                "type": {
                    "id": "10030",
                    "inward": "is related to",
                    "name": "Reference",
                    "outward": "relates to",
                    "self": "https://issues.apache.org/jira/rest/api/2/issueLinkType/10030"
                }
            },
            {
                "id": "12432862",
                "inwardIssue": {
                    "fields": {
                        "issuetype": {
                            "avatarId": 21140,
                            "description": "An improvement or enhancement to an existing feature or task.",
                            "iconUrl": "https://issues.apache.org/jira/secure/viewavatar?size=xsmall&avatarId=21140&avatarType=issuetype",
                            "id": "4",
                            "name": "Improvement",
                            "self": "https://issues.apache.org/jira/rest/api/2/issuetype/4",
                            "subtask": false
                        },
                        "priority": {
                            "iconUrl": "https://issues.apache.org/jira/images/icons/priorities/major.svg",
                            "id": "3",
                            "name": "Major",
                            "self": "https://issues.apache.org/jira/rest/api/2/priority/3"
                        },
                        "status": {
                            "description": "The issue is considered finished, the resolution is correct. Issues which are not closed can be reopened.",
                            "iconUrl": "https://issues.apache.org/jira/images/icons/statuses/closed.png",
                            "id": "6",
                            "name": "Closed",
                            "self": "https://issues.apache.org/jira/rest/api/2/status/6",
                            "statusCategory": {
                                "colorName": "green",
                                "id": 3,
                                "key": "done",
                                "name": "Done",
                                "self": "https://issues.apache.org/jira/rest/api/2/statuscategory/3"
                            }
                        },
                        "summary": "Rule to transform OR clauses into IN clauses in CBO"
                    },
                    "id": "12850612",
                    "key": "HIVE-11424",
                    "self": "https://issues.apache.org/jira/rest/api/2/issue/12850612"
                },
                "self": "https://issues.apache.org/jira/rest/api/2/issueLink/12432862",
                "type": {
                    "id": "10030",
                    "inward": "is related to",
                    "name": "Reference",
                    "outward": "relates to",
                    "self": "https://issues.apache.org/jira/rest/api/2/issueLinkType/10030"
                }
            }
        ],
        "issuetype": {
            "avatarId": 21133,
            "description": "A problem which impairs or prevents the functions of the product.",
            "iconUrl": "https://issues.apache.org/jira/secure/viewavatar?size=xsmall&avatarId=21133&avatarType=issuetype",
            "id": "1",
            "name": "Bug",
            "self": "https://issues.apache.org/jira/rest/api/2/issuetype/1",
            "subtask": false
        },
        "labels": [],
        "lastViewed": null,
        "priority": {
            "iconUrl": "https://issues.apache.org/jira/images/icons/priorities/major.svg",
            "id": "3",
            "name": "Major",
            "self": "https://issues.apache.org/jira/rest/api/2/priority/3"
        },
        "progress": {
            "progress": 0,
            "total": 0
        },
        "project": {
            "avatarUrls": {
                "16x16": "https://issues.apache.org/jira/secure/projectavatar?size=xsmall&pid=12310843&avatarId=11935",
                "24x24": "https://issues.apache.org/jira/secure/projectavatar?size=small&pid=12310843&avatarId=11935",
                "32x32": "https://issues.apache.org/jira/secure/projectavatar?size=medium&pid=12310843&avatarId=11935",
                "48x48": "https://issues.apache.org/jira/secure/projectavatar?pid=12310843&avatarId=11935"
            },
            "id": "12310843",
            "key": "HIVE",
            "name": "Hive",
            "projectCategory": {
                "description": "Scalable Distributed Computing",
                "id": "10292",
                "name": "Hadoop",
                "self": "https://issues.apache.org/jira/rest/api/2/projectCategory/10292"
            },
            "self": "https://issues.apache.org/jira/rest/api/2/project/12310843"
        },
        "reporter": {
            "active": true,
            "avatarUrls": {
                "16x16": "https://issues.apache.org/jira/secure/useravatar?size=xsmall&ownerId=mmokhtar&avatarId=21863",
                "24x24": "https://issues.apache.org/jira/secure/useravatar?size=small&ownerId=mmokhtar&avatarId=21863",
                "32x32": "https://issues.apache.org/jira/secure/useravatar?size=medium&ownerId=mmokhtar&avatarId=21863",
                "48x48": "https://issues.apache.org/jira/secure/useravatar?ownerId=mmokhtar&avatarId=21863"
            },
            "displayName": "Mostafa Mokhtar",
            "key": "mmokhtar",
            "name": "mmokhtar",
            "self": "https://issues.apache.org/jira/rest/api/2/user?username=mmokhtar",
            "timeZone": "America/Los_Angeles"
        },
        "resolution": {
            "description": "A fix for this issue is checked into the tree and tested.",
            "id": "1",
            "name": "Fixed",
            "self": "https://issues.apache.org/jira/rest/api/2/resolution/1"
        },
        "resolutiondate": "2015-06-04T08:53:44.000+0000",
        "status": {
            "description": "The issue is considered finished, the resolution is correct. Issues which are not closed can be reopened.",
            "iconUrl": "https://issues.apache.org/jira/images/icons/statuses/closed.png",
            "id": "6",
            "name": "Closed",
            "self": "https://issues.apache.org/jira/rest/api/2/status/6",
            "statusCategory": {
                "colorName": "green",
                "id": 3,
                "key": "done",
                "name": "Done",
                "self": "https://issues.apache.org/jira/rest/api/2/statuscategory/3"
            }
        },
        "subtasks": [],
        "summary": "Simplify filter predicates for CBO",
        "timeestimate": null,
        "timeoriginalestimate": null,
        "timespent": null,
        "updated": "2016-02-16T23:51:26.000+0000",
        "versions": [{
            "archived": false,
            "description": "released",
            "id": "12326450",
            "name": "0.14.0",
            "releaseDate": "2014-11-12",
            "released": true,
            "self": "https://issues.apache.org/jira/rest/api/2/version/12326450"
        }],
        "votes": {
            "hasVoted": false,
            "self": "https://issues.apache.org/jira/rest/api/2/issue/HIVE-9069/votes",
            "votes": 0
        },
        "watches": {
            "isWatching": false,
            "self": "https://issues.apache.org/jira/rest/api/2/issue/HIVE-9069/watchers",
            "watchCount": 5
        },
        "workratio": -1
    },
    "id": "12760881",
    "key": "HIVE-9069",
    "self": "https://issues.apache.org/jira/rest/api/2/issue/12760881"
}