{
    "expand": "operations,versionedRepresentations,editmeta,changelog,renderedFields",
    "fields": {
        "aggregateprogress": {
            "progress": 0,
            "total": 0
        },
        "aggregatetimeestimate": null,
        "aggregatetimeoriginalestimate": null,
        "aggregatetimespent": null,
        "assignee": {
            "active": true,
            "avatarUrls": {
                "16x16": "https://issues.apache.org/jira/secure/useravatar?size=xsmall&ownerId=csun&avatarId=23340",
                "24x24": "https://issues.apache.org/jira/secure/useravatar?size=small&ownerId=csun&avatarId=23340",
                "32x32": "https://issues.apache.org/jira/secure/useravatar?size=medium&ownerId=csun&avatarId=23340",
                "48x48": "https://issues.apache.org/jira/secure/useravatar?ownerId=csun&avatarId=23340"
            },
            "displayName": "Chao Sun",
            "key": "csun",
            "name": "csun",
            "self": "https://issues.apache.org/jira/rest/api/2/user?username=csun",
            "timeZone": "America/Los_Angeles"
        },
        "components": [{
            "description": "Hive on Spark",
            "id": "12323200",
            "name": "Spark",
            "self": "https://issues.apache.org/jira/rest/api/2/component/12323200"
        }],
        "created": "2017-05-15T20:46:15.000+0000",
        "creator": {
            "active": true,
            "avatarUrls": {
                "16x16": "https://issues.apache.org/jira/secure/useravatar?size=xsmall&ownerId=csun&avatarId=23340",
                "24x24": "https://issues.apache.org/jira/secure/useravatar?size=small&ownerId=csun&avatarId=23340",
                "32x32": "https://issues.apache.org/jira/secure/useravatar?size=medium&ownerId=csun&avatarId=23340",
                "48x48": "https://issues.apache.org/jira/secure/useravatar?ownerId=csun&avatarId=23340"
            },
            "displayName": "Chao Sun",
            "key": "csun",
            "name": "csun",
            "self": "https://issues.apache.org/jira/rest/api/2/user?username=csun",
            "timeZone": "America/Los_Angeles"
        },
        "customfield_10010": null,
        "customfield_12310191": null,
        "customfield_12310192": null,
        "customfield_12310220": "2017-05-16T21:30:17.249+0000",
        "customfield_12310222": null,
        "customfield_12310230": null,
        "customfield_12310250": null,
        "customfield_12310290": null,
        "customfield_12310291": null,
        "customfield_12310300": null,
        "customfield_12310310": "3.0",
        "customfield_12310320": null,
        "customfield_12310420": "9223372036854775807",
        "customfield_12310920": "9223372036854775807",
        "customfield_12310921": null,
        "customfield_12311020": null,
        "customfield_12311024": null,
        "customfield_12311120": null,
        "customfield_12311820": "0|i3f0if:",
        "customfield_12312022": null,
        "customfield_12312023": null,
        "customfield_12312024": null,
        "customfield_12312026": null,
        "customfield_12312220": null,
        "customfield_12312320": null,
        "customfield_12312321": null,
        "customfield_12312322": null,
        "customfield_12312323": null,
        "customfield_12312324": null,
        "customfield_12312325": null,
        "customfield_12312326": null,
        "customfield_12312327": null,
        "customfield_12312328": null,
        "customfield_12312329": null,
        "customfield_12312330": null,
        "customfield_12312331": null,
        "customfield_12312332": null,
        "customfield_12312333": null,
        "customfield_12312334": null,
        "customfield_12312335": null,
        "customfield_12312336": null,
        "customfield_12312337": null,
        "customfield_12312338": null,
        "customfield_12312339": null,
        "customfield_12312340": null,
        "customfield_12312341": null,
        "customfield_12312520": null,
        "customfield_12312521": "Sat Jul 21 02:22:28 UTC 2018",
        "customfield_12312720": null,
        "customfield_12312823": null,
        "customfield_12312920": null,
        "customfield_12312921": null,
        "customfield_12312923": null,
        "customfield_12313422": "false",
        "customfield_12313520": null,
        "description": "To reproduce:\n{code}\ncreate table t1 (a string);\ncreate table t2 (a array<string>);\ncreate table dummy (a string);\ninsert into table dummy values (\"a\");\ninsert into t1 values (\"1\"), (\"2\");\ninsert into t2 select array(\"1\", \"2\", \"3\", \"4\") from dummy;\nset hive.auto.convert.join.noconditionaltask.size=3;\n\nexplain\nwith tt1 as (\n  select a as id, count(*) over () as count\n  from t1\n),\ntt2 as (\n  select id\n  from t2\n  lateral view outer explode(a) a_tbl as id\n)\nselect tt1.count\nfrom tt1 join tt2 on tt1.id = tt2.id;\n{code}\n\nFor Hive on Spark, the plan is:\n{code}\nSTAGE DEPENDENCIES:\n  Stage-2 is a root stage\n  Stage-1 depends on stages: Stage-2\n  Stage-0 depends on stages: Stage-1\n\nSTAGE PLANS:\n  Stage: Stage-2\n    Spark\n      Edges:\n        Reducer 2 <- Map 1 (PARTITION-LEVEL SORT, 3), Map 1 (PARTITION-LEVEL SORT, 3)\n      DagName: chao_20170515133259_de9e0583-da24-4399-afc8-b881dfef0469:9\n      Vertices:\n        Map 1\n            Map Operator Tree:\n                TableScan\n                  alias: t1\n                  Statistics: Num rows: 2 Data size: 2 Basic stats: COMPLETE Column stats: NONE\n                  Reduce Output Operator\n                    key expressions: 0 (type: int)\n                    sort order: +\n                    Map-reduce partition columns: 0 (type: int)\n                    Statistics: Num rows: 2 Data size: 2 Basic stats: COMPLETE Column stats: NONE\n                    value expressions: a (type: string)\n        Reducer 2\n            Local Work:\n              Map Reduce Local Work\n            Reduce Operator Tree:\n              Select Operator\n                expressions: VALUE._col0 (type: string)\n                outputColumnNames: _col0\n                Statistics: Num rows: 2 Data size: 2 Basic stats: COMPLETE Column stats: NONE\n                PTF Operator\n                  Function definitions:\n                      Input definition\n                        input alias: ptf_0\n                        output shape: _col0: string\n                        type: WINDOWING\n                      Windowing table definition\n                        input alias: ptf_1\n                        name: windowingtablefunction\n                        order by: 0 ASC NULLS FIRST\n                        partition by: 0\n                        raw input shape:\n                        window functions:\n                            window function definition\n                              alias: count_window_0\n                              name: count\n                              window function: GenericUDAFCountEvaluator\n                              window frame: PRECEDING(MAX)~FOLLOWING(MAX)\n                              isStar: true\n                  Statistics: Num rows: 2 Data size: 2 Basic stats: COMPLETE Column stats: NONE\n                  Filter Operator\n                    predicate: _col0 is not null (type: boolean)\n                    Statistics: Num rows: 2 Data size: 2 Basic stats: COMPLETE Column stats: NONE\n                    Select Operator\n                      expressions: _col0 (type: string), count_window_0 (type: bigint)\n                      outputColumnNames: _col0, _col1\n                      Statistics: Num rows: 2 Data size: 2 Basic stats: COMPLETE Column stats: NONE\n                      Spark HashTable Sink Operator\n                        keys:\n                          0 _col0 (type: string)\n                          1 _col0 (type: string)\n                      Reduce Output Operator\n                        key expressions: _col0 (type: string)\n                        sort order: +\n                        Map-reduce partition columns: _col0 (type: string)\n                        Statistics: Num rows: 2 Data size: 2 Basic stats: COMPLETE Column stats: NONE\n                        value expressions: _col1 (type: bigint)\n\n  Stage: Stage-1\n    Spark\n      DagName: chao_20170515133259_de9e0583-da24-4399-afc8-b881dfef0469:8\n      Vertices:\n        Map 3\n            Map Operator Tree:\n                TableScan\n                  alias: t2\n                  Statistics: Num rows: 1 Data size: 20 Basic stats: COMPLETE Column stats: NONE\n                  Lateral View Forward\n                    Statistics: Num rows: 1 Data size: 20 Basic stats: COMPLETE Column stats: NONE\n                    Select Operator\n                      Statistics: Num rows: 1 Data size: 20 Basic stats: COMPLETE Column stats: NONE\n                      Lateral View Join Operator\n                        outputColumnNames: _col4\n                        Statistics: Num rows: 2 Data size: 40 Basic stats: COMPLETE Column stats: NONE\n                        Select Operator\n                          expressions: _col4 (type: string)\n                          outputColumnNames: _col0\n                          Statistics: Num rows: 2 Data size: 40 Basic stats: COMPLETE Column stats: NONE\n                          Map Join Operator\n                            condition map:\n                                 Inner Join 0 to 1\n                            keys:\n                              0 _col0 (type: string)\n                              1 _col0 (type: string)\n                            outputColumnNames: _col1\n                            input vertices:\n                              0 Reducer 2\n                            Statistics: Num rows: 2 Data size: 2 Basic stats: COMPLETE Column stats: NONE\n                            Select Operator\n                              expressions: _col1 (type: bigint)\n                              outputColumnNames: _col0\n                              Statistics: Num rows: 2 Data size: 2 Basic stats: COMPLETE Column stats: NONE\n                              File Output Operator\n                                compressed: false\n                                Statistics: Num rows: 2 Data size: 2 Basic stats: COMPLETE Column stats: NONE\n                                table:\n                                    input format: org.apache.hadoop.mapred.SequenceFileInputFormat\n                                    output format: org.apache.hadoop.hive.ql.io.HiveSequenceFileOutputFormat\n                                    serde: org.apache.hadoop.hive.serde2.lazy.LazySimpleSerDe\n                    Select Operator\n                      expressions: a (type: array<string>)\n                      outputColumnNames: _col0\n                      Statistics: Num rows: 1 Data size: 20 Basic stats: COMPLETE Column stats: NONE\n                      UDTF Operator\n                        Statistics: Num rows: 1 Data size: 20 Basic stats: COMPLETE Column stats: NONE\n                        function name: explode\n                        outer lateral view: true\n                        Filter Operator\n                          predicate: col is not null (type: boolean)\n                          Statistics: Num rows: 1 Data size: 20 Basic stats: COMPLETE Column stats: NONE\n                          Lateral View Join Operator\n                            outputColumnNames: _col4\n                            Statistics: Num rows: 2 Data size: 40 Basic stats: COMPLETE Column stats: NONE\n                            Select Operator\n                              expressions: _col4 (type: string)\n                              outputColumnNames: _col0\n                              Statistics: Num rows: 2 Data size: 40 Basic stats: COMPLETE Column stats: NONE\n                              Map Join Operator\n                                condition map:\n                                     Inner Join 0 to 1\n                                keys:\n                                  0 _col0 (type: string)\n                                  1 _col0 (type: string)\n                                outputColumnNames: _col1\n                                input vertices:\n                                  0 Reducer 2\n                                Statistics: Num rows: 2 Data size: 2 Basic stats: COMPLETE Column stats: NONE\n                                Select Operator\n                                  expressions: _col1 (type: bigint)\n                                  outputColumnNames: _col0\n                                  Statistics: Num rows: 2 Data size: 2 Basic stats: COMPLETE Column stats: NONE\n                                  File Output Operator\n                                    compressed: false\n                                    Statistics: Num rows: 2 Data size: 2 Basic stats: COMPLETE Column stats: NONE\n                                    table:\n                                        input format: org.apache.hadoop.mapred.SequenceFileInputFormat\n                                        output format: org.apache.hadoop.hive.ql.io.HiveSequenceFileOutputFormat\n                                        serde: org.apache.hadoop.hive.serde2.lazy.LazySimpleSerDe\n            Local Work:\n              Map Reduce Local Work\n\n  Stage: Stage-0\n    Fetch Operator\n      limit: -1\n      Processor Tree:\n        ListSink\n{code}\n\nNote that there're two {{Map 1}} s as inputs for {{Reduce 2}}.\nThe result for this query is:\n{code}\n4\n4\n4\n4\n{code} \nfor Hive on Spark, which is not correct.",
        "duedate": null,
        "environment": null,
        "fixVersions": [],
        "issuelinks": [],
        "issuetype": {
            "avatarId": 21133,
            "description": "A problem which impairs or prevents the functions of the product.",
            "iconUrl": "https://issues.apache.org/jira/secure/viewavatar?size=xsmall&avatarId=21133&avatarType=issuetype",
            "id": "1",
            "name": "Bug",
            "self": "https://issues.apache.org/jira/rest/api/2/issuetype/1",
            "subtask": false
        },
        "labels": [],
        "lastViewed": null,
        "priority": {
            "iconUrl": "https://issues.apache.org/jira/images/icons/priorities/major.svg",
            "id": "3",
            "name": "Major",
            "self": "https://issues.apache.org/jira/rest/api/2/priority/3"
        },
        "progress": {
            "progress": 0,
            "total": 0
        },
        "project": {
            "avatarUrls": {
                "16x16": "https://issues.apache.org/jira/secure/projectavatar?size=xsmall&pid=12310843&avatarId=11935",
                "24x24": "https://issues.apache.org/jira/secure/projectavatar?size=small&pid=12310843&avatarId=11935",
                "32x32": "https://issues.apache.org/jira/secure/projectavatar?size=medium&pid=12310843&avatarId=11935",
                "48x48": "https://issues.apache.org/jira/secure/projectavatar?pid=12310843&avatarId=11935"
            },
            "id": "12310843",
            "key": "HIVE",
            "name": "Hive",
            "projectCategory": {
                "description": "Scalable Distributed Computing",
                "id": "10292",
                "name": "Hadoop",
                "self": "https://issues.apache.org/jira/rest/api/2/projectCategory/10292"
            },
            "self": "https://issues.apache.org/jira/rest/api/2/project/12310843"
        },
        "reporter": {
            "active": true,
            "avatarUrls": {
                "16x16": "https://issues.apache.org/jira/secure/useravatar?size=xsmall&ownerId=csun&avatarId=23340",
                "24x24": "https://issues.apache.org/jira/secure/useravatar?size=small&ownerId=csun&avatarId=23340",
                "32x32": "https://issues.apache.org/jira/secure/useravatar?size=medium&ownerId=csun&avatarId=23340",
                "48x48": "https://issues.apache.org/jira/secure/useravatar?ownerId=csun&avatarId=23340"
            },
            "displayName": "Chao Sun",
            "key": "csun",
            "name": "csun",
            "self": "https://issues.apache.org/jira/rest/api/2/user?username=csun",
            "timeZone": "America/Los_Angeles"
        },
        "resolution": null,
        "resolutiondate": null,
        "status": {
            "description": "A patch for this issue has been uploaded to JIRA by a contributor.",
            "iconUrl": "https://issues.apache.org/jira/images/icons/statuses/document.png",
            "id": "10002",
            "name": "Patch Available",
            "self": "https://issues.apache.org/jira/rest/api/2/status/10002",
            "statusCategory": {
                "colorName": "yellow",
                "id": 4,
                "key": "indeterminate",
                "name": "In Progress",
                "self": "https://issues.apache.org/jira/rest/api/2/statuscategory/4"
            }
        },
        "subtasks": [],
        "summary": "Hive on Spark generates incorrect plan and result with window function and lateral view",
        "timeestimate": null,
        "timeoriginalestimate": null,
        "timespent": null,
        "updated": "2018-07-21T02:22:28.000+0000",
        "versions": [],
        "votes": {
            "hasVoted": false,
            "self": "https://issues.apache.org/jira/rest/api/2/issue/HIVE-16668/votes",
            "votes": 0
        },
        "watches": {
            "isWatching": false,
            "self": "https://issues.apache.org/jira/rest/api/2/issue/HIVE-16668/watchers",
            "watchCount": 7
        },
        "workratio": -1
    },
    "id": "13072207",
    "key": "HIVE-16668",
    "self": "https://issues.apache.org/jira/rest/api/2/issue/13072207"
}