{
    "expand": "operations,versionedRepresentations,editmeta,changelog,renderedFields",
    "fields": {
        "aggregateprogress": {
            "progress": 0,
            "total": 0
        },
        "aggregatetimeestimate": null,
        "aggregatetimeoriginalestimate": null,
        "aggregatetimespent": null,
        "assignee": {
            "active": true,
            "avatarUrls": {
                "16x16": "https://issues.apache.org/jira/secure/useravatar?size=xsmall&ownerId=hagleitn&avatarId=16035",
                "24x24": "https://issues.apache.org/jira/secure/useravatar?size=small&ownerId=hagleitn&avatarId=16035",
                "32x32": "https://issues.apache.org/jira/secure/useravatar?size=medium&ownerId=hagleitn&avatarId=16035",
                "48x48": "https://issues.apache.org/jira/secure/useravatar?ownerId=hagleitn&avatarId=16035"
            },
            "displayName": "Gunther Hagleitner",
            "key": "hagleitn",
            "name": "hagleitn",
            "self": "https://issues.apache.org/jira/rest/api/2/user?username=hagleitn",
            "timeZone": "America/Los_Angeles"
        },
        "components": [{
            "description": "Vectorized query execution",
            "id": "12321300",
            "name": "Vectorization",
            "self": "https://issues.apache.org/jira/rest/api/2/component/12321300"
        }],
        "created": "2014-11-04T21:13:23.000+0000",
        "creator": {
            "active": true,
            "avatarUrls": {
                "16x16": "https://issues.apache.org/jira/secure/useravatar?size=xsmall&ownerId=mmokhtar&avatarId=21863",
                "24x24": "https://issues.apache.org/jira/secure/useravatar?size=small&ownerId=mmokhtar&avatarId=21863",
                "32x32": "https://issues.apache.org/jira/secure/useravatar?size=medium&ownerId=mmokhtar&avatarId=21863",
                "48x48": "https://issues.apache.org/jira/secure/useravatar?ownerId=mmokhtar&avatarId=21863"
            },
            "displayName": "Mostafa Mokhtar",
            "key": "mmokhtar",
            "name": "mmokhtar",
            "self": "https://issues.apache.org/jira/rest/api/2/user?username=mmokhtar",
            "timeZone": "America/Los_Angeles"
        },
        "customfield_10010": null,
        "customfield_12310191": null,
        "customfield_12310192": null,
        "customfield_12310220": "2014-11-05T07:15:37.484+0000",
        "customfield_12310222": "1_*:*_1_*:*_13220914237_*|*_5_*:*_1_*:*_0",
        "customfield_12310230": null,
        "customfield_12310250": null,
        "customfield_12310290": null,
        "customfield_12310291": null,
        "customfield_12310300": null,
        "customfield_12310310": "0.0",
        "customfield_12310320": null,
        "customfield_12310420": "9223372036854775807",
        "customfield_12310920": "9223372036854775807",
        "customfield_12310921": null,
        "customfield_12311020": null,
        "customfield_12311024": null,
        "customfield_12311120": null,
        "customfield_12311820": "0|i21ysn:",
        "customfield_12312022": null,
        "customfield_12312023": null,
        "customfield_12312024": null,
        "customfield_12312026": null,
        "customfield_12312220": null,
        "customfield_12312320": null,
        "customfield_12312321": null,
        "customfield_12312322": null,
        "customfield_12312323": null,
        "customfield_12312324": null,
        "customfield_12312325": null,
        "customfield_12312326": null,
        "customfield_12312327": null,
        "customfield_12312328": null,
        "customfield_12312329": null,
        "customfield_12312330": null,
        "customfield_12312331": null,
        "customfield_12312332": null,
        "customfield_12312333": null,
        "customfield_12312334": null,
        "customfield_12312335": null,
        "customfield_12312336": null,
        "customfield_12312337": null,
        "customfield_12312338": null,
        "customfield_12312339": null,
        "customfield_12312340": null,
        "customfield_12312341": null,
        "customfield_12312520": null,
        "customfield_12312521": "Mon Apr 06 21:41:58 UTC 2015",
        "customfield_12312720": null,
        "customfield_12312823": null,
        "customfield_12312920": null,
        "customfield_12312921": null,
        "customfield_12312923": null,
        "customfield_12313422": "false",
        "customfield_12313520": null,
        "description": "TPC-DS query 49 returns more rows than that set in limit.\n\nQuery \n{code}\nset hive.cbo.enable=true;\nset hive.stats.fetch.column.stats=true;\nset hive.exec.dynamic.partition.mode=nonstrict;\nset hive.tez.auto.reducer.parallelism=true;\nset hive.auto.convert.join.noconditionaltask.size=1280000000;\nset hive.exec.reducers.bytes.per.reducer=100000000;\nset hive.txn.manager=org.apache.hadoop.hive.ql.lockmgr.DummyTxnManager;\nset hive.support.concurrency=false;\nset hive.tez.exec.print.summary=true;\n\nexplain  \n\nselect  \n 'web' as channel\n ,web.item\n ,web.return_ratio\n ,web.return_rank\n ,web.currency_rank\n from (\n \tselect \n \t item\n \t,return_ratio\n \t,currency_ratio\n \t,rank() over (order by return_ratio) as return_rank\n \t,rank() over (order by currency_ratio) as currency_rank\n \tfrom\n \t(\tselect ws.ws_item_sk as item\n \t\t,(cast(sum(coalesce(wr.wr_return_quantity,0)) as decimal(15,4))/\n \t\tcast(sum(coalesce(ws.ws_quantity,0)) as decimal(15,4) )) as return_ratio\n \t\t,(cast(sum(coalesce(wr.wr_return_amt,0)) as decimal(15,4))/\n \t\tcast(sum(coalesce(ws.ws_net_paid,0)) as decimal(15,4) )) as currency_ratio\n \t\tfrom \n \t\t web_sales ws left outer join web_returns wr \n \t\t\ton (ws.ws_order_number = wr.wr_order_number and \n \t\t\tws.ws_item_sk = wr.wr_item_sk)\n                 ,date_dim\n \t\twhere \n \t\t\twr.wr_return_amt > 10000 \n \t\t\tand ws.ws_net_profit > 1\n                         and ws.ws_net_paid > 0\n                         and ws.ws_quantity > 0\n                         and ws.ws_sold_date_sk = date_dim.d_date_sk\n                         and d_year = 2000\n                         and d_moy = 12\n \t\tgroup by ws.ws_item_sk\n \t) in_web\n ) web\n where \n (\n web.return_rank <= 10\n or\n web.currency_rank <= 10\n )\n union all\n select \n 'catalog' as channel\n ,catalog.item\n ,catalog.return_ratio\n ,catalog.return_rank\n ,catalog.currency_rank\n from (\n \tselect \n \t item\n \t,return_ratio\n \t,currency_ratio\n \t,rank() over (order by return_ratio) as return_rank\n \t,rank() over (order by currency_ratio) as currency_rank\n \tfrom\n \t(\tselect \n \t\tcs.cs_item_sk as item\n \t\t,(cast(sum(coalesce(cr.cr_return_quantity,0)) as decimal(15,4))/\n \t\tcast(sum(coalesce(cs.cs_quantity,0)) as decimal(15,4) )) as return_ratio\n \t\t,(cast(sum(coalesce(cr.cr_return_amount,0)) as decimal(15,4))/\n \t\tcast(sum(coalesce(cs.cs_net_paid,0)) as decimal(15,4) )) as currency_ratio\n \t\tfrom \n \t\tcatalog_sales cs left outer join catalog_returns cr\n \t\t\ton (cs.cs_order_number = cr.cr_order_number and \n \t\t\tcs.cs_item_sk = cr.cr_item_sk)\n                ,date_dim\n \t\twhere \n \t\t\tcr.cr_return_amount > 10000 \n \t\t\tand cs.cs_net_profit > 1\n                         and cs.cs_net_paid > 0\n                         and cs.cs_quantity > 0\n                         and cs_sold_date_sk = d_date_sk\n                         and d_year = 2000\n                         and d_moy = 12\n                 group by cs.cs_item_sk\n \t) in_cat\n ) catalog\n where \n (\n catalog.return_rank <= 10\n or\n catalog.currency_rank <=10\n )\n union all\n select \n 'store' as channel\n ,store.item\n ,store.return_ratio\n ,store.return_rank\n ,store.currency_rank\n from (\n \tselect \n \t item\n \t,return_ratio\n \t,currency_ratio\n \t,rank() over (order by return_ratio) as return_rank\n \t,rank() over (order by currency_ratio) as currency_rank\n \tfrom\n \t(\tselect sts.ss_item_sk as item\n \t\t,(cast(sum(coalesce(sr.sr_return_quantity,0)) as decimal(15,4))/cast(sum(coalesce(sts.ss_quantity,0)) as decimal(15,4) )) as return_ratio\n \t\t,(cast(sum(coalesce(sr.sr_return_amt,0)) as decimal(15,4))/cast(sum(coalesce(sts.ss_net_paid,0)) as decimal(15,4) )) as currency_ratio\n \t\tfrom \n \t\tstore_sales sts left outer join store_returns sr\n \t\t\ton (sts.ss_ticket_number = sr.sr_ticket_number and sts.ss_item_sk = sr.sr_item_sk)\n                ,date_dim\n \t\twhere \n \t\t\tsr.sr_return_amt > 10000 \n \t\t\tand sts.ss_net_profit > 1\n                         and sts.ss_net_paid > 0 \n                         and sts.ss_quantity > 0\n                         and ss_sold_date_sk = d_date_sk\n                         and d_year = 2000\n                         and d_moy = 12\n \t\tgroup by sts.ss_item_sk\n \t) in_store\n ) store\n where  (\n store.return_rank <= 10\n or \n store.currency_rank <= 10\n )\n order by 1,4,5\n limit 100\n{code}\n\nExplain\n{code}\nOK\nSTAGE DEPENDENCIES:\n  Stage-1 is a root stage\n  Stage-0 depends on stages: Stage-1\n\nSTAGE PLANS:\n  Stage: Stage-1\n    Tez\n      Edges:\n        Map 11 <- Map 2 (BROADCAST_EDGE)\n        Map 16 <- Map 1 (BROADCAST_EDGE)\n        Map 9 <- Map 10 (BROADCAST_EDGE)\n        Reducer 12 <- Map 11 (SIMPLE_EDGE), Map 23 (SIMPLE_EDGE)\n        Reducer 13 <- Reducer 12 (SIMPLE_EDGE)\n        Reducer 14 <- Reducer 13 (SIMPLE_EDGE)\n        Reducer 15 <- Reducer 14 (SIMPLE_EDGE), Union 8 (CONTAINS)\n        Reducer 17 <- Map 16 (SIMPLE_EDGE), Map 22 (SIMPLE_EDGE)\n        Reducer 18 <- Reducer 17 (SIMPLE_EDGE)\n        Reducer 19 <- Reducer 18 (SIMPLE_EDGE)\n        Reducer 20 <- Reducer 19 (SIMPLE_EDGE)\n        Reducer 21 <- Reducer 20 (SIMPLE_EDGE), Union 8 (CONTAINS)\n        Reducer 4 <- Map 3 (SIMPLE_EDGE), Map 9 (SIMPLE_EDGE)\n        Reducer 5 <- Reducer 4 (SIMPLE_EDGE)\n        Reducer 6 <- Reducer 5 (SIMPLE_EDGE)\n        Reducer 7 <- Reducer 6 (SIMPLE_EDGE), Union 8 (CONTAINS)\n      DagName: mmokhtar_20141104031616_2feed955-8bb2-41e9-a7be-247a5fd102f0:1\n      Vertices:\n        Map 1 \n            Map Operator Tree:\n                TableScan\n                  alias: date_dim\n                  filterExpr: (((d_year = 2000) and (d_moy = 12)) and d_date_sk is not null) (type: boolean)\n                  Statistics: Num rows: 73049 Data size: 81741831 Basic stats: COMPLETE Column stats: COMPLETE\n                  Filter Operator\n                    predicate: (((d_year = 2000) and (d_moy = 12)) and d_date_sk is not null) (type: boolean)\n                    Statistics: Num rows: 652 Data size: 7824 Basic stats: COMPLETE Column stats: COMPLETE\n                    Select Operator\n                      expressions: d_date_sk (type: int)\n                      outputColumnNames: _col0\n                      Statistics: Num rows: 652 Data size: 2608 Basic stats: COMPLETE Column stats: COMPLETE\n                      Reduce Output Operator\n                        key expressions: _col0 (type: int)\n                        sort order: +\n                        Map-reduce partition columns: _col0 (type: int)\n                        Statistics: Num rows: 652 Data size: 2608 Basic stats: COMPLETE Column stats: COMPLETE\n                      Select Operator\n                        expressions: _col0 (type: int)\n                        outputColumnNames: _col0\n                        Statistics: Num rows: 652 Data size: 2608 Basic stats: COMPLETE Column stats: COMPLETE\n                        Group By Operator\n                          keys: _col0 (type: int)\n                          mode: hash\n                          outputColumnNames: _col0\n                          Statistics: Num rows: 326 Data size: 1304 Basic stats: COMPLETE Column stats: COMPLETE\n                          Dynamic Partitioning Event Operator\n                            Target Input: sts\n                            Partition key expr: ss_sold_date_sk\n                            Statistics: Num rows: 326 Data size: 1304 Basic stats: COMPLETE Column stats: COMPLETE\n                            Target column: ss_sold_date_sk\n                            Target Vertex: Map 16\n            Execution mode: vectorized\n        Map 10 \n            Map Operator Tree:\n                TableScan\n                  alias: date_dim\n                  filterExpr: (((d_year = 2000) and (d_moy = 12)) and d_date_sk is not null) (type: boolean)\n                  Statistics: Num rows: 73049 Data size: 81741831 Basic stats: COMPLETE Column stats: COMPLETE\n                  Filter Operator\n                    predicate: (((d_year = 2000) and (d_moy = 12)) and d_date_sk is not null) (type: boolean)\n                    Statistics: Num rows: 652 Data size: 7824 Basic stats: COMPLETE Column stats: COMPLETE\n                    Select Operator\n                      expressions: d_date_sk (type: int)\n                      outputColumnNames: _col0\n                      Statistics: Num rows: 652 Data size: 2608 Basic stats: COMPLETE Column stats: COMPLETE\n                      Reduce Output Operator\n                        key expressions: _col0 (type: int)\n                        sort order: +\n                        Map-reduce partition columns: _col0 (type: int)\n                        Statistics: Num rows: 652 Data size: 2608 Basic stats: COMPLETE Column stats: COMPLETE\n                      Select Operator\n                        expressions: _col0 (type: int)\n                        outputColumnNames: _col0\n                        Statistics: Num rows: 652 Data size: 2608 Basic stats: COMPLETE Column stats: COMPLETE\n                        Group By Operator\n                          keys: _col0 (type: int)\n                          mode: hash\n                          outputColumnNames: _col0\n                          Statistics: Num rows: 326 Data size: 1304 Basic stats: COMPLETE Column stats: COMPLETE\n                          Dynamic Partitioning Event Operator\n                            Target Input: ws\n                            Partition key expr: ws_sold_date_sk\n                            Statistics: Num rows: 326 Data size: 1304 Basic stats: COMPLETE Column stats: COMPLETE\n                            Target column: ws_sold_date_sk\n                            Target Vertex: Map 9\n            Execution mode: vectorized\n        Map 11 \n            Map Operator Tree:\n                TableScan\n                  alias: cs\n                  filterExpr: (((((cs_net_profit > 1.0) and (cs_net_paid > 0.0)) and (cs_quantity > 0)) and cs_order_number is not null) and cs_item_sk is not null) (type: boolean)\n                  Statistics: Num rows: 43005109025 Data size: 5569553841288 Basic stats: COMPLETE Column stats: COMPLETE\n                  Filter Operator\n                    predicate: (((((cs_net_profit > 1.0) and (cs_net_paid > 0.0)) and (cs_quantity > 0)) and cs_order_number is not null) and cs_item_sk is not null) (type: boolean)\n                    Statistics: Num rows: 712248037 Data size: 15504677212 Basic stats: COMPLETE Column stats: COMPLETE\n                    Select Operator\n                      expressions: cs_item_sk (type: int), cs_order_number (type: int), cs_quantity (type: int), cs_net_paid (type: float), cs_sold_date_sk (type: int)\n                      outputColumnNames: _col0, _col1, _col2, _col3, _col5\n                      Statistics: Num rows: 712248037 Data size: 12655685064 Basic stats: COMPLETE Column stats: COMPLETE\n                      Map Join Operator\n                        condition map:\n                             Inner Join 0 to 1\n                        condition expressions:\n                          0 {_col0} {_col1} {_col2} {_col3}\n                          1 \n                        keys:\n                          0 _col5 (type: int)\n                          1 _col0 (type: int)\n                        outputColumnNames: _col0, _col1, _col2, _col3\n                        input vertices:\n                          1 Map 2\n                        Statistics: Num rows: 795181027 Data size: 12722896432 Basic stats: COMPLETE Column stats: COMPLETE\n                        Select Operator\n                          expressions: _col0 (type: int), _col1 (type: int), _col2 (type: int), _col3 (type: float)\n                          outputColumnNames: _col0, _col1, _col2, _col3\n                          Statistics: Num rows: 795181027 Data size: 12722896432 Basic stats: COMPLETE Column stats: COMPLETE\n                          Reduce Output Operator\n                            key expressions: _col1 (type: int), _col0 (type: int)\n                            sort order: ++\n                            Map-reduce partition columns: _col1 (type: int), _col0 (type: int)\n                            Statistics: Num rows: 795181027 Data size: 12722896432 Basic stats: COMPLETE Column stats: COMPLETE\n                            value expressions: _col2 (type: int), _col3 (type: float)\n            Execution mode: vectorized\n        Map 16 \n            Map Operator Tree:\n                TableScan\n                  alias: sts\n                  filterExpr: (((((ss_net_profit > 1.0) and (ss_net_paid > 0.0)) and (ss_quantity > 0)) and ss_ticket_number is not null) and ss_item_sk is not null) (type: boolean)\n                  Statistics: Num rows: 82510879939 Data size: 6873789738208 Basic stats: COMPLETE Column stats: COMPLETE\n                  Filter Operator\n                    predicate: (((((ss_net_profit > 1.0) and (ss_net_paid > 0.0)) and (ss_quantity > 0)) and ss_ticket_number is not null) and ss_item_sk is not null) (type: boolean)\n                    Statistics: Num rows: 911486684 Data size: 19059525624 Basic stats: COMPLETE Column stats: COMPLETE\n                    Select Operator\n                      expressions: ss_item_sk (type: int), ss_ticket_number (type: int), ss_quantity (type: int), ss_net_paid (type: float), ss_sold_date_sk (type: int)\n                      outputColumnNames: _col0, _col1, _col2, _col3, _col5\n                      Statistics: Num rows: 911486684 Data size: 15499570644 Basic stats: COMPLETE Column stats: COMPLETE\n                      Map Join Operator\n                        condition map:\n                             Inner Join 0 to 1\n                        condition expressions:\n                          0 {_col0} {_col1} {_col2} {_col3}\n                          1 \n                        keys:\n                          0 _col5 (type: int)\n                          1 _col0 (type: int)\n                        outputColumnNames: _col0, _col1, _col2, _col3\n                        input vertices:\n                          1 Map 1\n                        Statistics: Num rows: 1017618695 Data size: 16281899120 Basic stats: COMPLETE Column stats: COMPLETE\n                        Select Operator\n                          expressions: _col0 (type: int), _col1 (type: int), _col2 (type: int), _col3 (type: float)\n                          outputColumnNames: _col0, _col1, _col2, _col3\n                          Statistics: Num rows: 1017618695 Data size: 16281899120 Basic stats: COMPLETE Column stats: COMPLETE\n                          Reduce Output Operator\n                            key expressions: _col1 (type: int), _col0 (type: int)\n                            sort order: ++\n                            Map-reduce partition columns: _col1 (type: int), _col0 (type: int)\n                            Statistics: Num rows: 1017618695 Data size: 16281899120 Basic stats: COMPLETE Column stats: COMPLETE\n                            value expressions: _col2 (type: int), _col3 (type: float)\n            Execution mode: vectorized\n        Map 2 \n            Map Operator Tree:\n                TableScan\n                  alias: date_dim\n                  filterExpr: (((d_year = 2000) and (d_moy = 12)) and d_date_sk is not null) (type: boolean)\n                  Statistics: Num rows: 73049 Data size: 81741831 Basic stats: COMPLETE Column stats: COMPLETE\n                  Filter Operator\n                    predicate: (((d_year = 2000) and (d_moy = 12)) and d_date_sk is not null) (type: boolean)\n                    Statistics: Num rows: 652 Data size: 7824 Basic stats: COMPLETE Column stats: COMPLETE\n                    Select Operator\n                      expressions: d_date_sk (type: int)\n                      outputColumnNames: _col0\n                      Statistics: Num rows: 652 Data size: 2608 Basic stats: COMPLETE Column stats: COMPLETE\n                      Reduce Output Operator\n                        key expressions: _col0 (type: int)\n                        sort order: +\n                        Map-reduce partition columns: _col0 (type: int)\n                        Statistics: Num rows: 652 Data size: 2608 Basic stats: COMPLETE Column stats: COMPLETE\n                      Select Operator\n                        expressions: _col0 (type: int)\n                        outputColumnNames: _col0\n                        Statistics: Num rows: 652 Data size: 2608 Basic stats: COMPLETE Column stats: COMPLETE\n                        Group By Operator\n                          keys: _col0 (type: int)\n                          mode: hash\n                          outputColumnNames: _col0\n                          Statistics: Num rows: 326 Data size: 1304 Basic stats: COMPLETE Column stats: COMPLETE\n                          Dynamic Partitioning Event Operator\n                            Target Input: cs\n                            Partition key expr: cs_sold_date_sk\n                            Statistics: Num rows: 326 Data size: 1304 Basic stats: COMPLETE Column stats: COMPLETE\n                            Target column: cs_sold_date_sk\n                            Target Vertex: Map 11\n            Execution mode: vectorized\n        Map 22 \n            Map Operator Tree:\n                TableScan\n                  alias: sr\n                  filterExpr: (((sr_return_amt > 10000.0) and sr_ticket_number is not null) and sr_item_sk is not null) (type: boolean)\n                  Statistics: Num rows: 8332595709 Data size: 599630285540 Basic stats: COMPLETE Column stats: COMPLETE\n                  Filter Operator\n                    predicate: (((sr_return_amt > 10000.0) and sr_ticket_number is not null) and sr_item_sk is not null) (type: boolean)\n                    Statistics: Num rows: 828937940 Data size: 10816321020 Basic stats: COMPLETE Column stats: COMPLETE\n                    Select Operator\n                      expressions: sr_item_sk (type: int), sr_ticket_number (type: int), sr_return_quantity (type: int), sr_return_amt (type: float)\n                      outputColumnNames: _col0, _col1, _col2, _col3\n                      Statistics: Num rows: 828937940 Data size: 10816321020 Basic stats: COMPLETE Column stats: COMPLETE\n                      Reduce Output Operator\n                        key expressions: _col1 (type: int), _col0 (type: int)\n                        sort order: ++\n                        Map-reduce partition columns: _col1 (type: int), _col0 (type: int)\n                        Statistics: Num rows: 828937940 Data size: 10816321020 Basic stats: COMPLETE Column stats: COMPLETE\n                        value expressions: _col2 (type: int), _col3 (type: float)\n            Execution mode: vectorized\n        Map 23 \n            Map Operator Tree:\n                TableScan\n                  alias: cr\n                  filterExpr: (((cr_return_amount > 10000.0) and cr_order_number is not null) and cr_item_sk is not null) (type: boolean)\n                  Statistics: Num rows: 4320980099 Data size: 431907559456 Basic stats: COMPLETE Column stats: COMPLETE\n                  Filter Operator\n                    predicate: (((cr_return_amount > 10000.0) and cr_order_number is not null) and cr_item_sk is not null) (type: boolean)\n                    Statistics: Num rows: 644267320 Data size: 8780816984 Basic stats: COMPLETE Column stats: COMPLETE\n                    Select Operator\n                      expressions: cr_item_sk (type: int), cr_order_number (type: int), cr_return_quantity (type: int), cr_return_amount (type: float)\n                      outputColumnNames: _col0, _col1, _col2, _col3\n                      Statistics: Num rows: 644267320 Data size: 8780816984 Basic stats: COMPLETE Column stats: COMPLETE\n                      Reduce Output Operator\n                        key expressions: _col1 (type: int), _col0 (type: int)\n                        sort order: ++\n                        Map-reduce partition columns: _col1 (type: int), _col0 (type: int)\n                        Statistics: Num rows: 644267320 Data size: 8780816984 Basic stats: COMPLETE Column stats: COMPLETE\n                        value expressions: _col2 (type: int), _col3 (type: float)\n            Execution mode: vectorized\n        Map 3 \n            Map Operator Tree:\n                TableScan\n                  alias: wr\n                  filterExpr: (((wr_return_amt > 10000.0) and wr_order_number is not null) and wr_item_sk is not null) (type: boolean)\n                  Statistics: Num rows: 2062802370 Data size: 185695406284 Basic stats: COMPLETE Column stats: COMPLETE\n                  Filter Operator\n                    predicate: (((wr_return_amt > 10000.0) and wr_order_number is not null) and wr_item_sk is not null) (type: boolean)\n                    Statistics: Num rows: 687600790 Data size: 10872009264 Basic stats: COMPLETE Column stats: COMPLETE\n                    Select Operator\n                      expressions: wr_item_sk (type: int), wr_order_number (type: int), wr_return_quantity (type: int), wr_return_amt (type: float)\n                      outputColumnNames: _col0, _col1, _col2, _col3\n                      Statistics: Num rows: 687600790 Data size: 10872009264 Basic stats: COMPLETE Column stats: COMPLETE\n                      Reduce Output Operator\n                        key expressions: _col1 (type: int), _col0 (type: int)\n                        sort order: ++\n                        Map-reduce partition columns: _col1 (type: int), _col0 (type: int)\n                        Statistics: Num rows: 687600790 Data size: 10872009264 Basic stats: COMPLETE Column stats: COMPLETE\n                        value expressions: _col2 (type: int), _col3 (type: float)\n            Execution mode: vectorized\n        Map 9 \n            Map Operator Tree:\n                TableScan\n                  alias: ws\n                  filterExpr: (((((ws_net_profit > 1.0) and (ws_net_paid > 0.0)) and (ws_quantity > 0)) and ws_order_number is not null) and ws_item_sk is not null) (type: boolean)\n                  Statistics: Num rows: 21594638446 Data size: 2850189889652 Basic stats: COMPLETE Column stats: COMPLETE\n                  Filter Operator\n                    predicate: (((((ws_net_profit > 1.0) and (ws_net_paid > 0.0)) and (ws_quantity > 0)) and ws_order_number is not null) and ws_item_sk is not null) (type: boolean)\n                    Statistics: Num rows: 799801423 Data size: 19194435896 Basic stats: COMPLETE Column stats: COMPLETE\n                    Select Operator\n                      expressions: ws_item_sk (type: int), ws_order_number (type: int), ws_quantity (type: int), ws_net_paid (type: float), ws_sold_date_sk (type: int)\n                      outputColumnNames: _col0, _col1, _col2, _col3, _col5\n                      Statistics: Num rows: 799801423 Data size: 15995230204 Basic stats: COMPLETE Column stats: COMPLETE\n                      Map Join Operator\n                        condition map:\n                             Inner Join 0 to 1\n                        condition expressions:\n                          0 {_col0} {_col1} {_col2} {_col3}\n                          1 \n                        keys:\n                          0 _col5 (type: int)\n                          1 _col0 (type: int)\n                        outputColumnNames: _col0, _col1, _col2, _col3\n                        input vertices:\n                          1 Map 10\n                        Statistics: Num rows: 892928985 Data size: 14286863760 Basic stats: COMPLETE Column stats: COMPLETE\n                        Select Operator\n                          expressions: _col0 (type: int), _col1 (type: int), _col2 (type: int), _col3 (type: float)\n                          outputColumnNames: _col0, _col1, _col2, _col3\n                          Statistics: Num rows: 892928985 Data size: 14286863760 Basic stats: COMPLETE Column stats: COMPLETE\n                          Reduce Output Operator\n                            key expressions: _col1 (type: int), _col0 (type: int)\n                            sort order: ++\n                            Map-reduce partition columns: _col1 (type: int), _col0 (type: int)\n                            Statistics: Num rows: 892928985 Data size: 14286863760 Basic stats: COMPLETE Column stats: COMPLETE\n                            value expressions: _col2 (type: int), _col3 (type: float)\n            Execution mode: vectorized\n        Reducer 12 \n            Reduce Operator Tree:\n              Merge Join Operator\n                condition map:\n                     Inner Join 0 to 1\n                condition expressions:\n                  0 {VALUE._col0} {VALUE._col1}\n                  1 {KEY.reducesinkkey1} {VALUE._col0} {VALUE._col1}\n                outputColumnNames: _col2, _col3, _col4, _col6, _col7\n                Statistics: Num rows: 750469116 Data size: 9005629392 Basic stats: COMPLETE Column stats: COMPLETE\n                Select Operator\n                  expressions: _col4 (type: int), COALESCE(_col2,0) (type: int), COALESCE(_col6,0) (type: int), COALESCE(_col3,0) (type: float), COALESCE(_col7,0) (type: float)\n                  outputColumnNames: _col0, _col1, _col2, _col3, _col4\n                  Statistics: Num rows: 750469116 Data size: 9005629392 Basic stats: COMPLETE Column stats: COMPLETE\n                  Group By Operator\n                    aggregations: sum(_col1), sum(_col2), sum(_col3), sum(_col4)\n                    keys: _col0 (type: int)\n                    mode: hash\n                    outputColumnNames: _col0, _col1, _col2, _col3, _col4\n                    Statistics: Num rows: 461643 Data size: 16619148 Basic stats: COMPLETE Column stats: COMPLETE\n                    Reduce Output Operator\n                      key expressions: _col0 (type: int)\n                      sort order: +\n                      Map-reduce partition columns: _col0 (type: int)\n                      Statistics: Num rows: 461643 Data size: 16619148 Basic stats: COMPLETE Column stats: COMPLETE\n                      value expressions: _col1 (type: bigint), _col2 (type: bigint), _col3 (type: double), _col4 (type: double)\n        Reducer 13 \n            Reduce Operator Tree:\n              Group By Operator\n                aggregations: sum(VALUE._col0), sum(VALUE._col1), sum(VALUE._col2), sum(VALUE._col3)\n                keys: KEY._col0 (type: int)\n                mode: mergepartial\n                outputColumnNames: _col0, _col1, _col2, _col3, _col4\n                Statistics: Num rows: 5073 Data size: 182628 Basic stats: COMPLETE Column stats: COMPLETE\n                Select Operator\n                  expressions: _col0 (type: int), (CAST( _col1 AS decimal(15,4)) / CAST( _col2 AS decimal(15,4))) (type: decimal(35,20)), (CAST( _col3 AS decimal(15,4)) / CAST( _col4 AS decimal(15,4))) (type: decimal(35,20))\n                  outputColumnNames: _col0, _col1, _col2\n                  Statistics: Num rows: 5073 Data size: 1156644 Basic stats: COMPLETE Column stats: COMPLETE\n                  Reduce Output Operator\n                    key expressions: 0 (type: int), _col1 (type: decimal(35,20))\n                    sort order: ++\n                    Map-reduce partition columns: 0 (type: int)\n                    Statistics: Num rows: 5073 Data size: 1156644 Basic stats: COMPLETE Column stats: COMPLETE\n                    value expressions: _col0 (type: int), _col1 (type: decimal(35,20)), _col2 (type: decimal(35,20))\n            Execution mode: vectorized\n        Reducer 14 \n            Reduce Operator Tree:\n              Extract\n                Statistics: Num rows: 5073 Data size: 1156644 Basic stats: COMPLETE Column stats: COMPLETE\n                PTF Operator\n                  Statistics: Num rows: 5073 Data size: 1156644 Basic stats: COMPLETE Column stats: COMPLETE\n                  Reduce Output Operator\n                    key expressions: 0 (type: int), _col2 (type: decimal(35,20))\n                    sort order: ++\n                    Map-reduce partition columns: 0 (type: int)\n                    Statistics: Num rows: 5073 Data size: 1156644 Basic stats: COMPLETE Column stats: COMPLETE\n                    value expressions: _wcol0 (type: int), _col0 (type: int), _col1 (type: decimal(35,20)), _col2 (type: decimal(35,20))\n        Reducer 15 \n            Reduce Operator Tree:\n              Extract\n                PTF Operator\n                  Filter Operator\n                    predicate: ((_col0 <= 10) or (_wcol1 <= 10)) (type: boolean)\n                    Select Operator\n                      expressions: 'catalog' (type: string), _col1 (type: int), _col2 (type: decimal(35,20)), _col0 (type: int), _wcol1 (type: int)\n                      outputColumnNames: _col0, _col1, _col2, _col3, _col4\n                      Select Operator\n                        expressions: _col0 (type: string), _col1 (type: int), _col2 (type: decimal(35,20)), _col3 (type: int), _col4 (type: int)\n                        outputColumnNames: _col0, _col1, _col2, _col3, _col4\n                        File Output Operator\n                          compressed: false\n                          table:\n                              input format: org.apache.hadoop.mapred.TextInputFormat\n                              output format: org.apache.hadoop.hive.ql.io.HiveIgnoreKeyTextOutputFormat\n                              serde: org.apache.hadoop.hive.serde2.lazy.LazySimpleSerDe\n        Reducer 17 \n            Reduce Operator Tree:\n              Merge Join Operator\n                condition map:\n                     Inner Join 0 to 1\n                condition expressions:\n                  0 {VALUE._col0} {VALUE._col1}\n                  1 {KEY.reducesinkkey1} {VALUE._col0} {VALUE._col1}\n                outputColumnNames: _col2, _col3, _col4, _col6, _col7\n                Statistics: Num rows: 5092708834 Data size: 61112506008 Basic stats: COMPLETE Column stats: COMPLETE\n                Select Operator\n                  expressions: _col4 (type: int), COALESCE(_col2,0) (type: int), COALESCE(_col6,0) (type: int), COALESCE(_col3,0) (type: float), COALESCE(_col7,0) (type: float)\n                  outputColumnNames: _col0, _col1, _col2, _col3, _col4\n                  Statistics: Num rows: 5092708834 Data size: 61112506008 Basic stats: COMPLETE Column stats: COMPLETE\n                  Group By Operator\n                    aggregations: sum(_col1), sum(_col2), sum(_col3), sum(_col4)\n                    keys: _col0 (type: int)\n                    mode: hash\n                    outputColumnNames: _col0, _col1, _col2, _col3, _col4\n                    Statistics: Num rows: 2194632 Data size: 79006752 Basic stats: COMPLETE Column stats: COMPLETE\n                    Reduce Output Operator\n                      key expressions: _col0 (type: int)\n                      sort order: +\n                      Map-reduce partition columns: _col0 (type: int)\n                      Statistics: Num rows: 2194632 Data size: 79006752 Basic stats: COMPLETE Column stats: COMPLETE\n                      value expressions: _col1 (type: bigint), _col2 (type: bigint), _col3 (type: double), _col4 (type: double)\n        Reducer 18 \n            Reduce Operator Tree:\n              Group By Operator\n                aggregations: sum(VALUE._col0), sum(VALUE._col1), sum(VALUE._col2), sum(VALUE._col3)\n                keys: KEY._col0 (type: int)\n                mode: mergepartial\n                outputColumnNames: _col0, _col1, _col2, _col3, _col4\n                Statistics: Num rows: 3586 Data size: 129096 Basic stats: COMPLETE Column stats: COMPLETE\n                Select Operator\n                  expressions: _col0 (type: int), (CAST( _col1 AS decimal(15,4)) / CAST( _col2 AS decimal(15,4))) (type: decimal(35,20)), (CAST( _col3 AS decimal(15,4)) / CAST( _col4 AS decimal(15,4))) (type: decimal(35,20))\n                  outputColumnNames: _col0, _col1, _col2\n                  Statistics: Num rows: 3586 Data size: 817608 Basic stats: COMPLETE Column stats: COMPLETE\n                  Reduce Output Operator\n                    key expressions: 0 (type: int), _col1 (type: decimal(35,20))\n                    sort order: ++\n                    Map-reduce partition columns: 0 (type: int)\n                    Statistics: Num rows: 3586 Data size: 817608 Basic stats: COMPLETE Column stats: COMPLETE\n                    value expressions: _col0 (type: int), _col1 (type: decimal(35,20)), _col2 (type: decimal(35,20))\n            Execution mode: vectorized\n        Reducer 19 \n            Reduce Operator Tree:\n              Extract\n                Statistics: Num rows: 3586 Data size: 817608 Basic stats: COMPLETE Column stats: COMPLETE\n                PTF Operator\n                  Statistics: Num rows: 3586 Data size: 817608 Basic stats: COMPLETE Column stats: COMPLETE\n                  Reduce Output Operator\n                    key expressions: 0 (type: int), _col2 (type: decimal(35,20))\n                    sort order: ++\n                    Map-reduce partition columns: 0 (type: int)\n                    Statistics: Num rows: 3586 Data size: 817608 Basic stats: COMPLETE Column stats: COMPLETE\n                    value expressions: _wcol0 (type: int), _col0 (type: int), _col1 (type: decimal(35,20)), _col2 (type: decimal(35,20))\n        Reducer 20 \n            Reduce Operator Tree:\n              Extract\n                Statistics: Num rows: 3586 Data size: 817608 Basic stats: COMPLETE Column stats: COMPLETE\n                PTF Operator\n                  Statistics: Num rows: 3586 Data size: 817608 Basic stats: COMPLETE Column stats: COMPLETE\n                  Filter Operator\n                    predicate: ((_col0 <= 10) or (_wcol1 <= 10)) (type: boolean)\n                    Statistics: Num rows: 2390 Data size: 0 Basic stats: PARTIAL Column stats: COMPLETE\n                    Select Operator\n                      expressions: 'store' (type: string), _col1 (type: int), _col2 (type: decimal(35,20)), _col0 (type: int), _wcol1 (type: int), 1 (type: int), 4 (type: int), 5 (type: int)\n                      outputColumnNames: _col0, _col1, _col2, _col3, _col4, _col5, _col6, _col7\n                      Statistics: Num rows: 2390 Data size: 0 Basic stats: PARTIAL Column stats: COMPLETE\n                      Reduce Output Operator\n                        key expressions: _col5 (type: int), _col6 (type: int), _col7 (type: int)\n                        sort order: +++\n                        Statistics: Num rows: 2390 Data size: 0 Basic stats: PARTIAL Column stats: COMPLETE\n                        TopN Hash Memory Usage: 0.04\n                        value expressions: _col0 (type: string), _col1 (type: int), _col2 (type: decimal(35,20)), _col3 (type: int), _col4 (type: int)\n        Reducer 21 \n            Reduce Operator Tree:\n              Select Operator\n                expressions: VALUE._col0 (type: string), VALUE._col1 (type: int), VALUE._col2 (type: decimal(35,20)), VALUE._col3 (type: int), VALUE._col4 (type: int)\n                outputColumnNames: _col0, _col1, _col2, _col3, _col4\n                Limit\n                  Number of rows: 100\n                  Select Operator\n                    expressions: _col0 (type: string), _col1 (type: int), _col2 (type: decimal(35,20)), _col3 (type: int), _col4 (type: int)\n                    outputColumnNames: _col0, _col1, _col2, _col3, _col4\n                    Select Operator\n                      expressions: _col0 (type: string), _col1 (type: int), _col2 (type: decimal(35,20)), _col3 (type: int), _col4 (type: int)\n                      outputColumnNames: _col0, _col1, _col2, _col3, _col4\n                      File Output Operator\n                        compressed: false\n                        table:\n                            input format: org.apache.hadoop.mapred.TextInputFormat\n                            output format: org.apache.hadoop.hive.ql.io.HiveIgnoreKeyTextOutputFormat\n                            serde: org.apache.hadoop.hive.serde2.lazy.LazySimpleSerDe\n            Execution mode: vectorized\n        Reducer 4 \n            Reduce Operator Tree:\n              Merge Join Operator\n                condition map:\n                     Inner Join 0 to 1\n                condition expressions:\n                  0 {VALUE._col0} {VALUE._col1}\n                  1 {KEY.reducesinkkey1} {VALUE._col0} {VALUE._col1}\n                outputColumnNames: _col2, _col3, _col4, _col6, _col7\n                Statistics: Num rows: 375616827 Data size: 4507401924 Basic stats: COMPLETE Column stats: COMPLETE\n                Select Operator\n                  expressions: _col4 (type: int), COALESCE(_col2,0) (type: int), COALESCE(_col6,0) (type: int), COALESCE(_col3,0) (type: float), COALESCE(_col7,0) (type: float)\n                  outputColumnNames: _col0, _col1, _col2, _col3, _col4\n                  Statistics: Num rows: 375616827 Data size: 4507401924 Basic stats: COMPLETE Column stats: COMPLETE\n                  Group By Operator\n                    aggregations: sum(_col1), sum(_col2), sum(_col3), sum(_col4)\n                    keys: _col0 (type: int)\n                    mode: hash\n                    outputColumnNames: _col0, _col1, _col2, _col3, _col4\n                    Statistics: Num rows: 232622 Data size: 8374392 Basic stats: COMPLETE Column stats: COMPLETE\n                    Reduce Output Operator\n                      key expressions: _col0 (type: int)\n                      sort order: +\n                      Map-reduce partition columns: _col0 (type: int)\n                      Statistics: Num rows: 232622 Data size: 8374392 Basic stats: COMPLETE Column stats: COMPLETE\n                      value expressions: _col1 (type: bigint), _col2 (type: bigint), _col3 (type: double), _col4 (type: double)\n        Reducer 5 \n            Reduce Operator Tree:\n              Group By Operator\n                aggregations: sum(VALUE._col0), sum(VALUE._col1), sum(VALUE._col2), sum(VALUE._col3)\n                keys: KEY._col0 (type: int)\n                mode: mergepartial\n                outputColumnNames: _col0, _col1, _col2, _col3, _col4\n                Statistics: Num rows: 5057 Data size: 182052 Basic stats: COMPLETE Column stats: COMPLETE\n                Select Operator\n                  expressions: _col0 (type: int), (CAST( _col1 AS decimal(15,4)) / CAST( _col2 AS decimal(15,4))) (type: decimal(35,20)), (CAST( _col3 AS decimal(15,4)) / CAST( _col4 AS decimal(15,4))) (type: decimal(35,20))\n                  outputColumnNames: _col0, _col1, _col2\n                  Statistics: Num rows: 5057 Data size: 1152996 Basic stats: COMPLETE Column stats: COMPLETE\n                  Reduce Output Operator\n                    key expressions: 0 (type: int), _col1 (type: decimal(35,20))\n                    sort order: ++\n                    Map-reduce partition columns: 0 (type: int)\n                    Statistics: Num rows: 5057 Data size: 1152996 Basic stats: COMPLETE Column stats: COMPLETE\n                    value expressions: _col0 (type: int), _col1 (type: decimal(35,20)), _col2 (type: decimal(35,20))\n            Execution mode: vectorized\n        Reducer 6 \n            Reduce Operator Tree:\n              Extract\n                Statistics: Num rows: 5057 Data size: 1152996 Basic stats: COMPLETE Column stats: COMPLETE\n                PTF Operator\n                  Statistics: Num rows: 5057 Data size: 1152996 Basic stats: COMPLETE Column stats: COMPLETE\n                  Reduce Output Operator\n                    key expressions: 0 (type: int), _col2 (type: decimal(35,20))\n                    sort order: ++\n                    Map-reduce partition columns: 0 (type: int)\n                    Statistics: Num rows: 5057 Data size: 1152996 Basic stats: COMPLETE Column stats: COMPLETE\n                    value expressions: _wcol0 (type: int), _col0 (type: int), _col1 (type: decimal(35,20)), _col2 (type: decimal(35,20))\n        Reducer 7 \n            Reduce Operator Tree:\n              Extract\n                PTF Operator\n                  Filter Operator\n                    predicate: ((_col0 <= 10) or (_wcol1 <= 10)) (type: boolean)\n                    Select Operator\n                      expressions: 'web' (type: string), _col1 (type: int), _col2 (type: decimal(35,20)), _col0 (type: int), _wcol1 (type: int)\n                      outputColumnNames: _col0, _col1, _col2, _col3, _col4\n                      Select Operator\n                        expressions: _col0 (type: string), _col1 (type: int), _col2 (type: decimal(35,20)), _col3 (type: int), _col4 (type: int)\n                        outputColumnNames: _col0, _col1, _col2, _col3, _col4\n                        File Output Operator\n                          compressed: false\n                          table:\n                              input format: org.apache.hadoop.mapred.TextInputFormat\n                              output format: org.apache.hadoop.hive.ql.io.HiveIgnoreKeyTextOutputFormat\n                              serde: org.apache.hadoop.hive.serde2.lazy.LazySimpleSerDe\n        Union 8 \n            Vertex: Union 8\n\n  Stage: Stage-0\n    Fetch Operator\n      limit: -1\n      Processor Tree:\n        ListSink\n{code}\n\nResults\n{code}\nOK\nweb\t55255\t0.37373737373737373737\t1072\t1\nweb\t305651\t0.38383838383838383838\t1138\t2\nweb\t336757\t0.38461538461538461538\t1142\t3\nweb\t256885\t0.39\t1191\t4\nweb\t229082\t0.39175257731958762887\t1204\t5\nweb\t151723\t0.4\t1265\t6\nweb\t293861\t0.4\t1265\t6\nweb\t178178\t0.4\t1265\t8\nweb\t354485\t0.40449438202247191011\t1315\t9\nweb\t124375\t0.40625\t1334\t10\nweb\t80125\t0\t1\t44\nweb\t417227\t0\t1\t103\nweb\t316352\t0\t1\t142\nweb\t116672\t0\t1\t143\nweb\t267277\t0\t1\t181\nweb\t100247\t0\t1\t237\nweb\t247022\t0\t1\t505\nweb\t247679\t0\t1\t966\nweb\t89753\t0\t1\t1081\nweb\t88964\t0\t1\t1492\nweb\t292469\t0\t1\t1771\nweb\t31958\t0\t1\t1868\nweb\t200161\t0\t1\t1937\nweb\t194660\t0\t1\t2064\nweb\t381619\t0\t1\t2233\nweb\t244238\t0\t1\t2437\nweb\t54247\t0\t1\t2647\nweb\t105464\t0\t1\t2669\nweb\t297959\t0\t1\t3196\nweb\t405146\t0\t1\t3278\nweb\t79435\t0\t1\t3298\nweb\t101285\t0\t1\t3625\nweb\t33871\t0\t1\t3866\nweb\t190016\t0\t1\t4068\nweb\t147661\t0\t1\t4068\nweb\t164804\t0\t1\t4076\nweb\t461345\t0\t1\t4119\nweb\t339872\t0\t1\t4271\nweb\t286802\t0\t1\t4431\nweb\t127811\t0\t1\t4636\nweb\t157763\t0\t1\t4652\nweb\t232867\t0\t1\t4800\nweb\t102164\t0\t1\t5068\nweb\t170683\t0\t1\t5404\nweb\t280421\t0\t1\t5457\nweb\t354487\t0\t1\t5839\nweb\t159923\t0\t1\t5889\nweb\t326413\t0\t1\t5940\nweb\t455582\t0\t1\t6098\nweb\t170078\t0\t1\t6809\nweb\t430406\t0\t1\t6939\nweb\t372425\t0\t1\t6939\nweb\t124520\t0\t1\t7178\nweb\t68522\t0\t1\t7229\nweb\t185078\t0\t1\t7247\nweb\t364901\t0\t1\t7262\nweb\t361805\t0\t1\t7276\nweb\t75752\t0\t1\t7378\nweb\t207637\t0\t1\t7395\nweb\t32810\t0\t1\t7743\nweb\t86717\t0\t1\t8253\nweb\t241475\t0\t1\t8377\nweb\t346709\t0\t1\t8646\nweb\t280169\t0\t1\t8661\nweb\t49567\t0\t1\t8800\nweb\t29849\t0\t1\t9090\nweb\t130943\t0\t1\t9152\nweb\t301475\t0\t1\t9260\nweb\t161756\t0\t1\t9504\nweb\t358580\t0\t1\t9606\nweb\t277976\t0\t1\t10594\nweb\t134677\t0\t1\t11027\nweb\t275977\t0\t1\t11476\nweb\t297167\t0\t1\t11944\nweb\t430345\t0\t1\t12058\nweb\t166676\t0\t1\t12808\nweb\t179306\t0\t1\t12875\nweb\t254888\t0\t1\t12954\nweb\t353521\t0\t1\t13176\nweb\t240865\t0\t1\t13998\nweb\t423649\t0\t1\t14122\nweb\t408743\t0\t1\t14122\nweb\t460999\t0\t1\t15733\nweb\t286481\t0\t1\t15733\nweb\t329173\t0\t1\t17252\nweb\t130622\t0\t1\t17840\nweb\t178213\t0\t1\t17997\nweb\t335984\t0\t1\t18289\nweb\t427916\t0\t1\t18728\nweb\t114487\t0\t1\t19540\nweb\t162031\t0\t1\t20434\nweb\t55337\t0\t1\t20436\nweb\t240067\t0\t1\t20440\nweb\t126476\t0\t1\t20663\nweb\t293327\t0\t1\t20860\nweb\t190472\t0\t1\t21262\nweb\t45476\t0\t1\t21341\nweb\t33242\t0\t1\t21492\nweb\t278471\t0\t1\t21522\nweb\t91147\t0\t1\t21528\nweb\t16073\t0\t1\t21542\nweb\t433838\t0\t1\t21696\nweb\t302984\t0\t1\t21892\nweb\t29873\t0\t1\t22205\nweb\t385919\t0\t1\t22224\nweb\t143483\t0\t1\t22738\nweb\t282407\t0\t1\t22741\nweb\t450079\t0\t1\t22868\nweb\t101966\t0\t1\t23096\nweb\t166459\t0\t1\t23115\nweb\t375350\t0\t1\t23368\nweb\t97184\t0\t1\t23376\nweb\t359954\t0\t1\t24597\nweb\t188270\t0\t1\t25893\nweb\t179275\t0\t1\t26023\nweb\t454568\t0\t1\t26873\nweb\t15557\t0\t1\t26997\nweb\t70519\t0\t1\t27962\nweb\t100357\t0\t1\t28291\nweb\t301403\t0\t1\t28709\nweb\t111667\t0\t1\t28850\nweb\t10501\t0\t1\t28998\nweb\t97295\t0\t1\t29488\nweb\t375497\t0\t1\t29488\nweb\t440813\t0\t1\t30025\nweb\t203027\t0\t1\t30114\nweb\t29135\t0\t1\t30178\nweb\t105905\t0\t1\t30452\nweb\t9041\t0\t1\t32084\nweb\t238418\t0\t1\t32241\nweb\t220373\t0\t1\t32704\nweb\t160309\t0\t1\t33182\nweb\t381818\t0\t1\t33546\nweb\t370256\t0\t1\t34171\nweb\t243403\t0\t1\t34283\nweb\t20515\t0\t1\t34603\nweb\t230303\t0\t1\t35673\nweb\t411935\t0\t1\t35705\nweb\t233701\t0\t1\t37837\nweb\t443305\t0\t1\t37946\nweb\t216317\t0\t1\t38667\nweb\t317917\t0\t1\t39702\nweb\t434725\t0\t1\t40089\nweb\t244205\t0\t1\t41401\nweb\t43489\t0\t1\t41622\nweb\t75620\t0\t1\t42416\nweb\t175826\t0\t1\t42550\nweb\t152153\t0\t1\t43205\nweb\t149119\t0\t1\t43608\nweb\t211130\t0\t1\t44405\nweb\t24283\t0\t1\t44707\nweb\t281659\t0\t1\t44955\nweb\t371879\t0\t1\t44960\nweb\t136409\t0\t1\t45813\nweb\t299177\t0\t1\t46233\nweb\t438806\t0\t1\t46450\nweb\t238466\t0\t1\t46451\nweb\t299749\t0\t1\t47191\nweb\t71201\t0\t1\t48191\nweb\t114923\t0\t1\t48312\nweb\t174617\t0\t1\t48846\nweb\t20420\t0\t1\t50055\nweb\t219266\t0\t1\t50118\nweb\t54392\t0\t1\t51281\nweb\t11507\t0\t1\t51359\nweb\t24517\t0\t1\t51719\nweb\t306482\t0\t1\t51945\nweb\t110642\t0\t1\t52339\nweb\t433994\t0\t1\t52722\nweb\t313400\t0\t1\t52873\nweb\t252587\t0\t1\t53020\nweb\t318925\t0\t1\t53983\nweb\t409789\t0\t1\t54250\nweb\t270332\t0\t1\t54454\nweb\t314339\t0\t1\t54457\nweb\t399728\t0\t1\t54962\nweb\t5275\t0\t1\t55300\nweb\t296609\t0\t1\t55474\nweb\t126703\t0\t1\t56460\nweb\t3847\t0\t1\t56483\nweb\t434144\t0\t1\t57400\nweb\t270977\t0\t1\t57678\nweb\t357530\t0\t1\t58668\nweb\t415016\t0\t1\t59103\nweb\t364253\t0\t1\t59424\nweb\t138307\t0\t1\t59424\nweb\t446414\t0\t1\t61467\nweb\t243497\t0\t1\t61496\nweb\t88586\t0\t1\t62134\nweb\t21259\t0\t1\t62872\nweb\t275609\t0\t1\t63160\nweb\t347183\t0\t1\t63160\nweb\t454637\t0\t1\t63761\nweb\t338377\t0\t1\t63889\nweb\t92663\t0\t1\t64335\nweb\t4477\t0\t1\t64458\nweb\t4999\t0\t1\t65909\nweb\t7748\t0\t1\t65909\nweb\t287239\t0\t1\t65909\nweb\t323351\t0\t1\t66236\nweb\t58081\t0\t1\t66398\nweb\t91541\t0\t1\t66398\nweb\t441350\t0\t1\t67000\nweb\t3367\t0\t1\t68511\nweb\t29492\t0\t1\t68511\nweb\t167318\t0\t1\t70048\nweb\t249703\t0\t1\t70673\nweb\t294482\t0\t1\t71769\nweb\t429041\t0\t1\t73030\nweb\t147769\t0\t1\t73049\nweb\t228656\t0\t1\t73062\nweb\t57223\t0\t1\t73185\nweb\t431921\t0\t1\t74475\nweb\t443024\t0\t1\t74750\nweb\t95546\t0\t1\t74750\nweb\t56474\t0\t1\t75727\nweb\t439543\t0\t1\t76122\nweb\t58297\t0\t1\t77271\nweb\t73100\t0\t1\t77278\nweb\t94982\t0\t1\t78993\nweb\t104297\t0\t1\t79275\nweb\t141467\t0\t1\t80408\nweb\t44077\t0\t1\t80417\nweb\t237227\t0\t1\t80952\nweb\t67067\t0\t1\t80968\nweb\t347354\t0\t1\t81793\nweb\t320251\t0\t1\t83749\nweb\t452603\t0\t1\t83883\nweb\t337321\t0\t1\t86256\nweb\t367706\t0\t1\t86304\nweb\t75293\t0\t1\t86311\nweb\t66464\t0\t1\t89520\nweb\t417877\t0\t1\t90913\nweb\t100349\t0\t1\t92083\nweb\t178415\t0\t1\t92095\nweb\t145946\t0\t1\t92121\nweb\t342131\t0\t1\t92172\nweb\t118316\t0\t1\t92172\nweb\t242335\t0\t1\t92292\nweb\t296270\t0\t1\t92309\nweb\t177391\t0\t1\t93635\nweb\t240829\t0\t1\t93645\nweb\t264623\t0\t1\t95054\nweb\t288746\t0\t1\t95276\nweb\t146369\t0\t1\t95292\nweb\t356861\t0\t1\t95504\nweb\t354331\t0\t1\t95508\nweb\t224348\t0\t1\t96361\nweb\t228715\t0\t1\t97615\nweb\t247843\t0\t1\t98442\nweb\t347473\t0\t1\t98728\nweb\t156895\t0\t1\t98977\nweb\t351461\t0\t1\t99521\nweb\t304111\t0\t1\t99608\nweb\t428719\t0\t1\t100158\nweb\t82130\t0\t1\t100197\nweb\t82010\t0\t1\t101038\nweb\t24121\t0\t1\t101239\nweb\t296849\t0\t1\t101694\nweb\t194371\t0\t1\t102225\nweb\t112235\t0\t1\t103045\nweb\t127214\t0\t1\t103867\nweb\t164423\t0\t1\t103972\nweb\t439169\t0\t1\t104959\nweb\t163760\t0\t1\t104964\nweb\t368695\t0\t1\t104981\nweb\t298418\t0\t1\t105715\nweb\t13838\t0\t1\t105866\nweb\t432998\t0\t1\t105867\nweb\t446179\t0\t1\t106045\nweb\t412615\t0\t1\t106777\nweb\t120055\t0\t1\t107221\nweb\t191501\t0\t1\t107289\nweb\t360653\t0\t1\t107307\nweb\t190070\t0\t1\t108386\nweb\t107633\t0\t1\t108518\nweb\t366209\t0\t1\t109023\nweb\t429101\t0\t1\t109466\nweb\t316070\t0\t1\t109482\nweb\t10712\t0\t1\t109692\nweb\t266069\t0\t1\t109700\nweb\t249733\t0\t1\t111139\nweb\t70045\t0\t1\t111164\nweb\t240698\t0\t1\t111551\nweb\t401072\t0\t1\t111573\nweb\t355184\t0\t1\t111962\nweb\t377269\t0\t1\t112397\nweb\t202675\t0\t1\t112397\nweb\t42194\t0\t1\t112934\nweb\t134465\t0\t1\t113204\nweb\t217639\t0\t1\t113553\nweb\t80789\t0\t1\t113553\nweb\t115991\t0\t1\t114061\nweb\t239695\t0\t1\t114247\nweb\t444767\t0\t1\t114730\nweb\t110083\t0\t1\t114730\nweb\t275573\t0\t1\t115520\nweb\t197687\t0\t1\t116150\nweb\t446195\t0\t1\t116700\nweb\t307259\t0\t1\t117173\nweb\t323371\t0\t1\t117189\nweb\t381079\t0\t1\t117605\nweb\t128753\t0\t1\t117762\nweb\t39799\t0\t1\t117791\nweb\t310532\t0\t1\t118044\nweb\t221660\t0\t1\t118184\nweb\t268621\t0\t1\t118202\nweb\t110063\t0\t1\t118210\nweb\t249179\t0\t1\t118212\nweb\t42971\t0\t1\t119018\nweb\t310208\t0\t1\t119076\nweb\t454793\t0\t1\t120232\nweb\t208957\t0\t1\t120465\nweb\t82849\t0\t1\t121192\nweb\t53702\t0\t1\t121192\nweb\t21062\t0\t1\t121415\nweb\t324653\t0\t1\t121428\nweb\t153002\t0\t1\t121429\nweb\t304052\t0\t1\t121683\nweb\t446263\t0\t1\t123094\nweb\t158507\t0\t1\t124550\nweb\t206918\t0\t1\t124959\nweb\t157307\t0\t1\t125162\nweb\t202565\t0\t1\t125773\nweb\t71246\t0\t1\t125781\nweb\t128735\t0\t1\t126272\nweb\t144110\t0\t1\t126272\nweb\t44654\t0\t1\t127071\nweb\t349571\t0\t1\t127579\nweb\t394307\t0\t1\t128562\nweb\t361969\t0\t1\t128562\nweb\t21656\t0\t1\t129341\nweb\t285827\t0\t1\t129391\nweb\t420451\t0\t1\t129485\nweb\t11240\t0\t1\t129495\nweb\t29203\t0\t1\t129643\nweb\t197699\t0\t1\t129834\nweb\t270757\t0\t1\t130245\nweb\t258089\t0\t1\t130251\nweb\t183977\t0\t1\t131074\nweb\t454580\t0\t1\t131107\nweb\t367465\t0\t1\t131406\nweb\t45728\t0\t1\t131939\nweb\t109316\t0\t1\t132352\nweb\t443213\t0\t1\t133289\nweb\t250055\t0\t1\t133307\nweb\t148897\t0\t1\t133549\nweb\t226133\t0\t1\t133611\nweb\t378464\t0\t1\t133625\nweb\t404870\t0\t1\t134382\nweb\t16751\t0\t1\t135055\nweb\t431300\t0\t1\t135080\nweb\t9101\t0\t1\t135862\nweb\t74167\t0\t1\t135990\nweb\t158111\t0\t1\t136667\nweb\t446257\t0\t1\t136754\nweb\t98861\t0\t1\t136911\nweb\t38111\t0\t1\t137801\nweb\t344714\t0\t1\t137818\nweb\t413459\t0\t1\t138113\nweb\t365432\t0\t1\t138364\nweb\t362185\t0\t1\t138744\nweb\t321278\t0\t1\t139129\nweb\t135563\t0\t1\t139162\nweb\t378050\t0\t1\t139564\nweb\t23233\t0\t1\t139850\nweb\t443606\t0\t1\t139877\nweb\t331412\t0\t1\t140624\nweb\t216851\t0\t1\t141028\nweb\t200971\t0\t1\t141294\nweb\t447476\t0\t1\t141994\nweb\t321644\t0\t1\t141995\nweb\t289843\t0\t1\t141995\nweb\t344893\t0\t1\t142793\nweb\t322694\t0\t1\t143356\nweb\t215177\t0\t1\t143574\nweb\t379513\t0\t1\t144646\nweb\t136381\t0\t1\t144665\nweb\t112166\t0\t1\t144678\nweb\t387167\t0\t1\t144738\nweb\t135875\t0\t1\t144739\nweb\t85513\t0\t1\t145059\nweb\t444338\t0\t1\t145505\nweb\t104180\t0\t1\t145514\nweb\t297272\t0\t1\t145723\nweb\t451567\t0\t1\t146429\nweb\t345578\t0\t1\t147055\nweb\t455189\t0\t1\t147055\nweb\t272654\t0\t1\t147691\nweb\t443003\t0\t1\t147816\nweb\t7837\t0\t1\t147950\nweb\t70021\t0\t1\t148596\nweb\t53366\t0\t1\t148864\nweb\t371419\t0\t1\t149339\nweb\t185819\t0\t1\t149762\nweb\t191372\t0\t1\t149997\nweb\t284921\t0\t1\t150014\nweb\t136532\t0\t1\t150033\nweb\t216551\t0\t1\t150241\nweb\t80057\t0\t1\t150794\nweb\t274727\t0\t1\t150810\nweb\t117356\t0\t1\t151306\nweb\t361817\t0\t1\t151335\nweb\t295796\t0\t1\t151424\nweb\t38725\t0\t1\t152205\nweb\t251423\t0\t1\t152531\nweb\t144761\t0\t1\t153554\nweb\t189515\t0\t1\t153582\nweb\t351413\t0\t1\t154217\nweb\t293585\t0\t1\t154319\nweb\t279683\t0\t1\t154325\nweb\t227969\t0\t1\t154802\nweb\t187759\t0\t1\t154826\nweb\t352051\t0\t1\t155327\nweb\t62095\t0\t1\t155373\nweb\t177086\t0\t1\t155847\nweb\t382045\t0\t1\t155898\nweb\t201965\t0\t1\t156292\nweb\t381419\t0\t1\t156297\nweb\t203105\t0\t1\t156304\nweb\t338525\t0\t1\t156867\nweb\t416054\t0\t1\t156871\nweb\t56239\t0\t1\t157215\nweb\t156785\t0\t1\t157215\nweb\t72518\t0\t1\t157361\nweb\t208465\t0\t1\t157774\nweb\t222926\t0\t1\t157784\nweb\t208063\t0\t1\t157857\nweb\t438182\t0\t1\t157969\nweb\t237950\t0\t1\t158278\nweb\t207437\t0\t1\t158284\nweb\t58406\t0\t1\t158388\nweb\t142868\t0\t1\t158410\nweb\t39155\t0\t1\t158864\nweb\t323903\t0\t1\t158953\nweb\t358037\t0\t1\t159159\nweb\t312679\t0\t1\t159171\nweb\t90818\t0\t1\t159196\nweb\t7525\t0\t1\t159609\nweb\t3386\t0\t1\t159614\nweb\t395951\t0\t1\t159925\nweb\t295775\t0\t1\t159952\nweb\t422113\t0\t1\t160420\nweb\t165458\t0\t1\t160848\nweb\t178304\t0\t1\t161288\nweb\t370973\t0\t1\t161310\nweb\t30404\t0\t1\t161497\nweb\t440456\t0\t1\t161838\nweb\t387740\t0\t1\t162003\nweb\t416287\t0\t1\t162003\nweb\t443935\t0\t1\t162145\nweb\t389287\t0\t1\t162432\nweb\t307988\t0\t1\t162530\nweb\t378701\t0\t1\t163066\nweb\t4567\t0\t1\t163389\nweb\t275792\t0\t1\t163397\nweb\t234338\t0\t1\t163560\nweb\t190736\t0\t1\t163990\nweb\t217508\t0\t1\t163998\nweb\t27181\t0\t1\t164342\nweb\t397964\t0\t1\t164360\nweb\t345305\t0\t1\t164746\nweb\t376712\t0\t1\t164847\nweb\t161449\t0\t1\t164965\nweb\t235189\t0\t1\t165122\nweb\t137629\t0\t1\t165291\nweb\t400481\t0\t1\t165490\nweb\t348188\t0\t1\t165740\nweb\t417158\t0\t1\t166242\nweb\t234497\t0\t1\t166291\nweb\t65624\t0\t1\t166764\nweb\t246455\t0\t1\t167191\nweb\t304189\t0\t1\t167288\nweb\t444188\t0\t1\t167295\nweb\t460183\t0\t1\t167316\nweb\t105062\t0\t1\t168620\nweb\t112568\t0\t1\t168933\nweb\t18827\t0\t1\t168941\nweb\t292856\t0\t1\t168960\nweb\t192938\t0\t1\t169256\nweb\t215065\t0\t1\t169759\nweb\t154034\t0\t1\t170141\nweb\t447899\t0\t1\t170441\nweb\t183338\t0\t1\t170755\nweb\t319253\t0\t1\t170933\nweb\t53867\t0\t1\t170933\nweb\t115433\t0\t1\t171296\nweb\t113051\t0\t1\t171372\nweb\t356915\t0\t1\t171588\nweb\t30014\t0\t1\t172055\nweb\t109862\t0\t1\t172055\nweb\t162671\t0\t1\t172059\nweb\t166028\t0\t1\t172690\nweb\t61987\t0\t1\t172699\nweb\t168686\t0\t1\t172929\nweb\t139213\t0\t1\t173137\nweb\t262022\t0\t1\t173420\nweb\t93445\t0\t1\t173545\nweb\t316241\t0\t1\t173676\nweb\t214199\t0\t1\t174169\nweb\t112993\t0\t1\t174852\nweb\t429389\t0\t1\t174868\nweb\t173216\t0\t1\t175038\nweb\t165416\t0\t1\t175092\nweb\t105485\t0\t1\t175600\nweb\t65141\t0\t1\t175921\nweb\t48878\t0\t1\t175932\nweb\t92330\t0\t1\t176537\nweb\t279734\t0\t1\t176725\nweb\t426727\t0\t1\t177549\nweb\t292759\t0\t1\t177686\nweb\t401549\t0\t1\t177708\nweb\t286231\t0\t1\t177792\nweb\t397046\t0\t1\t178518\nweb\t415478\t0\t1\t178698\nweb\t345227\t0\t1\t178875\nweb\t373058\t0\t1\t178875\nweb\t192193\t0\t1\t178996\nweb\t24245\t0\t1\t179019\nweb\t444314\t0\t1\t179470\nweb\t403379\t0\t1\t179859\nweb\t69434\t0\t1\t179936\nweb\t746\t0\t1\t179937\nweb\t214748\t0\t1\t179937\nweb\t219847\t0\t1\t180392\nweb\t313981\t0\t1\t180410\nweb\t98843\t0\t1\t180668\nweb\t205861\t0\t1\t180880\nweb\t393587\t0\t1\t181268\nweb\t9164\t0\t1\t181306\nweb\t70031\t0\t1\t181319\nweb\t307993\t0\t1\t181320\nweb\t311756\t0\t1\t181367\nweb\t168731\t0\t1\t181417\nweb\t439243\t0\t1\t181417\nweb\t347090\t0\t1\t181872\nweb\t182627\t0\t1\t181873\nweb\t408947\t0\t1\t182003\nweb\t29887\t0\t1\t182045\nweb\t272653\t0\t1\t182140\nweb\t458648\t0\t1\t182186\nweb\t182732\t0\t1\t182200\nweb\t390362\t0\t1\t182423\nweb\t12614\t0\t1\t182553\nweb\t261158\t0\t1\t182577\nweb\t428389\t0\t1\t182578\nweb\t320552\t0\t1\t182687\nweb\t352496\t0\t1\t182795\nweb\t167641\t0\t1\t182924\nweb\t172007\t0\t1\t183787\nweb\t254639\t0\t1\t183794\nweb\t29762\t0\t1\t184001\nweb\t202970\t0\t1\t184391\nweb\t194341\t0\t1\t184408\nweb\t84125\t0\t1\t184473\nweb\t333872\t0\t1\t184735\nweb\t310244\t0\t1\t184837\nweb\t109853\t0\t1\t184948\nweb\t373225\t0\t1\t185346\nweb\t48956\t0\t1\t185446\nweb\t450572\t0\t1\t185618\nweb\t196123\t0\t1\t185629\nweb\t164741\t0\t1\t185707\nweb\t10721\t0\t1\t185876\nweb\t135947\t0\t1\t185894\nweb\t134987\t0\t1\t186211\nweb\t458419\t0\t1\t186211\nweb\t25957\t0\t1\t186218\nweb\t130142\t0\t1\t186275\nweb\t408863\t0\t1\t186581\nweb\t384218\t0\t1\t186599\nweb\t329651\t0\t1\t186620\nweb\t134729\t0\t1\t186787\nweb\t103717\t0\t1\t186788\nweb\t122177\t0\t1\t186898\nweb\t328189\t0\t1\t186907\nweb\t50717\t0\t1\t186907\nweb\t12242\t0\t1\t186947\nweb\t372416\t0\t1\t186962\nweb\t83042\t0\t1\t187134\nweb\t318499\t0\t1\t187220\nweb\t208199\t0\t1\t187382\nweb\t451279\t0\t1\t187631\nweb\t319525\t0\t1\t187667\nweb\t82928\t0\t1\t187685\nweb\t281635\t0\t1\t187797\nweb\t104849\t0\t1\t187855\nweb\t71876\t0\t1\t188585\nweb\t381907\t0\t1\t188846\nweb\t260773\t0\t1\t189026\nweb\t386726\t0\t1\t189297\nweb\t102103\t0\t1\t189654\nweb\t348878\t0\t1\t189654\nweb\t402841\t0\t1\t189654\nweb\t144085\t0\t1\t189654\nweb\t302581\t0\t1\t189654\nweb\t458959\t0\t1\t189654\nweb\t246554\t0\t1\t189654\nweb\t131540\t0\t1\t189654\nweb\t404552\t0\t1\t189654\nweb\t344834\t0\t1\t189654\nweb\t279482\t0\t1\t189654\nweb\t248431\t0\t1\t189654\nweb\t122065\t0\t1\t189654\nweb\t352094\t0\t1\t189654\nweb\t85391\t0\t1\t189654\nweb\t255914\t0\t1\t189654\nweb\t167519\t0\t1\t189654\nweb\t295909\t0\t1\t189654\nweb\t188629\t0\t1\t189654\nweb\t201883\t0\t1\t189654\nweb\t296264\t0\t1\t189654\nweb\t151561\t0\t1\t189654\nweb\t142142\t0\t1\t189654\nweb\t111001\t0\t1\t189654\nweb\t414559\t0\t1\t189654\nweb\t396169\t0\t1\t189654\nweb\t305462\t0\t1\t189654\nweb\t17276\t0\t1\t189654\nweb\t114194\t0\t1\t189654\nweb\t114101\t0\t1\t189654\nweb\t300413\t0\t1\t189654\nweb\t383321\t0\t1\t189654\nweb\t154477\t0\t1\t189654\nweb\t12698\t0\t1\t193152\nweb\t210649\t0\t1\t194566\nweb\t447470\t0\t1\t195058\nweb\t310556\t0\t1\t197541\nweb\t440797\t0\t1\t199129\nweb\t18866\t0\t1\t199861\nweb\t49477\t0\t1\t201136\nweb\t153674\t0\t1\t201933\nweb\t363962\t0\t1\t202791\nweb\t426728\t0\t1\t202915\nweb\t149978\t0\t1\t203421\nweb\t226847\t0\t1\t204326\nweb\t318781\t0\t1\t204414\nweb\t134401\t0\t1\t204620\nweb\t325106\t0\t1\t204685\nweb\t164107\t0\t1\t204789\nweb\t84458\t0\t1\t204865\nweb\t186523\t0\t1\t205635\nweb\t128297\t0\t1\t205651\nweb\t129775\t0\t1\t205883\nweb\t341921\t0\t1\t206184\nweb\t349607\t0\t1\t206248\nweb\t40061\t0\t1\t206281\nweb\t241748\t0\t1\t206673\nweb\t311768\t0\t1\t206673\nweb\t65837\t0\t1\t206727\nweb\t182147\t0\t1\t207056\nweb\t135277\t0\t1\t207199\nweb\t406442\t0\t1\t207409\nweb\t325064\t0\t1\t207542\nweb\t31625\t0\t1\t207772\nweb\t35335\t0\t1\t207780\nweb\t409537\t0\t1\t207873\nweb\t425522\t0\t1\t207878\nweb\t316321\t0\t1\t208065\nweb\t336535\t0\t1\t208099\nweb\t200663\t0\t1\t208183\nweb\t276626\t0\t1\t208184\nweb\t105517\t0\t1\t208415\nweb\t159845\t0\t1\t208495\nstore\t159049\t0.55555555555555555556\t957\t1\nstore\t461875\t0\t1\t88642\nstore\t301262\t0.56\t962\t3\nstore\t64993\t0.56\t962\t3\nstore\t106037\t0.5625\t967\t5\nstore\t452918\t0.56565656565656565657\t973\t6\nstore\t99950\t0.56701030927835051546\t975\t7\nstore\t441133\t0\t1\t88726\nstore\t313939\t0.57\t981\t9\nstore\t293299\t0.53608247422680412371\t946\t10\nstore\t67513\t0.53608247422680412371\t946\t10\nstore\t44396\t0\t1\t187\nstore\t226271\t0\t1\t187\nstore\t2798\t0\t1\t536\nstore\t405805\t0\t1\t1883\nstore\t316363\t0\t1\t2164\nstore\t390566\t0\t1\t2449\nstore\t72133\t0\t1\t2598\nstore\t232121\t0\t1\t2598\nstore\t142753\t0\t1\t2693\nstore\t64795\t0\t1\t3213\nstore\t254627\t0\t1\t3213\nstore\t152245\t0\t1\t3426\nstore\t379699\t0\t1\t3426\nstore\t371191\t0\t1\t3537\nstore\t215285\t0\t1\t3537\nstore\t376124\t0\t1\t3703\nstore\t49580\t0\t1\t3833\nstore\t123643\t0\t1\t3937\nstore\t344917\t0\t1\t4100\nstore\t213242\t0\t1\t4115\nstore\t438661\t0\t1\t88828\nstore\t37921\t0\t1\t4181\nstore\t116881\t0\t1\t4371\nstore\t16763\t0\t1\t4371\nstore\t182257\t0\t1\t4502\nstore\t344072\t0\t1\t4513\nstore\t259760\t0\t1\t4742\nstore\t419867\t0\t1\t4757\nstore\t120439\t0\t1\t4992\nstore\t97423\t0\t1\t5063\nstore\t154801\t0\t1\t5192\nstore\t351752\t0\t1\t5204\nstore\t273161\t0\t1\t5379\nstore\t148745\t0\t1\t5379\nstore\t66377\t0\t1\t5432\nstore\t235223\t0\t1\t5888\nstore\t234377\t0\t1\t5888\nstore\t98900\t0\t1\t5946\nstore\t80741\t0\t1\t7150\nstore\t61165\t0\t1\t7150\nstore\t243379\t0\t1\t7261\nstore\t443174\t0\t1\t7328\nstore\t304759\t0\t1\t7374\nstore\t157934\t0\t1\t7374\nstore\t182426\t0\t1\t7379\nstore\t448247\t0\t1\t7920\nstore\t124027\t0\t1\t7920\nstore\t370889\t0\t1\t7956\nstore\t225500\t0\t1\t8259\nstore\t116441\t0\t1\t8259\nstore\t98851\t0\t1\t8566\nstore\t312899\t0\t1\t8655\nstore\t319273\t0\t1\t8853\nstore\t373891\t0\t1\t9427\nstore\t430379\t0\t1\t9427\nstore\t100771\t0\t1\t9466\nstore\t148939\t0\t1\t9633\nstore\t366697\t0\t1\t9633\nstore\t280493\t0\t1\t9921\nstore\t181862\t0\t1\t9938\nstore\t303197\t0\t1\t10222\nstore\t65090\t0\t1\t10222\nstore\t177205\t0\t1\t10342\nstore\t161438\t0\t1\t10522\nstore\t55621\t0\t1\t10631\nstore\t198065\t0\t1\t10631\nstore\t81320\t0\t1\t10694\nstore\t422851\t0\t1\t10694\nstore\t145669\t0\t1\t10889\nstore\t176960\t0\t1\t10889\nstore\t228017\t0\t1\t10935\nstore\t109945\t0\t1\t11471\nstore\t180157\t0\t1\t11471\nstore\t277454\t0\t1\t11753\nstore\t128576\t0\t1\t11753\nstore\t271805\t0\t1\t11766\nstore\t418925\t0\t1\t11766\nstore\t237101\t0\t1\t12271\nstore\t357680\t0\t1\t12696\nstore\t110846\t0\t1\t13006\nstore\t422353\t0\t1\t13006\nstore\t100184\t0\t1\t13024\nstore\t64679\t0\t1\t13024\nstore\t132031\t0\t1\t13166\nstore\t31790\t0\t1\t13235\nstore\t169577\t0\t1\t13632\nstore\t291643\t0\t1\t13632\nstore\t397028\t0\t1\t14254\nstore\t364919\t0\t1\t14359\nTime taken: 201.381 seconds, Fetched: 764 row(s)\n{code}",
        "duedate": null,
        "environment": null,
        "fixVersions": [],
        "issuelinks": [],
        "issuetype": {
            "avatarId": 21133,
            "description": "A problem which impairs or prevents the functions of the product.",
            "iconUrl": "https://issues.apache.org/jira/secure/viewavatar?size=xsmall&avatarId=21133&avatarType=issuetype",
            "id": "1",
            "name": "Bug",
            "self": "https://issues.apache.org/jira/rest/api/2/issuetype/1",
            "subtask": false
        },
        "labels": [],
        "lastViewed": null,
        "priority": {
            "iconUrl": "https://issues.apache.org/jira/images/icons/priorities/major.svg",
            "id": "3",
            "name": "Major",
            "self": "https://issues.apache.org/jira/rest/api/2/priority/3"
        },
        "progress": {
            "progress": 0,
            "total": 0
        },
        "project": {
            "avatarUrls": {
                "16x16": "https://issues.apache.org/jira/secure/projectavatar?size=xsmall&pid=12310843&avatarId=11935",
                "24x24": "https://issues.apache.org/jira/secure/projectavatar?size=small&pid=12310843&avatarId=11935",
                "32x32": "https://issues.apache.org/jira/secure/projectavatar?size=medium&pid=12310843&avatarId=11935",
                "48x48": "https://issues.apache.org/jira/secure/projectavatar?pid=12310843&avatarId=11935"
            },
            "id": "12310843",
            "key": "HIVE",
            "name": "Hive",
            "projectCategory": {
                "description": "Scalable Distributed Computing",
                "id": "10292",
                "name": "Hadoop",
                "self": "https://issues.apache.org/jira/rest/api/2/projectCategory/10292"
            },
            "self": "https://issues.apache.org/jira/rest/api/2/project/12310843"
        },
        "reporter": {
            "active": true,
            "avatarUrls": {
                "16x16": "https://issues.apache.org/jira/secure/useravatar?size=xsmall&ownerId=mmokhtar&avatarId=21863",
                "24x24": "https://issues.apache.org/jira/secure/useravatar?size=small&ownerId=mmokhtar&avatarId=21863",
                "32x32": "https://issues.apache.org/jira/secure/useravatar?size=medium&ownerId=mmokhtar&avatarId=21863",
                "48x48": "https://issues.apache.org/jira/secure/useravatar?ownerId=mmokhtar&avatarId=21863"
            },
            "displayName": "Mostafa Mokhtar",
            "key": "mmokhtar",
            "name": "mmokhtar",
            "self": "https://issues.apache.org/jira/rest/api/2/user?username=mmokhtar",
            "timeZone": "America/Los_Angeles"
        },
        "resolution": {
            "description": "All attempts at reproducing this issue failed, or not enough information was available to reproduce the issue. Reading the code produces no clues as to why this behavior would occur. If more information appears later, please reopen the issue.",
            "id": "5",
            "name": "Cannot Reproduce",
            "self": "https://issues.apache.org/jira/rest/api/2/resolution/5"
        },
        "resolutiondate": "2015-04-06T21:41:58.000+0000",
        "status": {
            "description": "A resolution has been taken, and it is awaiting verification by reporter. From here issues are either reopened, or are closed.",
            "iconUrl": "https://issues.apache.org/jira/images/icons/statuses/resolved.png",
            "id": "5",
            "name": "Resolved",
            "self": "https://issues.apache.org/jira/rest/api/2/status/5",
            "statusCategory": {
                "colorName": "green",
                "id": 3,
                "key": "done",
                "name": "Done",
                "self": "https://issues.apache.org/jira/rest/api/2/statuscategory/3"
            }
        },
        "subtasks": [],
        "summary": "TPC-DS Q49 : Semantic analyzer order by is not honored when used after union all ",
        "timeestimate": null,
        "timeoriginalestimate": null,
        "timespent": null,
        "updated": "2015-04-06T21:41:58.000+0000",
        "versions": [
            {
                "archived": false,
                "description": "released",
                "id": "12324986",
                "name": "0.13.0",
                "releaseDate": "2014-04-21",
                "released": true,
                "self": "https://issues.apache.org/jira/rest/api/2/version/12324986"
            },
            {
                "archived": false,
                "description": "released",
                "id": "12326450",
                "name": "0.14.0",
                "releaseDate": "2014-11-12",
                "released": true,
                "self": "https://issues.apache.org/jira/rest/api/2/version/12326450"
            }
        ],
        "votes": {
            "hasVoted": false,
            "self": "https://issues.apache.org/jira/rest/api/2/issue/HIVE-8731/votes",
            "votes": 0
        },
        "watches": {
            "isWatching": false,
            "self": "https://issues.apache.org/jira/rest/api/2/issue/HIVE-8731/watchers",
            "watchCount": 3
        },
        "workratio": -1
    },
    "id": "12752857",
    "key": "HIVE-8731",
    "self": "https://issues.apache.org/jira/rest/api/2/issue/12752857"
}