{
    "expand": "operations,versionedRepresentations,editmeta,changelog,renderedFields",
    "fields": {
        "aggregateprogress": {
            "progress": 0,
            "total": 0
        },
        "aggregatetimeestimate": null,
        "aggregatetimeoriginalestimate": null,
        "aggregatetimespent": null,
        "assignee": {
            "active": true,
            "avatarUrls": {
                "16x16": "https://issues.apache.org/jira/secure/useravatar?size=xsmall&avatarId=10452",
                "24x24": "https://issues.apache.org/jira/secure/useravatar?size=small&avatarId=10452",
                "32x32": "https://issues.apache.org/jira/secure/useravatar?size=medium&avatarId=10452",
                "48x48": "https://issues.apache.org/jira/secure/useravatar?avatarId=10452"
            },
            "displayName": "Pengcheng Xiong",
            "key": "pxiong",
            "name": "pxiong",
            "self": "https://issues.apache.org/jira/rest/api/2/user?username=pxiong",
            "timeZone": "America/Los_Angeles"
        },
        "components": [{
            "description": "All issues dealing with Hive's cost based optimizer and its interaction with Optiq",
            "id": "12323402",
            "name": "CBO",
            "self": "https://issues.apache.org/jira/rest/api/2/component/12323402"
        }],
        "created": "2014-11-06T22:01:14.000+0000",
        "creator": {
            "active": true,
            "avatarUrls": {
                "16x16": "https://issues.apache.org/jira/secure/useravatar?size=xsmall&ownerId=mmokhtar&avatarId=21863",
                "24x24": "https://issues.apache.org/jira/secure/useravatar?size=small&ownerId=mmokhtar&avatarId=21863",
                "32x32": "https://issues.apache.org/jira/secure/useravatar?size=medium&ownerId=mmokhtar&avatarId=21863",
                "48x48": "https://issues.apache.org/jira/secure/useravatar?ownerId=mmokhtar&avatarId=21863"
            },
            "displayName": "Mostafa Mokhtar",
            "key": "mmokhtar",
            "name": "mmokhtar",
            "self": "https://issues.apache.org/jira/rest/api/2/user?username=mmokhtar",
            "timeZone": "America/Los_Angeles"
        },
        "customfield_10010": null,
        "customfield_12310191": null,
        "customfield_12310192": null,
        "customfield_12310220": "2015-05-09T00:11:36.213+0000",
        "customfield_12310222": "1_*:*_1_*:*_29046074921_*|*_5_*:*_1_*:*_0",
        "customfield_12310230": null,
        "customfield_12310250": null,
        "customfield_12310290": null,
        "customfield_12310291": null,
        "customfield_12310300": null,
        "customfield_12310310": "0.0",
        "customfield_12310320": null,
        "customfield_12310420": "9223372036854775807",
        "customfield_12310920": "9223372036854775807",
        "customfield_12310921": null,
        "customfield_12311020": null,
        "customfield_12311024": null,
        "customfield_12311120": null,
        "customfield_12311820": "0|i222vj:",
        "customfield_12312022": null,
        "customfield_12312023": null,
        "customfield_12312024": null,
        "customfield_12312026": null,
        "customfield_12312220": null,
        "customfield_12312320": null,
        "customfield_12312321": null,
        "customfield_12312322": null,
        "customfield_12312323": null,
        "customfield_12312324": null,
        "customfield_12312325": null,
        "customfield_12312326": null,
        "customfield_12312327": null,
        "customfield_12312328": null,
        "customfield_12312329": null,
        "customfield_12312330": null,
        "customfield_12312331": null,
        "customfield_12312332": null,
        "customfield_12312333": null,
        "customfield_12312334": null,
        "customfield_12312335": null,
        "customfield_12312336": null,
        "customfield_12312337": null,
        "customfield_12312338": null,
        "customfield_12312339": null,
        "customfield_12312340": null,
        "customfield_12312341": null,
        "customfield_12312520": null,
        "customfield_12312521": "Fri Oct 09 02:22:14 UTC 2015",
        "customfield_12312720": null,
        "customfield_12312823": null,
        "customfield_12312920": null,
        "customfield_12312921": null,
        "customfield_12312923": null,
        "customfield_12313422": "false",
        "customfield_12313520": null,
        "description": "CBO joins with date_dim first instead of item where item is the more selective join.\n\nQuery \n{code}\nselect  *\n from(select w_warehouse_name\n            ,i_item_id\n            ,sum(case when (cast(d_date as date) < cast ('1998-04-08' as date))\n\t                then inv_quantity_on_hand \n                      else 0 end) as inv_before\n            ,sum(case when (cast(d_date as date) >= cast ('1998-04-08' as date))\n                      then inv_quantity_on_hand \n                      else 0 end) as inv_after\n   from inventory\n       ,warehouse\n       ,item\n       ,date_dim\n   where i_current_price between 0.99 and 1.49\n     and item.i_item_sk          = inventory.inv_item_sk\n     and inventory.inv_warehouse_sk   = warehouse.w_warehouse_sk\n     and inventory.inv_date_sk    = date_dim.d_date_sk\n     and d_date between '1998-03-09' and '1998-05-07'\n   group by w_warehouse_name, i_item_id) x\n where (case when inv_before > 0 \n             then inv_after / inv_before \n             else null\n             end) between 2.0/3.0 and 3.0/2.0\n order by w_warehouse_name\n         ,i_item_id\n limit 100\n{code}\n\nLogical Plan \n{code}\n2014-11-06 16:58:32,041 DEBUG [main]: parse.SemanticAnalyzer (SemanticAnalyzer.java:apply(12631)) - Plan After Join Reordering:\nHiveSortRel(fetch=[100]): rowcount = 1.0, cumulative cost = {1.627879384609158E9 rows, 2.0 cpu, 0.0 io}, id = 12521\n  HiveSortRel(sort0=[$0], sort1=[$1], dir0=[ASC], dir1=[ASC]): rowcount = 1.0, cumulative cost = {1.627879368609158E9 rows, 1.0 cpu, 0.0 io}, id = 12519\n    HiveProjectRel(w_warehouse_name=[$0], i_item_id=[$1], inv_before=[$2], inv_after=[$3]): rowcount = 1.0, cumulative cost = {1.627879352609158E9 rows, 0.0 cpu, 0.0 io}, id = 12517\n      HiveFilterRel(condition=[between(false, when(>($2, 0), /(CAST($3):DOUBLE, CAST($2):DOUBLE), null), /(2E0, 3E0), /(3E0, 2E0))]): rowcount = 1.0, cumulative cost = {1.627879352609158E9 rows, 0.0 cpu, 0.0 io}, id = 12515\n        HiveAggregateRel(group=[{0, 1}], agg#0=[sum($2)], agg#1=[sum($3)]): rowcount = 1.7688372892644288, cumulative cost = {1.627879352609158E9 rows, 0.0 cpu, 0.0 io}, id = 12513\n          HiveProjectRel($f0=[$5], $f1=[$7], $f2=[when(<(CAST($10):DATE, CAST('1998-04-08'):DATE), $2, 0)], $f3=[when(>=(CAST($10):DATE, CAST('1998-04-08'):DATE), $2, 0)]): rowcount = 1.8477987480495097, cumulative cost = {1.627879352609158E9 rows, 0.0 cpu, 0.0 io}, id = 12511\n            HiveProjectRel(inv_item_sk=[$2], inv_warehouse_sk=[$3], inv_quantity_on_hand=[$4], inv_date_sk=[$5], w_warehouse_sk=[$0], w_warehouse_name=[$1], i_item_sk=[$8], i_item_id=[$9], i_current_price=[$10], d_date_sk=[$6], d_date=[$7]): rowcount = 1.8477987480495097, cumulative cost = {1.627879352609158E9 rows, 0.0 cpu, 0.0 io}, id = 12577\n              HiveJoinRel(condition=[=($3, $0)], joinType=[inner]): rowcount = 1.8477987480495097, cumulative cost = {1.627879352609158E9 rows, 0.0 cpu, 0.0 io}, id = 12575\n                HiveProjectRel(w_warehouse_sk=[$0], w_warehouse_name=[$2]): rowcount = 27.0, cumulative cost = {0.0 rows, 0.0 cpu, 0.0 io}, id = 12463\n                  HiveTableScanRel(table=[[tpcds_bin_partitioned_orc_30000.warehouse]]): rowcount = 27.0, cumulative cost = {0}, id = 12287\n                HiveJoinRel(condition=[=($6, $0)], joinType=[inner]): rowcount = 1.8477987480495097, cumulative cost = {1.6278793237613592E9 rows, 0.0 cpu, 0.0 io}, id = 12573\n                  HiveJoinRel(condition=[=($3, $4)], joinType=[inner]): rowcount = 22284.45290147709, cumulative cost = {1.627857001E9 rows, 0.0 cpu, 0.0 io}, id = 12534\n                    HiveProjectRel(inv_item_sk=[$0], inv_warehouse_sk=[$1], inv_quantity_on_hand=[$2], inv_date_sk=[$3]): rowcount = 1.627857E9, cumulative cost = {0.0 rows, 0.0 cpu, 0.0 io}, id = 12460\n                      HiveTableScanRel(table=[[tpcds_bin_partitioned_orc_30000.inventory]]): rowcount = 1.627857E9, cumulative cost = {0}, id = 12284\n                    HiveProjectRel(d_date_sk=[$0], d_date=[$2]): rowcount = 1.0, cumulative cost = {0.0 rows, 0.0 cpu, 0.0 io}, id = 12507\n                      HiveFilterRel(condition=[between(false, $2, '1998-03-09', '1998-05-07')]): rowcount = 1.0, cumulative cost = {0.0 rows, 0.0 cpu, 0.0 io}, id = 12505\n                        HiveTableScanRel(table=[[tpcds_bin_partitioned_orc_30000.date_dim]]): rowcount = 73049.0, cumulative cost = {0}, id = 12286\n                  HiveProjectRel(i_item_sk=[$0], i_item_id=[$1], i_current_price=[$5]): rowcount = 38.308457711442784, cumulative cost = {0.0 rows, 0.0 cpu, 0.0 io}, id = 12501\n                    HiveFilterRel(condition=[between(false, $5, 9.8999999999999999111E-1, 1.4899999999999999911E0)]): rowcount = 38.308457711442784, cumulative cost = {0.0 rows, 0.0 cpu, 0.0 io}, id = 12499\n                      HiveTableScanRel(table=[[tpcds_bin_partitioned_orc_30000.item]]): rowcount = 462000.0, cumulative cost = {0}, id = 12285\n{code}\n\n\nPhysical plan\n{code}\nSTAGE DEPENDENCIES:\n  Stage-1 is a root stage\n  Stage-0 depends on stages: Stage-1\n\nSTAGE PLANS:\n  Stage: Stage-1\n    Tez\n      Edges:\n        Map 3 <- Map 1 (BROADCAST_EDGE), Map 2 (BROADCAST_EDGE), Map 6 (BROADCAST_EDGE)\n        Reducer 4 <- Map 3 (SIMPLE_EDGE)\n        Reducer 5 <- Reducer 4 (SIMPLE_EDGE)\n      DagName: mmokhtar_20141104001212_4ebd83eb-0b1a-4375-aa32-b6455db0b8f9:1\n      Vertices:\n        Map 1 \n            Map Operator Tree:\n                TableScan\n                  alias: warehouse\n                  filterExpr: w_warehouse_sk is not null (type: boolean)\n                  Statistics: Num rows: 27 Data size: 27802 Basic stats: COMPLETE Column stats: COMPLETE\n                  Filter Operator\n                    predicate: w_warehouse_sk is not null (type: boolean)\n                    Statistics: Num rows: 27 Data size: 2808 Basic stats: COMPLETE Column stats: COMPLETE\n                    Select Operator\n                      expressions: w_warehouse_sk (type: int), w_warehouse_name (type: string)\n                      outputColumnNames: _col0, _col1\n                      Statistics: Num rows: 27 Data size: 2808 Basic stats: COMPLETE Column stats: COMPLETE\n                      Reduce Output Operator\n                        key expressions: _col0 (type: int)\n                        sort order: +\n                        Map-reduce partition columns: _col0 (type: int)\n                        Statistics: Num rows: 27 Data size: 2808 Basic stats: COMPLETE Column stats: COMPLETE\n                        value expressions: _col1 (type: string)\n            Execution mode: vectorized\n        Map 2 \n            Map Operator Tree:\n                TableScan\n                  alias: item\n                  filterExpr: (i_current_price BETWEEN 0.99 AND 1.49 and i_item_sk is not null) (type: boolean)\n                  Statistics: Num rows: 462000 Data size: 663862160 Basic stats: COMPLETE Column stats: COMPLETE\n                  Filter Operator\n                    predicate: (i_current_price BETWEEN 0.99 AND 1.49 and i_item_sk is not null) (type: boolean)\n                    Statistics: Num rows: 231000 Data size: 24945664 Basic stats: COMPLETE Column stats: COMPLETE\n                    Select Operator\n                      expressions: i_item_sk (type: int), i_item_id (type: string)\n                      outputColumnNames: _col0, _col1\n                      Statistics: Num rows: 231000 Data size: 24024000 Basic stats: COMPLETE Column stats: COMPLETE\n                      Reduce Output Operator\n                        key expressions: _col0 (type: int)\n                        sort order: +\n                        Map-reduce partition columns: _col0 (type: int)\n                        Statistics: Num rows: 231000 Data size: 24024000 Basic stats: COMPLETE Column stats: COMPLETE\n                        value expressions: _col1 (type: string)\n            Execution mode: vectorized\n        Map 3 \n            Map Operator Tree:\n                TableScan\n                  alias: inventory\n                  filterExpr: (inv_item_sk is not null and inv_warehouse_sk is not null) (type: boolean)\n                  Statistics: Num rows: 1627857000 Data size: 19208695084 Basic stats: COMPLETE Column stats: COMPLETE\n                  Filter Operator\n                    predicate: (inv_item_sk is not null and inv_warehouse_sk is not null) (type: boolean)\n                    Statistics: Num rows: 1627857000 Data size: 25720123084 Basic stats: COMPLETE Column stats: COMPLETE\n                    Select Operator\n                      expressions: inv_item_sk (type: int), inv_warehouse_sk (type: int), inv_quantity_on_hand (type: int), inv_date_sk (type: int)\n                      outputColumnNames: _col0, _col1, _col2, _col3\n                      Statistics: Num rows: 1627857000 Data size: 25720123084 Basic stats: COMPLETE Column stats: COMPLETE\n                      Map Join Operator\n                        condition map:\n                             Inner Join 0 to 1\n                        condition expressions:\n                          0 {_col0} {_col1} {_col2}\n                          1 {_col1}\n                        keys:\n                          0 _col3 (type: int)\n                          1 _col0 (type: int)\n                        outputColumnNames: _col0, _col1, _col2, _col5\n                        input vertices:\n                          1 Map 6\n                        Statistics: Num rows: 1820114157 Data size: 185651644014 Basic stats: COMPLETE Column stats: COMPLETE\n                        Map Join Operator\n                          condition map:\n                               Inner Join 0 to 1\n                          condition expressions:\n                            0 {_col1} {_col2} {_col5}\n                            1 {_col1}\n                          keys:\n                            0 _col0 (type: int)\n                            1 _col0 (type: int)\n                          outputColumnNames: _col1, _col2, _col5, _col7\n                          input vertices:\n                            1 Map 2\n                          Statistics: Num rows: 1913285356 Data size: 378830500488 Basic stats: COMPLETE Column stats: COMPLETE\n                          Select Operator\n                            expressions: _col1 (type: int), _col2 (type: int), _col5 (type: string), _col7 (type: string)\n                            outputColumnNames: _col1, _col2, _col5, _col7\n                            Statistics: Num rows: 1913285356 Data size: 378830500488 Basic stats: COMPLETE Column stats: COMPLETE\n                            Map Join Operator\n                              condition map:\n                                   Inner Join 0 to 1\n                              condition expressions:\n                                0 {_col1}\n                                1 {_col2} {_col5} {_col7}\n                              keys:\n                                0 _col0 (type: int)\n                                1 _col1 (type: int)\n                              outputColumnNames: _col1, _col4, _col7, _col9\n                              input vertices:\n                                0 Map 1\n                              Statistics: Num rows: 2348122936 Data size: 699740634928 Basic stats: COMPLETE Column stats: COMPLETE\n                              Select Operator\n                                expressions: _col1 (type: string), _col9 (type: string), CASE WHEN ((CAST( _col7 AS DATE) < 1998-04-08)) THEN (_col4) ELSE (0) END (type: int), CASE WHEN ((CAST( _col7 AS DATE) >= 1998-04-08)) THEN (_col4) ELSE (0) END (type: int)\n                                outputColumnNames: _col0, _col1, _col2, _col3\n                                Statistics: Num rows: 2348122936 Data size: 699740634928 Basic stats: COMPLETE Column stats: COMPLETE\n                                Group By Operator\n                                  aggregations: sum(_col2), sum(_col3)\n                                  keys: _col0 (type: string), _col1 (type: string)\n                                  mode: hash\n                                  outputColumnNames: _col0, _col1, _col2, _col3\n                                  Statistics: Num rows: 1174061468 Data size: 253597277088 Basic stats: COMPLETE Column stats: COMPLETE\n                                  Reduce Output Operator\n                                    key expressions: _col0 (type: string), _col1 (type: string)\n                                    sort order: ++\n                                    Map-reduce partition columns: _col0 (type: string), _col1 (type: string)\n                                    Statistics: Num rows: 1174061468 Data size: 253597277088 Basic stats: COMPLETE Column stats: COMPLETE\n                                    value expressions: _col2 (type: bigint), _col3 (type: bigint)\n        Map 6 \n            Map Operator Tree:\n                TableScan\n                  alias: date_dim\n                  filterExpr: (d_date BETWEEN '1998-03-09' AND '1998-05-07' and d_date_sk is not null) (type: boolean)\n                  Statistics: Num rows: 73049 Data size: 81741831 Basic stats: COMPLETE Column stats: COMPLETE\n                  Filter Operator\n                    predicate: (d_date BETWEEN '1998-03-09' AND '1998-05-07' and d_date_sk is not null) (type: boolean)\n                    Statistics: Num rows: 36524 Data size: 3579352 Basic stats: COMPLETE Column stats: COMPLETE\n                    Select Operator\n                      expressions: d_date_sk (type: int), d_date (type: string)\n                      outputColumnNames: _col0, _col1\n                      Statistics: Num rows: 36524 Data size: 3579352 Basic stats: COMPLETE Column stats: COMPLETE\n                      Reduce Output Operator\n                        key expressions: _col0 (type: int)\n                        sort order: +\n                        Map-reduce partition columns: _col0 (type: int)\n                        Statistics: Num rows: 36524 Data size: 3579352 Basic stats: COMPLETE Column stats: COMPLETE\n                        value expressions: _col1 (type: string)\n                      Select Operator\n                        expressions: _col0 (type: int)\n                        outputColumnNames: _col0\n                        Statistics: Num rows: 36524 Data size: 3579352 Basic stats: COMPLETE Column stats: COMPLETE\n                        Group By Operator\n                          keys: _col0 (type: int)\n                          mode: hash\n                          outputColumnNames: _col0\n                          Statistics: Num rows: 36524 Data size: 3579352 Basic stats: COMPLETE Column stats: COMPLETE\n                          Dynamic Partitioning Event Operator\n                            Target Input: inventory\n                            Partition key expr: inv_date_sk\n                            Statistics: Num rows: 36524 Data size: 3579352 Basic stats: COMPLETE Column stats: COMPLETE\n                            Target column: inv_date_sk\n                            Target Vertex: Map 3\n            Execution mode: vectorized\n        Reducer 4 \n            Reduce Operator Tree:\n              Group By Operator\n                aggregations: sum(VALUE._col0), sum(VALUE._col1)\n                keys: KEY._col0 (type: string), KEY._col1 (type: string)\n                mode: mergepartial\n                outputColumnNames: _col0, _col1, _col2, _col3\n                Statistics: Num rows: 3263127 Data size: 704835432 Basic stats: COMPLETE Column stats: COMPLETE\n                Filter Operator\n                  predicate: CASE WHEN ((_col2 > 0)) THEN ((UDFToDouble(_col3) / UDFToDouble(_col2))) ELSE (null) END BETWEEN 0.6666666666666666 AND 1.5 (type: boolean)\n                  Statistics: Num rows: 1631563 Data size: 352417608 Basic stats: COMPLETE Column stats: COMPLETE\n                  Select Operator\n                    expressions: _col0 (type: string), _col1 (type: string), _col2 (type: bigint), _col3 (type: bigint)\n                    outputColumnNames: _col0, _col1, _col2, _col3\n                    Statistics: Num rows: 1631563 Data size: 352417608 Basic stats: COMPLETE Column stats: COMPLETE\n                    Reduce Output Operator\n                      key expressions: _col0 (type: string), _col1 (type: string)\n                      sort order: ++\n                      Statistics: Num rows: 1631563 Data size: 352417608 Basic stats: COMPLETE Column stats: COMPLETE\n                      TopN Hash Memory Usage: 0.04\n                      value expressions: _col2 (type: bigint), _col3 (type: bigint)\n        Reducer 5 \n            Reduce Operator Tree:\n              Select Operator\n                expressions: KEY.reducesinkkey0 (type: string), KEY.reducesinkkey1 (type: string), VALUE._col0 (type: bigint), VALUE._col1 (type: bigint)\n                outputColumnNames: _col0, _col1, _col2, _col3\n                Statistics: Num rows: 1631563 Data size: 352417608 Basic stats: COMPLETE Column stats: COMPLETE\n                Limit\n                  Number of rows: 100\n                  Statistics: Num rows: 100 Data size: 21600 Basic stats: COMPLETE Column stats: COMPLETE\n                  File Output Operator\n                    compressed: false\n                    Statistics: Num rows: 100 Data size: 21600 Basic stats: COMPLETE Column stats: COMPLETE\n                    table:\n                        input format: org.apache.hadoop.mapred.TextInputFormat\n                        output format: org.apache.hadoop.hive.ql.io.HiveIgnoreKeyTextOutputFormat\n                        serde: org.apache.hadoop.hive.serde2.lazy.LazySimpleSerDe\n            Execution mode: vectorized\n\n  Stage: Stage-0\n    Fetch Operator\n      limit: 100\n      Processor Tree:\n        ListSink\n\nTime taken: 6.142 seconds, Fetched: 205 row(s)\n{code}",
        "duedate": null,
        "environment": null,
        "fixVersions": [],
        "issuelinks": [],
        "issuetype": {
            "avatarId": 21133,
            "description": "A problem which impairs or prevents the functions of the product.",
            "iconUrl": "https://issues.apache.org/jira/secure/viewavatar?size=xsmall&avatarId=21133&avatarType=issuetype",
            "id": "1",
            "name": "Bug",
            "self": "https://issues.apache.org/jira/rest/api/2/issuetype/1",
            "subtask": false
        },
        "labels": [],
        "lastViewed": null,
        "priority": {
            "iconUrl": "https://issues.apache.org/jira/images/icons/priorities/major.svg",
            "id": "3",
            "name": "Major",
            "self": "https://issues.apache.org/jira/rest/api/2/priority/3"
        },
        "progress": {
            "progress": 0,
            "total": 0
        },
        "project": {
            "avatarUrls": {
                "16x16": "https://issues.apache.org/jira/secure/projectavatar?size=xsmall&pid=12310843&avatarId=11935",
                "24x24": "https://issues.apache.org/jira/secure/projectavatar?size=small&pid=12310843&avatarId=11935",
                "32x32": "https://issues.apache.org/jira/secure/projectavatar?size=medium&pid=12310843&avatarId=11935",
                "48x48": "https://issues.apache.org/jira/secure/projectavatar?pid=12310843&avatarId=11935"
            },
            "id": "12310843",
            "key": "HIVE",
            "name": "Hive",
            "projectCategory": {
                "description": "Scalable Distributed Computing",
                "id": "10292",
                "name": "Hadoop",
                "self": "https://issues.apache.org/jira/rest/api/2/projectCategory/10292"
            },
            "self": "https://issues.apache.org/jira/rest/api/2/project/12310843"
        },
        "reporter": {
            "active": true,
            "avatarUrls": {
                "16x16": "https://issues.apache.org/jira/secure/useravatar?size=xsmall&ownerId=mmokhtar&avatarId=21863",
                "24x24": "https://issues.apache.org/jira/secure/useravatar?size=small&ownerId=mmokhtar&avatarId=21863",
                "32x32": "https://issues.apache.org/jira/secure/useravatar?size=medium&ownerId=mmokhtar&avatarId=21863",
                "48x48": "https://issues.apache.org/jira/secure/useravatar?ownerId=mmokhtar&avatarId=21863"
            },
            "displayName": "Mostafa Mokhtar",
            "key": "mmokhtar",
            "name": "mmokhtar",
            "self": "https://issues.apache.org/jira/rest/api/2/user?username=mmokhtar",
            "timeZone": "America/Los_Angeles"
        },
        "resolution": {
            "description": "The problem described is an issue which will never be fixed.",
            "id": "2",
            "name": "Won't Fix",
            "self": "https://issues.apache.org/jira/rest/api/2/resolution/2"
        },
        "resolutiondate": "2015-10-09T02:22:29.000+0000",
        "status": {
            "description": "A resolution has been taken, and it is awaiting verification by reporter. From here issues are either reopened, or are closed.",
            "iconUrl": "https://issues.apache.org/jira/images/icons/statuses/resolved.png",
            "id": "5",
            "name": "Resolved",
            "self": "https://issues.apache.org/jira/rest/api/2/status/5",
            "statusCategory": {
                "colorName": "green",
                "id": 3,
                "key": "done",
                "name": "Done",
                "self": "https://issues.apache.org/jira/rest/api/2/statuscategory/3"
            }
        },
        "subtasks": [],
        "summary": "TPC-DS Q21 : Incorrect join order makes query run slower (Not scaling selectivity by NDV) ",
        "timeestimate": null,
        "timeoriginalestimate": null,
        "timespent": null,
        "updated": "2015-10-09T02:22:29.000+0000",
        "versions": [{
            "archived": false,
            "description": "released",
            "id": "12326450",
            "name": "0.14.0",
            "releaseDate": "2014-11-12",
            "released": true,
            "self": "https://issues.apache.org/jira/rest/api/2/version/12326450"
        }],
        "votes": {
            "hasVoted": false,
            "self": "https://issues.apache.org/jira/rest/api/2/issue/HIVE-8765/votes",
            "votes": 0
        },
        "watches": {
            "isWatching": false,
            "self": "https://issues.apache.org/jira/rest/api/2/issue/HIVE-8765/watchers",
            "watchCount": 3
        },
        "workratio": -1
    },
    "id": "12753532",
    "key": "HIVE-8765",
    "self": "https://issues.apache.org/jira/rest/api/2/issue/12753532"
}