[Query plan from branch-1:
{code}
:~/$ hive
Logging initialized using configuration in jar:file:~/branch-1/hive/packaging/target/apache-hive-1.3.0-SNAPSHOT-bin/apache-hive-1.3.0-SNAPSHOT-bin/lib/hive-common-1.3.0-SNAPSHOT.jar!/hive-log4j.properties
hive> EXPLAIN SELECT COUNT(*) from v1 WHERE c2 = 0;
OK
STAGE DEPENDENCIES:
  Stage-1 is a root stage
  Stage-0 depends on stages: Stage-1

STAGE PLANS:
  Stage: Stage-1
    Map Reduce
      Map Operator Tree:
          TableScan
            alias: t1
            Statistics: Num rows: 1 Data size: 0 Basic stats: PARTIAL Column stats: COMPLETE
            Filter Operator
              predicate: false (type: boolean)
              Statistics: Num rows: 1 Data size: 0 Basic stats: PARTIAL Column stats: COMPLETE
              Union
                Statistics: Num rows: 2 Data size: 0 Basic stats: PARTIAL Column stats: PARTIAL
                Select Operator
                  Statistics: Num rows: 2 Data size: 0 Basic stats: PARTIAL Column stats: PARTIAL
                  Group By Operator
                    aggregations: count()
                    mode: hash
                    outputColumnNames: _col0
                    Statistics: Num rows: 1 Data size: 8 Basic stats: COMPLETE Column stats: PARTIAL
                    Reduce Output Operator
                      sort order: 
                      Statistics: Num rows: 1 Data size: 8 Basic stats: COMPLETE Column stats: PARTIAL
                      value expressions: _col0 (type: bigint)
          TableScan
            alias: t2
            Statistics: Num rows: 1 Data size: 0 Basic stats: PARTIAL Column stats: NONE
            Filter Operator
              predicate: (c2 = 0) (type: boolean)
              Statistics: Num rows: 1 Data size: 0 Basic stats: PARTIAL Column stats: NONE
              Select Operator
                Statistics: Num rows: 1 Data size: 0 Basic stats: PARTIAL Column stats: NONE
                Union
                  Statistics: Num rows: 2 Data size: 0 Basic stats: PARTIAL Column stats: PARTIAL
                  Select Operator
                    Statistics: Num rows: 2 Data size: 0 Basic stats: PARTIAL Column stats: PARTIAL
                    Group By Operator
                      aggregations: count()
                      mode: hash
                      outputColumnNames: _col0
                      Statistics: Num rows: 1 Data size: 8 Basic stats: COMPLETE Column stats: PARTIAL
                      Reduce Output Operator
                        sort order: 
                        Statistics: Num rows: 1 Data size: 8 Basic stats: COMPLETE Column stats: PARTIAL
                        value expressions: _col0 (type: bigint)
      Reduce Operator Tree:
        Group By Operator
          aggregations: count(VALUE._col0)
          mode: mergepartial
          outputColumnNames: _col0
          Statistics: Num rows: 1 Data size: 8 Basic stats: COMPLETE Column stats: PARTIAL
          File Output Operator
            compressed: false
            Statistics: Num rows: 1 Data size: 8 Basic stats: COMPLETE Column stats: PARTIAL
            table:
                input format: org.apache.hadoop.mapred.TextInputFormat
                output format: org.apache.hadoop.hive.ql.io.HiveIgnoreKeyTextOutputFormat
                serde: org.apache.hadoop.hive.serde2.lazy.LazySimpleSerDe

  Stage: Stage-0
    Fetch Operator
      limit: -1
      Processor Tree:
        ListSink
{code}

Query plan from branch master 
{code}
:~/$ hive
Logging initialized using configuration in jar:file:~/master/hive/packaging/target/apache-hive-2.0.0-SNAPSHOT-bin/apache-hive-2.0.0-SNAPSHOT-bin/lib/hive-common-2.0.0-SNAPSHOT.jar!/hive-log4j2.xml
hive> EXPLAIN SELECT COUNT(*) from v1 WHERE c2 = 0;
OK
STAGE DEPENDENCIES:
  Stage-1 is a root stage
  Stage-0 depends on stages: Stage-1

STAGE PLANS:
  Stage: Stage-1
    Map Reduce
      Map Operator Tree:
          TableScan
            alias: t1
            Statistics: Num rows: 1 Data size: 0 Basic stats: PARTIAL Column stats: NONE
            Filter Operator
              predicate: false (type: boolean)
              Statistics: Num rows: 1 Data size: 0 Basic stats: PARTIAL Column stats: NONE
              Select Operator
                expressions: c1 (type: string), null (type: int)
                outputColumnNames: _col0, _col1
                Statistics: Num rows: 1 Data size: 0 Basic stats: PARTIAL Column stats: NONE
                Union
                  Statistics: Num rows: 2 Data size: 0 Basic stats: PARTIAL Column stats: NONE
                  Select Operator
                    Statistics: Num rows: 2 Data size: 0 Basic stats: PARTIAL Column stats: NONE
                    Group By Operator
                      aggregations: count()
                      mode: hash
                      outputColumnNames: _col0
                      Statistics: Num rows: 1 Data size: 8 Basic stats: COMPLETE Column stats: NONE
                      Reduce Output Operator
                        sort order: 
                        Statistics: Num rows: 1 Data size: 8 Basic stats: COMPLETE Column stats: NONE
                        value expressions: _col0 (type: bigint)
          TableScan
            alias: t2
            Statistics: Num rows: 1 Data size: 0 Basic stats: PARTIAL Column stats: NONE
            Filter Operator
              predicate: (c2 = 0) (type: boolean)
              Statistics: Num rows: 1 Data size: 0 Basic stats: PARTIAL Column stats: NONE
              Select Operator
                expressions: c1 (type: string), 0 (type: int)
                outputColumnNames: _col0, _col1
                Statistics: Num rows: 1 Data size: 0 Basic stats: PARTIAL Column stats: NONE
                Union
                  Statistics: Num rows: 2 Data size: 0 Basic stats: PARTIAL Column stats: NONE
                  Select Operator
                    Statistics: Num rows: 2 Data size: 0 Basic stats: PARTIAL Column stats: NONE
                    Group By Operator
                      aggregations: count()
                      mode: hash
                      outputColumnNames: _col0
                      Statistics: Num rows: 1 Data size: 8 Basic stats: COMPLETE Column stats: NONE
                      Reduce Output Operator
                        sort order: 
                        Statistics: Num rows: 1 Data size: 8 Basic stats: COMPLETE Column stats: NONE
                        value expressions: _col0 (type: bigint)
      Reduce Operator Tree:
        Group By Operator
          aggregations: count(VALUE._col0)
          mode: mergepartial
          outputColumnNames: _col0
          Statistics: Num rows: 1 Data size: 8 Basic stats: COMPLETE Column stats: NONE
          File Output Operator
            compressed: false
            Statistics: Num rows: 1 Data size: 8 Basic stats: COMPLETE Column stats: NONE
            table:
                input format: org.apache.hadoop.mapred.TextInputFormat
                output format: org.apache.hadoop.hive.ql.io.HiveIgnoreKeyTextOutputFormat
                serde: org.apache.hadoop.hive.serde2.lazy.LazySimpleSerDe

  Stage: Stage-0
    Fetch Operator
      limit: -1
      Processor Tree:
        ListSink
{code}, I tried with hive ver 0.14 and 1.2 and the issue exists. I will add those two versions to affects version.
Also the issue does not exist if hive.execution.engine=tez., This seems to be a bug in columnPruner.
[~nbrenwald] are you working on this?
If not i could take a look at this., Hi [~jpullokkaran] no I haven't had time to work on this, if you could take a look that would be great., Attached initial exploratory patch., 

Here are the results of testing the latest attachment:
https://issues.apache.org/jira/secure/attachment/12769919/HIVE-11603.1.patch

{color:green}SUCCESS:{color} +1 due to 1 test(s) being added or modified.

{color:red}ERROR:{color} -1 due to 5 failed/errored test(s), 9746 tests executed
*Failed tests:*
{noformat}
org.apache.hadoop.hive.cli.TestHBaseCliDriver.testCliDriver_hbase_queries
org.apache.hadoop.hive.cli.TestNegativeCliDriver.testNegativeCliDriver_authorization_uri_import
org.apache.hadoop.hive.hwi.TestHWISessionManager.testHiveDriver
org.apache.hive.jdbc.TestJdbcWithMiniHS2.testAddJarDataNucleusUnCaching
org.apache.hive.jdbc.TestSSL.testSSLVersion
{noformat}

Test results: http://ec2-174-129-184-35.compute-1.amazonaws.com/jenkins/job/PreCommit-HIVE-TRUNK-Build/5879/testReport
Console output: http://ec2-174-129-184-35.compute-1.amazonaws.com/jenkins/job/PreCommit-HIVE-TRUNK-Build/5879/console
Test logs: http://ec2-174-129-184-35.compute-1.amazonaws.com/logs/PreCommit-HIVE-TRUNK-Build-5879/

Messages:
{noformat}
Executing org.apache.hive.ptest.execution.TestCheckPhase
Executing org.apache.hive.ptest.execution.PrepPhase
Executing org.apache.hive.ptest.execution.ExecutionPhase
Executing org.apache.hive.ptest.execution.ReportingPhase
Tests exited with: TestsFailedException: 5 tests failed
{noformat}

This message is automatically generated.

ATTACHMENT ID: 12769919 - PreCommit-HIVE-TRUNK-Build, 

Here are the results of testing the latest attachment:
https://issues.apache.org/jira/secure/attachment/12770892/HIVE-11603.2.patch

{color:green}SUCCESS:{color} +1 due to 2 test(s) being added or modified.

{color:red}ERROR:{color} -1 due to 42 failed/errored test(s), 9776 tests executed
*Failed tests:*
{noformat}
org.apache.hadoop.hive.cli.TestCliDriver.testCliDriver_auto_sortmerge_join_10
org.apache.hadoop.hive.cli.TestCliDriver.testCliDriver_input_part7
org.apache.hadoop.hive.cli.TestCliDriver.testCliDriver_pcs
org.apache.hadoop.hive.cli.TestCliDriver.testCliDriver_ppd_union
org.apache.hadoop.hive.cli.TestCliDriver.testCliDriver_skewjoin_mapjoin7
org.apache.hadoop.hive.cli.TestCliDriver.testCliDriver_skewjoinopt11
org.apache.hadoop.hive.cli.TestCliDriver.testCliDriver_union16
org.apache.hadoop.hive.cli.TestCliDriver.testCliDriver_union2
org.apache.hadoop.hive.cli.TestCliDriver.testCliDriver_union31
org.apache.hadoop.hive.cli.TestCliDriver.testCliDriver_union9
org.apache.hadoop.hive.cli.TestCliDriver.testCliDriver_union_ppr
org.apache.hadoop.hive.cli.TestCliDriver.testCliDriver_union_remove_6_subq
org.apache.hadoop.hive.cli.TestCliDriver.testCliDriver_union_top_level
org.apache.hadoop.hive.cli.TestCliDriver.testCliDriver_union_view
org.apache.hadoop.hive.cli.TestCliDriver.testCliDriver_unionall_unbalancedppd
org.apache.hadoop.hive.cli.TestCliDriver.testCliDriver_vector_null_projection
org.apache.hadoop.hive.cli.TestHBaseCliDriver.testCliDriver_hbase_queries
org.apache.hadoop.hive.cli.TestMiniLlapCliDriver.testCliDriver_dynamic_partition_pruning
org.apache.hadoop.hive.cli.TestMiniLlapCliDriver.testCliDriver_tez_union
org.apache.hadoop.hive.cli.TestMiniLlapCliDriver.testCliDriver_vectorized_dynamic_partition_pruning
org.apache.hadoop.hive.cli.TestMiniTezCliDriver.testCliDriver_auto_sortmerge_join_10
org.apache.hadoop.hive.cli.TestMiniTezCliDriver.testCliDriver_dynamic_partition_pruning
org.apache.hadoop.hive.cli.TestMiniTezCliDriver.testCliDriver_explainuser_2
org.apache.hadoop.hive.cli.TestMiniTezCliDriver.testCliDriver_tez_union
org.apache.hadoop.hive.cli.TestMiniTezCliDriver.testCliDriver_union2
org.apache.hadoop.hive.cli.TestMiniTezCliDriver.testCliDriver_union9
org.apache.hadoop.hive.cli.TestMiniTezCliDriver.testCliDriver_vector_null_projection
org.apache.hadoop.hive.cli.TestMiniTezCliDriver.testCliDriver_vectorized_dynamic_partition_pruning
org.apache.hadoop.hive.cli.TestNegativeCliDriver.testNegativeCliDriver_authorization_uri_import
org.apache.hadoop.hive.cli.TestSparkCliDriver.testCliDriver_auto_sortmerge_join_10
org.apache.hadoop.hive.cli.TestSparkCliDriver.testCliDriver_skewjoinopt11
org.apache.hadoop.hive.cli.TestSparkCliDriver.testCliDriver_union16
org.apache.hadoop.hive.cli.TestSparkCliDriver.testCliDriver_union2
org.apache.hadoop.hive.cli.TestSparkCliDriver.testCliDriver_union31
org.apache.hadoop.hive.cli.TestSparkCliDriver.testCliDriver_union9
org.apache.hadoop.hive.cli.TestSparkCliDriver.testCliDriver_union_ppr
org.apache.hadoop.hive.cli.TestSparkCliDriver.testCliDriver_union_remove_25
org.apache.hadoop.hive.cli.TestSparkCliDriver.testCliDriver_union_remove_6_subq
org.apache.hadoop.hive.cli.TestSparkCliDriver.testCliDriver_union_top_level
org.apache.hadoop.hive.cli.TestSparkCliDriver.testCliDriver_union_view
org.apache.hadoop.hive.hwi.TestHWISessionManager.testHiveDriver
org.apache.hive.jdbc.TestSSL.testSSLVersion
{noformat}

Test results: http://ec2-174-129-184-35.compute-1.amazonaws.com/jenkins/job/PreCommit-HIVE-TRUNK-Build/5940/testReport
Console output: http://ec2-174-129-184-35.compute-1.amazonaws.com/jenkins/job/PreCommit-HIVE-TRUNK-Build/5940/console
Test logs: http://ec2-174-129-184-35.compute-1.amazonaws.com/logs/PreCommit-HIVE-TRUNK-Build-5940/

Messages:
{noformat}
Executing org.apache.hive.ptest.execution.TestCheckPhase
Executing org.apache.hive.ptest.execution.PrepPhase
Executing org.apache.hive.ptest.execution.ExecutionPhase
Executing org.apache.hive.ptest.execution.ReportingPhase
Tests exited with: TestsFailedException: 42 tests failed
{noformat}

This message is automatically generated.

ATTACHMENT ID: 12770892 - PreCommit-HIVE-TRUNK-Build, [~jpullokkaran] Shall we commit .1 patch in interim till we have more complete fix via HIVE-12361 & HIVE-12355 
Only downside I see is we will add an avoidable select operator in tree, but this atleast will prevent throwing up an error., On Master ".1" patch is not sufficient as IdentityProjectRemover would remove the select., What is the status of this?, Removing fixed version (2.0) from Unresolved JIRA in preparation for the release. Please use target version field instead (if not already set) if you think this should be shipped as part of 2.0, Patch needs to be revised and is blocked by  HIVE-12355.
I hope to get to it in next week or so., [~jpullokkaran] Little confused here. Original bug report in description says reported issue *doesn't* happen on master, only on branch-1 and earlier. You commented earlier on this jira saying patch you have is not sufficient for master. But, there is no issue on master as per bug report. For branch-1 and earlier ".1" patch should suffice as per your comment. 
So, not sure whats keeping us from resolving this jira? Do you have a repro query to trigger this on master?, There is an issue on master too; but is kind of doesn't get exposed due to some optimizations., This is no more an issue on master been fixed by HIVE-12008., [~jcamachorodriguez] Could you review the patch ?
Patch is for branch-1, +1 pending QA run., 

Here are the results of testing the latest attachment:
https://issues.apache.org/jira/secure/attachment/12780656/HIVE-11603.3.patch

{color:red}ERROR:{color} -1 due to build exiting with an error

Test results: http://ec2-174-129-184-35.compute-1.amazonaws.com/jenkins/job/PreCommit-HIVE-TRUNK-Build/6528/testReport
Console output: http://ec2-174-129-184-35.compute-1.amazonaws.com/jenkins/job/PreCommit-HIVE-TRUNK-Build/6528/console
Test logs: http://ec2-174-129-184-35.compute-1.amazonaws.com/logs/PreCommit-HIVE-TRUNK-Build-6528/

Messages:
{noformat}
Executing org.apache.hive.ptest.execution.TestCheckPhase
Executing org.apache.hive.ptest.execution.PrepPhase
Tests exited with: NonZeroExitCodeException
Command 'bash /data/hive-ptest/working/scratch/source-prep.sh' failed with exit status 1 and output '+ [[ -n /usr/java/jdk1.7.0_45-cloudera ]]
+ export JAVA_HOME=/usr/java/jdk1.7.0_45-cloudera
+ JAVA_HOME=/usr/java/jdk1.7.0_45-cloudera
+ export PATH=/usr/java/jdk1.7.0_45-cloudera/bin/:/usr/local/apache-maven-3.0.5/bin:/usr/java/jdk1.7.0_45-cloudera/bin:/usr/local/apache-ant-1.9.1/bin:/usr/local/bin:/bin:/usr/bin:/usr/local/sbin:/usr/sbin:/sbin:/home/hiveptest/bin
+ PATH=/usr/java/jdk1.7.0_45-cloudera/bin/:/usr/local/apache-maven-3.0.5/bin:/usr/java/jdk1.7.0_45-cloudera/bin:/usr/local/apache-ant-1.9.1/bin:/usr/local/bin:/bin:/usr/bin:/usr/local/sbin:/usr/sbin:/sbin:/home/hiveptest/bin
+ export 'ANT_OPTS=-Xmx1g -XX:MaxPermSize=256m '
+ ANT_OPTS='-Xmx1g -XX:MaxPermSize=256m '
+ export 'M2_OPTS=-Xmx1g -XX:MaxPermSize=256m -Dhttp.proxyHost=localhost -Dhttp.proxyPort=3128'
+ M2_OPTS='-Xmx1g -XX:MaxPermSize=256m -Dhttp.proxyHost=localhost -Dhttp.proxyPort=3128'
+ cd /data/hive-ptest/working/
+ tee /data/hive-ptest/logs/PreCommit-HIVE-TRUNK-Build-6528/source-prep.txt
+ [[ false == \t\r\u\e ]]
+ mkdir -p maven ivy
+ [[ git = \s\v\n ]]
+ [[ git = \g\i\t ]]
+ [[ -z master ]]
+ [[ -d apache-github-source-source ]]
+ [[ ! -d apache-github-source-source/.git ]]
+ [[ ! -d apache-github-source-source ]]
+ cd apache-github-source-source
+ git fetch origin
+ git reset --hard HEAD
HEAD is now at af05227 HIVE-12782: update the golden files for some tests that fail (Pengcheng Xiong, reviewed by Ashutosh Chauhan)
+ git clean -f -d
Removing ql/src/test/queries/clientpositive/windowing_gby.q
Removing ql/src/test/results/clientpositive/tez/windowing_gby.q.out
+ git checkout master
Already on 'master'
+ git reset --hard origin/master
HEAD is now at af05227 HIVE-12782: update the golden files for some tests that fail (Pengcheng Xiong, reviewed by Ashutosh Chauhan)
+ git merge --ff-only origin/master
Already up-to-date.
+ git gc
+ patchCommandPath=/data/hive-ptest/working/scratch/smart-apply-patch.sh
+ patchFilePath=/data/hive-ptest/working/scratch/build.patch
+ [[ -f /data/hive-ptest/working/scratch/build.patch ]]
+ chmod +x /data/hive-ptest/working/scratch/smart-apply-patch.sh
+ /data/hive-ptest/working/scratch/smart-apply-patch.sh /data/hive-ptest/working/scratch/build.patch
The patch does not appear to apply with p0, p1, or p2
+ exit 1
'
{noformat}

This message is automatically generated.

ATTACHMENT ID: 12780656 - PreCommit-HIVE-TRUNK-Build, Sorry, patch is for branch-1 and is already in master, so it can be committed directly., Fixed in branch-1]