[Explain plan when hive.auto.convert.join=false and hive.optimize.reducededuplication=true:

STAGE DEPENDENCIES:
  Stage-1 is a root stage
  Stage-0 depends on stages: Stage-1

STAGE PLANS:
  Stage: Stage-1
    Map Reduce
      Map Operator Tree:
          TableScan
            alias: mooo
            Statistics: Num rows: 1511511 Data size: 3402058087 Basic stats: COMPLETE Column stats: NONE
            Filter Operator
              predicate: (((oppty_id is not null and oppty_line_id is not null) and (order_order_system <> 'sfdc_performance')) and (oppty_id = '0064000000CZbnWAAT')) (type: boolean)
              Statistics: Num rows: 188939 Data size: 425257542 Basic stats: COMPLETE Column stats: NONE
              Reduce Output Operator
                key expressions: '0064000000CZbnWAAT' (type: string), oppty_line_id (type: string)
                sort order: ++
                Map-reduce partition columns: '0064000000CZbnWAAT' (type: string), oppty_line_id (type: string)
                Statistics: Num rows: 188939 Data size: 425257542 Basic stats: COMPLETE Column stats: NONE
          TableScan
            alias: mooo_s
            Statistics: Num rows: 1511511 Data size: 940228122 Basic stats: COMPLETE Column stats: NONE
            Filter Operator
              predicate: ((oppty_id is not null and oppty_line_id is not null) and (oppty_id = '0064000000CZbnWAAT')) (type: boolean)
              Statistics: Num rows: 188939 Data size: 117528593 Basic stats: COMPLETE Column stats: NONE
              Reduce Output Operator
                key expressions: '0064000000CZbnWAAT' (type: string), oppty_line_id (type: string)
                sort order: ++
                Map-reduce partition columns: '0064000000CZbnWAAT' (type: string), oppty_line_id (type: string)
                Statistics: Num rows: 188939 Data size: 117528593 Basic stats: COMPLETE Column stats: NONE
          TableScan
            alias: forecast
            Statistics: Num rows: 29923099 Data size: 7723657280 Basic stats: COMPLETE Column stats: NONE
            Filter Operator
              predicate: ((oppty_id is not null and oppty_line_id is not null) and (oppty_id = '0064000000CZbnWAAT')) (type: boolean)
              Statistics: Num rows: 3740387 Data size: 965457063 Basic stats: COMPLETE Column stats: NONE
              Reduce Output Operator
                key expressions: '0064000000CZbnWAAT' (type: string), oppty_line_id (type: string)
                sort order: ++
                Map-reduce partition columns: '0064000000CZbnWAAT' (type: string), oppty_line_id (type: string)
                Statistics: Num rows: 3740387 Data size: 965457063 Basic stats: COMPLETE Column stats: NONE
          TableScan
            alias: split
            Statistics: Num rows: 2072636 Data size: 524862652 Basic stats: COMPLETE Column stats: NONE
            Filter Operator
              predicate: ((oppty_id is not null and oppty_line_id is not null) and (oppty_id = '0064000000CZbnWAAT')) (type: boolean)
              Statistics: Num rows: 259079 Data size: 65607704 Basic stats: COMPLETE Column stats: NONE
              Reduce Output Operator
                key expressions: '0064000000CZbnWAAT' (type: string), oppty_line_id (type: string)
                sort order: ++
                Map-reduce partition columns: '0064000000CZbnWAAT' (type: string), oppty_line_id (type: string)
                Statistics: Num rows: 259079 Data size: 65607704 Basic stats: COMPLETE Column stats: NONE
      Reduce Operator Tree:
        Join Operator
          condition map:
               Inner Join 0 to 1
               Inner Join 0 to 2
               Inner Join 0 to 3
          condition expressions:
            0
            1
            2
            3
          Statistics: Num rows: 12343277 Data size: 3186008376 Basic stats: COMPLETE Column stats: NONE
          Select Operator
            expressions: '0064000000CZbnWAAT' (type: string)
            outputColumnNames: _col0
            Statistics: Num rows: 12343277 Data size: 3186008376 Basic stats: COMPLETE Column stats: NONE
            Group By Operator
              aggregations: count()
              keys: _col0 (type: string)
              mode: complete
              outputColumnNames: _col0, _col1
              Statistics: Num rows: 6171638 Data size: 1593004058 Basic stats: COMPLETE Column stats: NONE
              Select Operator
                expressions: _col0 (type: string), _col1 (type: bigint)
                outputColumnNames: _col0, _col1
                Statistics: Num rows: 6171638 Data size: 1593004058 Basic stats: COMPLETE Column stats: NONE
                File Output Operator
                  compressed: true
                  Statistics: Num rows: 6171638 Data size: 1593004058 Basic stats: COMPLETE Column stats: NONE
                  table:
                      input format: org.apache.hadoop.mapred.TextInputFormat
                      output format: org.apache.hadoop.hive.ql.io.HiveIgnoreKeyTextOutputFormat
                      serde: org.apache.hadoop.hive.serde2.lazy.LazySimpleSerDe

  Stage: Stage-0
    Fetch Operator
      limit: -1
      Processor Tree:
        ListSink

Explain plan when hive.auto.convert.join=true and hive.optimize.reducededuplication=true

STAGE DEPENDENCIES:
  Stage-10 is a root stage , consists of Stage-1
  Stage-1
  Stage-2 depends on stages: Stage-1
  Stage-0 depends on stages: Stage-2

STAGE PLANS:
  Stage: Stage-10
    Conditional Operator

  Stage: Stage-1
    Map Reduce
      Map Operator Tree:
          TableScan
            alias: mooo
            Statistics: Num rows: 1511511 Data size: 3402058087 Basic stats: COMPLETE Column stats: NONE
            Filter Operator
              predicate: (((oppty_id is not null and oppty_line_id is not null) and (order_order_system <> 'sfdc_performance')) and (oppty_id = '0064000000CZbnWAAT')) (type: boolean)
              Statistics: Num rows: 188939 Data size: 425257542 Basic stats: COMPLETE Column stats: NONE
              Reduce Output Operator
                key expressions: '0064000000CZbnWAAT' (type: string), oppty_line_id (type: string)
                sort order: ++
                Map-reduce partition columns: '0064000000CZbnWAAT' (type: string), oppty_line_id (type: string)
                Statistics: Num rows: 188939 Data size: 425257542 Basic stats: COMPLETE Column stats: NONE
          TableScan
            alias: mooo_s
            Statistics: Num rows: 1511511 Data size: 940228122 Basic stats: COMPLETE Column stats: NONE
            Filter Operator
              predicate: ((oppty_id is not null and oppty_line_id is not null) and (oppty_id = '0064000000CZbnWAAT')) (type: boolean)
              Statistics: Num rows: 188939 Data size: 117528593 Basic stats: COMPLETE Column stats: NONE
              Reduce Output Operator
                key expressions: '0064000000CZbnWAAT' (type: string), oppty_line_id (type: string)
                sort order: ++
                Map-reduce partition columns: '0064000000CZbnWAAT' (type: string), oppty_line_id (type: string)
                Statistics: Num rows: 188939 Data size: 117528593 Basic stats: COMPLETE Column stats: NONE
          TableScan
            alias: forecast
            Statistics: Num rows: 29923099 Data size: 7723657280 Basic stats: COMPLETE Column stats: NONE
            Filter Operator
              predicate: ((oppty_id is not null and oppty_line_id is not null) and (oppty_id = '0064000000CZbnWAAT')) (type: boolean)
              Statistics: Num rows: 3740387 Data size: 965457063 Basic stats: COMPLETE Column stats: NONE
              Reduce Output Operator
                key expressions: '0064000000CZbnWAAT' (type: string), oppty_line_id (type: string)
                sort order: ++
                Map-reduce partition columns: '0064000000CZbnWAAT' (type: string), oppty_line_id (type: string)
                Statistics: Num rows: 3740387 Data size: 965457063 Basic stats: COMPLETE Column stats: NONE
          TableScan
            alias: split
            Statistics: Num rows: 2072636 Data size: 524862652 Basic stats: COMPLETE Column stats: NONE
            Filter Operator
              predicate: ((oppty_id is not null and oppty_line_id is not null) and (oppty_id = '0064000000CZbnWAAT')) (type: boolean)
              Statistics: Num rows: 259079 Data size: 65607704 Basic stats: COMPLETE Column stats: NONE
              Reduce Output Operator
                key expressions: '0064000000CZbnWAAT' (type: string), oppty_line_id (type: string)
                sort order: ++
                Map-reduce partition columns: '0064000000CZbnWAAT' (type: string), oppty_line_id (type: string)
                Statistics: Num rows: 259079 Data size: 65607704 Basic stats: COMPLETE Column stats: NONE
      Reduce Operator Tree:
        Join Operator
          condition map:
               Inner Join 0 to 1
               Inner Join 0 to 2
               Inner Join 0 to 3
          condition expressions:
            0
            1
            2
            3
          Statistics: Num rows: 12343277 Data size: 3186008376 Basic stats: COMPLETE Column stats: NONE
          Select Operator
            expressions: '0064000000CZbnWAAT' (type: string)
            outputColumnNames: _col0
            Statistics: Num rows: 12343277 Data size: 3186008376 Basic stats: COMPLETE Column stats: NONE
            Group By Operator
              aggregations: count()
              keys: _col0 (type: string)
              mode: hash
              outputColumnNames: _col0, _col1
              Statistics: Num rows: 12343277 Data size: 3186008376 Basic stats: COMPLETE Column stats: NONE
              File Output Operator
                compressed: true
                table:
                    input format: org.apache.hadoop.mapred.SequenceFileInputFormat
                    output format: org.apache.hadoop.hive.ql.io.HiveSequenceFileOutputFormat
                    serde: org.apache.hadoop.hive.serde2.lazybinary.LazyBinarySerDe

  Stage: Stage-2
    Map Reduce
      Map Operator Tree:
          TableScan
            Reduce Output Operator
              key expressions: _col0 (type: string)
              sort order: +
              Map-reduce partition columns: _col0 (type: string)
              Statistics: Num rows: 12343277 Data size: 3186008376 Basic stats: COMPLETE Column stats: NONE
              value expressions: _col1 (type: bigint)
      Reduce Operator Tree:
        Group By Operator
          aggregations: count(VALUE._col0)
          keys: KEY._col0 (type: string)
          mode: mergepartial
          outputColumnNames: _col0, _col1
          Statistics: Num rows: 6171638 Data size: 1593004058 Basic stats: COMPLETE Column stats: NONE
          Select Operator
            expressions: _col0 (type: string), _col1 (type: bigint)
            outputColumnNames: _col0, _col1
            Statistics: Num rows: 6171638 Data size: 1593004058 Basic stats: COMPLETE Column stats: NONE
            File Output Operator
              compressed: true
              Statistics: Num rows: 6171638 Data size: 1593004058 Basic stats: COMPLETE Column stats: NONE
              table:
                  input format: org.apache.hadoop.mapred.TextInputFormat
                  output format: org.apache.hadoop.hive.ql.io.HiveIgnoreKeyTextOutputFormat
                  serde: org.apache.hadoop.hive.serde2.lazy.LazySimpleSerDe

  Stage: Stage-0
    Fetch Operator
      limit: -1
      Processor Tree:
        ListSink, The interaction between these two parameters is undesirable, but rare enough that it's probably not worth the effort of fixing.  This JIRA can serve as documentation of the problem for anyone who encounters it in future., Re-opening per conversation with [~alangates] yesterday.   I will be adding additional details and examples of how to reproduce this issue as time allows.
, We seems to have problem with this issue now on Hive 0.13. Disabling {{hive.optimize.reducededuplication}} makes query result correct., 

{color:red}Overall{color}: -1 at least one tests failed

Here are the results of testing the latest attachment:
https://issues.apache.org/jira/secure/attachment/12756439/HIVE-11132.patch

{color:red}ERROR:{color} -1 due to 2 failed/errored test(s), 9450 tests executed
*Failed tests:*
{noformat}
org.apache.hive.hcatalog.api.TestHCatClient.testTableSchemaPropagation
org.apache.hive.hcatalog.streaming.TestStreaming.testTransactionBatchEmptyCommit
{noformat}

Test results: http://ec2-174-129-184-35.compute-1.amazonaws.com/jenkins/job/PreCommit-HIVE-TRUNK-Build/5325/testReport
Console output: http://ec2-174-129-184-35.compute-1.amazonaws.com/jenkins/job/PreCommit-HIVE-TRUNK-Build/5325/console
Test logs: http://ec2-174-129-184-35.compute-1.amazonaws.com/logs/PreCommit-HIVE-TRUNK-Build-5325/

Messages:
{noformat}
Executing org.apache.hive.ptest.execution.PrepPhase
Executing org.apache.hive.ptest.execution.ExecutionPhase
Executing org.apache.hive.ptest.execution.ReportingPhase
Tests exited with: TestsFailedException: 2 tests failed
{noformat}

This message is automatically generated.

ATTACHMENT ID: 12756439 - PreCommit-HIVE-TRUNK-Build, https://reviews.apache.org/r/38493/
[~gopalv] Would you like to take a look?, This optimization has an assumption that join cannot reorder its output rows, which may not always be true. In particular, Tez's custom edge and custom simple edge.  Also, reduce-side hash joins.
At the time where this optimization is attempted (i.e., in logical optimization phase) there is not sufficient info to determine this. I think we should  migrate this optimization from logical to physical layer. Thoughts?, LGTM - +1, 

{color:red}Overall{color}: -1 at least one tests failed

Here are the results of testing the latest attachment:
https://issues.apache.org/jira/secure/attachment/12762298/HIVE-11132.2.patch

{color:red}ERROR:{color} -1 due to 5 failed/errored test(s), 9591 tests executed
*Failed tests:*
{noformat}
TestMiniTezCliDriver-vector_decimal_round.q-cbo_windowing.q-tez_schema_evolution.q-and-12-more - did not produce a TEST-*.xml file
TestMiniTezCliDriver-vector_partitioned_date_time.q-vector_non_string_partition.q-tez_union.q-and-12-more - did not produce a TEST-*.xml file
org.apache.hadoop.hive.cli.TestCliDriver.testCliDriver_vector_groupby_reduce
org.apache.hadoop.hive.cli.TestMiniTezCliDriver.testCliDriver_vector_groupby_reduce
org.apache.hive.hcatalog.api.TestHCatClient.testTableSchemaPropagation
{noformat}

Test results: http://ec2-174-129-184-35.compute-1.amazonaws.com/jenkins/job/PreCommit-HIVE-TRUNK-Build/5435/testReport
Console output: http://ec2-174-129-184-35.compute-1.amazonaws.com/jenkins/job/PreCommit-HIVE-TRUNK-Build/5435/console
Test logs: http://ec2-174-129-184-35.compute-1.amazonaws.com/logs/PreCommit-HIVE-TRUNK-Build-5435/

Messages:
{noformat}
Executing org.apache.hive.ptest.execution.PrepPhase
Executing org.apache.hive.ptest.execution.ExecutionPhase
Executing org.apache.hive.ptest.execution.ReportingPhase
Tests exited with: TestsFailedException: 5 tests failed
{noformat}

This message is automatically generated.

ATTACHMENT ID: 12762298 - PreCommit-HIVE-TRUNK-Build, Pushed to master., {quote}
This interaction between configuration parameters is unexpected and should be well documented at the very least and should likely be considered a bug.
{quote}

Should this bug be documented for versions 0.14.0 - 1.2.0?
, Should this issue be backported to branch-1? It looks like a bug., It's definitely a bug.   I would think that back porting would make a lot of sense., Is there anyone can make a patch for Hive1.2.1? Thanks so much!, [~ashutoshc], should this be documented in the wiki for the affected versions?

The issue description says "This interaction between configuration parameters is unexpected and should be well documented...."]