[Issue still exists 
{code}
hive> explain select avg(ss_quantity) ,avg(ss_ext_sales_price) ,avg(ss_ext_wholesale_cost) ,sum(ss_ext_wholesale_cost) from store_sales ,store ,customer_demographics ,household_demographics ,customer_address ,date_dim where store.s_store_sk = store_sales.ss_store_sk and store_sales.ss_sold_date_sk = date_dim.d_date_sk and date_dim.d_year = 2001 and((store_sales.ss_hdemo_sk=household_demographics.hd_demo_sk and customer_demographics.cd_demo_sk = store_sales.ss_cdemo_sk and customer_demographics.cd_marital_status = 'M' and customer_demographics.cd_education_status = '4 yr Degree' and store_sales.ss_sales_price between 100.00 and 150.00 and household_demographics.hd_dep_count = 3 )or (store_sales.ss_hdemo_sk=household_demographics.hd_demo_sk and customer_demographics.cd_demo_sk = store_sales.ss_cdemo_sk and customer_demographics.cd_marital_status = 'D' and customer_demographics.cd_education_status = 'Primary' and store_sales.ss_sales_price between 50.00 and 100.00 and household_demographics.hd_dep_count = 1 ) or (store_sales.ss_hdemo_sk=household_demographics.hd_demo_sk and customer_demographics.cd_demo_sk = ss_cdemo_sk and customer_demographics.cd_marital_status = 'U' and customer_demographics.cd_education_status = 'Advanced Degree' and store_sales.ss_sales_price between 150.00 and 200.00 and household_demographics.hd_dep_count = 1 )) and((store_sales.ss_addr_sk = customer_address.ca_address_sk and customer_address.ca_country = 'United States' and customer_address.ca_state in ('KY', 'GA', 'NM') and store_sales.ss_net_profit between 100 and 200 ) or (store_sales.ss_addr_sk = customer_address.ca_address_sk and customer_address.ca_country = 'United States' and customer_address.ca_state in ('MT', 'OR', 'IN') and store_sales.ss_net_profit between 150 and 300 ) or (store_sales.ss_addr_sk = customer_address.ca_address_sk and customer_address.ca_country = 'United States' and customer_address.ca_state in ('WI', 'MO', 'WV') and store_sales.ss_net_profit between 50 and 250 )) ;
Warning: Map Join MAPJOIN[49][bigTable=?] in task 'Map 4' is a cross product
Warning: Map Join MAPJOIN[48][bigTable=?] in task 'Map 4' is a cross product
Warning: Map Join MAPJOIN[47][bigTable=?] in task 'Map 4' is a cross product
OK
STAGE DEPENDENCIES:
  Stage-1 is a root stage
  Stage-0 depends on stages: Stage-1

STAGE PLANS:
  Stage: Stage-1
    Tez
      Edges:
        Map 4 <- Map 1 (BROADCAST_EDGE), Map 2 (BROADCAST_EDGE), Map 3 (BROADCAST_EDGE), Map 6 (BROADCAST_EDGE), Map 7 (BROADCAST_EDGE)
        Reducer 5 <- Map 4 (SIMPLE_EDGE)
      DagName: mmokhtar_20141006173232_992a372b-cc0e-40d5-b51f-7098561df464:3
      Vertices:
        Map 1
            Map Operator Tree:
                TableScan
                  alias: household_demographics
                  Statistics: Num rows: 7200 Data size: 770400 Basic stats: COMPLETE Column stats: NONE
                  Reduce Output Operator
                    sort order:
                    Statistics: Num rows: 7200 Data size: 770400 Basic stats: COMPLETE Column stats: NONE
                    value expressions: hd_demo_sk (type: int), hd_dep_count (type: int)
            Execution mode: vectorized
        Map 2
            Map Operator Tree:
                TableScan
                  alias: store
                  filterExpr: s_store_sk is not null (type: boolean)
                  Statistics: Num rows: 212 Data size: 405680 Basic stats: COMPLETE Column stats: NONE
                  Filter Operator
                    predicate: s_store_sk is not null (type: boolean)
                    Statistics: Num rows: 106 Data size: 202840 Basic stats: COMPLETE Column stats: NONE
                    Reduce Output Operator
                      key expressions: s_store_sk (type: int)
                      sort order: +
                      Map-reduce partition columns: s_store_sk (type: int)
                      Statistics: Num rows: 106 Data size: 202840 Basic stats: COMPLETE Column stats: NONE
            Execution mode: vectorized
        Map 3
            Map Operator Tree:
                TableScan
                  alias: customer_address
                  Statistics: Num rows: 800000 Data size: 811903688 Basic stats: COMPLETE Column stats: NONE
                  Reduce Output Operator
                    sort order:
                    Statistics: Num rows: 800000 Data size: 811903688 Basic stats: COMPLETE Column stats: NONE
                    value expressions: ca_address_sk (type: int), ca_state (type: string), ca_country (type: string)
            Execution mode: vectorized
        Map 4
            Map Operator Tree:
                TableScan
                  alias: store_sales
                  filterExpr: ss_store_sk is not null (type: boolean)
                  Statistics: Num rows: 550076554 Data size: 47370018896 Basic stats: COMPLETE Column stats: NONE
                  Filter Operator
                    predicate: ss_store_sk is not null (type: boolean)
                    Statistics: Num rows: 275038277 Data size: 23685009448 Basic stats: COMPLETE Column stats: NONE
                    Map Join Operator
                      condition map:
                           Inner Join 0 to 1
                      condition expressions:
                        0 {ss_cdemo_sk} {ss_hdemo_sk} {ss_addr_sk} {ss_store_sk} {ss_quantity} {ss_sales_price} {ss_ext_sales_price} {ss_ext_wholesale_cost} {ss_net_profit} {ss_sold_date_sk}
                        1 {s_store_sk}
                      keys:
                        0 ss_store_sk (type: int)
                        1 s_store_sk (type: int)
                      outputColumnNames: _col3, _col4, _col5, _col6, _col9, _col12, _col14, _col15, _col21, _col22, _col26
                      input vertices:
                        1 Map 2
                      Statistics: Num rows: 302542112 Data size: 26053511168 Basic stats: COMPLETE Column stats: NONE
                      Map Join Operator
                        condition map:
                             Inner Join 0 to 1
                        condition expressions:
                          0 {_col3} {_col4} {_col5} {_col6} {_col9} {_col12} {_col14} {_col15} {_col21} {_col22} {_col26}
                          1 {cd_demo_sk} {cd_marital_status} {cd_education_status}
                        keys:
                          0
                          1
                        outputColumnNames: _col3, _col4, _col5, _col6, _col9, _col12, _col14, _col15, _col21, _col22, _col26, _col58, _col60, _col61
                        input vertices:
                          1 Map 6
                        Statistics: Num rows: 332796320 Data size: 28658862080 Basic stats: COMPLETE Column stats: NONE
                        Map Join Operator
                          condition map:
                               Inner Join 0 to 1
                          condition expressions:
                            0 {_col3} {_col4} {_col5} {_col6} {_col9} {_col12} {_col14} {_col15} {_col21} {_col22} {_col26} {_col58} {_col60} {_col61}
                            1 {hd_demo_sk} {hd_dep_count}
                          keys:
                            0
                            1
                          outputColumnNames: _col3, _col4, _col5, _col6, _col9, _col12, _col14, _col15, _col21, _col22, _col26, _col58, _col60, _col61, _col70, _col73
                          input vertices:
                            1 Map 1
                          Statistics: Num rows: 366075968 Data size: 31524749312 Basic stats: COMPLETE Column stats: NONE
                          Map Join Operator
                            condition map:
                                 Inner Join 0 to 1
                            condition expressions:
                              0 {_col3} {_col4} {_col5} {_col6} {_col9} {_col12} {_col14} {_col15} {_col21} {_col22} {_col26} {_col58} {_col60} {_col61} {_col70} {_col73}
                              1 {ca_address_sk} {ca_state} {ca_country}
                            keys:
                              0
                              1
                            outputColumnNames: _col3, _col4, _col5, _col6, _col9, _col12, _col14, _col15, _col21, _col22, _col26, _col58, _col60, _col61, _col70, _col73, _col78, _col86, _col88
                            input vertices:
                              1 Map 3
                            Statistics: Num rows: 402683584 Data size: 34677223424 Basic stats: COMPLETE Column stats: NONE
                            Map Join Operator
                              condition map:
                                   Inner Join 0 to 1
                              condition expressions:
                                0 {_col3} {_col4} {_col5} {_col6} {_col9} {_col12} {_col14} {_col15} {_col21} {_col22} {_col26} {_col58} {_col60} {_col61} {_col70} {_col73} {_col78} {_col86} {_col88}
                                1 {d_date_sk}
                              keys:
                                0 _col22 (type: int)
                                1 d_date_sk (type: int)
                              outputColumnNames: _col3, _col4, _col5, _col6, _col9, _col12, _col14, _col15, _col21, _col22, _col26, _col58, _col60, _col61, _col70, _col73, _col78, _col86, _col88, _col94
                              input vertices:
                                1 Map 7
                              Statistics: Num rows: 442951968 Data size: 38144946176 Basic stats: COMPLETE Column stats: NONE
                              Filter Operator
                                predicate: ((((_col26 = _col6) and (_col22 = _col94)) and ((((((((_col4 = _col70) and (_col58 = _col3)) and (_col60 = 'M')) and (_col61 = '4 yr Degree')) and _col12 BETWEEN 100.0 AND 150.0) and (_col73 = 3)) or ((((((_col4 = _col70) and (_col58 = _col3)) and (_col60 = 'D')) and (_col61 = 'Primary')) and _col12 BETWEEN 50.0 AND 100.0) and (_col73 = 1))) or ((((((_col4 = _col70) and (_col58 = _col3)) and (_col60 = 'U')) and (_col61 = 'Advanced Degree')) and _col12 BETWEEN 150.0 AND 200.0) and (_col73 = 1)))) and ((((((_col5 = _col78) and (_col88 = 'United States')) and (_col86) IN ('KY', 'GA', 'NM')) and _col21 BETWEEN 100 AND 200) or ((((_col5 = _col78) and (_col88 = 'United States')) and (_col86) IN ('MT', 'OR', 'IN')) and _col21 BETWEEN 150 AND 300)) or ((((_col5 = _col78) and (_col88 = 'United States')) and (_col86) IN ('WI', 'MO', 'WV')) and _col21 BETWEEN 50 AND 250))) (type: boolean)
                                Statistics: Num rows: 973281 Data size: 83814395 Basic stats: COMPLETE Column stats: NONE
                                Select Operator
                                  expressions: _col9 (type: int), _col14 (type: float), _col15 (type: float)
                                  outputColumnNames: _col9, _col14, _col15
                                  Statistics: Num rows: 973281 Data size: 83814395 Basic stats: COMPLETE Column stats: NONE
                                  Group By Operator
                                    aggregations: avg(_col9), avg(_col14), avg(_col15), sum(_col15)
                                    mode: hash
                                    outputColumnNames: _col0, _col1, _col2, _col3
                                    Statistics: Num rows: 1 Data size: 8 Basic stats: COMPLETE Column stats: NONE
                                    Reduce Output Operator
                                      sort order:
                                      Statistics: Num rows: 1 Data size: 8 Basic stats: COMPLETE Column stats: NONE
                                      value expressions: _col0 (type: struct<count:bigint,sum:double,input:int>), _col1 (type: struct<count:bigint,sum:double,input:float>), _col2 (type: struct<count:bigint,sum:double,input:float>), _col3 (type: double)
            Execution mode: vectorized
        Map 6
            Map Operator Tree:
                TableScan
                  alias: customer_demographics
                  Statistics: Num rows: 1920800 Data size: 718379200 Basic stats: COMPLETE Column stats: NONE
                  Reduce Output Operator
                    sort order:
                    Statistics: Num rows: 1920800 Data size: 718379200 Basic stats: COMPLETE Column stats: NONE
                    value expressions: cd_demo_sk (type: int), cd_marital_status (type: string), cd_education_status (type: string)
            Execution mode: vectorized
        Map 7
            Map Operator Tree:
                TableScan
                  alias: date_dim
                  filterExpr: (d_date_sk is not null and (d_year = 2001)) (type: boolean)
                  Statistics: Num rows: 73049 Data size: 81741831 Basic stats: COMPLETE Column stats: NONE
                  Filter Operator
                    predicate: (d_date_sk is not null and (d_year = 2001)) (type: boolean)
                    Statistics: Num rows: 18262 Data size: 20435178 Basic stats: COMPLETE Column stats: NONE
                    Reduce Output Operator
                      key expressions: d_date_sk (type: int)
                      sort order: +
                      Map-reduce partition columns: d_date_sk (type: int)
                      Statistics: Num rows: 18262 Data size: 20435178 Basic stats: COMPLETE Column stats: NONE
                    Select Operator
                      expressions: d_date_sk (type: int)
                      outputColumnNames: _col0
                      Statistics: Num rows: 18262 Data size: 20435178 Basic stats: COMPLETE Column stats: NONE
                      Group By Operator
                        keys: _col0 (type: int)
                        mode: hash
                        outputColumnNames: _col0
                        Statistics: Num rows: 18262 Data size: 20435178 Basic stats: COMPLETE Column stats: NONE
                        Dynamic Partitioning Event Operator
                          Target Input: store_sales
                          Partition key expr: ss_sold_date_sk
                          Statistics: Num rows: 18262 Data size: 20435178 Basic stats: COMPLETE Column stats: NONE
                          Target column: ss_sold_date_sk
                          Target Vertex: Map 4
            Execution mode: vectorized
        Reducer 5
            Reduce Operator Tree:
              Group By Operator
                aggregations: avg(VALUE._col0), avg(VALUE._col1), avg(VALUE._col2), sum(VALUE._col3)
                mode: mergepartial
                outputColumnNames: _col0, _col1, _col2, _col3
                Statistics: Num rows: 1 Data size: 32 Basic stats: COMPLETE Column stats: NONE
                Select Operator
                  expressions: _col0 (type: double), _col1 (type: double), _col2 (type: double), _col3 (type: double)
                  outputColumnNames: _col0, _col1, _col2, _col3
                  Statistics: Num rows: 1 Data size: 32 Basic stats: COMPLETE Column stats: NONE
                  File Output Operator
                    compressed: false
                    Statistics: Num rows: 1 Data size: 32 Basic stats: COMPLETE Column stats: NONE
                    table:
                        input format: org.apache.hadoop.mapred.TextInputFormat
                        output format: org.apache.hadoop.hive.ql.io.HiveIgnoreKeyTextOutputFormat
                        serde: org.apache.hadoop.hive.serde2.lazy.LazySimpleSerDe

  Stage: Stage-0
    Fetch Operator
      limit: -1
      Processor Tree:
        ListSink

Time taken: 3.31 seconds, Fetched: 203 row(s)
hive>
{code}, 

{color:red}Overall{color}: -1 at least one tests failed

Here are the results of testing the latest attachment:
https://issues.apache.org/jira/secure/attachment/12674325/HIVE-7914.patch

{color:red}ERROR:{color} -1 due to 1 failed/errored test(s), 4137 tests executed
*Failed tests:*
{noformat}
org.apache.hadoop.hive.cli.TestCliDriver.testCliDriver_tez_smb_1
{noformat}

Test results: http://ec2-174-129-184-35.compute-1.amazonaws.com/jenkins/job/PreCommit-HIVE-TRUNK-Build/1235/testReport
Console output: http://ec2-174-129-184-35.compute-1.amazonaws.com/jenkins/job/PreCommit-HIVE-TRUNK-Build/1235/console
Test logs: http://ec2-174-129-184-35.compute-1.amazonaws.com/logs/PreCommit-HIVE-TRUNK-Build-1235/

Messages:
{noformat}
Executing org.apache.hive.ptest.execution.PrepPhase
Executing org.apache.hive.ptest.execution.ExecutionPhase
Executing org.apache.hive.ptest.execution.ReportingPhase
Tests exited with: TestsFailedException: 1 tests failed
{noformat}

This message is automatically generated.

ATTACHMENT ID: 12674325, +1, Committed to trunk. Thanks, John!
[~vikram.dixit] it will be good to have this in 0.14
, Issue resolved 
{code}

STAGE DEPENDENCIES:
  Stage-1 is a root stage
  Stage-0 depends on stages: Stage-1

STAGE PLANS:
  Stage: Stage-1
    Tez
      Edges:
        Map 4 <- Map 1 (BROADCAST_EDGE), Map 2 (BROADCAST_EDGE), Map 3 (BROADCAST_EDGE), Map 6 (BROADCAST_EDGE), Map 7 (BROADCAST_EDGE)
        Reducer 5 <- Map 4 (SIMPLE_EDGE)
      DagName: mmokhtar_20141015124444_452c339a-3fa1-4ae4-99ed-0fb052342532:1
      Vertices:
        Map 1 
            Map Operator Tree:
                TableScan
                  alias: household_demographics
                  filterExpr: hd_demo_sk is not null (type: boolean)
                  Statistics: Num rows: 7200 Data size: 770400 Basic stats: COMPLETE Column stats: COMPLETE
                  Filter Operator
                    predicate: hd_demo_sk is not null (type: boolean)
                    Statistics: Num rows: 7200 Data size: 57600 Basic stats: COMPLETE Column stats: COMPLETE
                    Select Operator
                      expressions: hd_demo_sk (type: int), hd_dep_count (type: int)
                      outputColumnNames: _col0, _col1
                      Statistics: Num rows: 7200 Data size: 57600 Basic stats: COMPLETE Column stats: COMPLETE
                      Reduce Output Operator
                        key expressions: _col0 (type: int)
                        sort order: +
                        Map-reduce partition columns: _col0 (type: int)
                        Statistics: Num rows: 7200 Data size: 57600 Basic stats: COMPLETE Column stats: COMPLETE
                        value expressions: _col1 (type: int)
            Execution mode: vectorized
        Map 2 
            Map Operator Tree:
                TableScan
                  alias: customer_address
                  filterExpr: ((ca_country = 'United States') and ca_address_sk is not null) (type: boolean)
                  Statistics: Num rows: 800000 Data size: 811903688 Basic stats: COMPLETE Column stats: COMPLETE
                  Filter Operator
                    predicate: ((ca_country = 'United States') and ca_address_sk is not null) (type: boolean)
                    Statistics: Num rows: 400000 Data size: 74800000 Basic stats: COMPLETE Column stats: COMPLETE
                    Select Operator
                      expressions: ca_address_sk (type: int), ca_state (type: string)
                      outputColumnNames: _col0, _col1
                      Statistics: Num rows: 400000 Data size: 36000000 Basic stats: COMPLETE Column stats: COMPLETE
                      Reduce Output Operator
                        key expressions: _col0 (type: int)
                        sort order: +
                        Map-reduce partition columns: _col0 (type: int)
                        Statistics: Num rows: 400000 Data size: 36000000 Basic stats: COMPLETE Column stats: COMPLETE
                        value expressions: _col1 (type: string)
            Execution mode: vectorized
        Map 3 
            Map Operator Tree:
                TableScan
                  alias: date_dim
                  filterExpr: ((d_year = 2001) and d_date_sk is not null) (type: boolean)
                  Statistics: Num rows: 73049 Data size: 81741831 Basic stats: COMPLETE Column stats: COMPLETE
                  Filter Operator
                    predicate: ((d_year = 2001) and d_date_sk is not null) (type: boolean)
                    Statistics: Num rows: 652 Data size: 5216 Basic stats: COMPLETE Column stats: COMPLETE
                    Select Operator
                      expressions: d_date_sk (type: int)
                      outputColumnNames: _col0
                      Statistics: Num rows: 652 Data size: 2608 Basic stats: COMPLETE Column stats: COMPLETE
                      Reduce Output Operator
                        key expressions: _col0 (type: int)
                        sort order: +
                        Map-reduce partition columns: _col0 (type: int)
                        Statistics: Num rows: 652 Data size: 2608 Basic stats: COMPLETE Column stats: COMPLETE
                      Select Operator
                        expressions: _col0 (type: int)
                        outputColumnNames: _col0
                        Statistics: Num rows: 652 Data size: 0 Basic stats: PARTIAL Column stats: COMPLETE
                        Group By Operator
                          keys: _col0 (type: int)
                          mode: hash
                          outputColumnNames: _col0
                          Statistics: Num rows: 652 Data size: 0 Basic stats: PARTIAL Column stats: COMPLETE
                          Dynamic Partitioning Event Operator
                            Target Input: store_sales
                            Partition key expr: ss_sold_date_sk
                            Statistics: Num rows: 652 Data size: 0 Basic stats: PARTIAL Column stats: COMPLETE
                            Target column: ss_sold_date_sk
                            Target Vertex: Map 4
            Execution mode: vectorized
        Map 4 
            Map Operator Tree:
                TableScan
                  alias: store_sales
                  filterExpr: (((ss_hdemo_sk is not null and ss_store_sk is not null) and ss_cdemo_sk is not null) and ss_addr_sk is not null) (type: boolean)
                  Statistics: Num rows: 550076554 Data size: 47370018896 Basic stats: COMPLETE Column stats: COMPLETE
                  Filter Operator
                    predicate: (((ss_hdemo_sk is not null and ss_store_sk is not null) and ss_cdemo_sk is not null) and ss_addr_sk is not null) (type: boolean)
                    Statistics: Num rows: 500049144 Data size: 17577702756 Basic stats: COMPLETE Column stats: COMPLETE
                    Select Operator
                      expressions: ss_cdemo_sk (type: int), ss_hdemo_sk (type: int), ss_addr_sk (type: int), ss_store_sk (type: int), ss_quantity (type: int), ss_sales_price (type: float), ss_ext_sales_price (type: float), ss_ext_wholesale_cost (type: float), ss_net_profit (type: float), ss_sold_date_sk (type: int)
                      outputColumnNames: _col0, _col1, _col2, _col3, _col4, _col5, _col6, _col7, _col8, _col9
                      Statistics: Num rows: 500049144 Data size: 19577899332 Basic stats: COMPLETE Column stats: COMPLETE
                      Map Join Operator
                        condition map:
                             Inner Join 0 to 1
                        condition expressions:
                          0 {_col0} {_col2} {_col3} {_col4} {_col5} {_col6} {_col7} {_col8} {_col9}
                          1 {_col1}
                        keys:
                          0 _col1 (type: int)
                          1 _col0 (type: int)
                        outputColumnNames: _col0, _col2, _col3, _col4, _col5, _col6, _col7, _col8, _col9, _col11
                        input vertices:
                          1 Map 1
                        Statistics: Num rows: 387176453 Data size: 13938352308 Basic stats: COMPLETE Column stats: COMPLETE
                        Map Join Operator
                          condition map:
                               Inner Join 0 to 1
                          condition expressions:
                            0 {_col0} {_col2} {_col4} {_col5} {_col6} {_col7} {_col8} {_col9} {_col11}
                            1 
                          keys:
                            0 _col3 (type: int)
                            1 _col0 (type: int)
                          outputColumnNames: _col0, _col2, _col4, _col5, _col6, _col7, _col8, _col9, _col11
                          input vertices:
                            1 Map 7
                          Statistics: Num rows: 477217488 Data size: 15270959616 Basic stats: COMPLETE Column stats: COMPLETE
                          Map Join Operator
                            condition map:
                                 Inner Join 0 to 1
                            condition expressions:
                              0 {_col2} {_col4} {_col5} {_col6} {_col7} {_col8} {_col9} {_col11}
                              1 {_col1} {_col2}
                            keys:
                              0 _col0 (type: int)
                              1 _col0 (type: int)
                            outputColumnNames: _col2, _col4, _col5, _col6, _col7, _col8, _col9, _col11, _col14, _col15
                            input vertices:
                              1 Map 6
                            Statistics: Num rows: 499302689 Data size: 103355656623 Basic stats: COMPLETE Column stats: COMPLETE
                            Filter Operator
                              predicate: (((_col14 = 'M') and ((_col15 = '4 yr Degree') and (_col5 BETWEEN 100.0 AND 150.0 and (_col11 = 3)))) or (((_col14 = 'D') and ((_col15 = 'Primary') and (_col5 BETWEEN 50.0 AND 100.0 and (_col11 = 1)))) or ((_col14 = 'U') and ((_col15 = 'Advanced Degree') and (_col5 BETWEEN 150.0 AND 200.0 and (_col11 = 1)))))) (type: boolean)
                              Statistics: Num rows: 53496714 Data size: 11073819798 Basic stats: COMPLETE Column stats: COMPLETE
                              Select Operator
                                expressions: _col2 (type: int), _col4 (type: int), _col6 (type: float), _col7 (type: float), _col8 (type: float), _col9 (type: int)
                                outputColumnNames: _col2, _col4, _col6, _col7, _col8, _col9
                                Statistics: Num rows: 53496714 Data size: 1069934280 Basic stats: COMPLETE Column stats: COMPLETE
                                Map Join Operator
                                  condition map:
                                       Inner Join 0 to 1
                                  condition expressions:
                                    0 {_col4} {_col6} {_col7} {_col8} {_col9}
                                    1 {_col1}
                                  keys:
                                    0 _col2 (type: int)
                                    1 _col0 (type: int)
                                  outputColumnNames: _col4, _col6, _col7, _col8, _col9, _col17
                                  input vertices:
                                    1 Map 2
                                  Statistics: Num rows: 60464319 Data size: 6409217814 Basic stats: COMPLETE Column stats: COMPLETE
                                  Filter Operator
                                    predicate: (((_col17) IN ('KY', 'GA', 'NM') and _col8 BETWEEN 100 AND 200) or (((_col17) IN ('MT', 'OR', 'IN') and _col8 BETWEEN 150 AND 300) or ((_col17) IN ('WI', 'MO', 'WV') and _col8 BETWEEN 50 AND 250))) (type: boolean)
                                    Statistics: Num rows: 45348237 Data size: 4806913122 Basic stats: COMPLETE Column stats: COMPLETE
                                    Select Operator
                                      expressions: _col4 (type: int), _col6 (type: float), _col7 (type: float), _col9 (type: int)
                                      outputColumnNames: _col4, _col6, _col7, _col9
                                      Statistics: Num rows: 45348237 Data size: 725571792 Basic stats: COMPLETE Column stats: COMPLETE
                                      Map Join Operator
                                        condition map:
                                             Inner Join 0 to 1
                                        condition expressions:
                                          0 {_col4} {_col6} {_col7}
                                          1 
                                        keys:
                                          0 _col9 (type: int)
                                          1 _col0 (type: int)
                                        outputColumnNames: _col4, _col6, _col7
                                        input vertices:
                                          1 Map 3
                                        Statistics: Num rows: 50628511 Data size: 607542132 Basic stats: COMPLETE Column stats: COMPLETE
                                        Select Operator
                                          expressions: _col4 (type: int), _col6 (type: float), _col7 (type: float)
                                          outputColumnNames: _col0, _col1, _col2
                                          Statistics: Num rows: 50628511 Data size: 607542132 Basic stats: COMPLETE Column stats: COMPLETE
                                          Group By Operator
                                            aggregations: avg(_col0), avg(_col1), avg(_col2), sum(_col2)
                                            mode: hash
                                            outputColumnNames: _col0, _col1, _col2, _col3
                                            Statistics: Num rows: 1 Data size: 8 Basic stats: COMPLETE Column stats: COMPLETE
                                            Reduce Output Operator
                                              sort order: 
                                              Statistics: Num rows: 1 Data size: 8 Basic stats: COMPLETE Column stats: COMPLETE
                                              value expressions: _col0 (type: struct<count:bigint,sum:double,input:int>), _col1 (type: struct<count:bigint,sum:double,input:float>), _col2 (type: struct<count:bigint,sum:double,input:float>), _col3 (type: double)
            Execution mode: vectorized
        Map 6 
            Map Operator Tree:
                TableScan
                  alias: customer_demographics
                  filterExpr: cd_demo_sk is not null (type: boolean)
                  Statistics: Num rows: 1920800 Data size: 718379200 Basic stats: COMPLETE Column stats: COMPLETE
                  Filter Operator
                    predicate: cd_demo_sk is not null (type: boolean)
                    Statistics: Num rows: 1920800 Data size: 351506400 Basic stats: COMPLETE Column stats: COMPLETE
                    Select Operator
                      expressions: cd_demo_sk (type: int), cd_marital_status (type: string), cd_education_status (type: string)
                      outputColumnNames: _col0, _col1, _col2
                      Statistics: Num rows: 1920800 Data size: 351506400 Basic stats: COMPLETE Column stats: COMPLETE
                      Reduce Output Operator
                        key expressions: _col0 (type: int)
                        sort order: +
                        Map-reduce partition columns: _col0 (type: int)
                        Statistics: Num rows: 1920800 Data size: 351506400 Basic stats: COMPLETE Column stats: COMPLETE
                        value expressions: _col1 (type: string), _col2 (type: string)
            Execution mode: vectorized
        Map 7 
            Map Operator Tree:
                TableScan
                  alias: store
                  filterExpr: s_store_sk is not null (type: boolean)
                  Statistics: Num rows: 212 Data size: 405680 Basic stats: COMPLETE Column stats: COMPLETE
                  Filter Operator
                    predicate: s_store_sk is not null (type: boolean)
                    Statistics: Num rows: 212 Data size: 848 Basic stats: COMPLETE Column stats: COMPLETE
                    Select Operator
                      expressions: s_store_sk (type: int)
                      outputColumnNames: _col0
                      Statistics: Num rows: 212 Data size: 848 Basic stats: COMPLETE Column stats: COMPLETE
                      Reduce Output Operator
                        key expressions: _col0 (type: int)
                        sort order: +
                        Map-reduce partition columns: _col0 (type: int)
                        Statistics: Num rows: 212 Data size: 848 Basic stats: COMPLETE Column stats: COMPLETE
            Execution mode: vectorized
        Reducer 5 
            Reduce Operator Tree:
              Group By Operator
                aggregations: avg(VALUE._col0), avg(VALUE._col1), avg(VALUE._col2), sum(VALUE._col3)
                mode: mergepartial
                outputColumnNames: _col0, _col1, _col2, _col3
                Statistics: Num rows: 1 Data size: 32 Basic stats: COMPLETE Column stats: COMPLETE
                Select Operator
                  expressions: _col0 (type: double), _col1 (type: double), _col2 (type: double), _col3 (type: double)
                  outputColumnNames: _col0, _col1, _col2, _col3
                  Statistics: Num rows: 1 Data size: 32 Basic stats: COMPLETE Column stats: COMPLETE
                  File Output Operator
                    compressed: false
                    Statistics: Num rows: 1 Data size: 32 Basic stats: COMPLETE Column stats: COMPLETE
                    table:
                        input format: org.apache.hadoop.mapred.TextInputFormat
                        output format: org.apache.hadoop.hive.ql.io.HiveIgnoreKeyTextOutputFormat
                        serde: org.apache.hadoop.hive.serde2.lazy.LazySimpleSerDe

  Stage: Stage-0
    Fetch Operator
      limit: -1
      Processor Tree:
        ListSink
{code}, +1 for 0.14, Committed to 0.14, This has been fixed in 0.14 release. Please open new jira if you see any issues.
]