[LGTM, +1. Pending tests., 

Here are the results of testing the latest attachment:
https://issues.apache.org/jira/secure/attachment/12788525/HIVE-13089.patch

{color:red}ERROR:{color} -1 due to no test(s) being added or modified.

{color:red}ERROR:{color} -1 due to 7 failed/errored test(s), 9800 tests executed
*Failed tests:*
{noformat}
TestSparkCliDriver-timestamp_lazy.q-bucketsortoptimize_insert_4.q-date_udf.q-and-12-more - did not produce a TEST-*.xml file
org.apache.hadoop.hive.cli.TestCliDriver.testCliDriver_annotate_stats_deep_filters
org.apache.hadoop.hive.cli.TestMiniTezCliDriver.testCliDriver_explainuser_1
org.apache.hadoop.hive.cli.TestMiniTezCliDriver.testCliDriver_stats_only_null
org.apache.hadoop.hive.cli.TestNegativeCliDriver.testNegativeCliDriver_authorization_uri_import
org.apache.hadoop.hive.cli.TestSparkCliDriver.testCliDriver_stats_only_null
org.apache.hive.jdbc.TestSSL.testSSLVersion
{noformat}

Test results: http://ec2-174-129-184-35.compute-1.amazonaws.com/jenkins/job/PreCommit-HIVE-TRUNK-Build/7032/testReport
Console output: http://ec2-174-129-184-35.compute-1.amazonaws.com/jenkins/job/PreCommit-HIVE-TRUNK-Build/7032/console
Test logs: http://ec2-174-129-184-35.compute-1.amazonaws.com/logs/PreCommit-HIVE-TRUNK-Build-7032/

Messages:
{noformat}
Executing org.apache.hive.ptest.execution.TestCheckPhase
Executing org.apache.hive.ptest.execution.PrepPhase
Executing org.apache.hive.ptest.execution.ExecutionPhase
Executing org.apache.hive.ptest.execution.ReportingPhase
Tests exited with: TestsFailedException: 7 tests failed
{noformat}

This message is automatically generated.

ATTACHMENT ID: 12788525 - PreCommit-HIVE-TRUNK-Build, {code}
source/itests/qtest/../../ql/src/test/results/clientpositive/annotate_stats_deep_filters.q.out
124c124
<               Statistics: Num rows: 300 Data size: 2392 Basic stats: COMPLETE Column stats: COMPLETE
---
>               Statistics: Num rows: 280 Data size: 2232 Basic stats: COMPLETE Column stats: COMPLETE
126c126
<                 Statistics: Num rows: 300 Data size: 2392 Basic stats: COMPLETE Column stats: COMPLETE
---
>                 Statistics: Num rows: 280 Data size: 2232 Basic stats: COMPLETE Column stats: COMPLETE
{code}

in case we lose the logs by monday., 

Here are the results of testing the latest attachment:
https://issues.apache.org/jira/secure/attachment/12788901/HIVE-13089.01.patch

{color:red}ERROR:{color} -1 due to no test(s) being added or modified.

{color:red}ERROR:{color} -1 due to 4 failed/errored test(s), 9800 tests executed
*Failed tests:*
{noformat}
TestMiniTezCliDriver-schema_evol_text_nonvec_mapwork_table.q-orc_vectorization_ppd.q-vector_left_outer_join2.q-and-12-more - did not produce a TEST-*.xml file
org.apache.hadoop.hive.cli.TestCliDriver.testCliDriver_partition_coltype_literals
org.apache.hadoop.hive.cli.TestNegativeCliDriver.testNegativeCliDriver_authorization_uri_import
org.apache.hive.jdbc.TestSSL.testSSLVersion
{noformat}

Test results: http://ec2-174-129-184-35.compute-1.amazonaws.com/jenkins/job/PreCommit-HIVE-TRUNK-Build/7054/testReport
Console output: http://ec2-174-129-184-35.compute-1.amazonaws.com/jenkins/job/PreCommit-HIVE-TRUNK-Build/7054/console
Test logs: http://ec2-174-129-184-35.compute-1.amazonaws.com/logs/PreCommit-HIVE-TRUNK-Build-7054/

Messages:
{noformat}
Executing org.apache.hive.ptest.execution.TestCheckPhase
Executing org.apache.hive.ptest.execution.PrepPhase
Executing org.apache.hive.ptest.execution.ExecutionPhase
Executing org.apache.hive.ptest.execution.ReportingPhase
Tests exited with: TestsFailedException: 4 tests failed
{noformat}

This message is automatically generated.

ATTACHMENT ID: 12788901 - PreCommit-HIVE-TRUNK-Build, Pushed to master, thanks for the review [~prasanth_j]!]