[Here's the plan with the patch

{noformat}
LOGICAL PLAN:
src 
  TableScan (TS_0)
    alias: src
    Statistics: Num rows: 58 Data size: 5812 Basic stats: COMPLETE Column stats: NONE
    Select Operator (SEL_1)
      expressions: key (type: string)
      outputColumnNames: key
      Statistics: Num rows: 58 Data size: 5812 Basic stats: COMPLETE Column stats: NONE
      Group By Operator (GBY_2)
        aggregations: sum(key)
        mode: hash
        outputColumnNames: _col0
        Statistics: Num rows: 1 Data size: 8 Basic stats: COMPLETE Column stats: NONE
        Reduce Output Operator (RS_3)
          sort order: 
          Statistics: Num rows: 1 Data size: 8 Basic stats: COMPLETE Column stats: NONE
          value expressions: _col0 (type: double)
          Group By Operator (GBY_4)
            aggregations: sum(VALUE._col0)
            mode: mergepartial
            outputColumnNames: _col0
            Statistics: Num rows: 1 Data size: 8 Basic stats: COMPLETE Column stats: NONE
            Select Operator (SEL_5)
              expressions: CAST( (_col0 * 100) AS decimal(15,3)) (type: decimal(15,3))
              outputColumnNames: _col0
              Statistics: Num rows: 1 Data size: 8 Basic stats: COMPLETE Column stats: NONE
              Reduce Output Operator (RS_6)
                key expressions: _col0 (type: decimal(15,3))
                sort order: +
                Statistics: Num rows: 1 Data size: 8 Basic stats: COMPLETE Column stats: NONE
                Select Operator (SEL_7)
                  expressions: KEY.reducesinkkey0 (type: decimal(15,3))
                  outputColumnNames: _col0
                  Statistics: Num rows: 1 Data size: 8 Basic stats: COMPLETE Column stats: NONE
                  File Output Operator (FS_8)
                    compressed: false
                    Statistics: Num rows: 1 Data size: 8 Basic stats: COMPLETE Column stats: NONE
                    table:
                        input format: org.apache.hadoop.mapred.TextInputFormat
                        output format: org.apache.hadoop.hive.ql.io.HiveIgnoreKeyTextOutputFormat
                        serde: org.apache.hadoop.hive.serde2.lazy.LazySimpleSerDe
{noformat}

Without the patch, ReduceSinkDeDuplication.merge() was incorrectly merging RS6 and RS3, even though the sort key in R6 could not be resolved by R3.  The patch fixes backtrack() to return null if the ExprNode children of a function resolve to null, which causes the merge to fail., 

{color:green}Overall{color}: +1 all checks pass

Here are the results of testing the latest attachment:
https://issues.apache.org/jira/secure/attachment/12672289/HIVE-8272.1.patch

{color:green}SUCCESS:{color} +1 6489 tests passed

Test results: http://ec2-174-129-184-35.compute-1.amazonaws.com/jenkins/job/PreCommit-HIVE-TRUNK-Build/1073/testReport
Console output: http://ec2-174-129-184-35.compute-1.amazonaws.com/jenkins/job/PreCommit-HIVE-TRUNK-Build/1073/console
Test logs: http://ec2-174-129-184-35.compute-1.amazonaws.com/logs/PreCommit-HIVE-TRUNK-Build-1073/

Messages:
{noformat}
Executing org.apache.hive.ptest.execution.PrepPhase
Executing org.apache.hive.ptest.execution.ExecutionPhase
Executing org.apache.hive.ptest.execution.ReportingPhase
{noformat}

This message is automatically generated.

ATTACHMENT ID: 12672289, +1, Committed to trunk. Thanks, Jason!
[~vikram.dixit] It will be good to have this in 0.14, +1 for 0.14, Committed to 0.14 branch, This has been fixed in 0.14 release. Please open new jira if you see any issues.
]