[Metastore mismatch.
{code}
    Map 12
            Map Operator Tree:
                TableScan
                  alias: ship_mode
                  filterExpr: ((sm_carrier) IN ('DIAMOND', 'AIRBORNE') and sm_ship_mode_sk is not null) (type: boolean)
                  Statistics: Num rows: 0 Data size: 45 Basic stats: PARTIAL Column stats: NONE
                  Filter Operator
                    predicate: ((sm_carrier) IN ('DIAMOND', 'AIRBORNE') and sm_ship_mode_sk is not null) (type: boolean)
                    Statistics: Num rows: 0 Data size: 0 Basic stats: NONE Column stats: NONE
                    Select Operator
                      expressions: sm_ship_mode_sk (type: int)
                      outputColumnNames: _col0
                      Statistics: Num rows: 0 Data size: 0 Basic stats: NONE Column stats: NONE
                      Reduce Output Operator
                        key expressions: _col0 (type: int)
                        sort order: +
                        Map-reduce partition columns: _col0 (type: int)
                        Statistics: Num rows: 0 Data size: 0 Basic stats: NONE Column stats: NONE
            Execution mode: vectorized
{code}]