[The data file for the query is attached, The operator tree for this query is like:
TS0-FIL9-SEL2-GBY4-RS5-GBY6-SEL7-RS10-EX11-FS8.

The task graph for this query is like:
STAGE DEPENDENCIES:
  Stage-1 is a root stage
  Stage-2 depends on stages: Stage-1
  Stage-0 depends on stages: Stage-2
  Stage-3 depends on stages: Stage-0

STAGE PLANS:
  Stage: Stage-1
    Map Reduce
      Map Operator Tree:
          TableScan
            alias: associateddata
            Statistics: Num rows: 25374 Data size: 101496 Basic stats: COMPLETE Column stats: NONE
            Filter Operator
              predicate: (sm_campaign_id) IN (10187171, 1090942, 10541943, 10833443, 8635630, 10187170, 9445296, 10696334, 11398585, 9524211, 1145211) (type: boolean)
              Statistics: Num rows: 12687 Data size: 50748 Basic stats: COMPLETE Column stats: NONE
              Select Operator
                expressions: map('x_product_id':'') (type: map<string,string>), day_id (type: int)
                outputColumnNames: _col0, _col1
                Statistics: Num rows: 12687 Data size: 50748 Basic stats: COMPLETE Column stats: NONE
                Group By Operator
                  keys: _col0 (type: map<string,string>), _col1 (type: int)
                  mode: hash
                  outputColumnNames: _col0, _col1
                  Statistics: Num rows: 12687 Data size: 50748 Basic stats: COMPLETE Column stats: NONE
                  Reduce Output Operator
                    key expressions: _col0 (type: map<string,string>), _col1 (type: int)
                    sort order: ++
                    Map-reduce partition columns: _col0 (type: map<string,string>), _col1 (type: int)
                    Statistics: Num rows: 12687 Data size: 50748 Basic stats: COMPLETE Column stats: NONE
      Reduce Operator Tree:
        Group By Operator
          keys: KEY._col0 (type: map<string,string>), KEY._col1 (type: int)
          mode: mergepartial
          outputColumnNames: _col0, _col1
          Statistics: Num rows: 6343 Data size: 25372 Basic stats: COMPLETE Column stats: NONE
          Select Operator
            expressions: 2 (type: int), _col0 (type: map<string,string>), _col1 (type: int)
            outputColumnNames: _col0, _col1, _col2
            Statistics: Num rows: 6343 Data size: 25372 Basic stats: COMPLETE Column stats: NONE
            File Output Operator
              compressed: false
              table:
                  input format: org.apache.hadoop.mapred.SequenceFileInputFormat
                  output format: org.apache.hadoop.hive.ql.io.HiveSequenceFileOutputFormat
                  serde: org.apache.hadoop.hive.serde2.lazybinary.LazyBinarySerDe

  Stage: Stage-2
    Map Reduce
      Map Operator Tree:
          TableScan
            Reduce Output Operator
              key expressions: _col2 (type: int), _col0 (type: map<string,string>), _col1 (type: int)
              sort order: +++
              Map-reduce partition columns: _col2 (type: int)
              Statistics: Num rows: 6343 Data size: 25372 Basic stats: COMPLETE Column stats: NONE
              value expressions: _col0 (type: int), _col1 (type: map<string,string>), _col2 (type: int)
      Reduce Operator Tree:
        Extract
          Statistics: Num rows: 6343 Data size: 25372 Basic stats: COMPLETE Column stats: NONE
          File Output Operator
            compressed: false
            Statistics: Num rows: 6343 Data size: 25372 Basic stats: COMPLETE Column stats: NONE
            table:
                input format: org.apache.hadoop.mapred.TextInputFormat
                output format: org.apache.hadoop.hive.ql.io.HiveIgnoreKeyTextOutputFormat
                serde: org.apache.hadoop.hive.serde2.lazy.LazySimpleSerDe
                name: default.agg_pv_associateddata_c

  Stage: Stage-0
    Move Operator
      tables:
          partition:
            day_id 
          replace: false
          table:
              input format: org.apache.hadoop.mapred.TextInputFormat
              output format: org.apache.hadoop.hive.ql.io.HiveIgnoreKeyTextOutputFormat
              serde: org.apache.hadoop.hive.serde2.lazy.LazySimpleSerDe
              name: default.agg_pv_associateddata_c

  Stage: Stage-3
    Stats-Aggr Operator

The exception happens when executing task stage-2. The ReduceSinkDesc for RS10 has keycols type as {int, map<string,string>, int} and the intermediate file for this table is stored in SequenceFileInputFormat and using LazyBinarySerDe. However, the LazyBinarySerDe is not able to deserialize non-primitive type from the intermediate file which causes the exception.   

Using the TextInputFormat and LazySimpleSerDe for the intermediate file, the exception is gone. However, changing the intermediate file InputFormat and SerDe is not a preferred solution.  , This issue is similar to this one https://issues.apache.org/jira/browse/HIVE-6883?focusedCommentId=14135176&page=com.atlassian.jira.plugin.system.issuetabpanels:comment-tabpanel#comment-14135176, 

{color:red}Overall{color}: -1 at least one tests failed

Here are the results of testing the latest attachment:
https://issues.apache.org/jira/secure/attachment/12669863/HIVE-8162.1.patch

{color:red}ERROR:{color} -1 due to 2 failed/errored test(s), 6293 tests executed
*Failed tests:*
{noformat}
org.apache.hadoop.hive.cli.TestMinimrCliDriver.testCliDriver_infer_bucket_sort_dyn_part
org.apache.hadoop.hive.ql.parse.TestParse.testParse_union
{noformat}

Test results: http://ec2-174-129-184-35.compute-1.amazonaws.com/jenkins/job/PreCommit-HIVE-TRUNK-Build/877/testReport
Console output: http://ec2-174-129-184-35.compute-1.amazonaws.com/jenkins/job/PreCommit-HIVE-TRUNK-Build/877/console
Test logs: http://ec2-174-129-184-35.compute-1.amazonaws.com/logs/PreCommit-HIVE-TRUNK-Build-877/

Messages:
{noformat}
Executing org.apache.hive.ptest.execution.PrepPhase
Executing org.apache.hive.ptest.execution.ExecutionPhase
Executing org.apache.hive.ptest.execution.ReportingPhase
Tests exited with: TestsFailedException: 2 tests failed
{noformat}

This message is automatically generated.

ATTACHMENT ID: 12669863, [~prasanth_j], thank you for helping fix this issue., +1 LGTM., 

{color:red}Overall{color}: -1 at least one tests failed

Here are the results of testing the latest attachment:
https://issues.apache.org/jira/secure/attachment/12671167/HIVE-8162.2.patch

{color:red}ERROR:{color} -1 due to 3 failed/errored test(s), 6353 tests executed
*Failed tests:*
{noformat}
org.apache.hadoop.hive.cli.TestMinimrCliDriver.testCliDriver_infer_bucket_sort_dyn_part
org.apache.hadoop.hive.ql.parse.TestParse.testParse_union
org.apache.hive.hcatalog.pig.TestOrcHCatLoader.testReadDataPrimitiveTypes
{noformat}

Test results: http://ec2-174-129-184-35.compute-1.amazonaws.com/jenkins/job/PreCommit-HIVE-TRUNK-Build/987/testReport
Console output: http://ec2-174-129-184-35.compute-1.amazonaws.com/jenkins/job/PreCommit-HIVE-TRUNK-Build/987/console
Test logs: http://ec2-174-129-184-35.compute-1.amazonaws.com/logs/PreCommit-HIVE-TRUNK-Build-987/

Messages:
{noformat}
Executing org.apache.hive.ptest.execution.PrepPhase
Executing org.apache.hive.ptest.execution.ExecutionPhase
Executing org.apache.hive.ptest.execution.ReportingPhase
Tests exited with: TestsFailedException: 3 tests failed
{noformat}

This message is automatically generated.

ATTACHMENT ID: 12671167, Fixed minimr test failure., 

{color:green}Overall{color}: +1 all checks pass

Here are the results of testing the latest attachment:
https://issues.apache.org/jira/secure/attachment/12671426/HIVE-8162.3.patch

{color:green}SUCCESS:{color} +1 6360 tests passed

Test results: http://ec2-174-129-184-35.compute-1.amazonaws.com/jenkins/job/PreCommit-HIVE-TRUNK-Build/1010/testReport
Console output: http://ec2-174-129-184-35.compute-1.amazonaws.com/jenkins/job/PreCommit-HIVE-TRUNK-Build/1010/console
Test logs: http://ec2-174-129-184-35.compute-1.amazonaws.com/logs/PreCommit-HIVE-TRUNK-Build-1010/

Messages:
{noformat}
Executing org.apache.hive.ptest.execution.PrepPhase
Executing org.apache.hive.ptest.execution.ExecutionPhase
Executing org.apache.hive.ptest.execution.ReportingPhase
{noformat}

This message is automatically generated.

ATTACHMENT ID: 12671426, Committed to trunk and branch 0.14. Thanks [~vikram.dixit] for the review., This has been fixed in 0.14 release. Please open new jira if you see any issues.
]