[
I was able to vectorize the query.  I'm wondering what environment variables are different that cause the issue you reported.

{noformat}
STAGE DEPENDENCIES:
  Stage-1 is a root stage
  Stage-0 depends on stages: Stage-1

STAGE PLANS:
  Stage: Stage-1
    Tez
      Edges:
        Map 1 <- Map 2 (BROADCAST_EDGE)
        Map 3 <- Map 1 (BROADCAST_EDGE)
        Reducer 4 <- Map 3 (SIMPLE_EDGE)
        Reducer 5 <- Reducer 4 (SIMPLE_EDGE)
#### A masked pattern was here ####
      Vertices:
        Map 1 
            Map Operator Tree:
                TableScan
                  alias: store_sales
                  Statistics: Num rows: 0 Data size: 0 Basic stats: NONE Column stats: NONE
                  Filter Operator
                    predicate: (ss_store_sk is not null and ss_sold_date_sk is not null) (type: boolean)
                    Statistics: Num rows: 0 Data size: 0 Basic stats: NONE Column stats: NONE
                    Map Join Operator
                      condition map:
                           Inner Join 0 to 1
                      keys:
                        0 ss_store_sk (type: int)
                        1 s_store_sk (type: int)
                      outputColumnNames: _col0, _col21, _col22, _col26, _col50
                      input vertices:
                        1 Map 2
                      Statistics: Num rows: 0 Data size: 0 Basic stats: NONE Column stats: NONE
                      HybridGraceHashJoin: true
                      Reduce Output Operator
                        key expressions: _col0 (type: int)
                        sort order: +
                        Map-reduce partition columns: _col0 (type: int)
                        Statistics: Num rows: 0 Data size: 0 Basic stats: NONE Column stats: NONE
                        value expressions: _col21 (type: decimal(7,2)), _col22 (type: int), _col26 (type: int), _col50 (type: string)
            Execution mode: vectorized
        Map 2 
            Map Operator Tree:
                TableScan
                  alias: store
                  Statistics: Num rows: 0 Data size: 0 Basic stats: NONE Column stats: NONE
                  Filter Operator
                    predicate: s_store_sk is not null (type: boolean)
                    Statistics: Num rows: 0 Data size: 0 Basic stats: NONE Column stats: NONE
                    Reduce Output Operator
                      key expressions: s_store_sk (type: int)
                      sort order: +
                      Map-reduce partition columns: s_store_sk (type: int)
                      Statistics: Num rows: 0 Data size: 0 Basic stats: NONE Column stats: NONE
                      value expressions: s_state (type: string)
            Execution mode: vectorized
        Map 3 
            Map Operator Tree:
                TableScan
                  alias: date_dim
                  Statistics: Num rows: 73049 Data size: 81741831 Basic stats: COMPLETE Column stats: NONE
                  Filter Operator
                    predicate: (d_date_sk is not null and d_month_seq BETWEEN 1193 AND 1204) (type: boolean)
                    Statistics: Num rows: 18262 Data size: 20435178 Basic stats: COMPLETE Column stats: NONE
                    Map Join Operator
                      condition map:
                           Inner Join 0 to 1
                      keys:
                        0 _col0 (type: int)
                        1 d_date_sk (type: int)
                      outputColumnNames: _col0, _col21, _col22, _col26, _col50, _col58, _col61
                      input vertices:
                        0 Map 1
                      Statistics: Num rows: 20088 Data size: 22478696 Basic stats: COMPLETE Column stats: NONE
                      HybridGraceHashJoin: true
                      Filter Operator
                        predicate: ((_col61 BETWEEN 1193 AND 1204 and (_col58 = _col0)) and (_col26 = _col22)) (type: boolean)
                        Statistics: Num rows: 2511 Data size: 2809837 Basic stats: COMPLETE Column stats: NONE
                        Select Operator
                          expressions: _col50 (type: string), _col21 (type: decimal(7,2))
                          outputColumnNames: _col50, _col21
                          Statistics: Num rows: 2511 Data size: 2809837 Basic stats: COMPLETE Column stats: NONE
                          Group By Operator
                            aggregations: sum(_col21)
                            keys: _col50 (type: string)
                            mode: hash
                            outputColumnNames: _col0, _col1
                            Statistics: Num rows: 2511 Data size: 2809837 Basic stats: COMPLETE Column stats: NONE
                            Reduce Output Operator
                              key expressions: _col0 (type: string)
                              sort order: +
                              Map-reduce partition columns: _col0 (type: string)
                              Statistics: Num rows: 2511 Data size: 2809837 Basic stats: COMPLETE Column stats: NONE
                              value expressions: _col1 (type: decimal(17,2))
            Execution mode: vectorized
        Reducer 4 
            Reduce Operator Tree:
              Group By Operator
                aggregations: sum(VALUE._col0)
                keys: KEY._col0 (type: string)
                mode: mergepartial
                outputColumnNames: _col0, _col1
                Statistics: Num rows: 1255 Data size: 1404358 Basic stats: COMPLETE Column stats: NONE
                Reduce Output Operator
                  key expressions: _col0 (type: string), _col1 (type: decimal(17,2))
                  sort order: +-
                  Map-reduce partition columns: _col0 (type: string)
                  Statistics: Num rows: 1255 Data size: 1404358 Basic stats: COMPLETE Column stats: NONE
                  value expressions: _col1 (type: decimal(17,2))
            Execution mode: vectorized
        Reducer 5 
            Reduce Operator Tree:
              Select Operator
                expressions: KEY.reducesinkkey0 (type: string), VALUE._col0 (type: decimal(17,2))
                outputColumnNames: _col0, _col1
                Statistics: Num rows: 1255 Data size: 1404358 Basic stats: COMPLETE Column stats: NONE
                PTF Operator
                  Function definitions:
                      Input definition
                        input alias: ptf_0
                        output shape: _col0: string, _col1: decimal(17,2)
                        type: WINDOWING
                      Windowing table definition
                        input alias: ptf_1
                        name: windowingtablefunction
                        order by: _col1(DESC)
                        partition by: _col0
                        raw input shape:
                        window functions:
                            window function definition
                              alias: rank_window_0
                              arguments: _col1
                              name: rank
                              window function: GenericUDAFRankEvaluator
                              window frame: PRECEDING(MAX)~FOLLOWING(MAX)
                              isPivotResult: true
                  Statistics: Num rows: 1255 Data size: 1404358 Basic stats: COMPLETE Column stats: NONE
                  Filter Operator
                    predicate: (rank_window_0 <= 5) (type: boolean)
                    Statistics: Num rows: 418 Data size: 467746 Basic stats: COMPLETE Column stats: NONE
                    Select Operator
                      expressions: _col0 (type: string)
                      outputColumnNames: _col0
                      Statistics: Num rows: 418 Data size: 467746 Basic stats: COMPLETE Column stats: NONE
                      File Output Operator
                        compressed: false
                        Statistics: Num rows: 418 Data size: 467746 Basic stats: COMPLETE Column stats: NONE
                        table:
                            input format: org.apache.hadoop.mapred.TextInputFormat
                            output format: org.apache.hadoop.hive.ql.io.HiveIgnoreKeyTextOutputFormat
                            serde: org.apache.hadoop.hive.serde2.lazy.LazySimpleSerDe

  Stage: Stage-0
    Fetch Operator
      limit: -1
      Processor Tree:
        ListSink
{noformat}, Found the problem -- relatively simple fix., Uploading a HIVE-10484.02.patch which is identical to HIVE-10484.01.patch, because the precommit tests had issues last night, and I want to make sure this patch is tested., Also, would [~vikram.dixit] or [~mmokhtar] be the appropriate person to review this?, Change looks good to me. Any test case that repros the issue?, I just tried creating a smaller repro and did not succeed.  I'll try taking the monster query and making a Q file..., [~mmccline] no need.
Will try out the patch on the cluster., [~mmccline]
I verified this patch agains the failing queries and it fixes the exception.
, [~mmokhtar] thanks for verifying this!, 

{color:red}Overall{color}: -1 at least one tests failed

Here are the results of testing the latest attachment:
https://issues.apache.org/jira/secure/attachment/12730881/HIVE-10484.02.patch

{color:red}ERROR:{color} -1 due to 24 failed/errored test(s), 8900 tests executed
*Failed tests:*
{noformat}
org.apache.hadoop.hive.cli.TestCliDriver.testCliDriver_authorization_parts
org.apache.hadoop.hive.cli.TestEncryptedHDFSCliDriver.testCliDriver_encryption_insert_partition_dynamic
org.apache.hadoop.hive.cli.TestEncryptedHDFSCliDriver.testCliDriver_encryption_insert_partition_static
org.apache.hadoop.hive.cli.TestEncryptedHDFSCliDriver.testCliDriver_encryption_join_unencrypted_tbl
org.apache.hadoop.hive.cli.TestEncryptedHDFSCliDriver.testCliDriver_encryption_join_with_different_encryption_keys
org.apache.hadoop.hive.cli.TestEncryptedHDFSCliDriver.testCliDriver_encryption_load_data_to_encrypted_tables
org.apache.hadoop.hive.cli.TestEncryptedHDFSCliDriver.testCliDriver_encryption_select_read_only_encrypted_tbl
org.apache.hadoop.hive.cli.TestNegativeCliDriver.testNegativeCliDriver_authorization_disallow_transform
org.apache.hadoop.hive.cli.TestNegativeCliDriver.testNegativeCliDriver_authorization_droppartition
org.apache.hadoop.hive.cli.TestNegativeCliDriver.testNegativeCliDriver_authorization_sba_drop_table
org.apache.hadoop.hive.cli.TestNegativeCliDriver.testNegativeCliDriver_authorization_uri_alterpart_loc
org.apache.hadoop.hive.ql.security.TestStorageBasedClientSideAuthorizationProvider.testSimplePrivileges
org.apache.hadoop.hive.ql.security.TestStorageBasedMetastoreAuthorizationDrops.testDropDatabase
org.apache.hadoop.hive.ql.security.TestStorageBasedMetastoreAuthorizationDrops.testDropPartition
org.apache.hadoop.hive.ql.security.TestStorageBasedMetastoreAuthorizationDrops.testDropTable
org.apache.hadoop.hive.ql.security.TestStorageBasedMetastoreAuthorizationDrops.testDropView
org.apache.hadoop.hive.ql.security.TestStorageBasedMetastoreAuthorizationProvider.testSimplePrivileges
org.apache.hadoop.hive.ql.security.TestStorageBasedMetastoreAuthorizationProviderWithACL.testSimplePrivileges
org.apache.hadoop.hive.ql.security.TestStorageBasedMetastoreAuthorizationReads.testReadDbFailure
org.apache.hadoop.hive.ql.security.TestStorageBasedMetastoreAuthorizationReads.testReadDbSuccess
org.apache.hadoop.hive.ql.security.TestStorageBasedMetastoreAuthorizationReads.testReadTableFailure
org.apache.hadoop.hive.ql.security.TestStorageBasedMetastoreAuthorizationReads.testReadTableSuccess
org.apache.hadoop.hive.ql.security.authorization.plugin.sqlstd.TestSQLStdHiveAccessControllerHS2.testConfigProcessing
org.apache.hadoop.hive.ql.security.authorization.plugin.sqlstd.TestSQLStdHiveAccessControllerHS2.testConfigProcessingCustomSetWhitelistAppend
{noformat}

Test results: http://ec2-174-129-184-35.compute-1.amazonaws.com/jenkins/job/PreCommit-HIVE-TRUNK-Build/3784/testReport
Console output: http://ec2-174-129-184-35.compute-1.amazonaws.com/jenkins/job/PreCommit-HIVE-TRUNK-Build/3784/console
Test logs: http://ec2-174-129-184-35.compute-1.amazonaws.com/logs/PreCommit-HIVE-TRUNK-Build-3784/

Messages:
{noformat}
Executing org.apache.hive.ptest.execution.PrepPhase
Executing org.apache.hive.ptest.execution.ExecutionPhase
Executing org.apache.hive.ptest.execution.ReportingPhase
Tests exited with: TestsFailedException: 24 tests failed
{noformat}

This message is automatically generated.

ATTACHMENT ID: 12730881 - PreCommit-HIVE-TRUNK-Build, +1, [~vikram.dixit] Thank You!, Committed to both trunk and branch-1.2. Thanks Matt!, [~prasanth_j], This issue has been fixed and released as part of the 1.2.0 release. If you find an issue which seems to be related to this one, please create a new jira and link this one with new jira.]