[patch-1: The MR physical optimizer traverses the operator tree to generate the MR tasks starting from top TS operators. During the traverse, GenMRProcContext context is shared to carry over some necessary info across the optimizer rules, while some of the info like currUnionOp should be reset when the new TS is visited, otherwise, when the descendent  operators of such new TS were visited,  they would incorrectly refer to previous currUnionOp and later GenMRFileSink1 would incorrectly optimize Union plan.

This patch resets some fields in the GenMRProcContext when the new TS is visited., | (/) *{color:green}+1 overall{color}* |
\\
\\
|| Vote || Subsystem || Runtime || Comment ||
|| || || || {color:brown} Prechecks {color} ||
| {color:green}+1{color} | {color:green} @author {color} | {color:green}  0m  0s{color} | {color:green} The patch does not contain any @author tags. {color} |
|| || || || {color:brown} master Compile Tests {color} ||
| {color:green}+1{color} | {color:green} mvninstall {color} | {color:green}  8m 18s{color} | {color:green} master passed {color} |
| {color:green}+1{color} | {color:green} compile {color} | {color:green}  1m  3s{color} | {color:green} master passed {color} |
| {color:green}+1{color} | {color:green} checkstyle {color} | {color:green}  0m 38s{color} | {color:green} master passed {color} |
| {color:blue}0{color} | {color:blue} findbugs {color} | {color:blue}  3m 58s{color} | {color:blue} ql in master has 2305 extant Findbugs warnings. {color} |
| {color:green}+1{color} | {color:green} javadoc {color} | {color:green}  0m 55s{color} | {color:green} master passed {color} |
|| || || || {color:brown} Patch Compile Tests {color} ||
| {color:green}+1{color} | {color:green} mvninstall {color} | {color:green}  1m 23s{color} | {color:green} the patch passed {color} |
| {color:green}+1{color} | {color:green} compile {color} | {color:green}  1m  4s{color} | {color:green} the patch passed {color} |
| {color:green}+1{color} | {color:green} javac {color} | {color:green}  1m  4s{color} | {color:green} the patch passed {color} |
| {color:green}+1{color} | {color:green} checkstyle {color} | {color:green}  0m 37s{color} | {color:green} the patch passed {color} |
| {color:green}+1{color} | {color:green} whitespace {color} | {color:green}  0m  0s{color} | {color:green} The patch has no whitespace issues. {color} |
| {color:green}+1{color} | {color:green} findbugs {color} | {color:green}  4m  2s{color} | {color:green} the patch passed {color} |
| {color:green}+1{color} | {color:green} javadoc {color} | {color:green}  0m 56s{color} | {color:green} the patch passed {color} |
|| || || || {color:brown} Other Tests {color} ||
| {color:green}+1{color} | {color:green} asflicense {color} | {color:green}  0m 12s{color} | {color:green} The patch does not generate ASF License warnings. {color} |
| {color:black}{color} | {color:black} {color} | {color:black} 23m 38s{color} | {color:black} {color} |
\\
\\
|| Subsystem || Report/Notes ||
| Optional Tests |  asflicense  javac  javadoc  findbugs  checkstyle  compile  |
| uname | Linux hiveptest-server-upstream 3.16.0-4-amd64 #1 SMP Debian 3.16.36-1+deb8u1 (2016-09-03) x86_64 GNU/Linux |
| Build tool | maven |
| Personality | /data/hiveptest/working/yetus_PreCommit-HIVE-Build-13104/dev-support/hive-personality.sh |
| git revision | master / 7dce7b7 |
| Default Java | 1.8.0_111 |
| findbugs | v3.0.0 |
| modules | C: ql U: ql |
| Console output | http://104.198.109.242/logs//PreCommit-HIVE-Build-13104/yetus.txt |
| Powered by | Apache Yetus    http://yetus.apache.org |


This message was automatically generated.

, Seems there is a glitch causing the job result not posted. https://builds.apache.org/job/PreCommit-HIVE-Build/13104/. All the tests passed but I will retrigger it.

, | (/) *{color:green}+1 overall{color}* |
\\
\\
|| Vote || Subsystem || Runtime || Comment ||
|| || || || {color:brown} Prechecks {color} ||
| {color:green}+1{color} | {color:green} @author {color} | {color:green}  0m  0s{color} | {color:green} The patch does not contain any @author tags. {color} |
|| || || || {color:brown} master Compile Tests {color} ||
| {color:green}+1{color} | {color:green} mvninstall {color} | {color:green}  8m 32s{color} | {color:green} master passed {color} |
| {color:green}+1{color} | {color:green} compile {color} | {color:green}  1m  8s{color} | {color:green} master passed {color} |
| {color:green}+1{color} | {color:green} checkstyle {color} | {color:green}  0m 39s{color} | {color:green} master passed {color} |
| {color:blue}0{color} | {color:blue} findbugs {color} | {color:blue}  4m  6s{color} | {color:blue} ql in master has 2305 extant Findbugs warnings. {color} |
| {color:green}+1{color} | {color:green} javadoc {color} | {color:green}  0m 58s{color} | {color:green} master passed {color} |
|| || || || {color:brown} Patch Compile Tests {color} ||
| {color:green}+1{color} | {color:green} mvninstall {color} | {color:green}  1m 24s{color} | {color:green} the patch passed {color} |
| {color:green}+1{color} | {color:green} compile {color} | {color:green}  1m  8s{color} | {color:green} the patch passed {color} |
| {color:green}+1{color} | {color:green} javac {color} | {color:green}  1m  8s{color} | {color:green} the patch passed {color} |
| {color:green}+1{color} | {color:green} checkstyle {color} | {color:green}  0m 40s{color} | {color:green} the patch passed {color} |
| {color:green}+1{color} | {color:green} whitespace {color} | {color:green}  0m  0s{color} | {color:green} The patch has no whitespace issues. {color} |
| {color:green}+1{color} | {color:green} findbugs {color} | {color:green}  4m 13s{color} | {color:green} the patch passed {color} |
| {color:green}+1{color} | {color:green} javadoc {color} | {color:green}  0m 58s{color} | {color:green} the patch passed {color} |
|| || || || {color:brown} Other Tests {color} ||
| {color:green}+1{color} | {color:green} asflicense {color} | {color:green}  0m 14s{color} | {color:green} The patch does not generate ASF License warnings. {color} |
| {color:black}{color} | {color:black} {color} | {color:black} 24m 30s{color} | {color:black} {color} |
\\
\\
|| Subsystem || Report/Notes ||
| Optional Tests |  asflicense  javac  javadoc  findbugs  checkstyle  compile  |
| uname | Linux hiveptest-server-upstream 3.16.0-4-amd64 #1 SMP Debian 3.16.36-1+deb8u1 (2016-09-03) x86_64 GNU/Linux |
| Build tool | maven |
| Personality | /data/hiveptest/working/yetus_PreCommit-HIVE-Build-13139/dev-support/hive-personality.sh |
| git revision | master / 3dc736f |
| Default Java | 1.8.0_111 |
| findbugs | v3.0.0 |
| modules | C: ql U: ql |
| Console output | http://104.198.109.242/logs//PreCommit-HIVE-Build-13139/yetus.txt |
| Powered by | Apache Yetus    http://yetus.apache.org |


This message was automatically generated.

, 

Here are the results of testing the latest attachment:
https://issues.apache.org/jira/secure/attachment/12935042/HIVE-20331.1.patch

{color:green}SUCCESS:{color} +1 due to 1 test(s) being added or modified.

{color:green}SUCCESS:{color} +1 due to 14874 tests passed

Test results: https://builds.apache.org/job/PreCommit-HIVE-Build/13139/testReport
Console output: https://builds.apache.org/job/PreCommit-HIVE-Build/13139/console
Test logs: http://104.198.109.242/logs/PreCommit-HIVE-Build-13139/

Messages:
{noformat}
Executing org.apache.hive.ptest.execution.TestCheckPhase
Executing org.apache.hive.ptest.execution.PrepPhase
Executing org.apache.hive.ptest.execution.YetusPhase
Executing org.apache.hive.ptest.execution.ExecutionPhase
Executing org.apache.hive.ptest.execution.ReportingPhase
{noformat}

This message is automatically generated.

ATTACHMENT ID: 12935042 - PreCommit-HIVE-Build, Hi [~aihuaxu] Do you know how does this relate to the code in {{GenMRRedSink3}} which resets the unionOp at this line [https://github.com/apache/hive/blob/master/ql/src/java/org/apache/hadoop/hive/ql/optimizer/GenMRRedSink3.java#L108]

Is this Rule not triggered for some reason? Can you please post the original plan before the patch and after the patch? Thanks!, GenMRRedSink3 won't get triggered in this case (it's triggered in union followed by RS operator).

Here are the plans with and without the patch. As you can see, the union operator is incorrectly to Stage-4.

Before:
{noformat}
STAGE DEPENDENCIES:
  Stage-4 is a root stage
  Stage-6 depends on stages: Stage-4
  Stage-2 depends on stages: Stage-6
  Stage-0 depends on stages: Stage-2

STAGE PLANS:
  Stage: Stage-4
    Map Reduce
      Map Operator Tree:
          TableScan
            alias: t1
            Statistics: Num rows: 2 Data size: 2 Basic stats: COMPLETE Column stats: NONE
            Reduce Output Operator
              key expressions: col1 (type: int)
              sort order: +
              Map-reduce partition columns: col1 (type: int)
              Statistics: Num rows: 2 Data size: 2 Basic stats: COMPLETE Column stats: NONE
          TableScan
            Union
              Statistics: Num rows: 10 Data size: 88 Basic stats: COMPLETE Column stats: PARTIAL
              File Output Operator
                compressed: false
                Statistics: Num rows: 10 Data size: 88 Basic stats: COMPLETE Column stats: PARTIAL
                table:
                    input format: org.apache.hadoop.mapred.SequenceFileInputFormat
                    output format: org.apache.hadoop.hive.ql.io.HiveSequenceFileOutputFormat
                    serde: org.apache.hadoop.hive.serde2.lazy.LazySimpleSerDe
      Reduce Operator Tree:
        Select Operator
          expressions: KEY.reducesinkkey0 (type: int)
          outputColumnNames: _col0
          Statistics: Num rows: 2 Data size: 2 Basic stats: COMPLETE Column stats: NONE
          PTF Operator
            Function definitions:
                Input definition
                  input alias: ptf_0
                  output shape: _col0: int
                  type: WINDOWING
                Windowing table definition
                  input alias: ptf_1
                  name: windowingtablefunction
                  order by: _col0 ASC NULLS FIRST
                  partition by: _col0
                  raw input shape:
                  window functions:
                      window function definition
                        alias: Row_Number_window_0
                        name: Row_Number
                        window function: GenericUDAFRowNumberEvaluator
                        window frame: ROWS PRECEDING(MAX)~FOLLOWING(MAX)
                        isPivotResult: true
            Statistics: Num rows: 2 Data size: 2 Basic stats: COMPLETE Column stats: NONE
            Select Operator
              Statistics: Num rows: 2 Data size: 2 Basic stats: COMPLETE Column stats: NONE
              Lateral View Forward
                Statistics: Num rows: 2 Data size: 2 Basic stats: COMPLETE Column stats: NONE
                Select Operator
                  Statistics: Num rows: 2 Data size: 2 Basic stats: COMPLETE Column stats: NONE
                  Lateral View Join Operator
                    outputColumnNames: _col1, _col2
                    Statistics: Num rows: 4 Data size: 4 Basic stats: COMPLETE Column stats: NONE
                    Select Operator
                      Statistics: Num rows: 4 Data size: 4 Basic stats: COMPLETE Column stats: NONE
                      File Output Operator
                        compressed: false
                        table:
                            input format: org.apache.hadoop.mapred.SequenceFileInputFormat
                            output format: org.apache.hadoop.hive.ql.io.HiveSequenceFileOutputFormat
                            serde: org.apache.hadoop.hive.serde2.lazybinary.LazyBinarySerDe
                Select Operator
                  expressions: map(10:1) (type: map<int,int>)
                  outputColumnNames: _col0
                  Statistics: Num rows: 2 Data size: 2 Basic stats: COMPLETE Column stats: NONE
                  UDTF Operator
                    Statistics: Num rows: 2 Data size: 2 Basic stats: COMPLETE Column stats: NONE
                    function name: explode
                    Lateral View Join Operator
                      outputColumnNames: _col1, _col2
                      Statistics: Num rows: 4 Data size: 4 Basic stats: COMPLETE Column stats: NONE
                      Select Operator
                        Statistics: Num rows: 4 Data size: 4 Basic stats: COMPLETE Column stats: NONE
                        File Output Operator
                          compressed: false
                          table:
                              input format: org.apache.hadoop.mapred.SequenceFileInputFormat
                              output format: org.apache.hadoop.hive.ql.io.HiveSequenceFileOutputFormat
                              serde: org.apache.hadoop.hive.serde2.lazybinary.LazyBinarySerDe

  Stage: Stage-6
    Map Reduce Local Work
      Alias -> Map Local Tables:
        _u1-subquery2:x1:t1
          Fetch Operator
            limit: -1
      Alias -> Map Local Operator Tree:
        _u1-subquery2:x1:t1
          TableScan
            alias: t1
            Statistics: Num rows: 2 Data size: 2 Basic stats: COMPLETE Column stats: COMPLETE
            Select Operator
              Statistics: Num rows: 2 Data size: 16 Basic stats: COMPLETE Column stats: COMPLETE
              HashTable Sink Operator
                keys:
                  0
                  1

  Stage: Stage-2
    Map Reduce
      Map Operator Tree:
          TableScan
            alias: t1
            Statistics: Num rows: 2 Data size: 2 Basic stats: COMPLETE Column stats: COMPLETE
            Select Operator
              expressions: 1 (type: int)
              outputColumnNames: _col0
              Statistics: Num rows: 2 Data size: 8 Basic stats: COMPLETE Column stats: COMPLETE
              Union
                Statistics: Num rows: 10 Data size: 88 Basic stats: COMPLETE Column stats: PARTIAL
                File Output Operator
                  compressed: false
                  Statistics: Num rows: 10 Data size: 88 Basic stats: COMPLETE Column stats: PARTIAL
                  table:
                      input format: org.apache.hadoop.mapred.SequenceFileInputFormat
                      output format: org.apache.hadoop.hive.ql.io.HiveSequenceFileOutputFormat
                      serde: org.apache.hadoop.hive.serde2.lazy.LazySimpleSerDe
          TableScan
            Map Join Operator
              condition map:
                   Inner Join 0 to 1
              keys:
                0
                1
              Statistics: Num rows: 8 Data size: 80 Basic stats: COMPLETE Column stats: NONE
              Select Operator
                expressions: 2 (type: int)
                outputColumnNames: _col0
                Statistics: Num rows: 8 Data size: 80 Basic stats: COMPLETE Column stats: NONE
                Union
                  Statistics: Num rows: 10 Data size: 88 Basic stats: COMPLETE Column stats: PARTIAL
                  File Output Operator
                    compressed: false
                    Statistics: Num rows: 10 Data size: 88 Basic stats: COMPLETE Column stats: PARTIAL
                    table:
                        input format: org.apache.hadoop.mapred.SequenceFileInputFormat
                        output format: org.apache.hadoop.hive.ql.io.HiveSequenceFileOutputFormat
                        serde: org.apache.hadoop.hive.serde2.lazy.LazySimpleSerDe
      Local Work:
        Map Reduce Local Work

  Stage: Stage-0
    Fetch Operator
      limit: -1
      Processor Tree:
        ListSink
{noformat}
After 
{noformat}
STAGE DEPENDENCIES:
  Stage-4 is a root stage
  Stage-6 depends on stages: Stage-4
  Stage-2 depends on stages: Stage-6
  Stage-0 depends on stages: Stage-2

STAGE PLANS:
  Stage: Stage-4
    Map Reduce
      Map Operator Tree:
          TableScan
            alias: t1
            Statistics: Num rows: 2 Data size: 2 Basic stats: COMPLETE Column stats: NONE
            Reduce Output Operator
              key expressions: col1 (type: int)
              sort order: +
              Map-reduce partition columns: col1 (type: int)
              Statistics: Num rows: 2 Data size: 2 Basic stats: COMPLETE Column stats: NONE
      Execution mode: vectorized
      Reduce Operator Tree:
        Select Operator
          expressions: KEY.reducesinkkey0 (type: int)
          outputColumnNames: _col0
          Statistics: Num rows: 2 Data size: 2 Basic stats: COMPLETE Column stats: NONE
          PTF Operator
            Function definitions:
                Input definition
                  input alias: ptf_0
                  output shape: _col0: int
                  type: WINDOWING
                Windowing table definition
                  input alias: ptf_1
                  name: windowingtablefunction
                  order by: _col0 ASC NULLS FIRST
                  partition by: _col0
                  raw input shape:
                  window functions:
                      window function definition
                        alias: Row_Number_window_0
                        name: Row_Number
                        window function: GenericUDAFRowNumberEvaluator
                        window frame: ROWS PRECEDING(MAX)~FOLLOWING(MAX)
                        isPivotResult: true
            Statistics: Num rows: 2 Data size: 2 Basic stats: COMPLETE Column stats: NONE
            Select Operator
              Statistics: Num rows: 2 Data size: 2 Basic stats: COMPLETE Column stats: NONE
              Lateral View Forward
                Statistics: Num rows: 2 Data size: 2 Basic stats: COMPLETE Column stats: NONE
                Select Operator
                  Statistics: Num rows: 2 Data size: 2 Basic stats: COMPLETE Column stats: NONE
                  Lateral View Join Operator
                    outputColumnNames: _col1, _col2
                    Statistics: Num rows: 4 Data size: 4 Basic stats: COMPLETE Column stats: NONE
                    Select Operator
                      Statistics: Num rows: 4 Data size: 4 Basic stats: COMPLETE Column stats: NONE
                      File Output Operator
                        compressed: false
                        table:
                            input format: org.apache.hadoop.mapred.SequenceFileInputFormat
                            output format: org.apache.hadoop.hive.ql.io.HiveSequenceFileOutputFormat
                            serde: org.apache.hadoop.hive.serde2.lazybinary.LazyBinarySerDe
                Select Operator
                  expressions: map(10:1) (type: map<int,int>)
                  outputColumnNames: _col0
                  Statistics: Num rows: 2 Data size: 2 Basic stats: COMPLETE Column stats: NONE
                  UDTF Operator
                    Statistics: Num rows: 2 Data size: 2 Basic stats: COMPLETE Column stats: NONE
                    function name: explode
                    Lateral View Join Operator
                      outputColumnNames: _col1, _col2
                      Statistics: Num rows: 4 Data size: 4 Basic stats: COMPLETE Column stats: NONE
                      Select Operator
                        Statistics: Num rows: 4 Data size: 4 Basic stats: COMPLETE Column stats: NONE
                        File Output Operator
                          compressed: false
                          table:
                              input format: org.apache.hadoop.mapred.SequenceFileInputFormat
                              output format: org.apache.hadoop.hive.ql.io.HiveSequenceFileOutputFormat
                              serde: org.apache.hadoop.hive.serde2.lazybinary.LazyBinarySerDe

  Stage: Stage-6
    Map Reduce Local Work
      Alias -> Map Local Tables:
        _u1-subquery2:x1:t1
          Fetch Operator
            limit: -1
      Alias -> Map Local Operator Tree:
        _u1-subquery2:x1:t1
          TableScan
            alias: t1
            Statistics: Num rows: 2 Data size: 2 Basic stats: COMPLETE Column stats: COMPLETE
            Select Operator
              Statistics: Num rows: 2 Data size: 16 Basic stats: COMPLETE Column stats: COMPLETE
              HashTable Sink Operator
                keys:
                  0
                  1

  Stage: Stage-2
    Map Reduce
      Map Operator Tree:
          TableScan
            alias: t1
            Statistics: Num rows: 2 Data size: 2 Basic stats: COMPLETE Column stats: COMPLETE
            Select Operator
              expressions: 1 (type: int)
              outputColumnNames: _col0
              Statistics: Num rows: 2 Data size: 8 Basic stats: COMPLETE Column stats: COMPLETE
              Union
                Statistics: Num rows: 10 Data size: 88 Basic stats: COMPLETE Column stats: PARTIAL
                File Output Operator
                  compressed: false
                  Statistics: Num rows: 10 Data size: 88 Basic stats: COMPLETE Column stats: PARTIAL
                  table:
                      input format: org.apache.hadoop.mapred.SequenceFileInputFormat
                      output format: org.apache.hadoop.hive.ql.io.HiveSequenceFileOutputFormat
                      serde: org.apache.hadoop.hive.serde2.lazy.LazySimpleSerDe
          TableScan
            Map Join Operator
              condition map:
                   Inner Join 0 to 1
              keys:
                0
                1
              Statistics: Num rows: 8 Data size: 80 Basic stats: COMPLETE Column stats: NONE
              Select Operator
                expressions: 2 (type: int)
                outputColumnNames: _col0
                Statistics: Num rows: 8 Data size: 80 Basic stats: COMPLETE Column stats: NONE
                Union
                  Statistics: Num rows: 10 Data size: 88 Basic stats: COMPLETE Column stats: PARTIAL
                  File Output Operator
                    compressed: false
                    Statistics: Num rows: 10 Data size: 88 Basic stats: COMPLETE Column stats: PARTIAL
                    table:
                        input format: org.apache.hadoop.mapred.SequenceFileInputFormat
                        output format: org.apache.hadoop.hive.ql.io.HiveSequenceFileOutputFormat
                        serde: org.apache.hadoop.hive.serde2.lazy.LazySimpleSerDe
      Local Work:
        Map Reduce Local Work

  Stage: Stage-0
    Fetch Operator
      limit: -1
      Processor Tree:
        ListSink
{noformat}

 , +1, Pushed to master. Thanks [~vihangk1] for viewing.]