[set hive.execution.engine=tez;
WITH TEMP_S02_CARD_DATE_H AS
(SELECT
CARD_NBR AS CARD_NUM
,MIN(CARD_ACTIVE_DATE) AS CARD_ACTIVE_DATE
,MAX(DATE_ONE_ACTIVE) AS DATE_ONE_ACTIVE
,MAX(DATE_EXPIRE) AS DATE_EXPIRE
--FROM MID.FS_VP_AMED_CUR
FROM BASE.VP_AMED
WHERE DT = '20170604'
GROUP BY CARD_NBR
)
,
– 卡片信息
TMP_CREDIT_CARD_01 AS
(SELECT
POST_TO_ACCT AS POST_TO_ACCT – 对应帐户的帐号
,CARD_NBR AS CARD_NBR – 卡号
,ORG AS ORG – 币种
,USER_CODE_2 AS USER_CODE_2 – 是否该帐户第一张卡标志
,DATE_EXPIRE AS DATE_EXPIRE – 卡片到期日
,BLOCK_CODE AS BLOCK_CODE – BLOCK_CODE
,CARD_ACTIVE_DATE AS CARD_ACTIVE_DATE – 卡片激活日期
,DATE_ONE_ACTIVE AS DATE_ONE_ACTIVE – 一帐通激活日期
,LOGO AS LOGO – TYPE卡种卡类
,CARD_STATUS_CD AS CARD_STATUS_CD – 卡状态代码
,FIRST_CARD_VERIFY_DATE AS FIRST_CARD_VERIFY_DATE – 可激活日期 --20130914
--,ROW_NUMBER() OVER(PARTITION BY POST_TO_ACCT ORDER BY APPLICATION_NO) AS CARD_SEQ
FROM(SELECT
E1.POST_TO_ACCT AS POST_TO_ACCT
,E1.CARD_NBR AS CARD_NBR
,E1.ORG AS ORG
,E1.USER_CODE_2 AS USER_CODE_2
,E1.USER_3 AS APPLICATION_NO
,E3.DATE_EXPIRE AS DATE_EXPIRE
,E1.BLOCK_CODE AS BLOCK_CODE
,E3.CARD_ACTIVE_DATE AS CARD_ACTIVE_DATE
,E3.DATE_ONE_ACTIVE AS DATE_ONE_ACTIVE
,E1.LOGO AS LOGO
,E1.CURR_FIRST_USAGE_FLAG AS CARD_STATUS_CD
,E1.DATE_FIRST_CARD_VERIFY AS FIRST_CARD_VERIFY_DATE
--FROM MID.FS_VP_AMED_CUR E1
FROM BASE.VP_AMED E1
LEFT JOIN TEMP_S02_CARD_DATE_H E3
ON E1.CARD_NBR = E3.CARD_NUM
WHERE E1.DT = '20170604'
) T
)
,
– 注销账户判断
TEMP_ACCT_WRITE_OFF AS
(SELECT
ACCT
,CASE WHEN SUM(IND) > 0
THEN 1
ELSE 0
END AS PASS_WRITE_OFF_IND
--账户双边每边至少有一个BLOCK CODE为B,Q,A,M,S之一
FROM
(SELECT
ACCT
,CASE WHEN SUM(IND) >= 1 THEN 1
ELSE 0
END AS IND
FROM(SELECT
ACCT
,ORG
,CASE WHEN (BLOCK_CODE_1 IN ('B','Q','A','M','S') OR BLOCK_CODE_2 IN ('B','Q','A','M','S')) THEN 1
ELSE 0
END AS IND
FROM BASE.VP_AMBS_TMP_CREDIT_ACCT_H_01
WHERE DT = '20170604'
) T
GROUP BY ACCT
UNION ALL
--卡片存在X
SELECT
ACCT
,CASE WHEN SUM(CARD_NBR_SUM) >= 1 THEN 1
ELSE 0
END AS IND
FROM(SELECT
POST_TO_ACCT AS ACCT
,SUM(CASE WHEN COALESCE(BLOCK_CODE,'') ='X' THEN 1
ELSE 0
END) AS CARD_NBR_SUM
FROM TMP_CREDIT_CARD_01
GROUP BY POST_TO_ACCT) T
GROUP BY ACCT
) T
GROUP BY ACCT)
,
--取账单日和下一账单日
TEMP_STMT_DATE AS
(SELECT
F1.ACCT AS ACCOUNT_NUM
,F1.ORG AS ACCOUNT_MODIFIER_NUM
,MAX(CASE WHEN F1.DATE_LAST_CYCLE IS NOT NULL THEN F1.DATE_LAST_CYCLE
ELSE CONCAT('201705',F1.BILLING_CYCLE)
END) AS STMT_DATE --账单日
,MAX(CONCAT('201706',F1.BILLING_CYCLE)) AS NEXT_STMT_DATE --下一账单日
FROM BASE.VP_AMBS F1 --取上个月的
WHERE F1.DT = '20170531'
GROUP BY F1.ACCT,F1.ORG
)
,
TMP_CREDIT_ACCT_H_G1 AS
(SELECT
ACCT
,COALESCE(BLOCK_CODE_1,' ') AS BLOCK_CODE_1
,COALESCE(BLOCK_CODE_2,' ') AS BLOCK_CODE_2
,BLOCK_CODE_1_SET_DATE AS BLOCK_CODE_1_SET_DATE
,BLOCK_CODE_2_SET_DATE AS BLOCK_CODE_2_SET_DATE
,CUST_TYPE
FROM BASE.VP_AMBS_TMP_CREDIT_ACCT_H_01
WHERE DT = '20170604' 
AND ORG = '242'
)
,
TMP_CREDIT_ACCT_H_G2 AS
(SELECT
ACCT
,COALESCE(BLOCK_CODE_1,' ') AS BLOCK_CODE_1
,CASE WHEN BLOCK_CODE_2 = 'Z' AND COALESCE(BLOCK_CODE_2_MEMO,' ') IN ('UCF','CUCF')
THEN ' ' – 美元边需要将z+ucf/cucf的block_code变为' '
ELSE COALESCE(BLOCK_CODE_2,' ')
END AS BLOCK_CODE_2
,BLOCK_CODE_1_SET_DATE AS BLOCK_CODE_1_SET_DATE
,BLOCK_CODE_2_SET_DATE AS BLOCK_CODE_2_SET_DATE
,CUST_TYPE
FROM BASE.VP_AMBS_TMP_CREDIT_ACCT_H_01
WHERE DT = '20170604'
AND ORG = '241'
)
,
– 汇总双边账户的block_code
TMP_CREDIT_ACCT_H_04 AS
(SELECT
G1.ACCT
,G1.BLOCK_CODE_1 AS BLOCK_CODE_1 – 人民币边block_code_1
,coalesce(G3.PRI,0) AS PRI_1 – 人民币边block_code_1的优先级
,coalesce(G1.BLOCK_CODE_1_SET_DATE,'29991231') AS BLOCK_CODE_1_SET_DATE – 人民币边Block_Code_1_Set_Date
,G1.BLOCK_CODE_2 AS BLOCK_CODE_2 – 人民币边block_code_2
,coalesce(G4.PRI,0) AS PRI_2 – 人民币边block_code_2的优先级
,coalesce(G1.BLOCK_CODE_2_SET_DATE,'29991231') AS BLOCK_CODE_2_SET_DATE – 人民币边Block_Code_2_Set_Date
,G2.BLOCK_CODE_1 AS BLOCK_CODE_3 – 美元边block_code_1
,coalesce(G5.PRI,0) AS PRI_3 – 美元边block_code_1的优先级
,coalesce(G2.BLOCK_CODE_1_SET_DATE,'29991231') AS BLOCK_CODE_3_SET_DATE – 美元边Block_Code_1_Set_Date
,G2.BLOCK_CODE_2 AS BLOCK_CODE_4 – 美元边block_code_2
,coalesce(G6.PRI,0) AS PRI_4 – 美元边block_code_2的优先级
,coalesce(G2.BLOCK_CODE_2_SET_DATE,'29991231') AS BLOCK_CODE_4_SET_DATE – 美元边Block_Code_2_Set_Date
,G1.CUST_TYPE AS CUST_TYPE_1 – 纯费用标志客户类型
,G2.CUST_TYPE AS CUST_TYPE_2 – 纯费用标志客户类型
FROM TMP_CREDIT_ACCT_H_G1 G1
LEFT JOIN TMP_CREDIT_ACCT_H_G2 G2
ON G1.ACCT = G2.ACCT
LEFT JOIN DIM.CCM_CODE_CFG_BLOCK_CODE G3
ON COALESCE(G1.BLOCK_CODE_1,' ') = COALESCE(G3.BLOCK_CODE,' ')
LEFT JOIN DIM.CCM_CODE_CFG_BLOCK_CODE G4
ON COALESCE(G1.BLOCK_CODE_2,' ') = COALESCE(G4.BLOCK_CODE,' ')
LEFT JOIN DIM.CCM_CODE_CFG_BLOCK_CODE G5
ON COALESCE(G2.BLOCK_CODE_1,' ') = COALESCE(G5.BLOCK_CODE,' ')
LEFT JOIN DIM.CCM_CODE_CFG_BLOCK_CODE G6
ON COALESCE(G2.BLOCK_CODE_2,' ') = COALESCE(G6.BLOCK_CODE,' ')
),
TEMP_TMP_CREDIT_ACCT_H_04_1 AS (
SELECT
ACCT
,'242' AS ORG
,T2.BLOCK_CODE AS BLOCK_CODE
,BLOCK_CODE_1_SET_DATE AS DATE_BLOCK_CODE
FROM(
SELECT
ACCT
,CASE WHEN PRI_1 = PRI_2 THEN PRI_1
WHEN PRI_1 > PRI_2 THEN PRI_1
WHEN PRI_1 < PRI_2 THEN PRI_2
END AS PRI_1
,CASE WHEN PRI_1 = PRI_2 THEN LEAST(BLOCK_CODE_1_SET_DATE,BLOCK_CODE_2_SET_DATE)
WHEN PRI_1 > PRI_2 THEN BLOCK_CODE_1_SET_DATE
WHEN PRI_1 < PRI_2 THEN BLOCK_CODE_2_SET_DATE
END AS BLOCK_CODE_1_SET_DATE
FROM TMP_CREDIT_ACCT_H_04
) T1
LEFT JOIN DIM.CCM_CODE_CFG_BLOCK_CODE T2
ON T1.PRI_1 = T2.PRI),
UNION ALL
SELECT
ACCT
,'241' AS ORG
,T2.BLOCK_CODE AS BLOCK_CODE
,BLOCK_CODE_2_SET_DATE AS DATE_BLOCK_CODE
FROM(SELECT
ACCT
,CASE WHEN PRI_3 = PRI_4
THEN PRI_3
WHEN PRI_3 > PRI_4
THEN PRI_3
WHEN PRI_3 < PRI_4
THEN PRI_4
END AS PRI_2
,CASE WHEN PRI_3 = PRI_4
THEN LEAST(BLOCK_CODE_3_SET_DATE,BLOCK_CODE_4_SET_DATE)
WHEN PRI_3 > PRI_4
THEN BLOCK_CODE_3_SET_DATE
WHEN PRI_3 < PRI_4
THEN BLOCK_CODE_4_SET_DATE
END AS BLOCK_CODE_2_SET_DATE
FROM TMP_CREDIT_ACCT_H_04) T1
LEFT JOIN DIM.CCM_CODE_CFG_BLOCK_CODE T2
ON T1.PRI_2 = T2.PRI
when i don‘t use union all ，the query can exec right；, This looks like a duplicate of HIVE-9832, please confirm with an explain plan., STAGE DEPENDENCIES:
  Stage-1 is a root stage
  Stage-0 depends on stages: Stage-1

STAGE PLANS:
  Stage: Stage-1
    Tez
      Edges:
        Reducer 11 <- Map 10 (SIMPLE_EDGE), Map 12 (SIMPLE_EDGE), Map 13 (BROADCAST_EDGE), Map 14 (BROADCAST_EDGE), Map 15 (BROADCAST_EDGE), Map 16 (BROADCAST_EDGE), Map 17 (BROADCAST_EDGE), Union 3 (CONTAINS)
        Reducer 2 <- Map 1 (SIMPLE_EDGE), Map 4 (SIMPLE_EDGE), Map 5 (BROADCAST_EDGE), Map 6 (BROADCAST_EDGE), Map 7 (BROADCAST_EDGE), Map 8 (BROADCAST_EDGE), Map 9 (BROADCAST_EDGE), Union 3 (CONTAINS)
      DagName: hadoop_20170627161010_072d8ca5-d7c5-4048-aeab-4683f226d56f:1
      Vertices:
        Map 1 
            Map Operator Tree:
                TableScan
                  alias: vp_ambs_tmp_credit_acct_h_01
                  Statistics: Num rows: 47016953 Data size: 80577838747 Basic stats: COMPLETE Column stats: NONE
                  Filter Operator
                    predicate: (org = '242') (type: boolean)
                    Statistics: Num rows: 23508476 Data size: 40288918516 Basic stats: COMPLETE Column stats: NONE
                    Select Operator
                      expressions: acct (type: string), COALESCE(block_code_1,' ') (type: string), COALESCE(block_code_2,' ') (type: string), block_code_1_set_date (type: string), block_code_2_set_date (type: string)
                      outputColumnNames: _col0, _col1, _col2, _col3, _col4
                      Statistics: Num rows: 23508476 Data size: 40288918516 Basic stats: COMPLETE Column stats: NONE
                      Reduce Output Operator
                        key expressions: _col0 (type: string)
                        sort order: +
                        Map-reduce partition columns: _col0 (type: string)
                        Statistics: Num rows: 23508476 Data size: 40288918516 Basic stats: COMPLETE Column stats: NONE
                        value expressions: _col1 (type: string), _col2 (type: string), _col3 (type: string), _col4 (type: string)
        Map 10 
            Map Operator Tree:
                TableScan
                  alias: vp_ambs_tmp_credit_acct_h_01
                  Statistics: Num rows: 47016953 Data size: 80577838747 Basic stats: COMPLETE Column stats: NONE
                  Filter Operator
                    predicate: (org = '242') (type: boolean)
                    Statistics: Num rows: 23508476 Data size: 40288918516 Basic stats: COMPLETE Column stats: NONE
                    Select Operator
                      expressions: acct (type: string), COALESCE(block_code_1,' ') (type: string), COALESCE(block_code_2,' ') (type: string)
                      outputColumnNames: _col0, _col1, _col2
                      Statistics: Num rows: 23508476 Data size: 40288918516 Basic stats: COMPLETE Column stats: NONE
                      Reduce Output Operator
                        key expressions: _col0 (type: string)
                        sort order: +
                        Map-reduce partition columns: _col0 (type: string)
                        Statistics: Num rows: 23508476 Data size: 40288918516 Basic stats: COMPLETE Column stats: NONE
                        value expressions: _col1 (type: string), _col2 (type: string)
        Map 12 
            Map Operator Tree:
                TableScan
                  alias: vp_ambs_tmp_credit_acct_h_01
                  Statistics: Num rows: 47016953 Data size: 80577838747 Basic stats: COMPLETE Column stats: NONE
                  Filter Operator
                    predicate: (org = '241') (type: boolean)
                    Statistics: Num rows: 23508476 Data size: 40288918516 Basic stats: COMPLETE Column stats: NONE
                    Select Operator
                      expressions: acct (type: string), COALESCE(block_code_1,' ') (type: string), CASE WHEN (((block_code_2 = 'Z') and (COALESCE(block_code_2_memo,' ')) IN ('UCF', 'CUCF'))) THEN (' ') ELSE (COALESCE(block_code_2,' ')) END (type: string), block_code_1_set_date (type: string), block_code_2_set_date (type: string)
                      outputColumnNames: _col0, _col1, _col2, _col3, _col4
                      Statistics: Num rows: 23508476 Data size: 40288918516 Basic stats: COMPLETE Column stats: NONE
                      Reduce Output Operator
                        key expressions: _col0 (type: string)
                        sort order: +
                        Map-reduce partition columns: _col0 (type: string)
                        Statistics: Num rows: 23508476 Data size: 40288918516 Basic stats: COMPLETE Column stats: NONE
                        value expressions: _col1 (type: string), _col2 (type: string), _col3 (type: string), _col4 (type: string)
        Map 13 
            Map Operator Tree:
                TableScan
                  alias: g3
                  Statistics: Num rows: 22 Data size: 4158 Basic stats: COMPLETE Column stats: NONE
                  Reduce Output Operator
                    key expressions: COALESCE(block_code,' ') (type: string)
                    sort order: +
                    Map-reduce partition columns: COALESCE(block_code,' ') (type: string)
                    Statistics: Num rows: 22 Data size: 4158 Basic stats: COMPLETE Column stats: NONE
        Map 14 
            Map Operator Tree:
                TableScan
                  alias: g4
                  Statistics: Num rows: 22 Data size: 4158 Basic stats: COMPLETE Column stats: NONE
                  Reduce Output Operator
                    key expressions: COALESCE(block_code,' ') (type: string)
                    sort order: +
                    Map-reduce partition columns: COALESCE(block_code,' ') (type: string)
                    Statistics: Num rows: 22 Data size: 4158 Basic stats: COMPLETE Column stats: NONE
        Map 15 
            Map Operator Tree:
                TableScan
                  alias: g5
                  Statistics: Num rows: 22 Data size: 4158 Basic stats: COMPLETE Column stats: NONE
                  Reduce Output Operator
                    key expressions: COALESCE(block_code,' ') (type: string)
                    sort order: +
                    Map-reduce partition columns: COALESCE(block_code,' ') (type: string)
                    Statistics: Num rows: 22 Data size: 4158 Basic stats: COMPLETE Column stats: NONE
                    value expressions: pri (type: bigint)
        Map 16 
            Map Operator Tree:
                TableScan
                  alias: g6
                  Statistics: Num rows: 22 Data size: 4158 Basic stats: COMPLETE Column stats: NONE
                  Reduce Output Operator
                    key expressions: COALESCE(block_code,' ') (type: string)
                    sort order: +
                    Map-reduce partition columns: COALESCE(block_code,' ') (type: string)
                    Statistics: Num rows: 22 Data size: 4158 Basic stats: COMPLETE Column stats: NONE
                    value expressions: pri (type: bigint)
        Map 17 
            Map Operator Tree:
                TableScan
                  alias: t2
                  Statistics: Num rows: 22 Data size: 4158 Basic stats: COMPLETE Column stats: NONE
                  Reduce Output Operator
                    key expressions: pri (type: bigint)
                    sort order: +
                    Map-reduce partition columns: pri (type: bigint)
                    Statistics: Num rows: 22 Data size: 4158 Basic stats: COMPLETE Column stats: NONE
                    value expressions: block_code (type: string)
        Map 4 
            Map Operator Tree:
                TableScan
                  alias: vp_ambs_tmp_credit_acct_h_01
                  Statistics: Num rows: 47016953 Data size: 80577838747 Basic stats: COMPLETE Column stats: NONE
                  Filter Operator
                    predicate: (org = '241') (type: boolean)
                    Statistics: Num rows: 23508476 Data size: 40288918516 Basic stats: COMPLETE Column stats: NONE
                    Select Operator
                      expressions: acct (type: string), COALESCE(block_code_1,' ') (type: string), CASE WHEN (((block_code_2 = 'Z') and (COALESCE(block_code_2_memo,' ')) IN ('UCF', 'CUCF'))) THEN (' ') ELSE (COALESCE(block_code_2,' ')) END (type: string)
                      outputColumnNames: _col0, _col1, _col2
                      Statistics: Num rows: 23508476 Data size: 40288918516 Basic stats: COMPLETE Column stats: NONE
                      Reduce Output Operator
                        key expressions: _col0 (type: string)
                        sort order: +
                        Map-reduce partition columns: _col0 (type: string)
                        Statistics: Num rows: 23508476 Data size: 40288918516 Basic stats: COMPLETE Column stats: NONE
                        value expressions: _col1 (type: string), _col2 (type: string)
        Map 5 
            Map Operator Tree:
                TableScan
                  alias: g3
                  Statistics: Num rows: 22 Data size: 4158 Basic stats: COMPLETE Column stats: NONE
                  Reduce Output Operator
                    key expressions: COALESCE(block_code,' ') (type: string)
                    sort order: +
                    Map-reduce partition columns: COALESCE(block_code,' ') (type: string)
                    Statistics: Num rows: 22 Data size: 4158 Basic stats: COMPLETE Column stats: NONE
                    value expressions: pri (type: bigint)
        Map 6 
            Map Operator Tree:
                TableScan
                  alias: g4
                  Statistics: Num rows: 22 Data size: 4158 Basic stats: COMPLETE Column stats: NONE
                  Reduce Output Operator
                    key expressions: COALESCE(block_code,' ') (type: string)
                    sort order: +
                    Map-reduce partition columns: COALESCE(block_code,' ') (type: string)
                    Statistics: Num rows: 22 Data size: 4158 Basic stats: COMPLETE Column stats: NONE
                    value expressions: pri (type: bigint)
        Map 7 
            Map Operator Tree:
                TableScan
                  alias: g5
                  Statistics: Num rows: 22 Data size: 4158 Basic stats: COMPLETE Column stats: NONE
                  Reduce Output Operator
                    key expressions: COALESCE(block_code,' ') (type: string)
                    sort order: +
                    Map-reduce partition columns: COALESCE(block_code,' ') (type: string)
                    Statistics: Num rows: 22 Data size: 4158 Basic stats: COMPLETE Column stats: NONE
        Map 8 
            Map Operator Tree:
                TableScan
                  alias: g6
                  Statistics: Num rows: 22 Data size: 4158 Basic stats: COMPLETE Column stats: NONE
                  Reduce Output Operator
                    key expressions: COALESCE(block_code,' ') (type: string)
                    sort order: +
                    Map-reduce partition columns: COALESCE(block_code,' ') (type: string)
                    Statistics: Num rows: 22 Data size: 4158 Basic stats: COMPLETE Column stats: NONE
        Map 9 
            Map Operator Tree:
                TableScan
                  alias: t2
                  Statistics: Num rows: 22 Data size: 4158 Basic stats: COMPLETE Column stats: NONE
                  Reduce Output Operator
                    key expressions: pri (type: bigint)
                    sort order: +
                    Map-reduce partition columns: pri (type: bigint)
                    Statistics: Num rows: 22 Data size: 4158 Basic stats: COMPLETE Column stats: NONE
                    value expressions: block_code (type: string)
        Reducer 11 
            Reduce Operator Tree:
              Merge Join Operator
                condition map:
                     Left Outer Join0 to 1
                keys:
                  0 _col0 (type: string)
                  1 _col0 (type: string)
                outputColumnNames: _col0, _col1, _col2, _col7, _col8, _col9, _col10
                Statistics: Num rows: 25859324 Data size: 44317811328 Basic stats: COMPLETE Column stats: NONE
                Map Join Operator
                  condition map:
                       Left Outer Join0 to 1
                  keys:
                    0 COALESCE(_col1,' ') (type: string)
                    1 COALESCE(block_code,' ') (type: string)
                  outputColumnNames: _col0, _col2, _col7, _col8, _col9, _col10
                  input vertices:
                    1 Map 13
                  Statistics: Num rows: 28445257 Data size: 48749593517 Basic stats: COMPLETE Column stats: NONE
                  Map Join Operator
                    condition map:
                         Left Outer Join0 to 1
                    keys:
                      0 COALESCE(_col2,' ') (type: string)
                      1 COALESCE(block_code,' ') (type: string)
                    outputColumnNames: _col0, _col7, _col8, _col9, _col10
                    input vertices:
                      1 Map 14
                    Statistics: Num rows: 31289783 Data size: 53624554030 Basic stats: COMPLETE Column stats: NONE
                    Map Join Operator
                      condition map:
                           Left Outer Join0 to 1
                      keys:
                        0 COALESCE(_col7,' ') (type: string)
                        1 COALESCE(block_code,' ') (type: string)
                      outputColumnNames: _col0, _col8, _col9, _col10, _col26
                      input vertices:
                        1 Map 15
                      Statistics: Num rows: 34418762 Data size: 58987010711 Basic stats: COMPLETE Column stats: NONE
                      Map Join Operator
                        condition map:
                             Left Outer Join0 to 1
                        keys:
                          0 COALESCE(_col8,' ') (type: string)
                          1 COALESCE(block_code,' ') (type: string)
                        outputColumnNames: _col0, _col9, _col10, _col26, _col32
                        input vertices:
                          1 Map 16
                        Statistics: Num rows: 37860639 Data size: 64885713188 Basic stats: COMPLETE Column stats: NONE
                        Select Operator
                          expressions: _col0 (type: string), COALESCE(_col26,0) (type: bigint), COALESCE(_col32,0) (type: bigint), COALESCE(_col9,'29991231') (type: string), COALESCE(_col10,'29991231') (type: string)
                          outputColumnNames: _col0, _col8, _col11, _col9, _col12
                          Statistics: Num rows: 37860639 Data size: 64885713188 Basic stats: COMPLETE Column stats: NONE
                          Select Operator
                            expressions: _col0 (type: string), CASE WHEN ((_col8 = _col11)) THEN (_col8) WHEN ((_col8 > _col11)) THEN (_col8) WHEN ((_col8 < _col11)) THEN (_col11) END (type: bigint), CASE WHEN ((_col8 = _col11)) THEN (least(_col9,_col12)) WHEN ((_col8 > _col11)) THEN (_col9) WHEN ((_col8 < _col11)) THEN (_col12) END (type: string)
                            outputColumnNames: _col0, _col1, _col2
                            Statistics: Num rows: 37860639 Data size: 64885713188 Basic stats: COMPLETE Column stats: NONE
                            Map Join Operator
                              condition map:
                                   Left Outer Join0 to 1
                              keys:
                                0 _col1 (type: bigint)
                                1 pri (type: bigint)
                              outputColumnNames: _col0, _col2, _col3
                              input vertices:
                                1 Map 17
                              Statistics: Num rows: 41646703 Data size: 71374286053 Basic stats: COMPLETE Column stats: NONE
                              Select Operator
                                expressions: _col0 (type: string), '241' (type: string), _col3 (type: string), _col2 (type: string)
                                outputColumnNames: _col0, _col1, _col2, _col3
                                Statistics: Num rows: 41646703 Data size: 71374286053 Basic stats: COMPLETE Column stats: NONE
                                File Output Operator
                                  compressed: false
                                  Statistics: Num rows: 83293406 Data size: 142748572106 Basic stats: COMPLETE Column stats: NONE
                                  table:
                                      input format: org.apache.hadoop.mapred.TextInputFormat
                                      output format: org.apache.hadoop.hive.ql.io.HiveIgnoreKeyTextOutputFormat
                                      serde: org.apache.hadoop.hive.serde2.lazy.LazySimpleSerDe
        Reducer 2 
            Reduce Operator Tree:
              Merge Join Operator
                condition map:
                     Left Outer Join0 to 1
                keys:
                  0 _col0 (type: string)
                  1 _col0 (type: string)
                outputColumnNames: _col0, _col1, _col2, _col3, _col4, _col7, _col8
                Statistics: Num rows: 25859324 Data size: 44317811328 Basic stats: COMPLETE Column stats: NONE
                Map Join Operator
                  condition map:
                       Left Outer Join0 to 1
                  keys:
                    0 COALESCE(_col1,' ') (type: string)
                    1 COALESCE(block_code,' ') (type: string)
                  outputColumnNames: _col0, _col2, _col3, _col4, _col7, _col8, _col14
                  input vertices:
                    1 Map 5
                  Statistics: Num rows: 28445257 Data size: 48749593517 Basic stats: COMPLETE Column stats: NONE
                  Map Join Operator
                    condition map:
                         Left Outer Join0 to 1
                    keys:
                      0 COALESCE(_col2,' ') (type: string)
                      1 COALESCE(block_code,' ') (type: string)
                    outputColumnNames: _col0, _col3, _col4, _col7, _col8, _col14, _col20
                    input vertices:
                      1 Map 6
                    Statistics: Num rows: 31289783 Data size: 53624554030 Basic stats: COMPLETE Column stats: NONE
                    Map Join Operator
                      condition map:
                           Left Outer Join0 to 1
                      keys:
                        0 COALESCE(_col7,' ') (type: string)
                        1 COALESCE(block_code,' ') (type: string)
                      outputColumnNames: _col0, _col3, _col4, _col8, _col14, _col20
                      input vertices:
                        1 Map 7
                      Statistics: Num rows: 34418762 Data size: 58987010711 Basic stats: COMPLETE Column stats: NONE
                      Map Join Operator
                        condition map:
                             Left Outer Join0 to 1
                        keys:
                          0 COALESCE(_col8,' ') (type: string)
                          1 COALESCE(block_code,' ') (type: string)
                        outputColumnNames: _col0, _col3, _col4, _col14, _col20
                        input vertices:
                          1 Map 8
                        Statistics: Num rows: 37860639 Data size: 64885713188 Basic stats: COMPLETE Column stats: NONE
                        Select Operator
                          expressions: _col0 (type: string), COALESCE(_col14,0) (type: bigint), COALESCE(_col20,0) (type: bigint), COALESCE(_col3,'29991231') (type: string), COALESCE(_col4,'29991231') (type: string)
                          outputColumnNames: _col0, _col2, _col5, _col3, _col6
                          Statistics: Num rows: 37860639 Data size: 64885713188 Basic stats: COMPLETE Column stats: NONE
                          Select Operator
                            expressions: _col0 (type: string), CASE WHEN ((_col2 = _col5)) THEN (_col2) WHEN ((_col2 > _col5)) THEN (_col2) WHEN ((_col2 < _col5)) THEN (_col5) END (type: bigint), CASE WHEN ((_col2 = _col5)) THEN (least(_col3,_col6)) WHEN ((_col2 > _col5)) THEN (_col3) WHEN ((_col2 < _col5)) THEN (_col6) END (type: string)
                            outputColumnNames: _col0, _col1, _col2
                            Statistics: Num rows: 37860639 Data size: 64885713188 Basic stats: COMPLETE Column stats: NONE
                            Map Join Operator
                              condition map:
                                   Left Outer Join0 to 1
                              keys:
                                0 _col1 (type: bigint)
                                1 pri (type: bigint)
                              outputColumnNames: _col0, _col2, _col3
                              input vertices:
                                1 Map 9
                              Statistics: Num rows: 41646703 Data size: 71374286053 Basic stats: COMPLETE Column stats: NONE
                              Select Operator
                                expressions: _col0 (type: string), '242' (type: string), _col3 (type: string), _col2 (type: string)
                                outputColumnNames: _col0, _col1, _col2, _col3
                                Statistics: Num rows: 41646703 Data size: 71374286053 Basic stats: COMPLETE Column stats: NONE
                                File Output Operator
                                  compressed: false
                                  Statistics: Num rows: 83293406 Data size: 142748572106 Basic stats: COMPLETE Column stats: NONE
                                  table:
                                      input format: org.apache.hadoop.mapred.TextInputFormat
                                      output format: org.apache.hadoop.hive.ql.io.HiveIgnoreKeyTextOutputFormat
                                      serde: org.apache.hadoop.hive.serde2.lazy.LazySimpleSerDe
        Union 3 
            Vertex: Union 3

  Stage: Stage-0
    Fetch Operator
      limit: -1
      Processor Tree:
        ListSink]