{"expand":"renderedFields,names,schema,operations,editmeta,changelog,versionedRepresentations","id":"13086897","self":"https://issues.apache.org/jira/rest/api/2/issue/13086897","key":"HIVE-17082","fields":{"issuetype":{"self":"https://issues.apache.org/jira/rest/api/2/issuetype/1","id":"1","description":"A problem which impairs or prevents the functions of the product.","iconUrl":"https://issues.apache.org/jira/secure/viewavatar?size=xsmall&avatarId=21133&avatarType=issuetype","name":"Bug","subtask":false,"avatarId":21133},"timespent":null,"project":{"self":"https://issues.apache.org/jira/rest/api/2/project/12310843","id":"12310843","key":"HIVE","name":"Hive","avatarUrls":{"48x48":"https://issues.apache.org/jira/secure/projectavatar?pid=12310843&avatarId=11935","24x24":"https://issues.apache.org/jira/secure/projectavatar?size=small&pid=12310843&avatarId=11935","16x16":"https://issues.apache.org/jira/secure/projectavatar?size=xsmall&pid=12310843&avatarId=11935","32x32":"https://issues.apache.org/jira/secure/projectavatar?size=medium&pid=12310843&avatarId=11935"},"projectCategory":{"self":"https://issues.apache.org/jira/rest/api/2/projectCategory/10292","id":"10292","description":"Scalable Distributed Computing","name":"Hadoop"}},"fixVersions":[],"aggregatetimespent":null,"resolution":{"self":"https://issues.apache.org/jira/rest/api/2/resolution/8","id":"8","description":"The described issue is not actually a problem - it is as designed.","name":"Not A Problem"},"customfield_12312322":null,"customfield_12310220":"2017-07-14T06:06:14.531+0000","customfield_12312520":null,"customfield_12312323":null,"customfield_12312521":"Fri Jul 14 06:06:14 UTC 2017","customfield_12310420":"9223372036854775807","customfield_12312320":null,"customfield_12310222":"1_*:*_1_*:*_62679984_*|*_5_*:*_1_*:*_0","customfield_12312321":null,"resolutiondate":"2017-07-14T06:06:14.495+0000","workratio":-1,"customfield_12312328":null,"customfield_12312329":null,"customfield_12312923":null,"customfield_12312326":null,"customfield_12312920":null,"customfield_12310300":null,"customfield_12312327":null,"customfield_12312921":null,"customfield_12312324":null,"customfield_12312720":null,"customfield_12312325":null,"lastViewed":null,"watches":{"self":"https://issues.apache.org/jira/rest/api/2/issue/HIVE-17082/watchers","watchCount":2,"isWatching":false},"created":"2017-07-13T12:41:34.561+0000","customfield_12310192":null,"customfield_12310191":null,"priority":{"self":"https://issues.apache.org/jira/rest/api/2/priority/3","iconUrl":"https://issues.apache.org/jira/images/icons/priorities/major.svg","name":"Major","id":"3"},"labels":[],"customfield_12312333":null,"customfield_12310230":null,"customfield_12312334":null,"customfield_12313422":"false","customfield_12310310":"0.0","customfield_12312331":null,"customfield_12312332":null,"timeestimate":null,"aggregatetimeoriginalestimate":null,"customfield_12311120":null,"customfield_12312330":null,"versions":[],"issuelinks":[],"customfield_12312339":null,"assignee":null,"customfield_12312337":null,"customfield_12312338":null,"updated":"2017-07-14T06:06:14.538+0000","customfield_12312335":null,"customfield_12312336":null,"status":{"self":"https://issues.apache.org/jira/rest/api/2/status/5","description":"A resolution has been taken, and it is awaiting verification by reporter. From here issues are either reopened, or are closed.","iconUrl":"https://issues.apache.org/jira/images/icons/statuses/resolved.png","name":"Resolved","id":"5","statusCategory":{"self":"https://issues.apache.org/jira/rest/api/2/statuscategory/3","id":3,"key":"done","colorName":"green","name":"Done"}},"components":[],"timeoriginalestimate":null,"description":"With Hive-master:\n=================\n\n{noformat}\n\n\n2017-07-13T08:35:55,042 DEBUG [056200f2-a53f-4f38-a9e7-8bb411c73349 main] optimizer.DynamicPartitionPruningOptimization: Initiate semijoin reduction for sr_ticket_number ((sr_ticket_number is not null and (sr_ticket_number) IN (RS[6]))\n2017-07-13T08:35:55,043 DEBUG [056200f2-a53f-4f38-a9e7-8bb411c73349 main] optimizer.DynamicPartitionPruningOptimization: DynamicSemiJoinPushdown: Saving RS to TS mapping: RS[28]: TS[3]\n2017-07-13T08:35:55,398 DEBUG [056200f2-a53f-4f38-a9e7-8bb411c73349 main] optimizer.ConvertJoinMapJoin: Found semijoin optimization from the big table side of a map join, which will cause a task cycle. Removing semijoin RS[28] - TS[3] (store_returns)\n2017-07-13T08:35:55,400 DEBUG [056200f2-a53f-4f38-a9e7-8bb411c73349 main] parse.TezCompiler: Computing key domain cardinality, keyDomainCardinality=95121413, semiJoinKeyIsPK=false, selColStat= colName: _col0 colType: bigint countDistincts: 8362530 numNulls: 0 avgColLen: 8.0 numTrues: 0 numFalses: 0 Range: [ min: 1 max: 240000000 ] isPrimaryKey: false, selColSourceStat= colName: sr_ticket_number colType: bigint countDistincts: 8362530 numNulls: 0 avgColLen: 8.0 numTrues: 0 numFalses: 0 Range: [ min: 1 max: 240000000 ] isPrimaryKey: false, tsColStat= colName: ss_ticket_number colType: bigint countDistincts: 86758883 numNulls: 0 avgColLen: 8.0 numTrues: 0 numFalses: 0 Range: [ min: 1 max: 240000000 ] isPrimaryKey: false\n2017-07-13T08:35:55,400 DEBUG [056200f2-a53f-4f38-a9e7-8bb411c73349 main] parse.TezCompiler: SemiJoin key selectivity=0.08791427436007496, benefit=2.6267959439021907E9\n2017-07-13T08:35:55,400 DEBUG [056200f2-a53f-4f38-a9e7-8bb411c73349 main] parse.TezCompiler: BloomFilter benefit=2.6267959439021907E9, cost=2.87999764E8, tsDataSize=2879987999, netBenefit=2.3387961799021907E9\n2017-07-13T08:35:55,400 DEBUG [056200f2-a53f-4f38-a9e7-8bb411c73349 main] parse.TezCompiler: netBenefit=0.8120853908815856\n2017-07-13T08:35:55,400 DEBUG [056200f2-a53f-4f38-a9e7-8bb411c73349 main] parse.TezCompiler: Semijoin optimization with parallel edge to map join. Removing semijoin RS[23] - TS[0] (store_sales)\n\n> explain select count(1) from store_sales, store_returns where sr_ticket_number = ss_ticket_number;\nOK\nSTAGE DEPENDENCIES:\n  Stage-1 is a root stage\n  Stage-0 depends on stages: Stage-1\n\nSTAGE PLANS:\n  Stage: Stage-1\n    Tez\n      DagId: rbalamohan_20170713083602_0ed509c0-0311-480e-a01c-bafcb259a5fe:3\n      Edges:\n        Map 1 <- Map 3 (BROADCAST_EDGE)\n        Reducer 2 <- Map 1 (CUSTOM_SIMPLE_EDGE)\n      DagName:\n      Vertices:\n        Map 1\n            Map Operator Tree:\n                TableScan\n                  alias: store_sales\n                  filterExpr: ss_ticket_number is not null (type: boolean)\n                  Statistics: Num rows: 2879987999 Data size: 23039903992 Basic stats: COMPLETE Column stats: COMPLETE\n                  Filter Operator\n                    predicate: ss_ticket_number is not null (type: boolean)\n                    Statistics: Num rows: 2879987999 Data size: 23039903992 Basic stats: COMPLETE Column stats: COMPLETE\n                    Select Operator\n                      expressions: ss_ticket_number (type: bigint)\n                      outputColumnNames: _col0\n                      Statistics: Num rows: 2879987999 Data size: 23039903992 Basic stats: COMPLETE Column stats: COMPLETE\n                      Map Join Operator\n                        condition map:\n                             Inner Join 0 to 1\n                        keys:\n                          0 _col0 (type: bigint)\n                          1 _col0 (type: bigint)\n                        input vertices:\n                          1 Map 3\n                        Statistics: Num rows: 9560241388 Data size: 76481931104 Basic stats: COMPLETE Column stats: COMPLETE\n                        Group By Operator\n                          aggregations: count()\n                          mode: hash\n                          outputColumnNames: _col0\n                          Statistics: Num rows: 1 Data size: 8 Basic stats: COMPLETE Column stats: COMPLETE\n                          Reduce Output Operator\n                            sort order:\n                            Statistics: Num rows: 1 Data size: 8 Basic stats: COMPLETE Column stats: COMPLETE\n                            value expressions: _col0 (type: bigint)\n            Execution mode: vectorized, llap\n        Map 3\n            Map Operator Tree:\n                TableScan\n                  alias: store_returns\n                  filterExpr: sr_ticket_number is not null (type: boolean)\n                  Statistics: Num rows: 287999764 Data size: 2303998112 Basic stats: COMPLETE Column stats: COMPLETE\n                  Filter Operator\n                    predicate: sr_ticket_number is not null (type: boolean)\n                    Statistics: Num rows: 287999764 Data size: 2303998112 Basic stats: COMPLETE Column stats: COMPLETE\n                    Select Operator\n                      expressions: sr_ticket_number (type: bigint)\n                      outputColumnNames: _col0\n                      Statistics: Num rows: 287999764 Data size: 2303998112 Basic stats: COMPLETE Column stats: COMPLETE\n                      Reduce Output Operator\n                        key expressions: _col0 (type: bigint)\n                        sort order: +\n                        Map-reduce partition columns: _col0 (type: bigint)\n                        Statistics: Num rows: 287999764 Data size: 2303998112 Basic stats: COMPLETE Column stats: COMPLETE\n            Execution mode: vectorized, llap\n        Reducer 2\n            Execution mode: vectorized, llap\n            Reduce Operator Tree:\n              Group By Operator\n                aggregations: count(VALUE._col0)\n                mode: mergepartial\n                outputColumnNames: _col0\n                Statistics: Num rows: 1 Data size: 8 Basic stats: COMPLETE Column stats: COMPLETE\n                File Output Operator\n                  compressed: false\n                  Statistics: Num rows: 1 Data size: 8 Basic stats: COMPLETE Column stats: COMPLETE\n                  table:\n                      input format: org.apache.hadoop.mapred.SequenceFileInputFormat\n                      output format: org.apache.hadoop.hive.ql.io.HiveSequenceFileOutputFormat\n                      serde: org.apache.hadoop.hive.serde2.lazy.LazySimpleSerDe\n\n  Stage: Stage-0\n    Fetch Operator\n      limit: -1\n      Processor Tree:\n        ListSink\n\n\n\n{noformat}\n\nWithout TezCompiler::removeSemijoinsParallelToMapJoin:\n======================================================\n\nSemi join gets invoked\n\n{noformat}\n\n\n > explain select count(1) from store_sales, store_returns where sr_ticket_number = ss_ticket_number;\nOK\nSTAGE DEPENDENCIES:\n  Stage-1 is a root stage\n  Stage-0 depends on stages: Stage-1\n\nSTAGE PLANS:\n  Stage: Stage-1\n    Tez\n      DagId: rbalamohan_20170713082329_4c868b9a-6113-4da8-8c9a-66d9018e45c0:6\n      Edges:\n        Map 1 <- Map 3 (BROADCAST_EDGE), Reducer 4 (BROADCAST_EDGE)\n        Reducer 2 <- Map 1 (CUSTOM_SIMPLE_EDGE)\n        Reducer 4 <- Map 3 (CUSTOM_SIMPLE_EDGE)\n      DagName:\n      Vertices:\n        Map 1\n            Map Operator Tree:\n                TableScan\n                  alias: store_sales\n                  filterExpr: (ss_ticket_number is not null and (ss_ticket_number BETWEEN DynamicValue(RS_7_store_returns_sr_ticket_number_min) AND DynamicValue(RS_7_store_returns_sr_ticket_number_max) and in_bloom_filter(ss_ticket_number, DynamicValue(RS_7_store_returns_sr_ticket_number_bloom_filter)))) (type: boolean)\n                  Statistics: Num rows: 2879987999 Data size: 23039903992 Basic stats: COMPLETE Column stats: COMPLETE\n                  Filter Operator\n                    predicate: (ss_ticket_number is not null and (ss_ticket_number BETWEEN DynamicValue(RS_7_store_returns_sr_ticket_number_min) AND DynamicValue(RS_7_store_returns_sr_ticket_number_max) and in_bloom_filter(ss_ticket_number, DynamicValue(RS_7_store_returns_sr_ticket_number_bloom_filter)))) (type: boolean)\n                    Statistics: Num rows: 2879987999 Data size: 23039903992 Basic stats: COMPLETE Column stats: COMPLETE\n                    Select Operator\n                      expressions: ss_ticket_number (type: bigint)\n                      outputColumnNames: _col0\n                      Statistics: Num rows: 2879987999 Data size: 23039903992 Basic stats: COMPLETE Column stats: COMPLETE\n                      Map Join Operator\n                        condition map:\n                             Inner Join 0 to 1\n                        keys:\n                          0 _col0 (type: bigint)\n                          1 _col0 (type: bigint)\n                        input vertices:\n                          1 Map 3\n                        Statistics: Num rows: 9560241388 Data size: 76481931104 Basic stats: COMPLETE Column stats: COMPLETE\n                        Group By Operator\n                          aggregations: count()\n                          mode: hash\n                          outputColumnNames: _col0\n                          Statistics: Num rows: 1 Data size: 8 Basic stats: COMPLETE Column stats: COMPLETE\n                          Reduce Output Operator\n                            sort order:\n                            Statistics: Num rows: 1 Data size: 8 Basic stats: COMPLETE Column stats: COMPLETE\n                            value expressions: _col0 (type: bigint)\n            Execution mode: vectorized, llap\n        Map 3\n            Map Operator Tree:\n                TableScan\n                  alias: store_returns\n                  filterExpr: sr_ticket_number is not null (type: boolean)\n                  Statistics: Num rows: 287999764 Data size: 2303998112 Basic stats: COMPLETE Column stats: COMPLETE\n                  Filter Operator\n                    predicate: sr_ticket_number is not null (type: boolean)\n                    Statistics: Num rows: 287999764 Data size: 2303998112 Basic stats: COMPLETE Column stats: COMPLETE\n                    Select Operator\n                      expressions: sr_ticket_number (type: bigint)\n                      outputColumnNames: _col0\n                      Statistics: Num rows: 287999764 Data size: 2303998112 Basic stats: COMPLETE Column stats: COMPLETE\n                      Reduce Output Operator\n                        key expressions: _col0 (type: bigint)\n                        sort order: +\n                        Map-reduce partition columns: _col0 (type: bigint)\n                        Statistics: Num rows: 287999764 Data size: 2303998112 Basic stats: COMPLETE Column stats: COMPLETE\n                      Select Operator\n                        expressions: _col0 (type: bigint)\n                        outputColumnNames: _col0\n                        Statistics: Num rows: 287999764 Data size: 2303998112 Basic stats: COMPLETE Column stats: COMPLETE\n                        Group By Operator\n                          aggregations: min(_col0), max(_col0), bloom_filter(_col0, expectedEntries=16725060)\n                          mode: hash\n                          outputColumnNames: _col0, _col1, _col2\n                          Statistics: Num rows: 1 Data size: 24 Basic stats: COMPLETE Column stats: COMPLETE\n                          Reduce Output Operator\n                            sort order:\n                            Statistics: Num rows: 1 Data size: 24 Basic stats: COMPLETE Column stats: COMPLETE\n                            value expressions: _col0 (type: bigint), _col1 (type: bigint), _col2 (type: binary)\n            Execution mode: vectorized, llap\n        Reducer 2\n            Execution mode: vectorized, llap\n            Reduce Operator Tree:\n              Group By Operator\n                aggregations: count(VALUE._col0)\n                mode: mergepartial\n                outputColumnNames: _col0\n                Statistics: Num rows: 1 Data size: 8 Basic stats: COMPLETE Column stats: COMPLETE\n                File Output Operator\n                  compressed: false\n                  Statistics: Num rows: 1 Data size: 8 Basic stats: COMPLETE Column stats: COMPLETE\n                  table:\n                      input format: org.apache.hadoop.mapred.SequenceFileInputFormat\n                      output format: org.apache.hadoop.hive.ql.io.HiveSequenceFileOutputFormat\n                      serde: org.apache.hadoop.hive.serde2.lazy.LazySimpleSerDe\n        Reducer 4\n            Execution mode: vectorized, llap\n            Reduce Operator Tree:\n              Group By Operator\n                aggregations: min(VALUE._col0), max(VALUE._col1), bloom_filter(VALUE._col2, expectedEntries=16725060)\n                mode: final\n                outputColumnNames: _col0, _col1, _col2\n                Statistics: Num rows: 1 Data size: 24 Basic stats: COMPLETE Column stats: COMPLETE\n                Reduce Output Operator\n                  sort order:\n                  Statistics: Num rows: 1 Data size: 24 Basic stats: COMPLETE Column stats: COMPLETE\n                  value expressions: _col0 (type: bigint), _col1 (type: bigint), _col2 (type: binary)\n\n  Stage: Stage-0\n    Fetch Operator\n      limit: -1\n      Processor Tree:\n        ListSink\n\n{noformat}\n\nRelated ticket: HIVE-16260","customfield_10010":null,"timetracking":{},"customfield_12312026":null,"customfield_12312023":null,"customfield_12310320":null,"customfield_12312024":null,"customfield_12312340":null,"attachment":[],"aggregatetimeestimate":null,"customfield_12312341":null,"customfield_12312220":null,"customfield_12312022":null,"customfield_12310921":null,"customfield_12310920":"9223372036854775807","customfield_12312823":null,"summary":"Dynamic semi join gets turned off at compile time","creator":{"self":"https://issues.apache.org/jira/rest/api/2/user?username=rajesh.balamohan","name":"rajesh.balamohan","key":"rajesh.balamohan","avatarUrls":{"48x48":"https://issues.apache.org/jira/secure/useravatar?avatarId=10452","24x24":"https://issues.apache.org/jira/secure/useravatar?size=small&avatarId=10452","16x16":"https://issues.apache.org/jira/secure/useravatar?size=xsmall&avatarId=10452","32x32":"https://issues.apache.org/jira/secure/useravatar?size=medium&avatarId=10452"},"displayName":"Rajesh Balamohan","active":true,"timeZone":"Asia/Kolkata"},"subtasks":[],"customfield_12310291":null,"reporter":{"self":"https://issues.apache.org/jira/rest/api/2/user?username=rajesh.balamohan","name":"rajesh.balamohan","key":"rajesh.balamohan","avatarUrls":{"48x48":"https://issues.apache.org/jira/secure/useravatar?avatarId=10452","24x24":"https://issues.apache.org/jira/secure/useravatar?size=small&avatarId=10452","16x16":"https://issues.apache.org/jira/secure/useravatar?size=xsmall&avatarId=10452","32x32":"https://issues.apache.org/jira/secure/useravatar?size=medium&avatarId=10452"},"displayName":"Rajesh Balamohan","active":true,"timeZone":"Asia/Kolkata"},"customfield_12310290":null,"aggregateprogress":{"progress":0,"total":0},"customfield_12311024":null,"environment":null,"customfield_12313520":null,"customfield_12311020":null,"duedate":null,"customfield_12310250":null,"progress":{"progress":0,"total":0},"comment":{"comments":[{"self":"https://issues.apache.org/jira/rest/api/2/issue/13086897/comment/16086914","id":"16086914","author":{"self":"https://issues.apache.org/jira/rest/api/2/user?username=gopalv","name":"gopalv","key":"gopalv","avatarUrls":{"48x48":"https://issues.apache.org/jira/secure/useravatar?avatarId=10452","24x24":"https://issues.apache.org/jira/secure/useravatar?size=small&avatarId=10452","16x16":"https://issues.apache.org/jira/secure/useravatar?size=xsmall&avatarId=10452","32x32":"https://issues.apache.org/jira/secure/useravatar?size=medium&avatarId=10452"},"displayName":"Gopal V","active":true,"timeZone":"Asia/Kolkata"},"body":"[~rajesh.balamohan]: the semi-join can be removed in this case, because there is no shuffle between the map-join and the semi-join operators.","updateAuthor":{"self":"https://issues.apache.org/jira/rest/api/2/user?username=gopalv","name":"gopalv","key":"gopalv","avatarUrls":{"48x48":"https://issues.apache.org/jira/secure/useravatar?avatarId=10452","24x24":"https://issues.apache.org/jira/secure/useravatar?size=small&avatarId=10452","16x16":"https://issues.apache.org/jira/secure/useravatar?size=xsmall&avatarId=10452","32x32":"https://issues.apache.org/jira/secure/useravatar?size=medium&avatarId=10452"},"displayName":"Gopal V","active":true,"timeZone":"Asia/Kolkata"},"created":"2017-07-14T06:06:14.531+0000","updated":"2017-07-14T06:06:14.531+0000"}],"maxResults":1,"total":1,"startAt":0},"votes":{"self":"https://issues.apache.org/jira/rest/api/2/issue/HIVE-17082/votes","votes":0,"hasVoted":false},"worklog":{"startAt":0,"maxResults":20,"total":0,"worklogs":[]},"customfield_12311820":"0|i3hhc7:"}}