{"expand":"renderedFields,names,schema,operations,editmeta,changelog,versionedRepresentations","id":"12744146","self":"https://issues.apache.org/jira/rest/api/2/issue/12744146","key":"HIVE-8260","fields":{"issuetype":{"self":"https://issues.apache.org/jira/rest/api/2/issuetype/1","id":"1","description":"A problem which impairs or prevents the functions of the product.","iconUrl":"https://issues.apache.org/jira/secure/viewavatar?size=xsmall&avatarId=21133&avatarType=issuetype","name":"Bug","subtask":false,"avatarId":21133},"timespent":null,"project":{"self":"https://issues.apache.org/jira/rest/api/2/project/12310843","id":"12310843","key":"HIVE","name":"Hive","avatarUrls":{"48x48":"https://issues.apache.org/jira/secure/projectavatar?pid=12310843&avatarId=11935","24x24":"https://issues.apache.org/jira/secure/projectavatar?size=small&pid=12310843&avatarId=11935","16x16":"https://issues.apache.org/jira/secure/projectavatar?size=xsmall&pid=12310843&avatarId=11935","32x32":"https://issues.apache.org/jira/secure/projectavatar?size=medium&pid=12310843&avatarId=11935"},"projectCategory":{"self":"https://issues.apache.org/jira/rest/api/2/projectCategory/10292","id":"10292","description":"Scalable Distributed Computing","name":"Hadoop"}},"fixVersions":[{"self":"https://issues.apache.org/jira/rest/api/2/version/12326450","id":"12326450","description":"released","name":"0.14.0","archived":false,"released":true,"releaseDate":"2014-11-12"}],"aggregatetimespent":null,"resolution":{"self":"https://issues.apache.org/jira/rest/api/2/resolution/5","id":"5","description":"All attempts at reproducing this issue failed, or not enough information was available to reproduce the issue. Reading the code produces no clues as to why this behavior would occur. If more information appears later, please reopen the issue.","name":"Cannot Reproduce"},"customfield_12312322":null,"customfield_12310220":"2014-09-26T01:04:08.630+0000","customfield_12312520":null,"customfield_12312323":null,"customfield_12312521":"Thu Nov 13 19:41:38 UTC 2014","customfield_12310420":"9223372036854775807","customfield_12312320":null,"customfield_12310222":"1_*:*_1_*:*_2170540700_*|*_5_*:*_1_*:*_0","customfield_12312321":null,"resolutiondate":"2014-10-21T00:52:47.952+0000","workratio":-1,"customfield_12312328":null,"customfield_12312329":null,"customfield_12312923":null,"customfield_12312326":null,"customfield_12312920":null,"customfield_12310300":null,"customfield_12312327":null,"customfield_12312921":null,"customfield_12312324":null,"customfield_12312720":null,"customfield_12312325":null,"lastViewed":null,"watches":{"self":"https://issues.apache.org/jira/rest/api/2/issue/HIVE-8260/watchers","watchCount":3,"isWatching":false},"created":"2014-09-25T21:57:07.312+0000","customfield_12310192":null,"customfield_12310191":null,"priority":{"self":"https://issues.apache.org/jira/rest/api/2/priority/3","iconUrl":"https://issues.apache.org/jira/images/icons/priorities/major.svg","name":"Major","id":"3"},"labels":[],"customfield_12312333":null,"customfield_12310230":null,"customfield_12312334":null,"customfield_12313422":"false","customfield_12310310":"0.0","customfield_12312331":null,"customfield_12312332":null,"timeestimate":null,"aggregatetimeoriginalestimate":null,"customfield_12311120":null,"customfield_12312330":null,"versions":[{"self":"https://issues.apache.org/jira/rest/api/2/version/12326450","id":"12326450","description":"released","name":"0.14.0","archived":false,"released":true,"releaseDate":"2014-11-12"}],"issuelinks":[],"customfield_12312339":null,"assignee":{"self":"https://issues.apache.org/jira/rest/api/2/user?username=jpullokkaran","name":"jpullokkaran","key":"jpullokkaran","avatarUrls":{"48x48":"https://issues.apache.org/jira/secure/useravatar?avatarId=10452","24x24":"https://issues.apache.org/jira/secure/useravatar?size=small&avatarId=10452","16x16":"https://issues.apache.org/jira/secure/useravatar?size=xsmall&avatarId=10452","32x32":"https://issues.apache.org/jira/secure/useravatar?size=medium&avatarId=10452"},"displayName":"Laljo John Pullokkaran","active":true,"timeZone":"America/Los_Angeles"},"customfield_12312337":null,"customfield_12312338":null,"updated":"2014-11-13T19:41:38.598+0000","customfield_12312335":null,"customfield_12312336":null,"status":{"self":"https://issues.apache.org/jira/rest/api/2/status/6","description":"The issue is considered finished, the resolution is correct. Issues which are not closed can be reopened.","iconUrl":"https://issues.apache.org/jira/images/icons/statuses/closed.png","name":"Closed","id":"6","statusCategory":{"self":"https://issues.apache.org/jira/rest/api/2/statuscategory/3","id":3,"key":"done","colorName":"green","name":"Done"}},"components":[{"self":"https://issues.apache.org/jira/rest/api/2/component/12323401","id":"12323401","name":"Physical Optimizer","description":"Optimizations which are dependent on runtime"}],"timeoriginalestimate":null,"description":"For TPC-DS Q64 there is  date_dim d1,date_dim d2 and date_dim d3 but the explain has d1, d1 and d1.\n\n This is a simplified version of query 64 that demonstrates the same issue :\n{code}\nselect count(*)\n  FROM   store_sales\n        JOIN store_returns ON store_sales.ss_item_sk = store_returns.sr_item_sk and store_sales.ss_ticket_number = store_returns.sr_ticket_number\n        JOIN customer ON store_sales.ss_customer_sk = customer.c_customer_sk\n        JOIN date_dim d1 ON store_sales.ss_sold_date_sk = d1.d_date_sk\n        JOIN date_dim d2 ON customer.c_first_sales_date_sk = d2.d_date_sk \n        JOIN date_dim d3 ON customer.c_first_shipto_date_sk = d3.d_date_sk\n        JOIN store ON store_sales.ss_store_sk = store.s_store_sk\n        JOIN customer_demographics cd1 ON store_sales.ss_cdemo_sk= cd1.cd_demo_sk\n        JOIN customer_demographics cd2 ON customer.c_current_cdemo_sk = cd2.cd_demo_sk\n        JOIN promotion ON store_sales.ss_promo_sk = promotion.p_promo_sk\n        JOIN household_demographics hd1 ON store_sales.ss_hdemo_sk = hd1.hd_demo_sk\n        JOIN household_demographics hd2 ON customer.c_current_hdemo_sk = hd2.hd_demo_sk\n        JOIN customer_address ad1 ON store_sales.ss_addr_sk = ad1.ca_address_sk\n        JOIN customer_address ad2 ON customer.c_current_addr_sk = ad2.ca_address_sk\n        JOIN income_band ib1 ON hd1.hd_income_band_sk = ib1.ib_income_band_sk\n        JOIN income_band ib2 ON hd2.hd_income_band_sk = ib2.ib_income_band_sk\n        JOIN item ON store_sales.ss_item_sk = item.i_item_sk\n{code}\n\nThe plan generated \n{code}\nSTAGE PLANS:\n  Stage: Stage-1\n    Tez\n      Edges:\n        Map 13 <- Map 10 (BROADCAST_EDGE), Map 11 (BROADCAST_EDGE), Map 12 (BROADCAST_EDGE), Map 15 (BROADCAST_EDGE), Map 16 (BROADCAST_EDGE), Map 18 (BROADCAST_EDGE), Map 2 (BROADCAST_EDGE), Map 3 (BROADCAST_EDGE), Map 8 (BROADCAST_EDGE)\n        Map 16 <- Map 7 (BROADCAST_EDGE)\n        Map 18 <- Map 1 (BROADCAST_EDGE), Map 17 (BROADCAST_EDGE), Map 4 (BROADCAST_EDGE), Map 5 (BROADCAST_EDGE), Map 9 (BROADCAST_EDGE)\n        Map 5 <- Map 6 (BROADCAST_EDGE)\n        Reducer 14 <- Map 13 (SIMPLE_EDGE)\n      DagName: mmokhtar_20140925180101_9c3b1d6b-61d3-44bc-a881-2beaf2ab143f:2\n      Vertices:\n        Map 1\n            Map Operator Tree:\n                TableScan\n                  alias: cd1\n                  filterExpr: cd_demo_sk is not null (type: boolean)\n                  Statistics: Num rows: 1920800 Data size: 718379200 Basic stats: COMPLETE Column stats: COMPLETE\n                  Filter Operator\n                    predicate: cd_demo_sk is not null (type: boolean)\n                    Statistics: Num rows: 1920800 Data size: 7683200 Basic stats: COMPLETE Column stats: COMPLETE\n                    Select Operator\n                      expressions: cd_demo_sk (type: int)\n                      outputColumnNames: _col0\n                      Statistics: Num rows: 1920800 Data size: 7683200 Basic stats: COMPLETE Column stats: COMPLETE\n                      Reduce Output Operator\n                        key expressions: _col0 (type: int)\n                        sort order: +\n                        Map-reduce partition columns: _col0 (type: int)\n                        Statistics: Num rows: 1920800 Data size: 7683200 Basic stats: COMPLETE Column stats: COMPLETE\n            Execution mode: vectorized\n        Map 10\n            Map Operator Tree:\n                TableScan\n                  alias: item\n                  filterExpr: i_item_sk is not null (type: boolean)\n                  Statistics: Num rows: 48000 Data size: 68732712 Basic stats: COMPLETE Column stats: COMPLETE\n                  Filter Operator\n                    predicate: i_item_sk is not null (type: boolean)\n                    Statistics: Num rows: 48000 Data size: 192000 Basic stats: COMPLETE Column stats: COMPLETE\n                    Select Operator\n                      expressions: i_item_sk (type: int)\n                      outputColumnNames: _col0\n                      Statistics: Num rows: 48000 Data size: 192000 Basic stats: COMPLETE Column stats: COMPLETE\n                      Reduce Output Operator\n                        key expressions: _col0 (type: int)\n                        sort order: +\n                        Map-reduce partition columns: _col0 (type: int)\n                        Statistics: Num rows: 48000 Data size: 192000 Basic stats: COMPLETE Column stats: COMPLETE\n            Execution mode: vectorized\n        Map 11\n            Map Operator Tree:\n                TableScan\n                  alias: promotion\n                  filterExpr: p_promo_sk is not null (type: boolean)\n                  Statistics: Num rows: 450 Data size: 530848 Basic stats: COMPLETE Column stats: COMPLETE\n                  Filter Operator\n                    predicate: p_promo_sk is not null (type: boolean)\n                    Statistics: Num rows: 450 Data size: 1800 Basic stats: COMPLETE Column stats: COMPLETE\n                    Select Operator\n                      expressions: p_promo_sk (type: int)\n                      outputColumnNames: _col0\n                      Statistics: Num rows: 450 Data size: 1800 Basic stats: COMPLETE Column stats: COMPLETE\n                      Reduce Output Operator\n                        key expressions: _col0 (type: int)\n                        sort order: +\n                        Map-reduce partition columns: _col0 (type: int)\n                        Statistics: Num rows: 450 Data size: 1800 Basic stats: COMPLETE Column stats: COMPLETE\n            Execution mode: vectorized\n        Map 12\n            Map Operator Tree:\n                TableScan\n                  alias: cd1\n                  filterExpr: cd_demo_sk is not null (type: boolean)\n                  Statistics: Num rows: 1920800 Data size: 718379200 Basic stats: COMPLETE Column stats: COMPLETE\n                  Filter Operator\n                    predicate: cd_demo_sk is not null (type: boolean)\n                    Statistics: Num rows: 1920800 Data size: 7683200 Basic stats: COMPLETE Column stats: COMPLETE\n                    Select Operator\n                      expressions: cd_demo_sk (type: int)\n                      outputColumnNames: _col0\n                      Statistics: Num rows: 1920800 Data size: 7683200 Basic stats: COMPLETE Column stats: COMPLETE\n                      Reduce Output Operator\n                        key expressions: _col0 (type: int)\n                        sort order: +\n                        Map-reduce partition columns: _col0 (type: int)\n                        Statistics: Num rows: 1920800 Data size: 7683200 Basic stats: COMPLETE Column stats: COMPLETE\n            Execution mode: vectorized\n        Map 13\n            Map Operator Tree:\n                TableScan\n                  alias: store_sales\n                  filterExpr: ((((((((ss_hdemo_sk is not null and ss_item_sk is not null) and ss_cdemo_sk is not null) and ss_sold_date_sk is not null) and ss_addr_sk is not null) and ss_store_sk is not null) and ss_promo_sk is not null) and ss_customer_sk is not null) and ss_ticket_number is not null) (type: boolean)\n                  Statistics: Num rows: 550076554 Data size: 24008004411 Basic stats: COMPLETE Column stats: COMPLETE\n                  Filter Operator\n                    predicate: ((((((((ss_hdemo_sk is not null and ss_item_sk is not null) and ss_cdemo_sk is not null) and ss_sold_date_sk is not null) and ss_addr_sk is not null) and ss_store_sk is not null) and ss_promo_sk is not null) and ss_customer_sk is not null) and ss_ticket_number is not null) (type: boolean)\n                    Statistics: Num rows: 476766966 Data size: 16894069044 Basic stats: COMPLETE Column stats: COMPLETE\n                    Select Operator\n                      expressions: ss_sold_date_sk (type: int), ss_item_sk (type: int), ss_customer_sk (type: int), ss_cdemo_sk (type: int), ss_hdemo_sk (type: int), ss_addr_sk (type: int), ss_store_sk (type: int), ss_promo_sk (type: int), ss_ticket_number (type: int)\n                      outputColumnNames: _col0, _col1, _col2, _col3, _col4, _col5, _col6, _col7, _col8\n                      Statistics: Num rows: 476766966 Data size: 16894069044 Basic stats: COMPLETE Column stats: COMPLETE\n                      Map Join Operator\n                        condition map:\n                             Inner Join 0 to 1\n                        condition expressions:\n                          0 {_col0} {_col1} {_col2} {_col3} {_col5} {_col6} {_col7} {_col8}\n                          1\n                        keys:\n                          0 _col4 (type: int)\n                          1 _col0 (type: int)\n                        outputColumnNames: _col0, _col1, _col2, _col3, _col5, _col6, _col7, _col8\n                        input vertices:\n                          1 Map 16\n                        Statistics: Num rows: 410166225 Data size: 13125319200 Basic stats: COMPLETE Column stats: COMPLETE\n                        Map Join Operator\n                          condition map:\n                               Inner Join 0 to 1\n                          condition expressions:\n                            0 {_col0} {_col1} {_col2} {_col3} {_col5} {_col6} {_col7} {_col8}\n                            1\n                          keys:\n                            0 _col1 (type: int)\n                            1 _col0 (type: int)\n                          outputColumnNames: _col0, _col1, _col2, _col3, _col5, _col6, _col7, _col8\n                          input vertices:\n                            1 Map 10\n                          Statistics: Num rows: 314695482 Data size: 10070255424 Basic stats: COMPLETE Column stats: COMPLETE\n                          Map Join Operator\n                            condition map:\n                                 Inner Join 0 to 1\n                            condition expressions:\n                              0 {_col0} {_col1} {_col2} {_col5} {_col6} {_col7} {_col8}\n                              1\n                            keys:\n                              0 _col3 (type: int)\n                              1 _col0 (type: int)\n                            outputColumnNames: _col0, _col1, _col2, _col5, _col6, _col7, _col8\n                            input vertices:\n                              1 Map 12\n                            Statistics: Num rows: 329259309 Data size: 9219260652 Basic stats: COMPLETE Column stats: COMPLETE\n                            Map Join Operator\n                              condition map:\n                                   Inner Join 0 to 1\n                              condition expressions:\n                                0 {_col1} {_col2} {_col5} {_col6} {_col7} {_col8}\n                                1\n                              keys:\n                                0 _col0 (type: int)\n                                1 _col0 (type: int)\n                              outputColumnNames: _col1, _col2, _col5, _col6, _col7, _col8\n                              input vertices:\n                                1 Map 3\n                              Statistics: Num rows: 368151338 Data size: 8835632112 Basic stats: COMPLETE Column stats: COMPLETE\n                              Map Join Operator\n                                condition map:\n                                     Inner Join 0 to 1\n                                condition expressions:\n                                  0 {_col1} {_col2} {_col6} {_col7} {_col8}\n                                  1\n                                keys:\n                                  0 _col5 (type: int)\n                                  1 _col0 (type: int)\n                                outputColumnNames: _col1, _col2, _col6, _col7, _col8\n                                input vertices:\n                                  1 Map 2\n                                Statistics: Num rows: 416100702 Data size: 8322014040 Basic stats: COMPLETE Column stats: COMPLETE\n                                Map Join Operator\n                                  condition map:\n                                       Inner Join 0 to 1\n                                  condition expressions:\n                                    0 {_col1} {_col2} {_col7} {_col8}\n                                    1\n                                  keys:\n                                    0 _col6 (type: int)\n                                    1 _col0 (type: int)\n                                  outputColumnNames: _col1, _col2, _col7, _col8\n                                  input vertices:\n                                    1 Map 15\n                                  Statistics: Num rows: 512868307 Data size: 8205892912 Basic stats: COMPLETE Column stats: COMPLETE\n                                  Map Join Operator\n                                    condition map:\n                                         Inner Join 0 to 1\n                                    condition expressions:\n                                      0 {_col1} {_col2} {_col8}\n                                      1\n                                    keys:\n                                      0 _col7 (type: int)\n                                      1 _col0 (type: int)\n                                    outputColumnNames: _col1, _col2, _col8\n                                    input vertices:\n                                      1 Map 11\n                                    Statistics: Num rows: 1030315795 Data size: 12363789540 Basic stats: COMPLETE Column stats: COMPLETE\n                                    Map Join Operator\n                                      condition map:\n                                           Inner Join 0 to 1\n                                      condition expressions:\n                                        0 {_col1} {_col8}\n                                        1\n                                      keys:\n                                        0 _col2 (type: int)\n                                        1 _col1 (type: int)\n                                      outputColumnNames: _col1, _col8\n                                      input vertices:\n                                        1 Map 18\n                                      Statistics: Num rows: 2999114775 Data size: 23992918200 Basic stats: COMPLETE Column stats: COMPLETE\n                                      Map Join Operator\n                                        condition map:\n                                             Inner Join 0 to 1\n                                        condition expressions:\n                                          0\n                                          1\n                                        keys:\n                                          0 _col1 (type: int), _col8 (type: int)\n                                          1 _col0 (type: int), _col1 (type: int)\n                                        input vertices:\n                                          1 Map 8\n                                        Statistics: Num rows: 60227570 Data size: 0 Basic stats: PARTIAL Column stats: COMPLETE\n                                        Select Operator\n                                          Statistics: Num rows: 60227570 Data size: 0 Basic stats: PARTIAL Column stats: COMPLETE\n                                          Group By Operator\n                                            aggregations: count()\n                                            mode: hash\n                                            outputColumnNames: _col0\n                                            Statistics: Num rows: 1 Data size: 8 Basic stats: COMPLETE Column stats: COMPLETE\n                                            Reduce Output Operator\n                                              sort order:\n                                              Statistics: Num rows: 1 Data size: 8 Basic stats: COMPLETE Column stats: COMPLETE\n                                              value expressions: _col0 (type: bigint)\n            Execution mode: vectorized\n        Map 15\n            Map Operator Tree:\n                TableScan\n                  alias: store\n                  filterExpr: s_store_sk is not null (type: boolean)\n                  Statistics: Num rows: 212 Data size: 405680 Basic stats: COMPLETE Column stats: COMPLETE\n                  Filter Operator\n                    predicate: s_store_sk is not null (type: boolean)\n                    Statistics: Num rows: 212 Data size: 848 Basic stats: COMPLETE Column stats: COMPLETE\n                    Select Operator\n                      expressions: s_store_sk (type: int)\n                      outputColumnNames: _col0\n                      Statistics: Num rows: 212 Data size: 848 Basic stats: COMPLETE Column stats: COMPLETE\n                      Reduce Output Operator\n                        key expressions: _col0 (type: int)\n                        sort order: +\n                        Map-reduce partition columns: _col0 (type: int)\n                        Statistics: Num rows: 212 Data size: 848 Basic stats: COMPLETE Column stats: COMPLETE\n            Execution mode: vectorized\n        Map 16\n            Map Operator Tree:\n                TableScan\n                  alias: hd1\n                  filterExpr: (hd_income_band_sk is not null and hd_demo_sk is not null) (type: boolean)\n                  Statistics: Num rows: 7200 Data size: 799 Basic stats: COMPLETE Column stats: COMPLETE\n                  Filter Operator\n                    predicate: (hd_income_band_sk is not null and hd_demo_sk is not null) (type: boolean)\n                    Statistics: Num rows: 7200 Data size: 57600 Basic stats: COMPLETE Column stats: COMPLETE\n                    Select Operator\n                      expressions: hd_demo_sk (type: int), hd_income_band_sk (type: int)\n                      outputColumnNames: _col0, _col1\n                      Statistics: Num rows: 7200 Data size: 57600 Basic stats: COMPLETE Column stats: COMPLETE\n                      Map Join Operator\n                        condition map:\n                             Inner Join 0 to 1\n                        condition expressions:\n                          0 {_col0}\n                          1\n                        keys:\n                          0 _col1 (type: int)\n                          1 _col0 (type: int)\n                        outputColumnNames: _col0\n                        input vertices:\n                          1 Map 7\n                        Statistics: Num rows: 8000 Data size: 32000 Basic stats: COMPLETE Column stats: COMPLETE\n                        Select Operator\n                          expressions: _col0 (type: int)\n                          outputColumnNames: _col0\n                          Statistics: Num rows: 8000 Data size: 32000 Basic stats: COMPLETE Column stats: COMPLETE\n                          Reduce Output Operator\n                            key expressions: _col0 (type: int)\n                            sort order: +\n                            Map-reduce partition columns: _col0 (type: int)\n                            Statistics: Num rows: 8000 Data size: 32000 Basic stats: COMPLETE Column stats: COMPLETE\n            Execution mode: vectorized\n        Map 17\n            Map Operator Tree:\n                TableScan\n                  alias: d1\n                  filterExpr: d_date_sk is not null (type: boolean)\n                  Statistics: Num rows: 73049 Data size: 81741831 Basic stats: COMPLETE Column stats: COMPLETE\n                  Filter Operator\n                    predicate: d_date_sk is not null (type: boolean)\n                    Statistics: Num rows: 73049 Data size: 292196 Basic stats: COMPLETE Column stats: COMPLETE\n                    Select Operator\n                      expressions: d_date_sk (type: int)\n                      outputColumnNames: _col0\n                      Statistics: Num rows: 73049 Data size: 292196 Basic stats: COMPLETE Column stats: COMPLETE\n                      Reduce Output Operator\n                        key expressions: _col0 (type: int)\n                        sort order: +\n                        Map-reduce partition columns: _col0 (type: int)\n                        Statistics: Num rows: 73049 Data size: 292196 Basic stats: COMPLETE Column stats: COMPLETE\n            Execution mode: vectorized\n        Map 18\n            Map Operator Tree:\n                TableScan\n                  alias: customer\n                  filterExpr: (((((c_current_hdemo_sk is not null and c_current_cdemo_sk is not null) and c_first_sales_date_sk is not null) and c_first_shipto_date_sk is not null) and c_current_addr_sk is not null) and c_customer_sk is not null) (type: boolean)\n                  Statistics: Num rows: 1600000 Data size: 1376033128 Basic stats: COMPLETE Column stats: COMPLETE\n                  Filter Operator\n                    predicate: (((((c_current_hdemo_sk is not null and c_current_cdemo_sk is not null) and c_first_sales_date_sk is not null) and c_first_shipto_date_sk is not null) and c_current_addr_sk is not null) and c_customer_sk is not null) (type: boolean)\n                    Statistics: Num rows: 1387731 Data size: 32529348 Basic stats: COMPLETE Column stats: COMPLETE\n                    Select Operator\n                      expressions: c_customer_sk (type: int), c_current_cdemo_sk (type: int), c_current_hdemo_sk (type: int), c_current_addr_sk (type: int), c_first_shipto_date_sk (type: int), c_first_sales_date_sk (type: int)\n                      outputColumnNames: _col0, _col1, _col2, _col3, _col4, _col5\n                      Statistics: Num rows: 1387731 Data size: 32529348 Basic stats: COMPLETE Column stats: COMPLETE\n                      Map Join Operator\n                        condition map:\n                             Inner Join 0 to 1\n                        condition expressions:\n                          0 {_col0} {_col1} {_col3} {_col4} {_col5}\n                          1\n                        keys:\n                          0 _col2 (type: int)\n                          1 _col0 (type: int)\n                        outputColumnNames: _col0, _col1, _col3, _col4, _col5\n                        input vertices:\n                          1 Map 5\n                        Statistics: Num rows: 1193875 Data size: 23877500 Basic stats: COMPLETE Column stats: COMPLETE\n                        Select Operator\n                          expressions: _col0 (type: int), _col1 (type: int), _col3 (type: int), _col4 (type: int), _col5 (type: int)\n                          outputColumnNames: _col0, _col1, _col3, _col4, _col5\n                          Statistics: Num rows: 1193875 Data size: 23877500 Basic stats: COMPLETE Column stats: COMPLETE\n                          Map Join Operator\n                            condition map:\n                                 Inner Join 0 to 1\n                            condition expressions:\n                              0\n                              1 {_col0} {_col3} {_col4} {_col5}\n                            keys:\n                              0 _col0 (type: int)\n                              1 _col1 (type: int)\n                            outputColumnNames: _col1, _col4, _col5, _col6\n                            input vertices:\n                              0 Map 1\n                            Statistics: Num rows: 2529344 Data size: 40469504 Basic stats: COMPLETE Column stats: COMPLETE\n                            Map Join Operator\n                              condition map:\n                                   Inner Join 0 to 1\n                              condition expressions:\n                                0 {_col1} {_col4} {_col5}\n                                1\n                              keys:\n                                0 _col6 (type: int)\n                                1 _col0 (type: int)\n                              outputColumnNames: _col1, _col4, _col5\n                              input vertices:\n                                1 Map 17\n                              Statistics: Num rows: 2828109 Data size: 33937308 Basic stats: COMPLETE Column stats: COMPLETE\n                              Map Join Operator\n                                condition map:\n                                     Inner Join 0 to 1\n                                condition expressions:\n                                  0 {_col1} {_col4}\n                                  1\n                                keys:\n                                  0 _col5 (type: int)\n                                  1 _col0 (type: int)\n                                outputColumnNames: _col1, _col4\n                                input vertices:\n                                  1 Map 4\n                                Statistics: Num rows: 3162164 Data size: 25297312 Basic stats: COMPLETE Column stats: COMPLETE\n                                Map Join Operator\n                                  condition map:\n                                       Inner Join 0 to 1\n                                  condition expressions:\n                                    0 {_col1}\n                                    1\n                                  keys:\n                                    0 _col4 (type: int)\n                                    1 _col0 (type: int)\n                                  outputColumnNames: _col1\n                                  input vertices:\n                                    1 Map 9\n                                  Statistics: Num rows: 3574015 Data size: 14296060 Basic stats: COMPLETE Column stats: COMPLETE\n                                  Select Operator\n                                    expressions: _col1 (type: int)\n                                    outputColumnNames: _col1\n                                    Statistics: Num rows: 3574015 Data size: 14296060 Basic stats: COMPLETE Column stats: COMPLETE\n                                    Reduce Output Operator\n                                      key expressions: _col1 (type: int)\n                                      sort order: +\n                                      Map-reduce partition columns: _col1 (type: int)\n                                      Statistics: Num rows: 3574015 Data size: 14296060 Basic stats: COMPLETE Column stats: COMPLETE\n            Execution mode: vectorized\n        Map 2\n            Map Operator Tree:\n                TableScan\n                  alias: ad1\n                  filterExpr: ca_address_sk is not null (type: boolean)\n                  Statistics: Num rows: 800000 Data size: 811903688 Basic stats: COMPLETE Column stats: COMPLETE\n                  Filter Operator\n                    predicate: ca_address_sk is not null (type: boolean)\n                    Statistics: Num rows: 800000 Data size: 3200000 Basic stats: COMPLETE Column stats: COMPLETE\n                    Select Operator\n                      expressions: ca_address_sk (type: int)\n                      outputColumnNames: _col0\n                      Statistics: Num rows: 800000 Data size: 3200000 Basic stats: COMPLETE Column stats: COMPLETE\n                      Reduce Output Operator\n                        key expressions: _col0 (type: int)\n                        sort order: +\n                        Map-reduce partition columns: _col0 (type: int)\n                        Statistics: Num rows: 800000 Data size: 3200000 Basic stats: COMPLETE Column stats: COMPLETE\n            Execution mode: vectorized\n        Map 3\n            Map Operator Tree:\n                TableScan\n                  alias: d1\n                  filterExpr: d_date_sk is not null (type: boolean)\n                  Statistics: Num rows: 73049 Data size: 81741831 Basic stats: COMPLETE Column stats: COMPLETE\n                  Filter Operator\n                    predicate: d_date_sk is not null (type: boolean)\n                    Statistics: Num rows: 73049 Data size: 292196 Basic stats: COMPLETE Column stats: COMPLETE\n                    Select Operator\n                      expressions: d_date_sk (type: int)\n                      outputColumnNames: _col0\n                      Statistics: Num rows: 73049 Data size: 292196 Basic stats: COMPLETE Column stats: COMPLETE\n                      Reduce Output Operator\n                        key expressions: _col0 (type: int)\n                        sort order: +\n                        Map-reduce partition columns: _col0 (type: int)\n                        Statistics: Num rows: 73049 Data size: 292196 Basic stats: COMPLETE Column stats: COMPLETE\n            Execution mode: vectorized\n        Map 4\n            Map Operator Tree:\n                TableScan\n                  alias: d1\n                  filterExpr: d_date_sk is not null (type: boolean)\n                  Statistics: Num rows: 73049 Data size: 81741831 Basic stats: COMPLETE Column stats: COMPLETE\n                  Filter Operator\n                    predicate: d_date_sk is not null (type: boolean)\n                    Statistics: Num rows: 73049 Data size: 292196 Basic stats: COMPLETE Column stats: COMPLETE\n                    Select Operator\n                      expressions: d_date_sk (type: int)\n                      outputColumnNames: _col0\n                      Statistics: Num rows: 73049 Data size: 292196 Basic stats: COMPLETE Column stats: COMPLETE\n                      Reduce Output Operator\n                        key expressions: _col0 (type: int)\n                        sort order: +\n                        Map-reduce partition columns: _col0 (type: int)\n                        Statistics: Num rows: 73049 Data size: 292196 Basic stats: COMPLETE Column stats: COMPLETE\n            Execution mode: vectorized\n        Map 5\n            Map Operator Tree:\n                TableScan\n                  alias: hd1\n                  filterExpr: (hd_income_band_sk is not null and hd_demo_sk is not null) (type: boolean)\n                  Statistics: Num rows: 7200 Data size: 799 Basic stats: COMPLETE Column stats: COMPLETE\n                  Filter Operator\n                    predicate: (hd_income_band_sk is not null and hd_demo_sk is not null) (type: boolean)\n                    Statistics: Num rows: 7200 Data size: 57600 Basic stats: COMPLETE Column stats: COMPLETE\n                    Select Operator\n                      expressions: hd_demo_sk (type: int), hd_income_band_sk (type: int)\n                      outputColumnNames: _col0, _col1\n                      Statistics: Num rows: 7200 Data size: 57600 Basic stats: COMPLETE Column stats: COMPLETE\n                      Map Join Operator\n                        condition map:\n                             Inner Join 0 to 1\n                        condition expressions:\n                          0 {_col0}\n                          1\n                        keys:\n                          0 _col1 (type: int)\n                          1 _col0 (type: int)\n                        outputColumnNames: _col0\n                        input vertices:\n                          1 Map 6\n                        Statistics: Num rows: 8000 Data size: 32000 Basic stats: COMPLETE Column stats: COMPLETE\n                        Select Operator\n                          expressions: _col0 (type: int)\n                          outputColumnNames: _col0\n                          Statistics: Num rows: 8000 Data size: 32000 Basic stats: COMPLETE Column stats: COMPLETE\n                          Reduce Output Operator\n                            key expressions: _col0 (type: int)\n                            sort order: +\n                            Map-reduce partition columns: _col0 (type: int)\n                            Statistics: Num rows: 8000 Data size: 32000 Basic stats: COMPLETE Column stats: COMPLETE\n            Execution mode: vectorized\n        Map 6\n            Map Operator Tree:\n                TableScan\n                  alias: ib1\n                  filterExpr: ib_income_band_sk is not null (type: boolean)\n                  Statistics: Num rows: 20 Data size: 240 Basic stats: COMPLETE Column stats: COMPLETE\n                  Filter Operator\n                    predicate: ib_income_band_sk is not null (type: boolean)\n                    Statistics: Num rows: 20 Data size: 80 Basic stats: COMPLETE Column stats: COMPLETE\n                    Select Operator\n                      expressions: ib_income_band_sk (type: int)\n                      outputColumnNames: _col0\n                      Statistics: Num rows: 20 Data size: 80 Basic stats: COMPLETE Column stats: COMPLETE\n                      Reduce Output Operator\n                        key expressions: _col0 (type: int)\n                        sort order: +\n                        Map-reduce partition columns: _col0 (type: int)\n                        Statistics: Num rows: 20 Data size: 80 Basic stats: COMPLETE Column stats: COMPLETE\n            Execution mode: vectorized\n        Map 7\n            Map Operator Tree:\n                TableScan\n                  alias: ib1\n                  filterExpr: ib_income_band_sk is not null (type: boolean)\n                  Statistics: Num rows: 20 Data size: 240 Basic stats: COMPLETE Column stats: COMPLETE\n                  Filter Operator\n                    predicate: ib_income_band_sk is not null (type: boolean)\n                    Statistics: Num rows: 20 Data size: 80 Basic stats: COMPLETE Column stats: COMPLETE\n                    Select Operator\n                      expressions: ib_income_band_sk (type: int)\n                      outputColumnNames: _col0\n                      Statistics: Num rows: 20 Data size: 80 Basic stats: COMPLETE Column stats: COMPLETE\n                      Reduce Output Operator\n                        key expressions: _col0 (type: int)\n                        sort order: +\n                        Map-reduce partition columns: _col0 (type: int)\n                        Statistics: Num rows: 20 Data size: 80 Basic stats: COMPLETE Column stats: COMPLETE\n            Execution mode: vectorized\n        Map 8\n            Map Operator Tree:\n                TableScan\n                  alias: store_returns\n                  filterExpr: (sr_item_sk is not null and sr_ticket_number is not null) (type: boolean)\n                  Statistics: Num rows: 55578005 Data size: 4377627636 Basic stats: COMPLETE Column stats: COMPLETE\n                  Filter Operator\n                    predicate: (sr_item_sk is not null and sr_ticket_number is not null) (type: boolean)\n                    Statistics: Num rows: 55578005 Data size: 444624040 Basic stats: COMPLETE Column stats: COMPLETE\n                    Select Operator\n                      expressions: sr_item_sk (type: int), sr_ticket_number (type: int)\n                      outputColumnNames: _col0, _col1\n                      Statistics: Num rows: 55578005 Data size: 444624040 Basic stats: COMPLETE Column stats: COMPLETE\n                      Reduce Output Operator\n                        key expressions: _col0 (type: int), _col1 (type: int)\n                        sort order: ++\n                        Map-reduce partition columns: _col0 (type: int), _col1 (type: int)\n                        Statistics: Num rows: 55578005 Data size: 444624040 Basic stats: COMPLETE Column stats: COMPLETE\n            Execution mode: vectorized\n        Map 9\n            Map Operator Tree:\n                TableScan\n                  alias: ad1\n                  filterExpr: ca_address_sk is not null (type: boolean)\n                  Statistics: Num rows: 800000 Data size: 811903688 Basic stats: COMPLETE Column stats: COMPLETE\n                  Filter Operator\n                    predicate: ca_address_sk is not null (type: boolean)\n                    Statistics: Num rows: 800000 Data size: 3200000 Basic stats: COMPLETE Column stats: COMPLETE\n                    Select Operator\n                      expressions: ca_address_sk (type: int)\n                      outputColumnNames: _col0\n                      Statistics: Num rows: 800000 Data size: 3200000 Basic stats: COMPLETE Column stats: COMPLETE\n                      Reduce Output Operator\n                        key expressions: _col0 (type: int)\n                        sort order: +\n                        Map-reduce partition columns: _col0 (type: int)\n                        Statistics: Num rows: 800000 Data size: 3200000 Basic stats: COMPLETE Column stats: COMPLETE\n            Execution mode: vectorized\n        Reducer 14\n            Reduce Operator Tree:\n              Group By Operator\n                aggregations: count(VALUE._col0)\n                mode: mergepartial\n                outputColumnNames: _col0\n                Statistics: Num rows: 1 Data size: 8 Basic stats: COMPLETE Column stats: COMPLETE\n                Select Operator\n                  expressions: _col0 (type: bigint)\n                  outputColumnNames: _col0\n                  Statistics: Num rows: 1 Data size: 8 Basic stats: COMPLETE Column stats: COMPLETE\n                  File Output Operator\n                    compressed: false\n                    Statistics: Num rows: 1 Data size: 8 Basic stats: COMPLETE Column stats: COMPLETE\n                    table:\n                        input format: org.apache.hadoop.mapred.TextInputFormat\n                        output format: org.apache.hadoop.hive.ql.io.HiveIgnoreKeyTextOutputFormat\n                        serde: org.apache.hadoop.hive.serde2.lazy.LazySimpleSerDe\n            Execution mode: vectorized\n\n  Stage: Stage-0\n    Fetch Operator\n      limit: -1\n      Processor Tree:\n        ListSink\n{code}\n","customfield_10010":null,"timetracking":{},"customfield_12312026":null,"customfield_12312023":null,"customfield_12310320":null,"customfield_12312024":null,"customfield_12312340":null,"attachment":[],"aggregatetimeestimate":null,"customfield_12312341":null,"customfield_12312220":null,"customfield_12312022":null,"customfield_12310921":null,"customfield_12310920":"9223372036854775807","customfield_12312823":null,"summary":"CBO : Query query has date_dim d1,date_dim d2 and date_dim d3 but the explain has d1, d1 and d1 ","creator":{"self":"https://issues.apache.org/jira/rest/api/2/user?username=mmokhtar","name":"mmokhtar","key":"mmokhtar","avatarUrls":{"48x48":"https://issues.apache.org/jira/secure/useravatar?ownerId=mmokhtar&avatarId=21863","24x24":"https://issues.apache.org/jira/secure/useravatar?size=small&ownerId=mmokhtar&avatarId=21863","16x16":"https://issues.apache.org/jira/secure/useravatar?size=xsmall&ownerId=mmokhtar&avatarId=21863","32x32":"https://issues.apache.org/jira/secure/useravatar?size=medium&ownerId=mmokhtar&avatarId=21863"},"displayName":"Mostafa Mokhtar","active":true,"timeZone":"America/Los_Angeles"},"subtasks":[],"customfield_12310291":null,"reporter":{"self":"https://issues.apache.org/jira/rest/api/2/user?username=mmokhtar","name":"mmokhtar","key":"mmokhtar","avatarUrls":{"48x48":"https://issues.apache.org/jira/secure/useravatar?ownerId=mmokhtar&avatarId=21863","24x24":"https://issues.apache.org/jira/secure/useravatar?size=small&ownerId=mmokhtar&avatarId=21863","16x16":"https://issues.apache.org/jira/secure/useravatar?size=xsmall&ownerId=mmokhtar&avatarId=21863","32x32":"https://issues.apache.org/jira/secure/useravatar?size=medium&ownerId=mmokhtar&avatarId=21863"},"displayName":"Mostafa Mokhtar","active":true,"timeZone":"America/Los_Angeles"},"customfield_12310290":null,"aggregateprogress":{"progress":0,"total":0},"customfield_12311024":null,"environment":null,"customfield_12313520":null,"customfield_12311020":null,"duedate":null,"customfield_12310250":null,"progress":{"progress":0,"total":0},"comment":{"comments":[{"self":"https://issues.apache.org/jira/rest/api/2/issue/12744146/comment/14148399","id":"14148399","author":{"self":"https://issues.apache.org/jira/rest/api/2/user?username=mmokhtar","name":"mmokhtar","key":"mmokhtar","avatarUrls":{"48x48":"https://issues.apache.org/jira/secure/useravatar?ownerId=mmokhtar&avatarId=21863","24x24":"https://issues.apache.org/jira/secure/useravatar?size=small&ownerId=mmokhtar&avatarId=21863","16x16":"https://issues.apache.org/jira/secure/useravatar?size=xsmall&ownerId=mmokhtar&avatarId=21863","32x32":"https://issues.apache.org/jira/secure/useravatar?size=medium&ownerId=mmokhtar&avatarId=21863"},"displayName":"Mostafa Mokhtar","active":true,"timeZone":"America/Los_Angeles"},"body":"Issue seems to be cosmetic and not a \"wrong results\" issue.","updateAuthor":{"self":"https://issues.apache.org/jira/rest/api/2/user?username=mmokhtar","name":"mmokhtar","key":"mmokhtar","avatarUrls":{"48x48":"https://issues.apache.org/jira/secure/useravatar?ownerId=mmokhtar&avatarId=21863","24x24":"https://issues.apache.org/jira/secure/useravatar?size=small&ownerId=mmokhtar&avatarId=21863","16x16":"https://issues.apache.org/jira/secure/useravatar?size=xsmall&ownerId=mmokhtar&avatarId=21863","32x32":"https://issues.apache.org/jira/secure/useravatar?size=medium&ownerId=mmokhtar&avatarId=21863"},"displayName":"Mostafa Mokhtar","active":true,"timeZone":"America/Los_Angeles"},"created":"2014-09-25T22:25:21.354+0000","updated":"2014-09-25T22:25:21.354+0000"},{"self":"https://issues.apache.org/jira/rest/api/2/issue/12744146/comment/14148573","id":"14148573","author":{"self":"https://issues.apache.org/jira/rest/api/2/user?username=hagleitn","name":"hagleitn","key":"hagleitn","avatarUrls":{"48x48":"https://issues.apache.org/jira/secure/useravatar?ownerId=hagleitn&avatarId=16035","24x24":"https://issues.apache.org/jira/secure/useravatar?size=small&ownerId=hagleitn&avatarId=16035","16x16":"https://issues.apache.org/jira/secure/useravatar?size=xsmall&ownerId=hagleitn&avatarId=16035","32x32":"https://issues.apache.org/jira/secure/useravatar?size=medium&ownerId=hagleitn&avatarId=16035"},"displayName":"Gunther Hagleitner","active":true,"timeZone":"America/Los_Angeles"},"body":"[~jpullokkaran] have you seen this before?","updateAuthor":{"self":"https://issues.apache.org/jira/rest/api/2/user?username=hagleitn","name":"hagleitn","key":"hagleitn","avatarUrls":{"48x48":"https://issues.apache.org/jira/secure/useravatar?ownerId=hagleitn&avatarId=16035","24x24":"https://issues.apache.org/jira/secure/useravatar?size=small&ownerId=hagleitn&avatarId=16035","16x16":"https://issues.apache.org/jira/secure/useravatar?size=xsmall&ownerId=hagleitn&avatarId=16035","32x32":"https://issues.apache.org/jira/secure/useravatar?size=medium&ownerId=hagleitn&avatarId=16035"},"displayName":"Gunther Hagleitner","active":true,"timeZone":"America/Los_Angeles"},"created":"2014-09-26T01:04:08.630+0000","updated":"2014-09-26T01:04:08.630+0000"},{"self":"https://issues.apache.org/jira/rest/api/2/issue/12744146/comment/14210600","id":"14210600","author":{"self":"https://issues.apache.org/jira/rest/api/2/user?username=thejas","name":"thejas","key":"thejas","avatarUrls":{"48x48":"https://issues.apache.org/jira/secure/useravatar?ownerId=thejas&avatarId=15902","24x24":"https://issues.apache.org/jira/secure/useravatar?size=small&ownerId=thejas&avatarId=15902","16x16":"https://issues.apache.org/jira/secure/useravatar?size=xsmall&ownerId=thejas&avatarId=15902","32x32":"https://issues.apache.org/jira/secure/useravatar?size=medium&ownerId=thejas&avatarId=15902"},"displayName":"Thejas M Nair","active":true,"timeZone":"America/Los_Angeles"},"body":"This has been fixed in 0.14 release. Please open new jira if you see any issues.\n","updateAuthor":{"self":"https://issues.apache.org/jira/rest/api/2/user?username=thejas","name":"thejas","key":"thejas","avatarUrls":{"48x48":"https://issues.apache.org/jira/secure/useravatar?ownerId=thejas&avatarId=15902","24x24":"https://issues.apache.org/jira/secure/useravatar?size=small&ownerId=thejas&avatarId=15902","16x16":"https://issues.apache.org/jira/secure/useravatar?size=xsmall&ownerId=thejas&avatarId=15902","32x32":"https://issues.apache.org/jira/secure/useravatar?size=medium&ownerId=thejas&avatarId=15902"},"displayName":"Thejas M Nair","active":true,"timeZone":"America/Los_Angeles"},"created":"2014-11-13T19:41:38.572+0000","updated":"2014-11-13T19:41:38.572+0000"}],"maxResults":3,"total":3,"startAt":0},"votes":{"self":"https://issues.apache.org/jira/rest/api/2/issue/HIVE-8260/votes","votes":0,"hasVoted":false},"worklog":{"startAt":0,"maxResults":20,"total":0,"worklogs":[]},"customfield_12311820":"0|i20hyv:"}}