{"expand":"renderedFields,names,schema,operations,editmeta,changelog,versionedRepresentations","id":"12826074","self":"https://issues.apache.org/jira/rest/api/2/issue/12826074","key":"HIVE-10537","fields":{"issuetype":{"self":"https://issues.apache.org/jira/rest/api/2/issuetype/1","id":"1","description":"A problem which impairs or prevents the functions of the product.","iconUrl":"https://issues.apache.org/jira/secure/viewavatar?size=xsmall&avatarId=21133&avatarType=issuetype","name":"Bug","subtask":false,"avatarId":21133},"timespent":null,"project":{"self":"https://issues.apache.org/jira/rest/api/2/project/12310843","id":"12310843","key":"HIVE","name":"Hive","avatarUrls":{"48x48":"https://issues.apache.org/jira/secure/projectavatar?pid=12310843&avatarId=11935","24x24":"https://issues.apache.org/jira/secure/projectavatar?size=small&pid=12310843&avatarId=11935","16x16":"https://issues.apache.org/jira/secure/projectavatar?size=xsmall&pid=12310843&avatarId=11935","32x32":"https://issues.apache.org/jira/secure/projectavatar?size=medium&pid=12310843&avatarId=11935"},"projectCategory":{"self":"https://issues.apache.org/jira/rest/api/2/projectCategory/10292","id":"10292","description":"Scalable Distributed Computing","name":"Hadoop"}},"fixVersions":[],"aggregatetimespent":null,"resolution":null,"customfield_12312322":null,"customfield_12310220":null,"customfield_12312520":null,"customfield_12312323":null,"customfield_12312521":"2015-04-29 19:24:59.608","customfield_12310420":"9223372036854775807","customfield_12312320":null,"customfield_12310222":null,"customfield_12312321":null,"resolutiondate":null,"workratio":-1,"customfield_12312328":null,"customfield_12312329":null,"customfield_12312923":null,"customfield_12312326":null,"customfield_12312920":null,"customfield_12310300":null,"customfield_12312327":null,"customfield_12312921":null,"customfield_12312324":null,"customfield_12312720":null,"customfield_12312325":null,"lastViewed":null,"watches":{"self":"https://issues.apache.org/jira/rest/api/2/issue/HIVE-10537/watchers","watchCount":1,"isWatching":false},"created":"2015-04-29T19:24:59.608+0000","customfield_12310192":null,"customfield_12310191":null,"priority":{"self":"https://issues.apache.org/jira/rest/api/2/priority/3","iconUrl":"https://issues.apache.org/jira/images/icons/priorities/major.svg","name":"Major","id":"3"},"labels":[],"customfield_12312333":null,"customfield_12310230":null,"customfield_12312334":null,"customfield_12313422":"false","customfield_12310310":"0.0","customfield_12312331":null,"customfield_12312332":null,"timeestimate":null,"aggregatetimeoriginalestimate":null,"customfield_12311120":null,"customfield_12312330":null,"versions":[],"issuelinks":[],"customfield_12312339":null,"assignee":{"self":"https://issues.apache.org/jira/rest/api/2/user?username=vikram.dixit","name":"vikram.dixit","key":"vikram.dixit","avatarUrls":{"48x48":"https://issues.apache.org/jira/secure/useravatar?avatarId=10452","24x24":"https://issues.apache.org/jira/secure/useravatar?size=small&avatarId=10452","16x16":"https://issues.apache.org/jira/secure/useravatar?size=xsmall&avatarId=10452","32x32":"https://issues.apache.org/jira/secure/useravatar?size=medium&avatarId=10452"},"displayName":"Vikram Dixit K","active":true,"timeZone":"America/Los_Angeles"},"customfield_12312337":null,"customfield_12312338":null,"updated":"2015-04-29T19:24:59.608+0000","customfield_12312335":null,"customfield_12312336":null,"status":{"self":"https://issues.apache.org/jira/rest/api/2/status/1","description":"The issue is open and ready for the assignee to start work on it.","iconUrl":"https://issues.apache.org/jira/images/icons/statuses/open.png","name":"Open","id":"1","statusCategory":{"self":"https://issues.apache.org/jira/rest/api/2/statuscategory/2","id":2,"key":"new","colorName":"blue-gray","name":"To Do"}},"components":[],"timeoriginalestimate":null,"description":"Vertex \"Map 2\" has inputs that add up to 803MB while NCTS is 610MB.\n\nQuery \n{code}\nset hive.auto.convert.join.noconditionaltask.size=640000000;\n\nexplain  \n\n\nselect  i_item_desc\n      ,w_warehouse_name\n      ,d1.d_week_seq\n      ,count(case when p_promo_sk is null then 1 else 0 end) no_promo\n      ,count(case when p_promo_sk is not null then 1 else 0 end) promo\n      ,count(*) total_cnt\nfrom catalog_sales\njoin inventory on (catalog_sales.cs_item_sk = inventory.inv_item_sk)\njoin warehouse on (warehouse.w_warehouse_sk=inventory.inv_warehouse_sk)\njoin item on (item.i_item_sk = catalog_sales.cs_item_sk)\njoin customer_demographics on (catalog_sales.cs_bill_cdemo_sk = customer_demographics.cd_demo_sk)\njoin household_demographics on (catalog_sales.cs_bill_hdemo_sk = household_demographics.hd_demo_sk)\njoin date_dim d1 on (catalog_sales.cs_sold_date_sk = d1.d_date_sk)\njoin date_dim d2 on (inventory.inv_date_sk = d2.d_date_sk)\njoin date_dim d3 on (catalog_sales.cs_ship_date_sk = d3.d_date_sk)\nleft outer join promotion on (catalog_sales.cs_promo_sk=promotion.p_promo_sk)\nleft outer join catalog_returns on (catalog_returns.cr_item_sk = catalog_sales.cs_item_sk and catalog_returns.cr_order_number = catalog_sales.cs_order_number)\nwhere d1.d_week_seq = d2.d_week_seq\n  and inv_quantity_on_hand < cs_quantity \n  and d3.d_date > d1.d_date + 5\n  and hd_buy_potential = '1001-5000'\n  and d1.d_year = 2001\n  and hd_buy_potential = '1001-5000'\n  and cd_marital_status = 'M'\n  and d1.d_year = 2001\ngroup by i_item_desc,w_warehouse_name,d1.d_week_seq\norder by total_cnt desc, i_item_desc, w_warehouse_name, d_week_seq\nlimit 100\n{code}\n\nPlan  \n{code}\n\nSTAGE DEPENDENCIES:\n  Stage-1 is a root stage\n  Stage-0 depends on stages: Stage-1\n\nSTAGE PLANS:\n  Stage: Stage-1\n    Tez\n      Edges:\n        Map 2 <- Map 1 (BROADCAST_EDGE), Map 10 (BROADCAST_EDGE), Map 11 (BROADCAST_EDGE), Map 12 (BROADCAST_EDGE), Map 13 (BROADCAST_EDGE), Map 5 (BROADCAST_EDGE), Map 6 (BROADCAST_EDGE), Map 7 (BROADCAST_EDGE), Map 8 (BROADCAST_EDGE), Map 9 (BROADCAST_EDGE)\n        Reducer 3 <- Map 2 (SIMPLE_EDGE)\n        Reducer 4 <- Reducer 3 (SIMPLE_EDGE)\n      DagName: jenkins_20150429044838_bd0a1cf7-235f-48db-9321-c13899fed7b3:1\n      Vertices:\n        Map 1 \n            Map Operator Tree:\n                TableScan\n                  alias: catalog_returns\n                  Statistics: Num rows: 28798881 Data size: 2942039156 Basic stats: COMPLETE Column stats: COMPLETE\n                  Select Operator\n                    expressions: cr_item_sk (type: int), cr_order_number (type: int)\n                    outputColumnNames: _col0, _col1\n                    Statistics: Num rows: 28798881 Data size: 230391048 Basic stats: COMPLETE Column stats: COMPLETE\n                    Reduce Output Operator\n                      key expressions: _col0 (type: int), _col1 (type: int)\n                      sort order: ++\n                      Map-reduce partition columns: _col0 (type: int), _col1 (type: int)\n                      Statistics: Num rows: 28798881 Data size: 230391048 Basic stats: COMPLETE Column stats: COMPLETE\n            Execution mode: vectorized\n        Map 10 \n            Map Operator Tree:\n                TableScan\n                  alias: warehouse\n                  filterExpr: w_warehouse_sk is not null (type: boolean)\n                  Statistics: Num rows: 6 Data size: 6166 Basic stats: COMPLETE Column stats: COMPLETE\n                  Filter Operator\n                    predicate: w_warehouse_sk is not null (type: boolean)\n                    Statistics: Num rows: 6 Data size: 618 Basic stats: COMPLETE Column stats: COMPLETE\n                    Select Operator\n                      expressions: w_warehouse_sk (type: int), w_warehouse_name (type: string)\n                      outputColumnNames: _col0, _col1\n                      Statistics: Num rows: 6 Data size: 618 Basic stats: COMPLETE Column stats: COMPLETE\n                      Reduce Output Operator\n                        key expressions: _col0 (type: int)\n                        sort order: +\n                        Map-reduce partition columns: _col0 (type: int)\n                        Statistics: Num rows: 6 Data size: 618 Basic stats: COMPLETE Column stats: COMPLETE\n                        value expressions: _col1 (type: string)\n            Execution mode: vectorized\n        Map 11 \n            Map Operator Tree:\n                TableScan\n                  alias: d1\n                  filterExpr: (((d_year = 2001) and d_date_sk is not null) and d_week_seq is not null) (type: boolean)\n                  Statistics: Num rows: 73049 Data size: 81741831 Basic stats: COMPLETE Column stats: COMPLETE\n                  Filter Operator\n                    predicate: (((d_year = 2001) and d_date_sk is not null) and d_week_seq is not null) (type: boolean)\n                    Statistics: Num rows: 652 Data size: 69112 Basic stats: COMPLETE Column stats: COMPLETE\n                    Select Operator\n                      expressions: d_date_sk (type: int), d_date (type: string), d_week_seq (type: int)\n                      outputColumnNames: _col0, _col1, _col2\n                      Statistics: Num rows: 652 Data size: 66504 Basic stats: COMPLETE Column stats: COMPLETE\n                      Reduce Output Operator\n                        key expressions: _col0 (type: int)\n                        sort order: +\n                        Map-reduce partition columns: _col0 (type: int)\n                        Statistics: Num rows: 652 Data size: 66504 Basic stats: COMPLETE Column stats: COMPLETE\n                        value expressions: _col1 (type: string), _col2 (type: int)\n                      Select Operator\n                        expressions: _col0 (type: int)\n                        outputColumnNames: _col0\n                        Statistics: Num rows: 652 Data size: 66504 Basic stats: COMPLETE Column stats: COMPLETE\n                        Group By Operator\n                          keys: _col0 (type: int)\n                          mode: hash\n                          outputColumnNames: _col0\n                          Statistics: Num rows: 652 Data size: 66504 Basic stats: COMPLETE Column stats: COMPLETE\n                          Dynamic Partitioning Event Operator\n                            Target Input: catalog_sales\n                            Partition key expr: cs_sold_date_sk\n                            Statistics: Num rows: 652 Data size: 66504 Basic stats: COMPLETE Column stats: COMPLETE\n                            Target column: cs_sold_date_sk\n                            Target Vertex: Map 2\n            Execution mode: vectorized\n        Map 12 \n            Map Operator Tree:\n                TableScan\n                  alias: d1\n                  filterExpr: (d_date_sk is not null and d_week_seq is not null) (type: boolean)\n                  Statistics: Num rows: 73049 Data size: 81741831 Basic stats: COMPLETE Column stats: COMPLETE\n                  Filter Operator\n                    predicate: (d_date_sk is not null and d_week_seq is not null) (type: boolean)\n                    Statistics: Num rows: 73049 Data size: 584392 Basic stats: COMPLETE Column stats: COMPLETE\n                    Select Operator\n                      expressions: d_date_sk (type: int), d_week_seq (type: int)\n                      outputColumnNames: _col0, _col1\n                      Statistics: Num rows: 73049 Data size: 584392 Basic stats: COMPLETE Column stats: COMPLETE\n                      Reduce Output Operator\n                        key expressions: _col0 (type: int), _col1 (type: int)\n                        sort order: ++\n                        Map-reduce partition columns: _col0 (type: int), _col1 (type: int)\n                        Statistics: Num rows: 73049 Data size: 584392 Basic stats: COMPLETE Column stats: COMPLETE\n                      Select Operator\n                        expressions: _col0 (type: int)\n                        outputColumnNames: _col0\n                        Statistics: Num rows: 73049 Data size: 584392 Basic stats: COMPLETE Column stats: COMPLETE\n                        Group By Operator\n                          keys: _col0 (type: int)\n                          mode: hash\n                          outputColumnNames: _col0\n                          Statistics: Num rows: 73049 Data size: 584392 Basic stats: COMPLETE Column stats: COMPLETE\n                          Dynamic Partitioning Event Operator\n                            Target Input: inventory\n                            Partition key expr: inv_date_sk\n                            Statistics: Num rows: 73049 Data size: 584392 Basic stats: COMPLETE Column stats: COMPLETE\n                            Target column: inv_date_sk\n                            Target Vertex: Map 5\n            Execution mode: vectorized\n        Map 13 \n            Map Operator Tree:\n                TableScan\n                  alias: promotion\n                  Statistics: Num rows: 450 Data size: 530848 Basic stats: COMPLETE Column stats: COMPLETE\n                  Select Operator\n                    expressions: p_promo_sk (type: int)\n                    outputColumnNames: _col0\n                    Statistics: Num rows: 450 Data size: 1800 Basic stats: COMPLETE Column stats: COMPLETE\n                    Reduce Output Operator\n                      key expressions: _col0 (type: int)\n                      sort order: +\n                      Map-reduce partition columns: _col0 (type: int)\n                      Statistics: Num rows: 450 Data size: 1800 Basic stats: COMPLETE Column stats: COMPLETE\n            Execution mode: vectorized\n        Map 2 \n            Map Operator Tree:\n                TableScan\n                  alias: catalog_sales\n                  filterExpr: (((cs_item_sk is not null and cs_bill_hdemo_sk is not null) and cs_bill_cdemo_sk is not null) and cs_ship_date_sk is not null) (type: boolean)\n                  Statistics: Num rows: 286549727 Data size: 37743959324 Basic stats: COMPLETE Column stats: COMPLETE\n                  Filter Operator\n                    predicate: (((cs_item_sk is not null and cs_bill_hdemo_sk is not null) and cs_bill_cdemo_sk is not null) and cs_ship_date_sk is not null) (type: boolean)\n                    Statistics: Num rows: 284396955 Data size: 9086416352 Basic stats: COMPLETE Column stats: COMPLETE\n                    Select Operator\n                      expressions: cs_ship_date_sk (type: int), cs_bill_cdemo_sk (type: int), cs_bill_hdemo_sk (type: int), cs_item_sk (type: int), cs_promo_sk (type: int), cs_order_number (type: int), cs_quantity (type: int), cs_sold_date_sk (type: int)\n                      outputColumnNames: _col0, _col1, _col2, _col3, _col4, _col5, _col6, _col7\n                      Statistics: Num rows: 284396955 Data size: 9086416352 Basic stats: COMPLETE Column stats: COMPLETE\n                      Map Join Operator\n                        condition map:\n                             Inner Join 0 to 1\n                        keys:\n                          0 _col3 (type: int)\n                          1 _col0 (type: int)\n                        outputColumnNames: _col0, _col1, _col2, _col3, _col4, _col5, _col6, _col7, _col9, _col10, _col11\n                        input vertices:\n                          1 Map 5\n                        Statistics: Num rows: 275157677926 Data size: 12106937828744 Basic stats: COMPLETE Column stats: COMPLETE\n                        HybridGraceHashJoin: true\n                        Filter Operator\n                          predicate: (_col10 < _col6) (type: boolean)\n                          Statistics: Num rows: 91719225975 Data size: 4035645942900 Basic stats: COMPLETE Column stats: COMPLETE\n                          Select Operator\n                            expressions: _col0 (type: int), _col1 (type: int), _col11 (type: int), _col2 (type: int), _col3 (type: int), _col4 (type: int), _col5 (type: int), _col7 (type: int), _col9 (type: int)\n                            outputColumnNames: _col0, _col1, _col11, _col2, _col3, _col4, _col5, _col7, _col9\n                            Statistics: Num rows: 91719225975 Data size: 3301892135100 Basic stats: COMPLETE Column stats: COMPLETE\n                            Map Join Operator\n                              condition map:\n                                   Inner Join 0 to 1\n                              keys:\n                                0 _col2 (type: int)\n                                1 _col0 (type: int)\n                              outputColumnNames: _col0, _col1, _col3, _col4, _col5, _col7, _col9, _col11\n                              input vertices:\n                                1 Map 6\n                              Statistics: Num rows: 18343845888 Data size: 587003068416 Basic stats: COMPLETE Column stats: COMPLETE\n                              HybridGraceHashJoin: true\n                              Map Join Operator\n                                condition map:\n                                     Inner Join 0 to 1\n                                keys:\n                                  0 _col1 (type: int)\n                                  1 _col0 (type: int)\n                                outputColumnNames: _col0, _col3, _col4, _col5, _col7, _col9, _col11\n                                input vertices:\n                                  1 Map 7\n                                Statistics: Num rows: 2620549632 Data size: 73375389696 Basic stats: COMPLETE Column stats: COMPLETE\n                                HybridGraceHashJoin: true\n                                Map Join Operator\n                                  condition map:\n                                       Inner Join 0 to 1\n                                  keys:\n                                    0 _col0 (type: int)\n                                    1 _col0 (type: int)\n                                  outputColumnNames: _col3, _col4, _col5, _col7, _col9, _col11, _col17\n                                  input vertices:\n                                    1 Map 8\n                                  Statistics: Num rows: 2620549632 Data size: 309224856576 Basic stats: COMPLETE Column stats: COMPLETE\n                                  HybridGraceHashJoin: true\n                                  Map Join Operator\n                                    condition map:\n                                         Inner Join 0 to 1\n                                    keys:\n                                      0 _col3 (type: int)\n                                      1 _col0 (type: int)\n                                    outputColumnNames: _col3, _col4, _col5, _col7, _col9, _col11, _col17, _col19\n                                    input vertices:\n                                      1 Map 9\n                                    Statistics: Num rows: 2620549632 Data size: 791405988864 Basic stats: COMPLETE Column stats: COMPLETE\n                                    HybridGraceHashJoin: true\n                                    Map Join Operator\n                                      condition map:\n                                           Inner Join 0 to 1\n                                      keys:\n                                        0 _col9 (type: int)\n                                        1 _col0 (type: int)\n                                      outputColumnNames: _col3, _col4, _col5, _col7, _col11, _col17, _col19, _col21\n                                      input vertices:\n                                        1 Map 10\n                                      Statistics: Num rows: 2620549632 Data size: 1040358203904 Basic stats: COMPLETE Column stats: COMPLETE\n                                      HybridGraceHashJoin: true\n                                      Map Join Operator\n                                        condition map:\n                                             Inner Join 0 to 1\n                                        keys:\n                                          0 _col7 (type: int)\n                                          1 _col0 (type: int)\n                                        outputColumnNames: _col3, _col4, _col5, _col11, _col17, _col19, _col21, _col23, _col24\n                                        input vertices:\n                                          1 Map 11\n                                        Statistics: Num rows: 2925682123 Data size: 1436509922393 Basic stats: COMPLETE Column stats: COMPLETE\n                                        HybridGraceHashJoin: true\n                                        Map Join Operator\n                                          condition map:\n                                               Inner Join 0 to 1\n                                          keys:\n                                            0 _col11 (type: int), _col24 (type: int)\n                                            1 _col0 (type: int), _col1 (type: int)\n                                          outputColumnNames: _col3, _col4, _col5, _col17, _col19, _col21, _col23, _col24\n                                          input vertices:\n                                            1 Map 12\n                                          Statistics: Num rows: 248727 Data size: 121130049 Basic stats: COMPLETE Column stats: COMPLETE\n                                          HybridGraceHashJoin: true\n                                          Filter Operator\n                                            predicate: (UDFToDouble(_col17) > (UDFToDouble(_col23) + 5.0)) (type: boolean)\n                                            Statistics: Num rows: 82909 Data size: 40376683 Basic stats: COMPLETE Column stats: COMPLETE\n                                            Select Operator\n                                              expressions: _col21 (type: string), _col19 (type: string), _col24 (type: int), _col3 (type: int), _col4 (type: int), _col5 (type: int)\n                                              outputColumnNames: _col13, _col15, _col22, _col3, _col4, _col5\n                                              Statistics: Num rows: 82909 Data size: 24789791 Basic stats: COMPLETE Column stats: COMPLETE\n                                              Map Join Operator\n                                                condition map:\n                                                     Left Outer Join0 to 1\n                                                keys:\n                                                  0 _col4 (type: int)\n                                                  1 _col0 (type: int)\n                                                outputColumnNames: _col3, _col5, _col13, _col15, _col22, _col28\n                                                input vertices:\n                                                  1 Map 13\n                                                Statistics: Num rows: 82909 Data size: 24789791 Basic stats: COMPLETE Column stats: COMPLETE\n                                                HybridGraceHashJoin: true\n                                                Select Operator\n                                                  expressions: _col13 (type: string), _col15 (type: string), _col22 (type: int), _col28 (type: int), _col3 (type: int), _col5 (type: int)\n                                                  outputColumnNames: _col13, _col15, _col22, _col28, _col3, _col5\n                                                  Statistics: Num rows: 82909 Data size: 24789791 Basic stats: COMPLETE Column stats: COMPLETE\n                                                  Map Join Operator\n                                                    condition map:\n                                                         Right Outer Join0 to 1\n                                                    keys:\n                                                      0 _col0 (type: int), _col1 (type: int)\n                                                      1 _col3 (type: int), _col5 (type: int)\n                                                    outputColumnNames: _col15, _col17, _col24, _col30\n                                                    input vertices:\n                                                      0 Map 1\n                                                    Statistics: Num rows: 2237 Data size: 650967 Basic stats: COMPLETE Column stats: COMPLETE\n                                                    HybridGraceHashJoin: true\n                                                    Select Operator\n                                                      expressions: _col17 (type: string), _col15 (type: string), _col24 (type: int), CASE WHEN (_col30 is null) THEN (1) ELSE (0) END (type: int), CASE WHEN (_col30 is not null) THEN (1) ELSE (0) END (type: int)\n                                                      outputColumnNames: _col0, _col1, _col2, _col3, _col4\n                                                      Statistics: Num rows: 2237 Data size: 650967 Basic stats: COMPLETE Column stats: COMPLETE\n                                                      Group By Operator\n                                                        aggregations: count(_col3), count(_col4), count()\n                                                        keys: _col0 (type: string), _col1 (type: string), _col2 (type: int)\n                                                        mode: hash\n                                                        outputColumnNames: _col0, _col1, _col2, _col3, _col4, _col5\n                                                        Statistics: Num rows: 1 Data size: 311 Basic stats: COMPLETE Column stats: COMPLETE\n                                                        Reduce Output Operator\n                                                          key expressions: _col0 (type: string), _col1 (type: string), _col2 (type: int)\n                                                          sort order: +++\n                                                          Map-reduce partition columns: _col0 (type: string), _col1 (type: string), _col2 (type: int)\n                                                          Statistics: Num rows: 1 Data size: 311 Basic stats: COMPLETE Column stats: COMPLETE\n                                                          value expressions: _col3 (type: bigint), _col4 (type: bigint), _col5 (type: bigint)\n            Execution mode: vectorized\n        Map 5 \n            Map Operator Tree:\n                TableScan\n                  alias: inventory\n                  filterExpr: (inv_item_sk is not null and inv_warehouse_sk is not null) (type: boolean)\n                  Statistics: Num rows: 37584000 Data size: 443485104 Basic stats: COMPLETE Column stats: COMPLETE\n                  Filter Operator\n                    predicate: (inv_item_sk is not null and inv_warehouse_sk is not null) (type: boolean)\n                    Statistics: Num rows: 37584000 Data size: 593821104 Basic stats: COMPLETE Column stats: COMPLETE\n                    Select Operator\n                      expressions: inv_item_sk (type: int), inv_warehouse_sk (type: int), inv_quantity_on_hand (type: int), inv_date_sk (type: int)\n                      outputColumnNames: _col0, _col1, _col2, _col3\n                      Statistics: Num rows: 37584000 Data size: 593821104 Basic stats: COMPLETE Column stats: COMPLETE\n                      Reduce Output Operator\n                        key expressions: _col0 (type: int)\n                        sort order: +\n                        Map-reduce partition columns: _col0 (type: int)\n                        Statistics: Num rows: 37584000 Data size: 593821104 Basic stats: COMPLETE Column stats: COMPLETE\n                        value expressions: _col1 (type: int), _col2 (type: int), _col3 (type: int)\n            Execution mode: vectorized\n        Map 6 \n            Map Operator Tree:\n                TableScan\n                  alias: household_demographics\n                  filterExpr: ((hd_buy_potential = '1001-5000') and hd_demo_sk is not null) (type: boolean)\n                  Statistics: Num rows: 7200 Data size: 770400 Basic stats: COMPLETE Column stats: COMPLETE\n                  Filter Operator\n                    predicate: ((hd_buy_potential = '1001-5000') and hd_demo_sk is not null) (type: boolean)\n                    Statistics: Num rows: 1440 Data size: 138240 Basic stats: COMPLETE Column stats: COMPLETE\n                    Select Operator\n                      expressions: hd_demo_sk (type: int)\n                      outputColumnNames: _col0\n                      Statistics: Num rows: 1440 Data size: 5760 Basic stats: COMPLETE Column stats: COMPLETE\n                      Reduce Output Operator\n                        key expressions: _col0 (type: int)\n                        sort order: +\n                        Map-reduce partition columns: _col0 (type: int)\n                        Statistics: Num rows: 1440 Data size: 5760 Basic stats: COMPLETE Column stats: COMPLETE\n            Execution mode: vectorized\n        Map 7 \n            Map Operator Tree:\n                TableScan\n                  alias: customer_demographics\n                  filterExpr: ((cd_marital_status = 'M') and cd_demo_sk is not null) (type: boolean)\n                  Statistics: Num rows: 1920800 Data size: 718379200 Basic stats: COMPLETE Column stats: COMPLETE\n                  Filter Operator\n                    predicate: ((cd_marital_status = 'M') and cd_demo_sk is not null) (type: boolean)\n                    Statistics: Num rows: 274400 Data size: 24421600 Basic stats: COMPLETE Column stats: COMPLETE\n                    Select Operator\n                      expressions: cd_demo_sk (type: int)\n                      outputColumnNames: _col0\n                      Statistics: Num rows: 274400 Data size: 1097600 Basic stats: COMPLETE Column stats: COMPLETE\n                      Reduce Output Operator\n                        key expressions: _col0 (type: int)\n                        sort order: +\n                        Map-reduce partition columns: _col0 (type: int)\n                        Statistics: Num rows: 274400 Data size: 1097600 Basic stats: COMPLETE Column stats: COMPLETE\n            Execution mode: vectorized\n        Map 8 \n            Map Operator Tree:\n                TableScan\n                  alias: d1\n                  filterExpr: d_date_sk is not null (type: boolean)\n                  Statistics: Num rows: 73049 Data size: 81741831 Basic stats: COMPLETE Column stats: COMPLETE\n                  Filter Operator\n                    predicate: d_date_sk is not null (type: boolean)\n                    Statistics: Num rows: 73049 Data size: 7158802 Basic stats: COMPLETE Column stats: COMPLETE\n                    Select Operator\n                      expressions: d_date_sk (type: int), d_date (type: string)\n                      outputColumnNames: _col0, _col1\n                      Statistics: Num rows: 73049 Data size: 7158802 Basic stats: COMPLETE Column stats: COMPLETE\n                      Reduce Output Operator\n                        key expressions: _col0 (type: int)\n                        sort order: +\n                        Map-reduce partition columns: _col0 (type: int)\n                        Statistics: Num rows: 73049 Data size: 7158802 Basic stats: COMPLETE Column stats: COMPLETE\n                        value expressions: _col1 (type: string)\n            Execution mode: vectorized\n        Map 9 \n            Map Operator Tree:\n                TableScan\n                  alias: item\n                  filterExpr: i_item_sk is not null (type: boolean)\n                  Statistics: Num rows: 48000 Data size: 68732712 Basic stats: COMPLETE Column stats: COMPLETE\n                  Filter Operator\n                    predicate: i_item_sk is not null (type: boolean)\n                    Statistics: Num rows: 48000 Data size: 9024000 Basic stats: COMPLETE Column stats: COMPLETE\n                    Select Operator\n                      expressions: i_item_sk (type: int), i_item_desc (type: string)\n                      outputColumnNames: _col0, _col1\n                      Statistics: Num rows: 48000 Data size: 9024000 Basic stats: COMPLETE Column stats: COMPLETE\n                      Reduce Output Operator\n                        key expressions: _col0 (type: int)\n                        sort order: +\n                        Map-reduce partition columns: _col0 (type: int)\n                        Statistics: Num rows: 48000 Data size: 9024000 Basic stats: COMPLETE Column stats: COMPLETE\n                        value expressions: _col1 (type: string)\n            Execution mode: vectorized\n        Reducer 3 \n            Reduce Operator Tree:\n              Group By Operator\n                aggregations: count(VALUE._col0), count(VALUE._col1), count(VALUE._col2)\n                keys: KEY._col0 (type: string), KEY._col1 (type: string), KEY._col2 (type: int)\n                mode: mergepartial\n                outputColumnNames: _col0, _col1, _col2, _col3, _col4, _col5\n                Statistics: Num rows: 1 Data size: 311 Basic stats: COMPLETE Column stats: COMPLETE\n                Reduce Output Operator\n                  key expressions: _col5 (type: bigint), _col0 (type: string), _col1 (type: string), _col2 (type: int)\n                  sort order: -+++\n                  Statistics: Num rows: 1 Data size: 311 Basic stats: COMPLETE Column stats: COMPLETE\n                  TopN Hash Memory Usage: 0.04\n                  value expressions: _col3 (type: bigint), _col4 (type: bigint)\n        Reducer 4 \n            Reduce Operator Tree:\n              Select Operator\n                expressions: KEY.reducesinkkey1 (type: string), KEY.reducesinkkey2 (type: string), KEY.reducesinkkey3 (type: int), VALUE._col0 (type: bigint), VALUE._col1 (type: bigint), KEY.reducesinkkey0 (type: bigint)\n                outputColumnNames: _col0, _col1, _col2, _col3, _col4, _col5\n                Statistics: Num rows: 1 Data size: 311 Basic stats: COMPLETE Column stats: COMPLETE\n                Limit\n                  Number of rows: 100\n                  Statistics: Num rows: 1 Data size: 311 Basic stats: COMPLETE Column stats: COMPLETE\n                  File Output Operator\n                    compressed: false\n                    Statistics: Num rows: 1 Data size: 311 Basic stats: COMPLETE Column stats: COMPLETE\n                    table:\n                        input format: org.apache.hadoop.mapred.TextInputFormat\n                        output format: org.apache.hadoop.hive.ql.io.HiveIgnoreKeyTextOutputFormat\n                        serde: org.apache.hadoop.hive.serde2.lazy.LazySimpleSerDe\n\n  Stage: Stage-0\n    Fetch Operator\n      limit: 100\n      Processor Tree:\n        ListSink\n{code}\n","customfield_10010":null,"timetracking":{},"customfield_12312026":null,"customfield_12312023":null,"customfield_12310320":null,"customfield_12312024":null,"customfield_12312340":null,"attachment":[],"aggregatetimeestimate":null,"customfield_12312341":null,"customfield_12312220":null,"customfield_12312022":null,"customfield_12310921":null,"customfield_12310920":"9223372036854775807","customfield_12312823":null,"summary":"ConvertJoinMapJoin should take into account JOINNOCONDITIONALTASKTHRESHOLD when packing tables in a Vertex","creator":{"self":"https://issues.apache.org/jira/rest/api/2/user?username=mmokhtar","name":"mmokhtar","key":"mmokhtar","avatarUrls":{"48x48":"https://issues.apache.org/jira/secure/useravatar?ownerId=mmokhtar&avatarId=21863","24x24":"https://issues.apache.org/jira/secure/useravatar?size=small&ownerId=mmokhtar&avatarId=21863","16x16":"https://issues.apache.org/jira/secure/useravatar?size=xsmall&ownerId=mmokhtar&avatarId=21863","32x32":"https://issues.apache.org/jira/secure/useravatar?size=medium&ownerId=mmokhtar&avatarId=21863"},"displayName":"Mostafa Mokhtar","active":true,"timeZone":"America/Los_Angeles"},"subtasks":[],"customfield_12310291":null,"reporter":{"self":"https://issues.apache.org/jira/rest/api/2/user?username=mmokhtar","name":"mmokhtar","key":"mmokhtar","avatarUrls":{"48x48":"https://issues.apache.org/jira/secure/useravatar?ownerId=mmokhtar&avatarId=21863","24x24":"https://issues.apache.org/jira/secure/useravatar?size=small&ownerId=mmokhtar&avatarId=21863","16x16":"https://issues.apache.org/jira/secure/useravatar?size=xsmall&ownerId=mmokhtar&avatarId=21863","32x32":"https://issues.apache.org/jira/secure/useravatar?size=medium&ownerId=mmokhtar&avatarId=21863"},"displayName":"Mostafa Mokhtar","active":true,"timeZone":"America/Los_Angeles"},"customfield_12310290":null,"aggregateprogress":{"progress":0,"total":0},"customfield_12311024":null,"environment":null,"customfield_12313520":null,"customfield_12311020":null,"duedate":null,"customfield_12310250":null,"progress":{"progress":0,"total":0},"comment":{"comments":[],"maxResults":0,"total":0,"startAt":0},"votes":{"self":"https://issues.apache.org/jira/rest/api/2/issue/HIVE-10537/votes","votes":0,"hasVoted":false},"worklog":{"startAt":0,"maxResults":20,"total":0,"worklogs":[]},"customfield_12311820":"0|i2e3on:"}}