{"expand":"renderedFields,names,schema,operations,editmeta,changelog,versionedRepresentations","id":"12753217","self":"https://issues.apache.org/jira/rest/api/2/issue/12753217","key":"HIVE-8747","fields":{"issuetype":{"self":"https://issues.apache.org/jira/rest/api/2/issuetype/1","id":"1","description":"A problem which impairs or prevents the functions of the product.","iconUrl":"https://issues.apache.org/jira/secure/viewavatar?size=xsmall&avatarId=21133&avatarType=issuetype","name":"Bug","subtask":false,"avatarId":21133},"timespent":null,"project":{"self":"https://issues.apache.org/jira/rest/api/2/project/12310843","id":"12310843","key":"HIVE","name":"Hive","avatarUrls":{"48x48":"https://issues.apache.org/jira/secure/projectavatar?pid=12310843&avatarId=11935","24x24":"https://issues.apache.org/jira/secure/projectavatar?size=small&pid=12310843&avatarId=11935","16x16":"https://issues.apache.org/jira/secure/projectavatar?size=xsmall&pid=12310843&avatarId=11935","32x32":"https://issues.apache.org/jira/secure/projectavatar?size=medium&pid=12310843&avatarId=11935"},"projectCategory":{"self":"https://issues.apache.org/jira/rest/api/2/projectCategory/10292","id":"10292","description":"Scalable Distributed Computing","name":"Hadoop"}},"fixVersions":[{"self":"https://issues.apache.org/jira/rest/api/2/version/12326450","id":"12326450","description":"released","name":"0.14.0","archived":false,"released":true,"releaseDate":"2014-11-12"}],"aggregatetimespent":null,"resolution":{"self":"https://issues.apache.org/jira/rest/api/2/resolution/5","id":"5","description":"All attempts at reproducing this issue failed, or not enough information was available to reproduce the issue. Reading the code produces no clues as to why this behavior would occur. If more information appears later, please reopen the issue.","name":"Cannot Reproduce"},"customfield_12312322":null,"customfield_12310220":"2014-11-06T00:03:55.415+0000","customfield_12312520":null,"customfield_12312323":null,"customfield_12312521":"Thu Nov 13 19:40:40 UTC 2014","customfield_12310420":"9223372036854775807","customfield_12312320":null,"customfield_12310222":"1_*:*_1_*:*_3354369_*|*_5_*:*_1_*:*_0","customfield_12312321":null,"resolutiondate":"2014-11-06T00:03:55.375+0000","workratio":-1,"customfield_12312328":null,"customfield_12312329":null,"customfield_12312923":null,"customfield_12312326":null,"customfield_12312920":null,"customfield_12310300":null,"customfield_12312327":null,"customfield_12312921":null,"customfield_12312324":null,"customfield_12312720":null,"customfield_12312325":null,"lastViewed":null,"watches":{"self":"https://issues.apache.org/jira/rest/api/2/issue/HIVE-8747/watchers","watchCount":3,"isWatching":false},"created":"2014-11-05T23:08:01.065+0000","customfield_12310192":null,"customfield_12310191":null,"priority":{"self":"https://issues.apache.org/jira/rest/api/2/priority/2","iconUrl":"https://issues.apache.org/jira/images/icons/priorities/critical.svg","name":"Critical","id":"2"},"labels":[],"customfield_12312333":null,"customfield_12310230":null,"customfield_12312334":null,"customfield_12313422":"false","customfield_12310310":"0.0","customfield_12312331":null,"customfield_12312332":null,"timeestimate":null,"aggregatetimeoriginalestimate":null,"customfield_12311120":null,"customfield_12312330":null,"versions":[{"self":"https://issues.apache.org/jira/rest/api/2/version/12326450","id":"12326450","description":"released","name":"0.14.0","archived":false,"released":true,"releaseDate":"2014-11-12"}],"issuelinks":[],"customfield_12312339":null,"assignee":{"self":"https://issues.apache.org/jira/rest/api/2/user?username=prasanth_j","name":"prasanth_j","key":"prasanth_j","avatarUrls":{"48x48":"https://issues.apache.org/jira/secure/useravatar?avatarId=10452","24x24":"https://issues.apache.org/jira/secure/useravatar?size=small&avatarId=10452","16x16":"https://issues.apache.org/jira/secure/useravatar?size=xsmall&avatarId=10452","32x32":"https://issues.apache.org/jira/secure/useravatar?size=medium&avatarId=10452"},"displayName":"Prasanth Jayachandran","active":true,"timeZone":"America/Los_Angeles"},"customfield_12312337":null,"customfield_12312338":null,"updated":"2014-11-13T19:40:40.463+0000","customfield_12312335":null,"customfield_12312336":null,"status":{"self":"https://issues.apache.org/jira/rest/api/2/status/6","description":"The issue is considered finished, the resolution is correct. Issues which are not closed can be reopened.","iconUrl":"https://issues.apache.org/jira/images/icons/statuses/closed.png","name":"Closed","id":"6","statusCategory":{"self":"https://issues.apache.org/jira/rest/api/2/statuscategory/3","id":3,"key":"done","colorName":"green","name":"Done"}},"components":[{"self":"https://issues.apache.org/jira/rest/api/2/component/12323401","id":"12323401","name":"Physical Optimizer","description":"Optimizations which are dependent on runtime"}],"timeoriginalestimate":null,"description":"ship_mode table has 0 rows.\n\nQuery \n{code}\nselect count(*) \nfrom\n          web_sales\n         ,date_dim\n \t  ,ship_mode\n     where\n web_sales.ws_sold_date_sk = date_dim.d_date_sk\n \tand web_sales.ws_ship_mode_sk = ship_mode.sm_ship_mode_sk\n        and d_year = 2002\n \tand sm_carrier in ('DIAMOND','AIRBORNE')\n{code}\n\nExplain \n{code}\nSTAGE PLANS:\n  Stage: Stage-1\n    Tez\n      Edges:\n        Map 1 <- Map 4 (BROADCAST_EDGE)\n        Map 4 <- Map 3 (BROADCAST_EDGE)\n        Reducer 2 <- Map 1 (SIMPLE_EDGE)\n      DagName: mmokhtar_20141105180404_59e6fb65-529f-4eaa-9446-7f34d12bffac:30\n      Vertices:\n        Map 1\n            Map Operator Tree:\n                TableScan\n                  alias: ship_mode\n                  filterExpr: ((sm_carrier) IN ('DIAMOND', 'AIRBORNE') and sm_ship_mode_sk is not null) (type: boolean)\n                  Statistics: Num rows: 0 Data size: 45 Basic stats: PARTIAL Column stats: COMPLETE\n                  Filter Operator\n                    predicate: ((sm_carrier) IN ('DIAMOND', 'AIRBORNE') and sm_ship_mode_sk is not null) (type: boolean)\n                    Statistics: Num rows: 9223372036854775807 Data size: 9223372036854775807 Basic stats: COMPLETE Column stats: COMPLETE\n                    Select Operator\n                      expressions: sm_ship_mode_sk (type: int)\n                      outputColumnNames: _col0\n                      Statistics: Num rows: 9223372036854775807 Data size: 9223372036854775807 Basic stats: COMPLETE Column stats: COMPLETE\n                      Map Join Operator\n                        condition map:\n                             Inner Join 0 to 1\n                        condition expressions:\n                          0\n                          1\n                        keys:\n                          0 _col1 (type: int)\n                          1 _col0 (type: int)\n                        input vertices:\n                          0 Map 4\n                        Statistics: Num rows: 9223372036854775807 Data size: 0 Basic stats: PARTIAL Column stats: COMPLETE\n                        Select Operator\n                          Statistics: Num rows: 9223372036854775807 Data size: 0 Basic stats: PARTIAL Column stats: COMPLETE\n                          Group By Operator\n                            aggregations: count()\n                            mode: hash\n                            outputColumnNames: _col0\n                            Statistics: Num rows: 1 Data size: 8 Basic stats: COMPLETE Column stats: COMPLETE\n                            Reduce Output Operator\n                              sort order:\n                              Statistics: Num rows: 1 Data size: 8 Basic stats: COMPLETE Column stats: COMPLETE\n                              value expressions: _col0 (type: bigint)\n            Execution mode: vectorized\n        Map 3\n            Map Operator Tree:\n                TableScan\n                  alias: date_dim\n                  filterExpr: ((d_year = 2002) and d_date_sk is not null) (type: boolean)\n                  Statistics: Num rows: 73049 Data size: 81741831 Basic stats: COMPLETE Column stats: COMPLETE\n                  Filter Operator\n                    predicate: ((d_year = 2002) and d_date_sk is not null) (type: boolean)\n                    Statistics: Num rows: 652 Data size: 5216 Basic stats: COMPLETE Column stats: COMPLETE\n                    Select Operator\n                      expressions: d_date_sk (type: int)\n                      outputColumnNames: _col0\n                      Statistics: Num rows: 652 Data size: 2608 Basic stats: COMPLETE Column stats: COMPLETE\n                      Reduce Output Operator\n                        key expressions: _col0 (type: int)\n                        sort order: +\n                        Map-reduce partition columns: _col0 (type: int)\n                        Statistics: Num rows: 652 Data size: 2608 Basic stats: COMPLETE Column stats: COMPLETE\n            Execution mode: vectorized\n        Map 4\n            Map Operator Tree:\n                TableScan\n                  alias: web_sales\n                  filterExpr: (ws_sold_date_sk is not null and ws_ship_mode_sk is not null) (type: boolean)\n                  Statistics: Num rows: 143966864 Data size: 19577477788 Basic stats: COMPLETE Column stats: COMPLETE\n                  Filter Operator\n                    predicate: (ws_sold_date_sk is not null and ws_ship_mode_sk is not null) (type: boolean)\n                    Statistics: Num rows: 143948856 Data size: 1151518824 Basic stats: COMPLETE Column stats: COMPLETE\n                    Select Operator\n                      expressions: ws_sold_date_sk (type: int), ws_ship_mode_sk (type: int)\n                      outputColumnNames: _col0, _col1\n                      Statistics: Num rows: 143948856 Data size: 1151518824 Basic stats: COMPLETE Column stats: COMPLETE\n                      Map Join Operator\n                        condition map:\n                             Inner Join 0 to 1\n                        condition expressions:\n                          0 {_col1}\n                          1\n                        keys:\n                          0 _col0 (type: int)\n                          1 _col0 (type: int)\n                        outputColumnNames: _col1\n                        input vertices:\n                          1 Map 3\n                        Statistics: Num rows: 1284818 Data size: 5139272 Basic stats: COMPLETE Column stats: COMPLETE\n                        Reduce Output Operator\n                          key expressions: _col1 (type: int)\n                          sort order: +\n                          Map-reduce partition columns: _col1 (type: int)\n                          Statistics: Num rows: 1284818 Data size: 5139272 Basic stats: COMPLETE Column stats: COMPLETE\n            Execution mode: vectorized\n        Reducer 2\n            Reduce Operator Tree:\n              Group By Operator\n                aggregations: count(VALUE._col0)\n                mode: mergepartial\n                outputColumnNames: _col0\n                Statistics: Num rows: 1 Data size: 8 Basic stats: COMPLETE Column stats: COMPLETE\n                Select Operator\n                  expressions: _col0 (type: bigint)\n                  outputColumnNames: _col0\n                  Statistics: Num rows: 1 Data size: 8 Basic stats: COMPLETE Column stats: COMPLETE\n                  File Output Operator\n                    compressed: false\n                    Statistics: Num rows: 1 Data size: 8 Basic stats: COMPLETE Column stats: COMPLETE\n                    table:\n                        input format: org.apache.hadoop.mapred.TextInputFormat\n                        output format: org.apache.hadoop.hive.ql.io.HiveIgnoreKeyTextOutputFormat\n                        serde: org.apache.hadoop.hive.serde2.lazy.LazySimpleSerDe\n            Execution mode: vectorized\n\n  Stage: Stage-0\n    Fetch Operator\n      limit: -1\n      Processor Tree:\n        ListSink\n{code}","customfield_10010":null,"timetracking":{},"customfield_12312026":null,"customfield_12312023":null,"customfield_12310320":null,"customfield_12312024":null,"customfield_12312340":null,"attachment":[],"aggregatetimeestimate":null,"customfield_12312341":null,"customfield_12312220":null,"customfield_12312022":null,"customfield_12310921":null,"customfield_12310920":"9223372036854775807","customfield_12312823":null,"summary":"Estimate number of rows for table with 0 rows overflows resulting in an in-efficient plan ","creator":{"self":"https://issues.apache.org/jira/rest/api/2/user?username=mmokhtar","name":"mmokhtar","key":"mmokhtar","avatarUrls":{"48x48":"https://issues.apache.org/jira/secure/useravatar?ownerId=mmokhtar&avatarId=21863","24x24":"https://issues.apache.org/jira/secure/useravatar?size=small&ownerId=mmokhtar&avatarId=21863","16x16":"https://issues.apache.org/jira/secure/useravatar?size=xsmall&ownerId=mmokhtar&avatarId=21863","32x32":"https://issues.apache.org/jira/secure/useravatar?size=medium&ownerId=mmokhtar&avatarId=21863"},"displayName":"Mostafa Mokhtar","active":true,"timeZone":"America/Los_Angeles"},"subtasks":[],"customfield_12310291":null,"reporter":{"self":"https://issues.apache.org/jira/rest/api/2/user?username=mmokhtar","name":"mmokhtar","key":"mmokhtar","avatarUrls":{"48x48":"https://issues.apache.org/jira/secure/useravatar?ownerId=mmokhtar&avatarId=21863","24x24":"https://issues.apache.org/jira/secure/useravatar?size=small&ownerId=mmokhtar&avatarId=21863","16x16":"https://issues.apache.org/jira/secure/useravatar?size=xsmall&ownerId=mmokhtar&avatarId=21863","32x32":"https://issues.apache.org/jira/secure/useravatar?size=medium&ownerId=mmokhtar&avatarId=21863"},"displayName":"Mostafa Mokhtar","active":true,"timeZone":"America/Los_Angeles"},"customfield_12310290":null,"aggregateprogress":{"progress":0,"total":0},"customfield_12311024":null,"environment":null,"customfield_12313520":null,"customfield_12311020":null,"duedate":null,"customfield_12310250":null,"progress":{"progress":0,"total":0},"comment":{"comments":[{"self":"https://issues.apache.org/jira/rest/api/2/issue/12753217/comment/14199415","id":"14199415","author":{"self":"https://issues.apache.org/jira/rest/api/2/user?username=prasanth_j","name":"prasanth_j","key":"prasanth_j","avatarUrls":{"48x48":"https://issues.apache.org/jira/secure/useravatar?avatarId=10452","24x24":"https://issues.apache.org/jira/secure/useravatar?size=small&avatarId=10452","16x16":"https://issues.apache.org/jira/secure/useravatar?size=xsmall&avatarId=10452","32x32":"https://issues.apache.org/jira/secure/useravatar?size=medium&avatarId=10452"},"displayName":"Prasanth Jayachandran","active":true,"timeZone":"America/Los_Angeles"},"body":"Can't reproduce the issue. Please reopen it if the case is reproducible.","updateAuthor":{"self":"https://issues.apache.org/jira/rest/api/2/user?username=prasanth_j","name":"prasanth_j","key":"prasanth_j","avatarUrls":{"48x48":"https://issues.apache.org/jira/secure/useravatar?avatarId=10452","24x24":"https://issues.apache.org/jira/secure/useravatar?size=small&avatarId=10452","16x16":"https://issues.apache.org/jira/secure/useravatar?size=xsmall&avatarId=10452","32x32":"https://issues.apache.org/jira/secure/useravatar?size=medium&avatarId=10452"},"displayName":"Prasanth Jayachandran","active":true,"timeZone":"America/Los_Angeles"},"created":"2014-11-06T00:03:55.415+0000","updated":"2014-11-06T00:03:55.415+0000"},{"self":"https://issues.apache.org/jira/rest/api/2/issue/12753217/comment/14210401","id":"14210401","author":{"self":"https://issues.apache.org/jira/rest/api/2/user?username=thejas","name":"thejas","key":"thejas","avatarUrls":{"48x48":"https://issues.apache.org/jira/secure/useravatar?ownerId=thejas&avatarId=15902","24x24":"https://issues.apache.org/jira/secure/useravatar?size=small&ownerId=thejas&avatarId=15902","16x16":"https://issues.apache.org/jira/secure/useravatar?size=xsmall&ownerId=thejas&avatarId=15902","32x32":"https://issues.apache.org/jira/secure/useravatar?size=medium&ownerId=thejas&avatarId=15902"},"displayName":"Thejas M Nair","active":true,"timeZone":"America/Los_Angeles"},"body":"This has been fixed in 0.14 release. Please open new jira if you see any issues.\n","updateAuthor":{"self":"https://issues.apache.org/jira/rest/api/2/user?username=thejas","name":"thejas","key":"thejas","avatarUrls":{"48x48":"https://issues.apache.org/jira/secure/useravatar?ownerId=thejas&avatarId=15902","24x24":"https://issues.apache.org/jira/secure/useravatar?size=small&ownerId=thejas&avatarId=15902","16x16":"https://issues.apache.org/jira/secure/useravatar?size=xsmall&ownerId=thejas&avatarId=15902","32x32":"https://issues.apache.org/jira/secure/useravatar?size=medium&ownerId=thejas&avatarId=15902"},"displayName":"Thejas M Nair","active":true,"timeZone":"America/Los_Angeles"},"created":"2014-11-13T19:40:40.451+0000","updated":"2014-11-13T19:40:40.451+0000"}],"maxResults":2,"total":2,"startAt":0},"votes":{"self":"https://issues.apache.org/jira/rest/api/2/issue/HIVE-8747/votes","votes":0,"hasVoted":false},"worklog":{"startAt":0,"maxResults":20,"total":0,"worklogs":[]},"customfield_12311820":"0|i220zr:"}}