{"expand":"renderedFields,names,schema,operations,editmeta,changelog,versionedRepresentations","id":"12823163","self":"https://issues.apache.org/jira/rest/api/2/issue/12823163","key":"HIVE-10446","fields":{"issuetype":{"self":"https://issues.apache.org/jira/rest/api/2/issuetype/1","id":"1","description":"A problem which impairs or prevents the functions of the product.","iconUrl":"https://issues.apache.org/jira/secure/viewavatar?size=xsmall&avatarId=21133&avatarType=issuetype","name":"Bug","subtask":false,"avatarId":21133},"timespent":null,"project":{"self":"https://issues.apache.org/jira/rest/api/2/project/12310843","id":"12310843","key":"HIVE","name":"Hive","avatarUrls":{"48x48":"https://issues.apache.org/jira/secure/projectavatar?pid=12310843&avatarId=11935","24x24":"https://issues.apache.org/jira/secure/projectavatar?size=small&pid=12310843&avatarId=11935","16x16":"https://issues.apache.org/jira/secure/projectavatar?size=xsmall&pid=12310843&avatarId=11935","32x32":"https://issues.apache.org/jira/secure/projectavatar?size=medium&pid=12310843&avatarId=11935"},"projectCategory":{"self":"https://issues.apache.org/jira/rest/api/2/projectCategory/10292","id":"10292","description":"Scalable Distributed Computing","name":"Hadoop"}},"fixVersions":[{"self":"https://issues.apache.org/jira/rest/api/2/version/12329345","id":"12329345","description":"Hive 1.2.0","name":"1.2.0","archived":false,"released":true,"releaseDate":"2015-05-18"}],"aggregatetimespent":null,"resolution":{"self":"https://issues.apache.org/jira/rest/api/2/resolution/1","id":"1","description":"A fix for this issue is checked into the tree and tested.","name":"Fixed"},"customfield_12312322":null,"customfield_12310220":"2015-04-22T21:20:23.013+0000","customfield_12312520":null,"customfield_12312323":null,"customfield_12312521":"Mon May 18 19:54:30 UTC 2015","customfield_12310420":"9223372036854775807","customfield_12312320":null,"customfield_12310222":"1_*:*_1_*:*_1198664793_*|*_5_*:*_1_*:*_0","customfield_12312321":null,"resolutiondate":"2015-05-06T17:53:18.160+0000","workratio":-1,"customfield_12312328":null,"customfield_12312329":null,"customfield_12312923":null,"customfield_12312326":null,"customfield_12312920":null,"customfield_12310300":null,"customfield_12312327":null,"customfield_12312921":null,"customfield_12312324":null,"customfield_12312720":null,"customfield_12312325":null,"lastViewed":null,"watches":{"self":"https://issues.apache.org/jira/rest/api/2/issue/HIVE-10446/watchers","watchCount":3,"isWatching":false},"created":"2015-04-22T20:55:33.447+0000","customfield_12310192":null,"customfield_12310191":null,"priority":{"self":"https://issues.apache.org/jira/rest/api/2/priority/3","iconUrl":"https://issues.apache.org/jira/images/icons/priorities/major.svg","name":"Major","id":"3"},"labels":[],"customfield_12312333":null,"customfield_12310230":null,"customfield_12312334":null,"customfield_12313422":"false","customfield_12310310":"0.0","customfield_12312331":null,"customfield_12312332":null,"timeestimate":null,"aggregatetimeoriginalestimate":null,"customfield_12311120":null,"customfield_12312330":null,"versions":[{"self":"https://issues.apache.org/jira/rest/api/2/version/12329345","id":"12329345","description":"Hive 1.2.0","name":"1.2.0","archived":false,"released":true,"releaseDate":"2015-05-18"}],"issuelinks":[],"customfield_12312339":null,"assignee":{"self":"https://issues.apache.org/jira/rest/api/2/user?username=wzheng","name":"wzheng","key":"wzheng","avatarUrls":{"48x48":"https://issues.apache.org/jira/secure/useravatar?avatarId=10452","24x24":"https://issues.apache.org/jira/secure/useravatar?size=small&avatarId=10452","16x16":"https://issues.apache.org/jira/secure/useravatar?size=xsmall&avatarId=10452","32x32":"https://issues.apache.org/jira/secure/useravatar?size=medium&avatarId=10452"},"displayName":"Wei Zheng","active":true,"timeZone":"America/Los_Angeles"},"customfield_12312337":null,"customfield_12312338":null,"updated":"2015-05-18T19:54:30.385+0000","customfield_12312335":null,"customfield_12312336":null,"status":{"self":"https://issues.apache.org/jira/rest/api/2/status/6","description":"The issue is considered finished, the resolution is correct. Issues which are not closed can be reopened.","iconUrl":"https://issues.apache.org/jira/images/icons/statuses/closed.png","name":"Closed","id":"6","statusCategory":{"self":"https://issues.apache.org/jira/rest/api/2/statuscategory/3","id":3,"key":"done","colorName":"green","name":"Done"}},"components":[{"self":"https://issues.apache.org/jira/rest/api/2/component/12325007","id":"12325007","name":"Hive"}],"timeoriginalestimate":null,"description":"TPC-DS Q85 fails with Kryo exception when spilling big table data.\n\nQuery \n{code}\nselect  substr(r_reason_desc,1,20) as r\n       ,avg(wr_return_ship_cost) wq\n       ,avg(wr_refunded_cash) ref\n       ,avg(wr_fee) fee\n from web_returns, customer_demographics cd1,\n      customer_demographics cd2, customer_address, date_dim, reason \n where \n   cd1.cd_demo_sk = web_returns.wr_refunded_cdemo_sk \n   and cd2.cd_demo_sk = web_returns.wr_returning_cdemo_sk\n   and customer_address.ca_address_sk = web_returns.wr_refunded_addr_sk\n   and reason.r_reason_sk = web_returns.wr_reason_sk\n   and cd1.cd_marital_status = cd2.cd_marital_status\n   and cd1.cd_education_status = cd2.cd_education_status\ngroup by r_reason_desc\norder by r, wq, ref, fee\nlimit 100\n{code}\n\nPlan \n{code}\nOK\nSTAGE DEPENDENCIES:\n  Stage-1 is a root stage\n  Stage-0 depends on stages: Stage-1\n\nSTAGE PLANS:\n  Stage: Stage-1\n    Tez\n      Edges:\n        Map 1 <- Map 4 (BROADCAST_EDGE), Map 5 (BROADCAST_EDGE), Map 6 (BROADCAST_EDGE), Map 7 (BROADCAST_EDGE)\n        Reducer 2 <- Map 1 (SIMPLE_EDGE)\n        Reducer 3 <- Reducer 2 (SIMPLE_EDGE)\n      DagName: mmokhtar_20150422165209_d8eb5634-c19f-4576-9525-cad248c7ca37:5\n      Vertices:\n        Map 1\n            Map Operator Tree:\n                TableScan\n                  alias: web_returns\n                  filterExpr: (((wr_refunded_addr_sk is not null and wr_reason_sk is not null) and wr_refunded_cdemo_sk is not null) and wr_returning_cdemo_sk is not null) (type: boolean)\n                  Statistics: Num rows: 2062802370 Data size: 185695406284 Basic stats: COMPLETE Column stats: COMPLETE\n                  Filter Operator\n                    predicate: (((wr_refunded_addr_sk is not null and wr_reason_sk is not null) and wr_refunded_cdemo_sk is not null) and wr_returning_cdemo_sk is not null) (type: boolean)\n                    Statistics: Num rows: 1875154723 Data size: 51267313780 Basic stats: COMPLETE Column stats: COMPLETE\n                    Select Operator\n                      expressions: wr_refunded_cdemo_sk (type: int), wr_refunded_addr_sk (type: int), wr_returning_cdemo_sk (type: int), wr_reason_sk (type: int), wr_fee (type: float), wr_return_ship_cost (type: float), wr_refunded_cash (type: float)\n                      outputColumnNames: _col0, _col1, _col2, _col3, _col4, _col5, _col6\n                      Statistics: Num rows: 1875154723 Data size: 51267313780 Basic stats: COMPLETE Column stats: COMPLETE\n                      Map Join Operator\n                        condition map:\n                             Inner Join 0 to 1\n                        keys:\n                          0 _col1 (type: int)\n                          1 _col0 (type: int)\n                        outputColumnNames: _col0, _col2, _col3, _col4, _col5, _col6\n                        input vertices:\n                          1 Map 4\n                        Statistics: Num rows: 1875154688 Data size: 45003712512 Basic stats: COMPLETE Column stats: COMPLETE\n                        HybridGraceHashJoin: true\n                        Map Join Operator\n                          condition map:\n                               Inner Join 0 to 1\n                          keys:\n                            0 _col3 (type: int)\n                            1 _col0 (type: int)\n                          outputColumnNames: _col0, _col2, _col4, _col5, _col6, _col9\n                          input vertices:\n                            1 Map 5\n                          Statistics: Num rows: 1875154688 Data size: 219393098496 Basic stats: COMPLETE Column stats: COMPLETE\n                          HybridGraceHashJoin: true\n                          Map Join Operator\n                            condition map:\n                                 Inner Join 0 to 1\n                            keys:\n                              0 _col0 (type: int)\n                              1 _col0 (type: int)\n                            outputColumnNames: _col2, _col4, _col5, _col6, _col9, _col11, _col12\n                            input vertices:\n                              1 Map 6\n                            Statistics: Num rows: 1875154688 Data size: 547545168896 Basic stats: COMPLETE Column stats: COMPLETE\n                            HybridGraceHashJoin: true\n                            Map Join Operator\n                              condition map:\n                                   Inner Join 0 to 1\n                              keys:\n                                0 _col2 (type: int), _col11 (type: string), _col12 (type: string)\n                                1 _col0 (type: int), _col1 (type: string), _col2 (type: string)\n                              outputColumnNames: _col4, _col5, _col6, _col9\n                              input vertices:\n                                1 Map 7\n                              Statistics: Num rows: 402058172 Data size: 43824340748 Basic stats: COMPLETE Column stats: COMPLETE\n                              HybridGraceHashJoin: true\n                              Select Operator\n                                expressions: _col9 (type: string), _col5 (type: float), _col6 (type: float), _col4 (type: float)\n                                outputColumnNames: _col0, _col1, _col2, _col3\n                                Statistics: Num rows: 402058172 Data size: 43824340748 Basic stats: COMPLETE Column stats: COMPLETE\n                                Group By Operator\n                                  aggregations: avg(_col1), avg(_col2), avg(_col3)\n                                  keys: _col0 (type: string)\n                                  mode: hash\n                                  outputColumnNames: _col0, _col1, _col2, _col3\n                                  Statistics: Num rows: 10975 Data size: 1064575 Basic stats: COMPLETE Column stats: COMPLETE\n                                  Reduce Output Operator\n                                    key expressions: _col0 (type: string)\n                                    sort order: +\n                                    Map-reduce partition columns: _col0 (type: string)\n                                    Statistics: Num rows: 10975 Data size: 1064575 Basic stats: COMPLETE Column stats: COMPLETE\n                                    value expressions: _col1 (type: struct<count:bigint,sum:double,input:float>), _col2 (type: struct<count:bigint,sum:double,input:float>), _col3 (type: struct<count:bigint,sum:double,input:float>)\n            Execution mode: vectorized\n        Map 4\n            Map Operator Tree:\n                TableScan\n                  alias: customer_address\n                  filterExpr: ca_address_sk is not null (type: boolean)\n                  Statistics: Num rows: 40000000 Data size: 40595195284 Basic stats: COMPLETE Column stats: COMPLETE\n                  Filter Operator\n                    predicate: ca_address_sk is not null (type: boolean)\n                    Statistics: Num rows: 40000000 Data size: 160000000 Basic stats: COMPLETE Column stats: COMPLETE\n                    Select Operator\n                      expressions: ca_address_sk (type: int)\n                      outputColumnNames: _col0\n                      Statistics: Num rows: 40000000 Data size: 160000000 Basic stats: COMPLETE Column stats: COMPLETE\n                      Reduce Output Operator\n                        key expressions: _col0 (type: int)\n                        sort order: +\n                        Map-reduce partition columns: _col0 (type: int)\n                        Statistics: Num rows: 40000000 Data size: 160000000 Basic stats: COMPLETE Column stats: COMPLETE\n            Execution mode: vectorized\n        Map 5\n            Map Operator Tree:\n                TableScan\n                  alias: reason\n                  filterExpr: r_reason_sk is not null (type: boolean)\n                  Statistics: Num rows: 72 Data size: 14400 Basic stats: COMPLETE Column stats: COMPLETE\n                  Filter Operator\n                    predicate: r_reason_sk is not null (type: boolean)\n                    Statistics: Num rows: 72 Data size: 7272 Basic stats: COMPLETE Column stats: COMPLETE\n                    Select Operator\n                      expressions: r_reason_sk (type: int), r_reason_desc (type: string)\n                      outputColumnNames: _col0, _col1\n                      Statistics: Num rows: 72 Data size: 7272 Basic stats: COMPLETE Column stats: COMPLETE\n                      Reduce Output Operator\n                        key expressions: _col0 (type: int)\n                        sort order: +\n                        Map-reduce partition columns: _col0 (type: int)\n                        Statistics: Num rows: 72 Data size: 7272 Basic stats: COMPLETE Column stats: COMPLETE\n                        value expressions: _col1 (type: string)\n            Execution mode: vectorized\n        Map 6\n            Map Operator Tree:\n                TableScan\n                  alias: cd1\n                  filterExpr: ((cd_demo_sk is not null and cd_marital_status is not null) and cd_education_status is not null) (type: boolean)\n                  Statistics: Num rows: 1920800 Data size: 718379200 Basic stats: COMPLETE Column stats: COMPLETE\n                  Filter Operator\n                    predicate: ((cd_demo_sk is not null and cd_marital_status is not null) and cd_education_status is not null) (type: boolean)\n                    Statistics: Num rows: 1920800 Data size: 351506400 Basic stats: COMPLETE Column stats: COMPLETE\n                    Select Operator\n                      expressions: cd_demo_sk (type: int), cd_marital_status (type: string), cd_education_status (type: string)\n                      outputColumnNames: _col0, _col1, _col2\n                      Statistics: Num rows: 1920800 Data size: 351506400 Basic stats: COMPLETE Column stats: COMPLETE\n                      Reduce Output Operator\n                        key expressions: _col0 (type: int)\n                        sort order: +\n                        Map-reduce partition columns: _col0 (type: int)\n                        Statistics: Num rows: 1920800 Data size: 351506400 Basic stats: COMPLETE Column stats: COMPLETE\n                        value expressions: _col1 (type: string), _col2 (type: string)\n            Execution mode: vectorized\n        Map 7\n            Map Operator Tree:\n                TableScan\n                  alias: cd1\n                  filterExpr: ((cd_demo_sk is not null and cd_marital_status is not null) and cd_education_status is not null) (type: boolean)\n                  Statistics: Num rows: 1920800 Data size: 718379200 Basic stats: COMPLETE Column stats: COMPLETE\n                  Filter Operator\n                    predicate: ((cd_demo_sk is not null and cd_marital_status is not null) and cd_education_status is not null) (type: boolean)\n                    Statistics: Num rows: 1920800 Data size: 351506400 Basic stats: COMPLETE Column stats: COMPLETE\n                    Select Operator\n                      expressions: cd_demo_sk (type: int), cd_marital_status (type: string), cd_education_status (type: string)\n                      outputColumnNames: _col0, _col1, _col2\n                      Statistics: Num rows: 1920800 Data size: 351506400 Basic stats: COMPLETE Column stats: COMPLETE\n                      Reduce Output Operator\n                        key expressions: _col0 (type: int), _col1 (type: string), _col2 (type: string)\n                        sort order: +++\n                        Map-reduce partition columns: _col0 (type: int), _col1 (type: string), _col2 (type: string)\n                        Statistics: Num rows: 1920800 Data size: 351506400 Basic stats: COMPLETE Column stats: COMPLETE\n            Execution mode: vectorized\n        Reducer 2\n            Reduce Operator Tree:\n              Group By Operator\n                aggregations: avg(VALUE._col0), avg(VALUE._col1), avg(VALUE._col2)\n                keys: KEY._col0 (type: string)\n                mode: mergepartial\n                outputColumnNames: _col0, _col1, _col2, _col3\n                Statistics: Num rows: 25 Data size: 3025 Basic stats: COMPLETE Column stats: COMPLETE\n                Select Operator\n                  expressions: substr(_col0, 1, 20) (type: string), _col1 (type: double), _col2 (type: double), _col3 (type: double)\n                  outputColumnNames: _col0, _col1, _col2, _col3\n                  Statistics: Num rows: 25 Data size: 5200 Basic stats: COMPLETE Column stats: COMPLETE\n                  Reduce Output Operator\n                    key expressions: _col0 (type: string), _col1 (type: double), _col2 (type: double), _col3 (type: double)\n                    sort order: ++++\n                    Statistics: Num rows: 25 Data size: 5200 Basic stats: COMPLETE Column stats: COMPLETE\n                    TopN Hash Memory Usage: 0.04\n        Reducer 3\n            Reduce Operator Tree:\n              Select Operator\n                expressions: KEY.reducesinkkey0 (type: string), KEY.reducesinkkey1 (type: double), KEY.reducesinkkey2 (type: double), KEY.reducesinkkey3 (type: double)\n                outputColumnNames: _col0, _col1, _col2, _col3\n                Statistics: Num rows: 25 Data size: 5200 Basic stats: COMPLETE Column stats: COMPLETE\n                Limit\n                  Number of rows: 100\n                  Statistics: Num rows: 25 Data size: 5200 Basic stats: COMPLETE Column stats: COMPLETE\n                  File Output Operator\n                    compressed: false\n                    Statistics: Num rows: 25 Data size: 5200 Basic stats: COMPLETE Column stats: COMPLETE\n                    table:\n                        input format: org.apache.hadoop.mapred.TextInputFormat\n                        output format: org.apache.hadoop.hive.ql.io.HiveIgnoreKeyTextOutputFormat\n                        serde: org.apache.hadoop.hive.serde2.lazy.LazySimpleSerDe\n\n  Stage: Stage-0\n    Fetch Operator\n      limit: 100\n      Processor Tree:\n        ListSink\n{code}\n\nException \n{code}\n], TaskAttempt 3 failed, info=[Error: Failure while running task:java.lang.RuntimeException: java.lang.RuntimeException: org.apache.hadoop.hive.ql.metadata.HiveException: Hive Runtime Error while processing row\n\tat org.apache.hadoop.hive.ql.exec.tez.TezProcessor.initializeAndRunProcessor(TezProcessor.java:171)\n\tat org.apache.hadoop.hive.ql.exec.tez.TezProcessor.run(TezProcessor.java:137)\n\tat org.apache.tez.runtime.LogicalIOProcessorRuntimeTask.run(LogicalIOProcessorRuntimeTask.java:337)\n\tat org.apache.tez.runtime.task.TezTaskRunner$TaskRunnerCallable$1.run(TezTaskRunner.java:179)\n\tat org.apache.tez.runtime.task.TezTaskRunner$TaskRunnerCallable$1.run(TezTaskRunner.java:171)\n\tat java.security.AccessController.doPrivileged(Native Method)\n\tat javax.security.auth.Subject.doAs(Subject.java:415)\n\tat org.apache.hadoop.security.UserGroupInformation.doAs(UserGroupInformation.java:1628)\n\tat org.apache.tez.runtime.task.TezTaskRunner$TaskRunnerCallable.callInternal(TezTaskRunner.java:171)\n\tat org.apache.tez.runtime.task.TezTaskRunner$TaskRunnerCallable.callInternal(TezTaskRunner.java:167)\n\tat org.apache.tez.common.CallableWithNdc.call(CallableWithNdc.java:36)\n\tat java.util.concurrent.FutureTask.run(FutureTask.java:262)\n\tat java.util.concurrent.ThreadPoolExecutor.runWorker(ThreadPoolExecutor.java:1145)\n\tat java.util.concurrent.ThreadPoolExecutor$Worker.run(ThreadPoolExecutor.java:615)\n\tat java.lang.Thread.run(Thread.java:745)\nCaused by: java.lang.RuntimeException: org.apache.hadoop.hive.ql.metadata.HiveException: Hive Runtime Error while processing row\n\tat org.apache.hadoop.hive.ql.exec.tez.MapRecordSource.processRow(MapRecordSource.java:91)\n\tat org.apache.hadoop.hive.ql.exec.tez.MapRecordSource.pushRecord(MapRecordSource.java:68)\n\tat org.apache.hadoop.hive.ql.exec.tez.MapRecordProcessor.run(MapRecordProcessor.java:290)\n\tat org.apache.hadoop.hive.ql.exec.tez.TezProcessor.initializeAndRunProcessor(TezProcessor.java:148)\n\t... 14 more\nCaused by: org.apache.hadoop.hive.ql.metadata.HiveException: Hive Runtime Error while processing row\n\tat org.apache.hadoop.hive.ql.exec.vector.VectorMapOperator.process(VectorMapOperator.java:52)\n\tat org.apache.hadoop.hive.ql.exec.tez.MapRecordSource.processRow(MapRecordSource.java:83)\n\t... 17 more\nCaused by: org.apache.hadoop.hive.ql.metadata.HiveException: Unexpected exception: output cannot be null.\n\tat org.apache.hadoop.hive.ql.exec.MapJoinOperator.process(MapJoinOperator.java:411)\n\tat org.apache.hadoop.hive.ql.exec.vector.VectorMapJoinOperator.process(VectorMapJoinOperator.java:287)\n\tat org.apache.hadoop.hive.ql.exec.Operator.forward(Operator.java:837)\n\tat org.apache.hadoop.hive.ql.exec.vector.VectorSelectOperator.process(VectorSelectOperator.java:138)\n\tat org.apache.hadoop.hive.ql.exec.Operator.forward(Operator.java:837)\n\tat org.apache.hadoop.hive.ql.exec.vector.VectorFilterOperator.process(VectorFilterOperator.java:114)\n\tat org.apache.hadoop.hive.ql.exec.Operator.forward(Operator.java:837)\n\tat org.apache.hadoop.hive.ql.exec.TableScanOperator.process(TableScanOperator.java:97)\n\tat org.apache.hadoop.hive.ql.exec.MapOperator$MapOpCtx.forward(MapOperator.java:162)\n\tat org.apache.hadoop.hive.ql.exec.vector.VectorMapOperator.process(VectorMapOperator.java:45)\n\t... 18 more\nCaused by: java.lang.IllegalArgumentException: output cannot be null.\n\tat org.apache.hive.com.esotericsoftware.kryo.Kryo.writeClassAndObject(Kryo.java:601)\n\tat org.apache.hadoop.hive.ql.exec.persistence.ObjectContainer.add(ObjectContainer.java:101)\n\tat org.apache.hadoop.hive.ql.exec.MapJoinOperator.spillBigTableRow(MapJoinOperator.java:425)\n\tat org.apache.hadoop.hive.ql.exec.vector.VectorMapJoinOperator.spillBigTableRow(VectorMapJoinOperator.java:307)\n\tat org.apache.hadoop.hive.ql.exec.MapJoinOperator.process(MapJoinOperator.java:390)\n\t... 27 more\n]], Vertex failed as one or more tasks failed. failedTasks:1, Vertex vertex_1426707664723_3652_3_04 [Map 1] killed/failed due to:null]Vertex killed, vertexName=Reducer 3, vertexId=vertex_1426707664723_3652_3_06, diagnostics=[Vertex received Kill while in RUNNING state., Vertex killed as other vertex failed. failedTasks:0, Vertex vertex_1426707664723_3652_3_06 [Reducer 3] killed/failed due to:null]Vertex killed, vertexName=Reducer 2, vertexId=vertex_1426707664\n{code}","customfield_10010":null,"timetracking":{},"customfield_12312026":null,"customfield_12312023":null,"customfield_12310320":null,"customfield_12312024":null,"customfield_12312340":null,"attachment":[],"aggregatetimeestimate":null,"customfield_12312341":null,"customfield_12312220":null,"customfield_12312022":null,"customfield_12310921":null,"customfield_12310920":"9223372036854775807","customfield_12312823":null,"summary":"Hybrid Hybrid Grace Hash Join : java.lang.IllegalArgumentException in Kryo while spilling big table","creator":{"self":"https://issues.apache.org/jira/rest/api/2/user?username=mmokhtar","name":"mmokhtar","key":"mmokhtar","avatarUrls":{"48x48":"https://issues.apache.org/jira/secure/useravatar?ownerId=mmokhtar&avatarId=21863","24x24":"https://issues.apache.org/jira/secure/useravatar?size=small&ownerId=mmokhtar&avatarId=21863","16x16":"https://issues.apache.org/jira/secure/useravatar?size=xsmall&ownerId=mmokhtar&avatarId=21863","32x32":"https://issues.apache.org/jira/secure/useravatar?size=medium&ownerId=mmokhtar&avatarId=21863"},"displayName":"Mostafa Mokhtar","active":true,"timeZone":"America/Los_Angeles"},"subtasks":[],"customfield_12310291":null,"reporter":{"self":"https://issues.apache.org/jira/rest/api/2/user?username=mmokhtar","name":"mmokhtar","key":"mmokhtar","avatarUrls":{"48x48":"https://issues.apache.org/jira/secure/useravatar?ownerId=mmokhtar&avatarId=21863","24x24":"https://issues.apache.org/jira/secure/useravatar?size=small&ownerId=mmokhtar&avatarId=21863","16x16":"https://issues.apache.org/jira/secure/useravatar?size=xsmall&ownerId=mmokhtar&avatarId=21863","32x32":"https://issues.apache.org/jira/secure/useravatar?size=medium&ownerId=mmokhtar&avatarId=21863"},"displayName":"Mostafa Mokhtar","active":true,"timeZone":"America/Los_Angeles"},"customfield_12310290":null,"aggregateprogress":{"progress":0,"total":0},"customfield_12311024":null,"environment":null,"customfield_12313520":null,"customfield_12311020":null,"duedate":null,"customfield_12310250":null,"progress":{"progress":0,"total":0},"comment":{"comments":[{"self":"https://issues.apache.org/jira/rest/api/2/issue/12823163/comment/14507926","id":"14507926","author":{"self":"https://issues.apache.org/jira/rest/api/2/user?username=wzheng","name":"wzheng","key":"wzheng","avatarUrls":{"48x48":"https://issues.apache.org/jira/secure/useravatar?avatarId=10452","24x24":"https://issues.apache.org/jira/secure/useravatar?size=small&avatarId=10452","16x16":"https://issues.apache.org/jira/secure/useravatar?size=xsmall&avatarId=10452","32x32":"https://issues.apache.org/jira/secure/useravatar?size=medium&avatarId=10452"},"displayName":"Wei Zheng","active":true,"timeZone":"America/Los_Angeles"},"body":"Will take a look shortly","updateAuthor":{"self":"https://issues.apache.org/jira/rest/api/2/user?username=wzheng","name":"wzheng","key":"wzheng","avatarUrls":{"48x48":"https://issues.apache.org/jira/secure/useravatar?avatarId=10452","24x24":"https://issues.apache.org/jira/secure/useravatar?size=small&avatarId=10452","16x16":"https://issues.apache.org/jira/secure/useravatar?size=xsmall&avatarId=10452","32x32":"https://issues.apache.org/jira/secure/useravatar?size=medium&avatarId=10452"},"displayName":"Wei Zheng","active":true,"timeZone":"America/Los_Angeles"},"created":"2015-04-22T21:20:23.013+0000","updated":"2015-04-22T21:20:23.013+0000"},{"self":"https://issues.apache.org/jira/rest/api/2/issue/12823163/comment/14531035","id":"14531035","author":{"self":"https://issues.apache.org/jira/rest/api/2/user?username=mmokhtar","name":"mmokhtar","key":"mmokhtar","avatarUrls":{"48x48":"https://issues.apache.org/jira/secure/useravatar?ownerId=mmokhtar&avatarId=21863","24x24":"https://issues.apache.org/jira/secure/useravatar?size=small&ownerId=mmokhtar&avatarId=21863","16x16":"https://issues.apache.org/jira/secure/useravatar?size=xsmall&ownerId=mmokhtar&avatarId=21863","32x32":"https://issues.apache.org/jira/secure/useravatar?size=medium&ownerId=mmokhtar&avatarId=21863"},"displayName":"Mostafa Mokhtar","active":true,"timeZone":"America/Los_Angeles"},"body":"Issue fixed after recent changes to HybridHybrid","updateAuthor":{"self":"https://issues.apache.org/jira/rest/api/2/user?username=mmokhtar","name":"mmokhtar","key":"mmokhtar","avatarUrls":{"48x48":"https://issues.apache.org/jira/secure/useravatar?ownerId=mmokhtar&avatarId=21863","24x24":"https://issues.apache.org/jira/secure/useravatar?size=small&ownerId=mmokhtar&avatarId=21863","16x16":"https://issues.apache.org/jira/secure/useravatar?size=xsmall&ownerId=mmokhtar&avatarId=21863","32x32":"https://issues.apache.org/jira/secure/useravatar?size=medium&ownerId=mmokhtar&avatarId=21863"},"displayName":"Mostafa Mokhtar","active":true,"timeZone":"America/Los_Angeles"},"created":"2015-05-06T17:53:18.195+0000","updated":"2015-05-06T17:53:18.195+0000"},{"self":"https://issues.apache.org/jira/rest/api/2/issue/12823163/comment/14548978","id":"14548978","author":{"self":"https://issues.apache.org/jira/rest/api/2/user?username=sushanth","name":"sushanth","key":"sushanth","avatarUrls":{"48x48":"https://issues.apache.org/jira/secure/useravatar?ownerId=sushanth&avatarId=26812","24x24":"https://issues.apache.org/jira/secure/useravatar?size=small&ownerId=sushanth&avatarId=26812","16x16":"https://issues.apache.org/jira/secure/useravatar?size=xsmall&ownerId=sushanth&avatarId=26812","32x32":"https://issues.apache.org/jira/secure/useravatar?size=medium&ownerId=sushanth&avatarId=26812"},"displayName":"Sushanth Sowmyan","active":true,"timeZone":"America/Los_Angeles"},"body":"This issue has been fixed and released as part of the 1.2.0 release. If you find an issue which seems to be related to this one, please create a new jira and link this one with new jira.","updateAuthor":{"self":"https://issues.apache.org/jira/rest/api/2/user?username=sushanth","name":"sushanth","key":"sushanth","avatarUrls":{"48x48":"https://issues.apache.org/jira/secure/useravatar?ownerId=sushanth&avatarId=26812","24x24":"https://issues.apache.org/jira/secure/useravatar?size=small&ownerId=sushanth&avatarId=26812","16x16":"https://issues.apache.org/jira/secure/useravatar?size=xsmall&ownerId=sushanth&avatarId=26812","32x32":"https://issues.apache.org/jira/secure/useravatar?size=medium&ownerId=sushanth&avatarId=26812"},"displayName":"Sushanth Sowmyan","active":true,"timeZone":"America/Los_Angeles"},"created":"2015-05-18T19:54:30.367+0000","updated":"2015-05-18T19:54:30.367+0000"}],"maxResults":3,"total":3,"startAt":0},"votes":{"self":"https://issues.apache.org/jira/rest/api/2/issue/HIVE-10446/votes","votes":0,"hasVoted":false},"worklog":{"startAt":0,"maxResults":20,"total":0,"worklogs":[]},"customfield_12311820":"0|i2dmfb:"}}