{"expand":"renderedFields,names,schema,operations,editmeta,changelog,versionedRepresentations","id":"12760873","self":"https://issues.apache.org/jira/rest/api/2/issue/12760873","key":"HIVE-9068","fields":{"issuetype":{"self":"https://issues.apache.org/jira/rest/api/2/issuetype/1","id":"1","description":"A problem which impairs or prevents the functions of the product.","iconUrl":"https://issues.apache.org/jira/secure/viewavatar?size=xsmall&avatarId=21133&avatarType=issuetype","name":"Bug","subtask":false,"avatarId":21133},"timespent":null,"project":{"self":"https://issues.apache.org/jira/rest/api/2/project/12310843","id":"12310843","key":"HIVE","name":"Hive","avatarUrls":{"48x48":"https://issues.apache.org/jira/secure/projectavatar?pid=12310843&avatarId=11935","24x24":"https://issues.apache.org/jira/secure/projectavatar?size=small&pid=12310843&avatarId=11935","16x16":"https://issues.apache.org/jira/secure/projectavatar?size=xsmall&pid=12310843&avatarId=11935","32x32":"https://issues.apache.org/jira/secure/projectavatar?size=medium&pid=12310843&avatarId=11935"},"projectCategory":{"self":"https://issues.apache.org/jira/rest/api/2/projectCategory/10292","id":"10292","description":"Scalable Distributed Computing","name":"Hadoop"}},"fixVersions":[{"self":"https://issues.apache.org/jira/rest/api/2/version/12328976","id":"12328976","description":"Maintenance release for 0.14","name":"0.14.1","archived":false,"released":false}],"aggregatetimespent":null,"resolution":{"self":"https://issues.apache.org/jira/rest/api/2/resolution/4","id":"4","description":"The problem is not completely described.","name":"Incomplete"},"customfield_12312322":null,"customfield_12310220":null,"customfield_12312520":null,"customfield_12312323":null,"customfield_12312521":"2014-12-10 22:14:05.026","customfield_12310420":"9223372036854775807","customfield_12312320":null,"customfield_12310222":"1_*:*_1_*:*_117355534591_*|*_5_*:*_1_*:*_0","customfield_12312321":null,"resolutiondate":"2018-08-30T04:59:39.481+0000","workratio":-1,"customfield_12312328":null,"customfield_12312329":null,"customfield_12312923":null,"customfield_12312326":null,"customfield_12312920":null,"customfield_12310300":null,"customfield_12312327":null,"customfield_12312921":null,"customfield_12312324":null,"customfield_12312720":null,"customfield_12312325":null,"lastViewed":null,"watches":{"self":"https://issues.apache.org/jira/rest/api/2/issue/HIVE-9068/watchers","watchCount":1,"isWatching":false},"created":"2014-12-10T22:14:05.026+0000","customfield_12310192":null,"customfield_12310191":null,"priority":{"self":"https://issues.apache.org/jira/rest/api/2/priority/3","iconUrl":"https://issues.apache.org/jira/images/icons/priorities/major.svg","name":"Major","id":"3"},"labels":[],"customfield_12312333":null,"customfield_12310230":null,"customfield_12312334":null,"customfield_12313422":"false","customfield_12310310":"0.0","customfield_12312331":null,"customfield_12312332":null,"timeestimate":null,"aggregatetimeoriginalestimate":null,"customfield_12311120":null,"customfield_12312330":null,"versions":[{"self":"https://issues.apache.org/jira/rest/api/2/version/12326450","id":"12326450","description":"released","name":"0.14.0","archived":false,"released":true,"releaseDate":"2014-11-12"}],"issuelinks":[],"customfield_12312339":null,"assignee":{"self":"https://issues.apache.org/jira/rest/api/2/user?username=mmccline","name":"mmccline","key":"mmccline","avatarUrls":{"48x48":"https://issues.apache.org/jira/secure/useravatar?ownerId=mmccline&avatarId=36046","24x24":"https://issues.apache.org/jira/secure/useravatar?size=small&ownerId=mmccline&avatarId=36046","16x16":"https://issues.apache.org/jira/secure/useravatar?size=xsmall&ownerId=mmccline&avatarId=36046","32x32":"https://issues.apache.org/jira/secure/useravatar?size=medium&ownerId=mmccline&avatarId=36046"},"displayName":"Matt McCline","active":true,"timeZone":"America/Chicago"},"customfield_12312337":null,"customfield_12312338":null,"updated":"2018-08-30T04:59:39.601+0000","customfield_12312335":null,"customfield_12312336":null,"status":{"self":"https://issues.apache.org/jira/rest/api/2/status/5","description":"A resolution has been taken, and it is awaiting verification by reporter. From here issues are either reopened, or are closed.","iconUrl":"https://issues.apache.org/jira/images/icons/statuses/resolved.png","name":"Resolved","id":"5","statusCategory":{"self":"https://issues.apache.org/jira/rest/api/2/statuscategory/3","id":3,"key":"done","colorName":"green","name":"Done"}},"components":[{"self":"https://issues.apache.org/jira/rest/api/2/component/12321300","id":"12321300","name":"Vectorization","description":"Vectorized query execution"}],"timeoriginalestimate":null,"description":"With CBO off there is a redundant filter operator \n{code}\n Filter Operator\n                          predicate: ((null is null and (_col22 = _col51)) and (_col1 = _col26)) (type: boolean)\n{code}\n\nPossibly this is why Vectorization is getting disabled with CBO off, this operator doesn't exist with CBO on.\n\nQuery \n{code}\nselect \n    count(*)\nfrom\n    (SELECT \n        'store' as channel,\n            'ss_addr_sk' col_name,\n            d_year,\n            d_qoy,\n            i_category,\n            ss_ext_sales_price ext_sales_price\n    FROM\n        store_sales, item, date_dim\n    WHERE\n        ss_addr_sk IS NULL\n            AND store_sales.ss_sold_date_sk = date_dim.d_date_sk\n            AND store_sales.ss_item_sk = item.i_item_sk) a;\n{code}\n\nExplain with CBO OFF\n{code}\nSTAGE DEPENDENCIES:\n  Stage-1 is a root stage\n  Stage-0 depends on stages: Stage-1\n\nSTAGE PLANS:\n  Stage: Stage-1\n    Tez\n      Edges:\n        Map 1 <- Map 3 (BROADCAST_EDGE), Map 4 (BROADCAST_EDGE)\n        Reducer 2 <- Map 1 (SIMPLE_EDGE)\n      DagName: mmokhtar_20141210171212_02c36f60-ceea-4e18-a266-5baecfd023f2:6\n      Vertices:\n        Map 1\n            Map Operator Tree:\n                TableScan\n                  alias: store_sales\n                  filterExpr: (ss_item_sk is not null and ss_addr_sk is null) (type: boolean)\n                  Statistics: Num rows: 82510879939 Data size: 6873789738208 Basic stats: COMPLETE Column stats: COMPLETE\n                  Filter Operator\n                    predicate: (ss_item_sk is not null and ss_addr_sk is null) (type: boolean)\n                    Statistics: Num rows: 1946839900 Data size: 23178336456 Basic stats: COMPLETE Column stats: COMPLETE\n                    Map Join Operator\n                      condition map:\n                           Inner Join 0 to 1\n                      condition expressions:\n                        0 {ss_item_sk} {ss_sold_date_sk}\n                        1 {i_item_sk}\n                      keys:\n                        0 ss_item_sk (type: int)\n                        1 i_item_sk (type: int)\n                      outputColumnNames: _col1, _col22, _col26\n                      input vertices:\n                        1 Map 4\n                      Statistics: Num rows: 1946839936 Data size: 23362079232 Basic stats: COMPLETE Column stats: COMPLETE\n                      Map Join Operator\n                        condition map:\n                             Inner Join 0 to 1\n                        condition expressions:\n                          0 {_col1} {_col22} {_col26}\n                          1 {d_date_sk}\n                        keys:\n                          0 _col22 (type: int)\n                          1 d_date_sk (type: int)\n                        outputColumnNames: _col1, _col22, _col26, _col51\n                        input vertices:\n                          1 Map 3\n                        Statistics: Num rows: 2176800197 Data size: 34828803152 Basic stats: COMPLETE Column stats: COMPLETE\n                        Filter Operator\n                          predicate: ((null is null and (_col22 = _col51)) and (_col1 = _col26)) (type: boolean)\n                          Statistics: Num rows: 272100024 Data size: 4353600384 Basic stats: COMPLETE Column stats: COMPLETE\n                          Select Operator\n                            Statistics: Num rows: 272100024 Data size: 4353600384 Basic stats: COMPLETE Column stats: COMPLETE\n                            Group By Operator\n                              aggregations: count()\n                              mode: hash\n                              outputColumnNames: _col0\n                              Statistics: Num rows: 1 Data size: 8 Basic stats: COMPLETE Column stats: COMPLETE\n                              Reduce Output Operator\n                                sort order:\n                                Statistics: Num rows: 1 Data size: 8 Basic stats: COMPLETE Column stats: COMPLETE\n                                value expressions: _col0 (type: bigint)\n        Map 3\n            Map Operator Tree:\n                TableScan\n                  alias: date_dim\n                  filterExpr: d_date_sk is not null (type: boolean)\n                  Statistics: Num rows: 73049 Data size: 81741831 Basic stats: COMPLETE Column stats: COMPLETE\n                  Filter Operator\n                    predicate: d_date_sk is not null (type: boolean)\n                    Statistics: Num rows: 73049 Data size: 292196 Basic stats: COMPLETE Column stats: COMPLETE\n                    Reduce Output Operator\n                      key expressions: d_date_sk (type: int)\n                      sort order: +\n                      Map-reduce partition columns: d_date_sk (type: int)\n                      Statistics: Num rows: 73049 Data size: 292196 Basic stats: COMPLETE Column stats: COMPLETE\n                    Select Operator\n                      expressions: d_date_sk (type: int)\n                      outputColumnNames: _col0\n                      Statistics: Num rows: 73049 Data size: 292196 Basic stats: COMPLETE Column stats: COMPLETE\n                      Group By Operator\n                        keys: _col0 (type: int)\n                        mode: hash\n                        outputColumnNames: _col0\n                        Statistics: Num rows: 36524 Data size: 146096 Basic stats: COMPLETE Column stats: COMPLETE\n                        Dynamic Partitioning Event Operator\n                          Target Input: store_sales\n                          Partition key expr: ss_sold_date_sk\n                          Statistics: Num rows: 36524 Data size: 146096 Basic stats: COMPLETE Column stats: COMPLETE\n                          Target column: ss_sold_date_sk\n                          Target Vertex: Map 1\n            Execution mode: vectorized\n        Map 4\n            Map Operator Tree:\n                TableScan\n                  alias: item\n                  filterExpr: i_item_sk is not null (type: boolean)\n                  Statistics: Num rows: 462000 Data size: 663862160 Basic stats: COMPLETE Column stats: COMPLETE\n                  Filter Operator\n                    predicate: i_item_sk is not null (type: boolean)\n                    Statistics: Num rows: 462000 Data size: 1848000 Basic stats: COMPLETE Column stats: COMPLETE\n                    Reduce Output Operator\n                      key expressions: i_item_sk (type: int)\n                      sort order: +\n                      Map-reduce partition columns: i_item_sk (type: int)\n                      Statistics: Num rows: 462000 Data size: 1848000 Basic stats: COMPLETE Column stats: COMPLETE\n            Execution mode: vectorized\n        Reducer 2\n            Reduce Operator Tree:\n              Group By Operator\n                aggregations: count(VALUE._col0)\n                mode: mergepartial\n                outputColumnNames: _col0\n                Statistics: Num rows: 1 Data size: 8 Basic stats: COMPLETE Column stats: COMPLETE\n                Select Operator\n                  expressions: _col0 (type: bigint)\n                  outputColumnNames: _col0\n                  Statistics: Num rows: 1 Data size: 8 Basic stats: COMPLETE Column stats: COMPLETE\n                  File Output Operator\n                    compressed: false\n                    Statistics: Num rows: 1 Data size: 8 Basic stats: COMPLETE Column stats: COMPLETE\n                    table:\n                        input format: org.apache.hadoop.mapred.TextInputFormat\n                        output format: org.apache.hadoop.hive.ql.io.HiveIgnoreKeyTextOutputFormat\n                        serde: org.apache.hadoop.hive.serde2.lazy.LazySimpleSerDe\n\n  Stage: Stage-0\n    Fetch Operator\n      limit: -1\n      Processor Tree:\n        ListSink\n{code}\n\n\nExplain with CBO on \n{code}\nSTAGE PLANS:\n  Stage: Stage-1\n    Tez\n      Edges:\n        Map 1 <- Map 3 (BROADCAST_EDGE), Map 4 (BROADCAST_EDGE)\n        Reducer 2 <- Map 1 (SIMPLE_EDGE)\n      DagName: mmokhtar_20141210171212_495d0eb9-d176-43d3-8101-84821a0c0fdf:5\n      Vertices:\n        Map 1\n            Map Operator Tree:\n                TableScan\n                  alias: store_sales\n                  filterExpr: (ss_addr_sk is null and ss_item_sk is not null) (type: boolean)\n                  Statistics: Num rows: 82510879939 Data size: 6873789738208 Basic stats: COMPLETE Column stats: COMPLETE\n                  Filter Operator\n                    predicate: (ss_addr_sk is null and ss_item_sk is not null) (type: boolean)\n                    Statistics: Num rows: 1946839900 Data size: 23178336456 Basic stats: COMPLETE Column stats: COMPLETE\n                    Select Operator\n                      expressions: ss_item_sk (type: int), ss_sold_date_sk (type: int)\n                      outputColumnNames: _col0, _col2\n                      Statistics: Num rows: 1946839900 Data size: 15574719200 Basic stats: COMPLETE Column stats: COMPLETE\n                      Map Join Operator\n                        condition map:\n                             Inner Join 0 to 1\n                        condition expressions:\n                          0\n                          1 {_col2}\n                        keys:\n                          0 _col0 (type: int)\n                          1 _col0 (type: int)\n                        outputColumnNames: _col3\n                        input vertices:\n                          0 Map 4\n                        Statistics: Num rows: 1946839936 Data size: 7787359744 Basic stats: COMPLETE Column stats: COMPLETE\n                        Select Operator\n                          expressions: _col3 (type: int)\n                          outputColumnNames: _col3\n                          Statistics: Num rows: 1946839936 Data size: 7787359744 Basic stats: COMPLETE Column stats: COMPLETE\n                          Map Join Operator\n                            condition map:\n                                 Inner Join 0 to 1\n                            condition expressions:\n                              0\n                              1\n                            keys:\n                              0 _col0 (type: int)\n                              1 _col3 (type: int)\n                            input vertices:\n                              0 Map 3\n                            Statistics: Num rows: 3232152511019 Data size: 0 Basic stats: PARTIAL Column stats: COMPLETE\n                            Select Operator\n                              Statistics: Num rows: 3232152511019 Data size: 0 Basic stats: PARTIAL Column stats: COMPLETE\n                              Group By Operator\n                                aggregations: count()\n                                mode: hash\n                                outputColumnNames: _col0\n                                Statistics: Num rows: 1 Data size: 8 Basic stats: COMPLETE Column stats: COMPLETE\n                                Reduce Output Operator\n                                  sort order:\n                                  Statistics: Num rows: 1 Data size: 8 Basic stats: COMPLETE Column stats: COMPLETE\n                                  value expressions: _col0 (type: bigint)\n            Execution mode: vectorized\n        Map 3\n            Map Operator Tree:\n                TableScan\n                  alias: date_dim\n                  filterExpr: d_date_sk is not null (type: boolean)\n                  Statistics: Num rows: 73049 Data size: 81741831 Basic stats: COMPLETE Column stats: COMPLETE\n                  Filter Operator\n                    predicate: d_date_sk is not null (type: boolean)\n                    Statistics: Num rows: 73049 Data size: 292196 Basic stats: COMPLETE Column stats: COMPLETE\n                    Select Operator\n                      expressions: d_date_sk (type: int)\n                      outputColumnNames: _col0\n                      Statistics: Num rows: 73049 Data size: 292196 Basic stats: COMPLETE Column stats: COMPLETE\n                      Reduce Output Operator\n                        key expressions: _col0 (type: int)\n                        sort order: +\n                        Map-reduce partition columns: _col0 (type: int)\n                        Statistics: Num rows: 73049 Data size: 292196 Basic stats: COMPLETE Column stats: COMPLETE\n                      Select Operator\n                        expressions: _col0 (type: int)\n                        outputColumnNames: _col0\n                        Statistics: Num rows: 73049 Data size: 292196 Basic stats: COMPLETE Column stats: COMPLETE\n                        Group By Operator\n                          keys: _col0 (type: int)\n                          mode: hash\n                          outputColumnNames: _col0\n                          Statistics: Num rows: 36524 Data size: 146096 Basic stats: COMPLETE Column stats: COMPLETE\n                          Dynamic Partitioning Event Operator\n                            Target Input: store_sales\n                            Partition key expr: ss_sold_date_sk\n                            Statistics: Num rows: 36524 Data size: 146096 Basic stats: COMPLETE Column stats: COMPLETE\n                            Target column: ss_sold_date_sk\n                            Target Vertex: Map 1\n            Execution mode: vectorized\n        Map 4\n            Map Operator Tree:\n                TableScan\n                  alias: item\n                  filterExpr: i_item_sk is not null (type: boolean)\n                  Statistics: Num rows: 462000 Data size: 663862160 Basic stats: COMPLETE Column stats: COMPLETE\n                  Filter Operator\n                    predicate: i_item_sk is not null (type: boolean)\n                    Statistics: Num rows: 462000 Data size: 1848000 Basic stats: COMPLETE Column stats: COMPLETE\n                    Select Operator\n                      expressions: i_item_sk (type: int)\n                      outputColumnNames: _col0\n                      Statistics: Num rows: 462000 Data size: 1848000 Basic stats: COMPLETE Column stats: COMPLETE\n                      Reduce Output Operator\n                        key expressions: _col0 (type: int)\n                        sort order: +\n                        Map-reduce partition columns: _col0 (type: int)\n                        Statistics: Num rows: 462000 Data size: 1848000 Basic stats: COMPLETE Column stats: COMPLETE\n            Execution mode: vectorized\n        Reducer 2\n            Reduce Operator Tree:\n              Group By Operator\n                aggregations: count(VALUE._col0)\n                mode: mergepartial\n                outputColumnNames: _col0\n                Statistics: Num rows: 1 Data size: 8 Basic stats: COMPLETE Column stats: COMPLETE\n                Select Operator\n                  expressions: _col0 (type: bigint)\n                  outputColumnNames: _col0\n                  Statistics: Num rows: 1 Data size: 8 Basic stats: COMPLETE Column stats: COMPLETE\n                  File Output Operator\n                    compressed: false\n                    Statistics: Num rows: 1 Data size: 8 Basic stats: COMPLETE Column stats: COMPLETE\n                    table:\n                        input format: org.apache.hadoop.mapred.TextInputFormat\n                        output format: org.apache.hadoop.hive.ql.io.HiveIgnoreKeyTextOutputFormat\n                        serde: org.apache.hadoop.hive.serde2.lazy.LazySimpleSerDe\n\n  Stage: Stage-0\n    Fetch Operator\n      limit: -1\n      Processor Tree:\n        ListSink\n\nTime taken: 3.874 seconds, Fetched: 144 row(s)\n{code}","customfield_10010":null,"timetracking":{},"customfield_12312026":null,"customfield_12312023":null,"customfield_12310320":null,"customfield_12312024":null,"customfield_12312340":null,"attachment":[],"aggregatetimeestimate":null,"customfield_12312341":null,"customfield_12312220":null,"customfield_12312022":null,"customfield_12310921":null,"customfield_12310920":"9223372036854775807","customfield_12312823":null,"summary":"Hive : With CBO disabled Vectorization in Map join disabled causing 100% increase in elapsed time and CPU (possibly due to redundant filter operator)","creator":{"self":"https://issues.apache.org/jira/rest/api/2/user?username=mmokhtar","name":"mmokhtar","key":"mmokhtar","avatarUrls":{"48x48":"https://issues.apache.org/jira/secure/useravatar?ownerId=mmokhtar&avatarId=21863","24x24":"https://issues.apache.org/jira/secure/useravatar?size=small&ownerId=mmokhtar&avatarId=21863","16x16":"https://issues.apache.org/jira/secure/useravatar?size=xsmall&ownerId=mmokhtar&avatarId=21863","32x32":"https://issues.apache.org/jira/secure/useravatar?size=medium&ownerId=mmokhtar&avatarId=21863"},"displayName":"Mostafa Mokhtar","active":true,"timeZone":"America/Los_Angeles"},"subtasks":[],"customfield_12310291":null,"reporter":{"self":"https://issues.apache.org/jira/rest/api/2/user?username=mmokhtar","name":"mmokhtar","key":"mmokhtar","avatarUrls":{"48x48":"https://issues.apache.org/jira/secure/useravatar?ownerId=mmokhtar&avatarId=21863","24x24":"https://issues.apache.org/jira/secure/useravatar?size=small&ownerId=mmokhtar&avatarId=21863","16x16":"https://issues.apache.org/jira/secure/useravatar?size=xsmall&ownerId=mmokhtar&avatarId=21863","32x32":"https://issues.apache.org/jira/secure/useravatar?size=medium&ownerId=mmokhtar&avatarId=21863"},"displayName":"Mostafa Mokhtar","active":true,"timeZone":"America/Los_Angeles"},"customfield_12310290":null,"aggregateprogress":{"progress":0,"total":0},"customfield_12311024":null,"environment":null,"customfield_12313520":null,"customfield_12311020":null,"duedate":null,"customfield_12310250":null,"progress":{"progress":0,"total":0},"comment":{"comments":[],"maxResults":0,"total":0,"startAt":0},"votes":{"self":"https://issues.apache.org/jira/rest/api/2/issue/HIVE-9068/votes","votes":0,"hasVoted":false},"worklog":{"startAt":0,"maxResults":20,"total":0,"worklogs":[]},"customfield_12311820":"0|i23at3:"}}