{"expand":"renderedFields,names,schema,operations,editmeta,changelog,versionedRepresentations","id":"13086322","self":"https://issues.apache.org/jira/rest/api/2/issue/13086322","key":"HIVE-17075","fields":{"issuetype":{"self":"https://issues.apache.org/jira/rest/api/2/issuetype/1","id":"1","description":"A problem which impairs or prevents the functions of the product.","iconUrl":"https://issues.apache.org/jira/secure/viewavatar?size=xsmall&avatarId=21133&avatarType=issuetype","name":"Bug","subtask":false,"avatarId":21133},"timespent":null,"project":{"self":"https://issues.apache.org/jira/rest/api/2/project/12310843","id":"12310843","key":"HIVE","name":"Hive","avatarUrls":{"48x48":"https://issues.apache.org/jira/secure/projectavatar?pid=12310843&avatarId=11935","24x24":"https://issues.apache.org/jira/secure/projectavatar?size=small&pid=12310843&avatarId=11935","16x16":"https://issues.apache.org/jira/secure/projectavatar?size=xsmall&pid=12310843&avatarId=11935","32x32":"https://issues.apache.org/jira/secure/projectavatar?size=medium&pid=12310843&avatarId=11935"},"projectCategory":{"self":"https://issues.apache.org/jira/rest/api/2/projectCategory/10292","id":"10292","description":"Scalable Distributed Computing","name":"Hadoop"}},"fixVersions":[],"aggregatetimespent":null,"resolution":null,"customfield_12312322":null,"customfield_12310220":null,"customfield_12312520":null,"customfield_12312323":null,"customfield_12312521":"2017-07-11 17:36:50.84","customfield_12310420":"9223372036854775807","customfield_12312320":null,"customfield_12310222":null,"customfield_12312321":null,"resolutiondate":null,"workratio":-1,"customfield_12312328":null,"customfield_12312329":null,"customfield_12312923":null,"customfield_12312326":null,"customfield_12312920":null,"customfield_12310300":null,"customfield_12312327":null,"customfield_12312921":null,"customfield_12312324":null,"customfield_12312720":null,"customfield_12312325":null,"lastViewed":null,"watches":{"self":"https://issues.apache.org/jira/rest/api/2/issue/HIVE-17075/watchers","watchCount":1,"isWatching":false},"created":"2017-07-11T17:36:50.840+0000","customfield_12310192":null,"customfield_12310191":null,"priority":{"self":"https://issues.apache.org/jira/rest/api/2/priority/3","iconUrl":"https://issues.apache.org/jira/images/icons/priorities/major.svg","name":"Major","id":"3"},"labels":[],"customfield_12312333":null,"customfield_12310230":null,"customfield_12312334":null,"customfield_12313422":"false","customfield_12310310":"0.0","customfield_12312331":null,"customfield_12312332":null,"timeestimate":null,"aggregatetimeoriginalestimate":null,"customfield_12311120":null,"customfield_12312330":null,"versions":[],"issuelinks":[{"id":"12508887","self":"https://issues.apache.org/jira/rest/api/2/issueLink/12508887","type":{"id":"10032","name":"Blocker","inward":"is blocked by","outward":"blocks","self":"https://issues.apache.org/jira/rest/api/2/issueLinkType/10032"},"outwardIssue":{"id":"13042702","key":"HIVE-15898","self":"https://issues.apache.org/jira/rest/api/2/issue/13042702","fields":{"summary":"add Type2 SCD merge tests","status":{"self":"https://issues.apache.org/jira/rest/api/2/status/1","description":"The issue is open and ready for the assignee to start work on it.","iconUrl":"https://issues.apache.org/jira/images/icons/statuses/open.png","name":"Open","id":"1","statusCategory":{"self":"https://issues.apache.org/jira/rest/api/2/statuscategory/2","id":2,"key":"new","colorName":"blue-gray","name":"To Do"}},"priority":{"self":"https://issues.apache.org/jira/rest/api/2/priority/3","iconUrl":"https://issues.apache.org/jira/images/icons/priorities/major.svg","name":"Major","id":"3"},"issuetype":{"self":"https://issues.apache.org/jira/rest/api/2/issuetype/6","id":"6","description":"A new unit, integration or system test.","iconUrl":"https://issues.apache.org/jira/images/icons/issuetypes/requirement.png","name":"Test","subtask":false}}}}],"customfield_12312339":null,"assignee":{"self":"https://issues.apache.org/jira/rest/api/2/user?username=pxiong","name":"pxiong","key":"pxiong","avatarUrls":{"48x48":"https://issues.apache.org/jira/secure/useravatar?avatarId=10452","24x24":"https://issues.apache.org/jira/secure/useravatar?size=small&avatarId=10452","16x16":"https://issues.apache.org/jira/secure/useravatar?size=xsmall&avatarId=10452","32x32":"https://issues.apache.org/jira/secure/useravatar?size=medium&avatarId=10452"},"displayName":"Pengcheng Xiong","active":true,"timeZone":"America/Los_Angeles"},"customfield_12312337":null,"customfield_12312338":null,"updated":"2017-07-11T17:37:33.972+0000","customfield_12312335":null,"customfield_12312336":null,"status":{"self":"https://issues.apache.org/jira/rest/api/2/status/1","description":"The issue is open and ready for the assignee to start work on it.","iconUrl":"https://issues.apache.org/jira/images/icons/statuses/open.png","name":"Open","id":"1","statusCategory":{"self":"https://issues.apache.org/jira/rest/api/2/statuscategory/2","id":2,"key":"new","colorName":"blue-gray","name":"To Do"}},"components":[],"timeoriginalestimate":null,"description":"stats recorded in explain plan in .out files are sometimes unstable \nhere is 1 concrete example (HIVE-15898 1st run is patch 6, 2nd run is patch 7)\n\n{noformat}\n[10:23 AM] Eugene Koifman: 1st run\n[10:23 AM] Eugene Koifman: https://builds.apache.org/job/PreCommit-HIVE-Build/5951/testReport/org.apache.hadoop.hive.cli/TestMi...\n[10:23 AM] Eugene Koifman: 316c316\n<                   Statistics: Num rows: 45 Data size: 4560 Basic stats: COMPLETE Column stats: NONE\n---\n>                   Statistics: Num rows: 45 Data size: 4571 Basic stats: COMPLETE Column stats: NONE\n[10:23 AM] Eugene Koifman: this is the 1st diff - it says that actual result was 4560 and expected was 4571\n[10:24 AM] Eugene Koifman: here is a 2nd run (the only difference is that I update the .out file)\n[10:24 AM] Eugene Koifman: https://builds.apache.org/job/PreCommit-HIVE-Build/5956/testReport/org.apache.hadoop.hive.cli/TestMi...\n[10:24 AM] Eugene Koifman: 316c316\n<                   Statistics: Num rows: 45 Data size: 4573 Basic stats: COMPLETE Column stats: NONE\n---\n>                   Statistics: Num rows: 45 Data size: 4560 Basic stats: COMPLETE Column stats: NONE\n[10:25 AM] Eugene Koifman: is the 1st diff in the 2nd run\n{noformat}\n\nThe actual value from each run is different.\n\nComplete output from patch 6 run \n{noformat}\nClient Execution succeeded but contained differences (error code = 1) after executing sqlmerge_type2_scd.q \n316c316\n<                   Statistics: Num rows: 45 Data size: 4560 Basic stats: COMPLETE Column stats: NONE\n---\n>                   Statistics: Num rows: 45 Data size: 4571 Basic stats: COMPLETE Column stats: NONE\n319c319\n<                     Statistics: Num rows: 45 Data size: 4560 Basic stats: COMPLETE Column stats: NONE\n---\n>                     Statistics: Num rows: 45 Data size: 4571 Basic stats: COMPLETE Column stats: NONE\n324c324\n<                       Statistics: Num rows: 45 Data size: 4560 Basic stats: COMPLETE Column stats: NONE\n---\n>                       Statistics: Num rows: 45 Data size: 4571 Basic stats: COMPLETE Column stats: NONE\n347c347\n<                   Statistics: Num rows: 22 Data size: 4560 Basic stats: COMPLETE Column stats: NONE\n---\n>                   Statistics: Num rows: 22 Data size: 4571 Basic stats: COMPLETE Column stats: NONE\n350c350\n<                     Statistics: Num rows: 22 Data size: 4560 Basic stats: COMPLETE Column stats: NONE\n---\n>                     Statistics: Num rows: 22 Data size: 4571 Basic stats: COMPLETE Column stats: NONE\n355c355\n<                       Statistics: Num rows: 22 Data size: 4560 Basic stats: COMPLETE Column stats: NONE\n---\n>                       Statistics: Num rows: 22 Data size: 4571 Basic stats: COMPLETE Column stats: NONE\n369c369\n<                 Statistics: Num rows: 49 Data size: 5016 Basic stats: COMPLETE Column stats: NONE\n---\n>                 Statistics: Num rows: 49 Data size: 5028 Basic stats: COMPLETE Column stats: NONE\n373c373\n<                   Statistics: Num rows: 49 Data size: 5016 Basic stats: COMPLETE Column stats: NONE\n---\n>                   Statistics: Num rows: 49 Data size: 5028 Basic stats: COMPLETE Column stats: NONE\n378c378\n<                     Statistics: Num rows: 49 Data size: 5016 Basic stats: COMPLETE Column stats: NONE\n---\n>                     Statistics: Num rows: 49 Data size: 5028 Basic stats: COMPLETE Column stats: NONE\n390c390\n<                 Statis\n\n{noformat}\n\nFrom patch 7 run \n{noformat}\n316c316\n<                   Statistics: Num rows: 45 Data size: 4573 Basic stats: COMPLETE Column stats: NONE\n---\n>                   Statistics: Num rows: 45 Data size: 4560 Basic stats: COMPLETE Column stats: NONE\n319c319\n<                     Statistics: Num rows: 45 Data size: 4573 Basic stats: COMPLETE Column stats: NONE\n---\n>                     Statistics: Num rows: 45 Data size: 4560 Basic stats: COMPLETE Column stats: NONE\n324c324\n<                       Statistics: Num rows: 45 Data size: 4573 Basic stats: COMPLETE Column stats: NONE\n---\n>                       Statistics: Num rows: 45 Data size: 4560 Basic stats: COMPLETE Column stats: NONE\n347c347\n<                   Statistics: Num rows: 22 Data size: 4573 Basic stats: COMPLETE Column stats: NONE\n---\n>                   Statistics: Num rows: 22 Data size: 4560 Basic stats: COMPLETE Column stats: NONE\n350c350\n<                     Statistics: Num rows: 22 Data size: 4573 Basic stats: COMPLETE Column stats: NONE\n---\n>                     Statistics: Num rows: 22 Data size: 4560 Basic stats: COMPLETE Column stats: NONE\n355c355\n<                       Statistics: Num rows: 22 Data size: 4573 Basic stats: COMPLETE Column stats: NONE\n---\n>                       Statistics: Num rows: 22 Data size: 4560 Basic stats: COMPLETE Column stats: NONE\n369c369\n<                 Statistics: Num rows: 49 Data size: 5030 Basic stats: COMPLETE Column stats: NONE\n---\n>                 Statistics: Num rows: 49 Data size: 5016 Basic stats: COMPLETE Column stats: NONE\n373c373\n<                   Statistics: Num rows: 49 Data size: 5030 Basic stats: COMPLETE Column stats: NONE\n---\n>                   Statistics: Num rows: 49 Data size: 5016 Basic stats: COMPLETE Column stats: NONE\n378c378\n<                     Statistics: Num rows: 49 Data size: 5030 Basic stats: COMPLETE Column stats: NONE\n---\n>                     Statistics: Num rows: 49 Data size: 5016 Basic stats: COMPLETE Column stats: NONE\n390c390\n<                 Statis\n{noformat}","customfield_10010":null,"timetracking":{},"customfield_12312026":null,"customfield_12312023":null,"customfield_12310320":null,"customfield_12312024":null,"customfield_12312340":null,"attachment":[],"aggregatetimeestimate":null,"customfield_12312341":null,"customfield_12312220":null,"customfield_12312022":null,"customfield_12310921":null,"customfield_12310920":"9223372036854775807","customfield_12312823":null,"summary":"unstable stats in q files","creator":{"self":"https://issues.apache.org/jira/rest/api/2/user?username=ekoifman","name":"ekoifman","key":"ekoifman","avatarUrls":{"48x48":"https://issues.apache.org/jira/secure/useravatar?avatarId=10452","24x24":"https://issues.apache.org/jira/secure/useravatar?size=small&avatarId=10452","16x16":"https://issues.apache.org/jira/secure/useravatar?size=xsmall&avatarId=10452","32x32":"https://issues.apache.org/jira/secure/useravatar?size=medium&avatarId=10452"},"displayName":"Eugene Koifman","active":true,"timeZone":"America/Los_Angeles"},"subtasks":[],"customfield_12310291":null,"reporter":{"self":"https://issues.apache.org/jira/rest/api/2/user?username=ekoifman","name":"ekoifman","key":"ekoifman","avatarUrls":{"48x48":"https://issues.apache.org/jira/secure/useravatar?avatarId=10452","24x24":"https://issues.apache.org/jira/secure/useravatar?size=small&avatarId=10452","16x16":"https://issues.apache.org/jira/secure/useravatar?size=xsmall&avatarId=10452","32x32":"https://issues.apache.org/jira/secure/useravatar?size=medium&avatarId=10452"},"displayName":"Eugene Koifman","active":true,"timeZone":"America/Los_Angeles"},"customfield_12310290":null,"aggregateprogress":{"progress":0,"total":0},"customfield_12311024":null,"environment":null,"customfield_12313520":null,"customfield_12311020":null,"duedate":null,"customfield_12310250":null,"progress":{"progress":0,"total":0},"comment":{"comments":[],"maxResults":0,"total":0,"startAt":0},"votes":{"self":"https://issues.apache.org/jira/rest/api/2/issue/HIVE-17075/votes","votes":0,"hasVoted":false},"worklog":{"startAt":0,"maxResults":20,"total":0,"worklogs":[]},"customfield_12311820":"0|i3hdtj:"}}