{"expand":"renderedFields,names,schema,operations,editmeta,changelog,versionedRepresentations","id":"12739190","self":"https://issues.apache.org/jira/rest/api/2/issue/12739190","key":"HIVE-7985","fields":{"issuetype":{"self":"https://issues.apache.org/jira/rest/api/2/issuetype/1","id":"1","description":"A problem which impairs or prevents the functions of the product.","iconUrl":"https://issues.apache.org/jira/secure/viewavatar?size=xsmall&avatarId=21133&avatarType=issuetype","name":"Bug","subtask":false,"avatarId":21133},"timespent":null,"project":{"self":"https://issues.apache.org/jira/rest/api/2/project/12310843","id":"12310843","key":"HIVE","name":"Hive","avatarUrls":{"48x48":"https://issues.apache.org/jira/secure/projectavatar?pid=12310843&avatarId=11935","24x24":"https://issues.apache.org/jira/secure/projectavatar?size=small&pid=12310843&avatarId=11935","16x16":"https://issues.apache.org/jira/secure/projectavatar?size=xsmall&pid=12310843&avatarId=11935","32x32":"https://issues.apache.org/jira/secure/projectavatar?size=medium&pid=12310843&avatarId=11935"},"projectCategory":{"self":"https://issues.apache.org/jira/rest/api/2/projectCategory/10292","id":"10292","description":"Scalable Distributed Computing","name":"Hadoop"}},"fixVersions":[{"self":"https://issues.apache.org/jira/rest/api/2/version/12326450","id":"12326450","description":"released","name":"0.14.0","archived":false,"released":true,"releaseDate":"2014-11-12"}],"aggregatetimespent":null,"resolution":{"self":"https://issues.apache.org/jira/rest/api/2/resolution/1","id":"1","description":"A fix for this issue is checked into the tree and tested.","name":"Fixed"},"customfield_12312322":null,"customfield_12310220":"2014-10-11T01:54:57.024+0000","customfield_12312520":null,"customfield_12312323":null,"customfield_12312521":"Thu Nov 13 19:42:39 UTC 2014","customfield_12310420":"9223372036854775807","customfield_12312320":null,"customfield_12310222":"10002_*:*_2_*:*_30041457_*|*_1_*:*_2_*:*_4146580244_*|*_5_*:*_1_*:*_0","customfield_12312321":null,"resolutiondate":"2014-10-23T02:23:07.985+0000","workratio":-1,"customfield_12312328":null,"customfield_12312329":null,"customfield_12312923":null,"customfield_12312326":null,"customfield_12312920":null,"customfield_12310300":null,"customfield_12312327":null,"customfield_12312921":null,"customfield_12312324":null,"customfield_12312720":null,"customfield_12312325":null,"lastViewed":null,"watches":{"self":"https://issues.apache.org/jira/rest/api/2/issue/HIVE-7985/watchers","watchCount":6,"isWatching":false},"created":"2014-09-04T18:12:46.357+0000","customfield_12310192":null,"customfield_12310191":null,"priority":{"self":"https://issues.apache.org/jira/rest/api/2/priority/2","iconUrl":"https://issues.apache.org/jira/images/icons/priorities/critical.svg","name":"Critical","id":"2"},"labels":[],"customfield_12312333":null,"customfield_12310230":null,"customfield_12312334":null,"customfield_12313422":"false","customfield_12310310":"3.0","customfield_12312331":null,"customfield_12312332":null,"timeestimate":null,"aggregatetimeoriginalestimate":null,"customfield_12311120":null,"customfield_12312330":null,"versions":[{"self":"https://issues.apache.org/jira/rest/api/2/version/12326450","id":"12326450","description":"released","name":"0.14.0","archived":false,"released":true,"releaseDate":"2014-11-12"}],"issuelinks":[],"customfield_12312339":null,"assignee":{"self":"https://issues.apache.org/jira/rest/api/2/user?username=jpullokkaran","name":"jpullokkaran","key":"jpullokkaran","avatarUrls":{"48x48":"https://issues.apache.org/jira/secure/useravatar?avatarId=10452","24x24":"https://issues.apache.org/jira/secure/useravatar?size=small&avatarId=10452","16x16":"https://issues.apache.org/jira/secure/useravatar?size=xsmall&avatarId=10452","32x32":"https://issues.apache.org/jira/secure/useravatar?size=medium&avatarId=10452"},"displayName":"Laljo John Pullokkaran","active":true,"timeZone":"America/Los_Angeles"},"customfield_12312337":null,"customfield_12312338":null,"updated":"2014-11-13T19:42:39.300+0000","customfield_12312335":null,"customfield_12312336":null,"status":{"self":"https://issues.apache.org/jira/rest/api/2/status/6","description":"The issue is considered finished, the resolution is correct. Issues which are not closed can be reopened.","iconUrl":"https://issues.apache.org/jira/images/icons/statuses/closed.png","name":"Closed","id":"6","statusCategory":{"self":"https://issues.apache.org/jira/rest/api/2/statuscategory/3","id":3,"key":"done","colorName":"green","name":"Done"}},"components":[{"self":"https://issues.apache.org/jira/rest/api/2/component/12323402","id":"12323402","name":"CBO","description":"All issues dealing with Hive's cost based optimizer and its interaction with Optiq"}],"timeoriginalestimate":null,"description":"This is a regression introduced in the latest build of the CBO branch.\nRemoving the subquery for item will remove the cross products\n\nQuery\n{code}\nselect i_item_id,sum(ss_ext_sales_price) total_sales from store_sales, date_dim, item where item.i_item_id in (select i.i_item_id from item i where i_color in ('purple','burlywood','indian')) and ss_item_sk = i_item_sk and ss_sold_date_sk = d_date_sk and d_year = 2001 and d_moy = 1 group by i_item_id;\n{code}\n\n{code}\nWarning: Map Join MAPJOIN[38][bigTable=?] in task 'Map 1' is a cross product\nWarning: Map Join MAPJOIN[39][bigTable=store_sales] in task 'Map 4' is a cross product\nOK\nSTAGE DEPENDENCIES:\n  Stage-1 is a root stage\n  Stage-0 depends on stages: Stage-1\n\nSTAGE PLANS:\n  Stage: Stage-1\n    Tez\n      Edges:\n        Map 1 <- Map 3 (BROADCAST_EDGE)\n        Map 4 <- Map 1 (BROADCAST_EDGE), Map 2 (BROADCAST_EDGE)\n        Reducer 5 <- Map 4 (SIMPLE_EDGE)\n      DagName: mmokhtar_20140904141313_9c253f7e-aad1-4ca4-9be1-ea45e3d34496:1\n      Vertices:\n        Map 1\n            Map Operator Tree:\n                TableScan\n                  alias: item\n                  filterExpr: (true and i_item_id is not null) (type: boolean)\n                  Statistics: Num rows: 462000 Data size: 663862160 Basic stats: COMPLETE Column stats: NONE\n                  Filter Operator\n                    predicate: i_item_id is not null (type: boolean)\n                    Statistics: Num rows: 231000 Data size: 331931080 Basic stats: COMPLETE Column stats: NONE\n                    Map Join Operator\n                      condition map:\n                           Inner Join 0 to 1\n                      condition expressions:\n                        0 {i_item_sk} {i_item_id}\n                        1 {d_date_sk}\n                      keys:\n                        0\n                        1\n                      outputColumnNames: _col0, _col1, _col25\n                      input vertices:\n                        1 Map 3\n                      Statistics: Num rows: 254100 Data size: 365124192 Basic stats: COMPLETE Column stats: NONE\n                      Select Operator\n                        expressions: _col0 (type: int), _col1 (type: string), _col25 (type: int)\n                        outputColumnNames: _col0, _col1, _col25\n                        Statistics: Num rows: 254100 Data size: 365124192 Basic stats: COMPLETE Column stats: NONE\n                        Reduce Output Operator\n                          sort order:\n                          Statistics: Num rows: 254100 Data size: 365124192 Basic stats: COMPLETE Column stats: NONE\n                          value expressions: _col0 (type: int), _col1 (type: string), _col25 (type: int)\n            Execution mode: vectorized\n        Map 2\n            Map Operator Tree:\n                TableScan\n                  alias: i\n                  filterExpr: ((i_color) IN ('purple', 'burlywood', 'indian') and i_item_id is not null) (type: boolean)\n                  Statistics: Num rows: 462000 Data size: 663862160 Basic stats: COMPLETE Column stats: NONE\n                  Filter Operator\n                    predicate: ((i_color) IN ('purple', 'burlywood', 'indian') and i_item_id is not null) (type: boolean)\n                    Statistics: Num rows: 115500 Data size: 165965540 Basic stats: COMPLETE Column stats: NONE\n                    Select Operator\n                      expressions: i_item_id (type: string)\n                      outputColumnNames: _col0\n                      Statistics: Num rows: 115500 Data size: 165965540 Basic stats: COMPLETE Column stats: NONE\n                      Group By Operator\n                        keys: _col0 (type: string)\n                        mode: hash\n                        outputColumnNames: _col0\n                        Statistics: Num rows: 115500 Data size: 165965540 Basic stats: COMPLETE Column stats: NONE\n                        Reduce Output Operator\n                          key expressions: _col0 (type: string)\n                          sort order: +\n                          Map-reduce partition columns: _col0 (type: string)\n                          Statistics: Num rows: 115500 Data size: 165965540 Basic stats: COMPLETE Column stats: NONE\n            Execution mode: vectorized\n        Map 3\n            Map Operator Tree:\n                TableScan\n                  alias: date_dim\n                  filterExpr: ((d_year = 2001) and (d_moy = 1)) (type: boolean)\n                  Statistics: Num rows: 73049 Data size: 81741831 Basic stats: COMPLETE Column stats: NONE\n                  Filter Operator\n                    predicate: ((d_year = 2001) and (d_moy = 1)) (type: boolean)\n                    Statistics: Num rows: 18262 Data size: 20435178 Basic stats: COMPLETE Column stats: NONE\n                    Reduce Output Operator\n                      sort order:\n                      Statistics: Num rows: 18262 Data size: 20435178 Basic stats: COMPLETE Column stats: NONE\n                      value expressions: d_date_sk (type: int)\n            Execution mode: vectorized\n        Map 4\n            Map Operator Tree:\n                TableScan\n                  alias: store_sales\n                  Statistics: Num rows: 82510879939 Data size: 7203833257964 Basic stats: COMPLETE Column stats: NONE\n                  Map Join Operator\n                    condition map:\n                         Inner Join 0 to 1\n                    condition expressions:\n                      0 {ss_sold_date_sk} {ss_item_sk} {ss_ext_sales_price}\n                      1 {_col0} {_col1} {_col25}\n                    keys:\n                      0\n                      1\n                    outputColumnNames: _col0, _col2, _col15, _col27, _col28, _col52\n                    input vertices:\n                      1 Map 1\n                    Statistics: Num rows: 90761969664 Data size: 7924217282560 Basic stats: COMPLETE Column stats: NONE\n                    Filter Operator\n                      predicate: ((_col2 = _col27) and (_col0 = _col52)) (type: boolean)\n                      Statistics: Num rows: 22690492416 Data size: 1981054320640 Basic stats: COMPLETE Column stats: NONE\n                      Select Operator\n                        expressions: _col15 (type: float), _col28 (type: string)\n                        outputColumnNames: _col15, _col59\n                        Statistics: Num rows: 22690492416 Data size: 1981054320640 Basic stats: COMPLETE Column stats: NONE\n                        Map Join Operator\n                          condition map:\n                               Left Semi Join 0 to 1\n                          condition expressions:\n                            0 {_col15} {_col59}\n                            1\n                          keys:\n                            0 _col59 (type: string)\n                            1 _col0 (type: string)\n                          outputColumnNames: _col15, _col59\n                          input vertices:\n                            1 Map 2\n                          Statistics: Num rows: 24959541248 Data size: 2179159818240 Basic stats: COMPLETE Column stats: NONE\n                          Select Operator\n                            expressions: _col59 (type: string), _col15 (type: float)\n                            outputColumnNames: _col0, _col1\n                            Statistics: Num rows: 24959541248 Data size: 2179159818240 Basic stats: COMPLETE Column stats: NONE\n                            Group By Operator\n                              aggregations: sum(_col1)\n                              keys: _col0 (type: string)\n                              mode: hash\n                              outputColumnNames: _col0, _col1\n                              Statistics: Num rows: 24959541248 Data size: 2179159818240 Basic stats: COMPLETE Column stats: NONE\n                              Reduce Output Operator\n                                key expressions: _col0 (type: string)\n                                sort order: +\n                                Map-reduce partition columns: _col0 (type: string)\n                                Statistics: Num rows: 24959541248 Data size: 2179159818240 Basic stats: COMPLETE Column stats: NONE\n                                value expressions: _col1 (type: double)\n            Execution mode: vectorized\n        Reducer 5\n            Reduce Operator Tree:\n              Group By Operator\n                aggregations: sum(VALUE._col0)\n                keys: KEY._col0 (type: string)\n                mode: mergepartial\n                outputColumnNames: _col0, _col1\n                Statistics: Num rows: 12479770624 Data size: 1089579909120 Basic stats: COMPLETE Column stats: NONE\n                Select Operator\n                  expressions: _col0 (type: string), _col1 (type: double)\n                  outputColumnNames: _col0, _col1\n                  Statistics: Num rows: 12479770624 Data size: 1089579909120 Basic stats: COMPLETE Column stats: NONE\n                  File Output Operator\n                    compressed: false\n                    Statistics: Num rows: 12479770624 Data size: 1089579909120 Basic stats: COMPLETE Column stats: NONE\n                    table:\n                        input format: org.apache.hadoop.mapred.TextInputFormat\n                        output format: org.apache.hadoop.hive.ql.io.HiveIgnoreKeyTextOutputFormat\n                        serde: org.apache.hadoop.hive.serde2.lazy.LazySimpleSerDe\n\n  Stage: Stage-0\n    Fetch Operator\n      limit: -1\n      Processor Tree:\n        ListSink\n{code}\n\n\nNo cross product generated for this query\n{code}\n select i_item_id,sum(ss_ext_sales_price) total_sales\n from\n        store_sales,\n        date_dim,\n         item\nwhere i_color in ('purple','burlywood','indian')\n and     ss_item_sk              = i_item_sk\n and     ss_sold_date_sk         = d_date_sk\n and     d_year                  = 2001\n and     d_moy                   = 1\n group by i_item_id;\n\n{code}","customfield_10010":null,"timetracking":{},"customfield_12312026":null,"customfield_12312023":null,"customfield_12310320":null,"customfield_12312024":null,"customfield_12312340":null,"attachment":[{"self":"https://issues.apache.org/jira/rest/api/2/attachment/12675995","id":"12675995","filename":"HIVE-7985.1.patch","author":{"self":"https://issues.apache.org/jira/rest/api/2/user?username=jpullokkaran","name":"jpullokkaran","key":"jpullokkaran","avatarUrls":{"48x48":"https://issues.apache.org/jira/secure/useravatar?avatarId=10452","24x24":"https://issues.apache.org/jira/secure/useravatar?size=small&avatarId=10452","16x16":"https://issues.apache.org/jira/secure/useravatar?size=xsmall&avatarId=10452","32x32":"https://issues.apache.org/jira/secure/useravatar?size=medium&avatarId=10452"},"displayName":"Laljo John Pullokkaran","active":true,"timeZone":"America/Los_Angeles"},"created":"2014-10-21T00:51:13.154+0000","size":44685,"mimeType":"text/plain","content":"https://issues.apache.org/jira/secure/attachment/12675995/HIVE-7985.1.patch"},{"self":"https://issues.apache.org/jira/rest/api/2/attachment/12676432","id":"12676432","filename":"HIVE-7985.2.patch","author":{"self":"https://issues.apache.org/jira/rest/api/2/user?username=hagleitn","name":"hagleitn","key":"hagleitn","avatarUrls":{"48x48":"https://issues.apache.org/jira/secure/useravatar?ownerId=hagleitn&avatarId=16035","24x24":"https://issues.apache.org/jira/secure/useravatar?size=small&ownerId=hagleitn&avatarId=16035","16x16":"https://issues.apache.org/jira/secure/useravatar?size=xsmall&ownerId=hagleitn&avatarId=16035","32x32":"https://issues.apache.org/jira/secure/useravatar?size=medium&ownerId=hagleitn&avatarId=16035"},"displayName":"Gunther Hagleitner","active":true,"timeZone":"America/Los_Angeles"},"created":"2014-10-22T21:33:16.872+0000","size":44685,"mimeType":"text/plain","content":"https://issues.apache.org/jira/secure/attachment/12676432/HIVE-7985.2.patch"},{"self":"https://issues.apache.org/jira/rest/api/2/attachment/12674326","id":"12674326","filename":"HIVE-7985.patch","author":{"self":"https://issues.apache.org/jira/rest/api/2/user?username=jpullokkaran","name":"jpullokkaran","key":"jpullokkaran","avatarUrls":{"48x48":"https://issues.apache.org/jira/secure/useravatar?avatarId=10452","24x24":"https://issues.apache.org/jira/secure/useravatar?size=small&avatarId=10452","16x16":"https://issues.apache.org/jira/secure/useravatar?size=xsmall&avatarId=10452","32x32":"https://issues.apache.org/jira/secure/useravatar?size=medium&avatarId=10452"},"displayName":"Laljo John Pullokkaran","active":true,"timeZone":"America/Los_Angeles"},"created":"2014-10-11T01:54:11.759+0000","size":45243,"mimeType":"text/plain","content":"https://issues.apache.org/jira/secure/attachment/12674326/HIVE-7985.patch"}],"aggregatetimeestimate":null,"customfield_12312341":null,"customfield_12312220":null,"customfield_12312022":null,"customfield_12310921":null,"customfield_12310920":"9223372036854775807","customfield_12312823":null,"summary":"With CBO enabled cross product is generated when a subquery is present","creator":{"self":"https://issues.apache.org/jira/rest/api/2/user?username=mmokhtar","name":"mmokhtar","key":"mmokhtar","avatarUrls":{"48x48":"https://issues.apache.org/jira/secure/useravatar?ownerId=mmokhtar&avatarId=21863","24x24":"https://issues.apache.org/jira/secure/useravatar?size=small&ownerId=mmokhtar&avatarId=21863","16x16":"https://issues.apache.org/jira/secure/useravatar?size=xsmall&ownerId=mmokhtar&avatarId=21863","32x32":"https://issues.apache.org/jira/secure/useravatar?size=medium&ownerId=mmokhtar&avatarId=21863"},"displayName":"Mostafa Mokhtar","active":true,"timeZone":"America/Los_Angeles"},"subtasks":[],"customfield_12310291":null,"reporter":{"self":"https://issues.apache.org/jira/rest/api/2/user?username=mmokhtar","name":"mmokhtar","key":"mmokhtar","avatarUrls":{"48x48":"https://issues.apache.org/jira/secure/useravatar?ownerId=mmokhtar&avatarId=21863","24x24":"https://issues.apache.org/jira/secure/useravatar?size=small&ownerId=mmokhtar&avatarId=21863","16x16":"https://issues.apache.org/jira/secure/useravatar?size=xsmall&ownerId=mmokhtar&avatarId=21863","32x32":"https://issues.apache.org/jira/secure/useravatar?size=medium&ownerId=mmokhtar&avatarId=21863"},"displayName":"Mostafa Mokhtar","active":true,"timeZone":"America/Los_Angeles"},"customfield_12310290":null,"aggregateprogress":{"progress":0,"total":0},"customfield_12311024":null,"environment":null,"customfield_12313520":null,"customfield_12311020":null,"duedate":null,"customfield_12310250":null,"progress":{"progress":0,"total":0},"comment":{"comments":[{"self":"https://issues.apache.org/jira/rest/api/2/issue/12739190/comment/14137768","id":"14137768","author":{"self":"https://issues.apache.org/jira/rest/api/2/user?username=mmokhtar","name":"mmokhtar","key":"mmokhtar","avatarUrls":{"48x48":"https://issues.apache.org/jira/secure/useravatar?ownerId=mmokhtar&avatarId=21863","24x24":"https://issues.apache.org/jira/secure/useravatar?size=small&ownerId=mmokhtar&avatarId=21863","16x16":"https://issues.apache.org/jira/secure/useravatar?size=xsmall&ownerId=mmokhtar&avatarId=21863","32x32":"https://issues.apache.org/jira/secure/useravatar?size=medium&ownerId=mmokhtar&avatarId=21863"},"displayName":"Mostafa Mokhtar","active":true,"timeZone":"America/Los_Angeles"},"body":"Q56 also has the same issues \nQuery \n{code}\nwith ss as (\n select i_item_id,sum(ss_ext_sales_price) total_sales\n from\n        store_sales,\n        date_dim,\n         customer_address,\n         item\n where item.i_item_id in (select\n     i.i_item_id\nfrom item i\nwhere i_color in ('purple','burlywood','indian'))\n and     ss_item_sk              = i_item_sk\n and     ss_sold_date_sk         = d_date_sk\n and     d_year                  = 2001\n and     d_moy                   = 1\n and     ss_addr_sk              = ca_address_sk\n and     ca_gmt_offset           = -6 \n group by i_item_id),\n cs as (\n select i_item_id,sum(cs_ext_sales_price) total_sales\n from\n        catalog_sales,\n        date_dim,\n         customer_address,\n         item\n where\n         item.i_item_id               in (select\n  i.i_item_id\nfrom item i\nwhere i_color in ('purple','burlywood','indian'))\n and     cs_item_sk              = i_item_sk\n and     cs_sold_date_sk         = d_date_sk\n and     d_year                  = 2001\n and     d_moy                   = 1\n and     cs_bill_addr_sk         = ca_address_sk\n and     ca_gmt_offset           = -6 \n group by i_item_id),\n ws as (\n select i_item_id,sum(ws_ext_sales_price) total_sales\n from\n        web_sales,\n        date_dim,\n         customer_address,\n         item\n where\n         item.i_item_id               in (select\n  i.i_item_id\nfrom item i\nwhere i_color in ('purple','burlywood','indian'))\n and     ws_item_sk              = i_item_sk\n and     ws_sold_date_sk         = d_date_sk\n and     d_year                  = 2001\n and     d_moy                   = 1\n and     ws_bill_addr_sk         = ca_address_sk\n and     ca_gmt_offset           = -6\n group by i_item_id)\n  select  i_item_id ,sum(total_sales) total_sales\n from  (select * from ss \n        union all\n        select * from cs \n        union all\n        select * from ws) tmp1\n group by i_item_id\n order by total_sales\n limit 100\n{code}\n\n\nPlan \n{code}\nWarning: Map Join MAPJOIN[177][bigTable=?] in task 'Map 8' is a cross product\nWarning: Map Join MAPJOIN[178][bigTable=?] in task 'Map 21' is a cross product\nWarning: Map Join MAPJOIN[179][bigTable=web_sales] in task 'Map 14' is a cross product\nWarning: Map Join MAPJOIN[180][bigTable=?] in task 'Map 20' is a cross product\nWarning: Map Join MAPJOIN[181][bigTable=?] in task 'Map 22' is a cross product\nWarning: Map Join MAPJOIN[182][bigTable=store_sales] in task 'Map 17' is a cross product\nWarning: Map Join MAPJOIN[174][bigTable=?] in task 'Map 13' is a cross product\nWarning: Map Join MAPJOIN[175][bigTable=?] in task 'Map 10' is a cross product\nWarning: Map Join MAPJOIN[176][bigTable=catalog_sales] in task 'Map 2' is a cross product\nOK\nSTAGE DEPENDENCIES:\n  Stage-1 is a root stage\n  Stage-0 depends on stages: Stage-1\n\nSTAGE PLANS:\n  Stage: Stage-1\n    Tez\n      Edges:\n        Map 10 <- Map 13 (BROADCAST_EDGE)\n        Map 13 <- Map 16 (BROADCAST_EDGE)\n        Map 14 <- Map 11 (BROADCAST_EDGE), Map 21 (BROADCAST_EDGE)\n        Map 17 <- Map 12 (BROADCAST_EDGE), Map 22 (BROADCAST_EDGE)\n        Map 2 <- Map 1 (BROADCAST_EDGE), Map 10 (BROADCAST_EDGE)\n        Map 20 <- Map 9 (BROADCAST_EDGE)\n        Map 21 <- Map 8 (BROADCAST_EDGE)\n        Map 22 <- Map 20 (BROADCAST_EDGE)\n        Map 8 <- Map 19 (BROADCAST_EDGE)\n        Reducer 15 <- Map 14 (SIMPLE_EDGE), Union 4 (CONTAINS)\n        Reducer 18 <- Map 17 (SIMPLE_EDGE), Union 4 (CONTAINS)\n        Reducer 3 <- Map 2 (SIMPLE_EDGE), Union 4 (CONTAINS)\n        Reducer 5 <- Union 4 (SIMPLE_EDGE)\n        Reducer 6 <- Reducer 5 (SIMPLE_EDGE)\n        Reducer 7 <- Reducer 6 (SIMPLE_EDGE)\n      DagName: mmokhtar_20140916234444_107f445a-d48f-4a42-89a1-8c53eaa8dec0:1\n      Vertices:\n        Map 1 \n            Map Operator Tree:\n                TableScan\n                  alias: i\n                  filterExpr: ((i_color) IN ('purple', 'burlywood', 'indian') and i_item_id is not null) (type: boolean)\n                  Statistics: Num rows: 48000 Data size: 68732712 Basic stats: COMPLETE Column stats: NONE\n                  Filter Operator\n                    predicate: ((i_color) IN ('purple', 'burlywood', 'indian') and i_item_id is not null) (type: boolean)\n                    Statistics: Num rows: 12000 Data size: 17183178 Basic stats: COMPLETE Column stats: NONE\n                    Select Operator\n                      expressions: i_item_id (type: string)\n                      outputColumnNames: _col0\n                      Statistics: Num rows: 12000 Data size: 17183178 Basic stats: COMPLETE Column stats: NONE\n                      Group By Operator\n                        keys: _col0 (type: string)\n                        mode: hash\n                        outputColumnNames: _col0\n                        Statistics: Num rows: 12000 Data size: 17183178 Basic stats: COMPLETE Column stats: NONE\n                        Reduce Output Operator\n                          key expressions: _col0 (type: string)\n                          sort order: +\n                          Map-reduce partition columns: _col0 (type: string)\n                          Statistics: Num rows: 12000 Data size: 17183178 Basic stats: COMPLETE Column stats: NONE\n            Execution mode: vectorized\n        Map 10 \n            Map Operator Tree:\n                TableScan\n                  alias: customer_address\n                  filterExpr: (ca_gmt_offset = UDFToFloat((- 6))) (type: boolean)\n                  Statistics: Num rows: 800000 Data size: 811903688 Basic stats: COMPLETE Column stats: NONE\n                  Filter Operator\n                    predicate: (ca_gmt_offset = UDFToFloat((- 6))) (type: boolean)\n                    Statistics: Num rows: 400000 Data size: 405951844 Basic stats: COMPLETE Column stats: NONE\n                    Map Join Operator\n                      condition map:\n                           Inner Join 0 to 1\n                      condition expressions:\n                        0 {_col0} {_col31} {_col32}\n                        1 {ca_address_sk}\n                      keys:\n                        0 \n                        1 \n                      outputColumnNames: _col0, _col31, _col32, _col56\n                      input vertices:\n                        0 Map 13\n                      Statistics: Num rows: 440000 Data size: 446547040 Basic stats: COMPLETE Column stats: NONE\n                      Reduce Output Operator\n                        sort order: \n                        Statistics: Num rows: 440000 Data size: 446547040 Basic stats: COMPLETE Column stats: NONE\n                        value expressions: _col0 (type: int), _col31 (type: int), _col32 (type: string), _col56 (type: int)\n            Execution mode: vectorized\n        Map 11 \n            Map Operator Tree:\n                TableScan\n                  alias: i\n                  filterExpr: ((i_color) IN ('purple', 'burlywood', 'indian') and i_item_id is not null) (type: boolean)\n                  Statistics: Num rows: 48000 Data size: 68732712 Basic stats: COMPLETE Column stats: NONE\n                  Filter Operator\n                    predicate: ((i_color) IN ('purple', 'burlywood', 'indian') and i_item_id is not null) (type: boolean)\n                    Statistics: Num rows: 12000 Data size: 17183178 Basic stats: COMPLETE Column stats: NONE\n                    Select Operator\n                      expressions: i_item_id (type: string)\n                      outputColumnNames: _col0\n                      Statistics: Num rows: 12000 Data size: 17183178 Basic stats: COMPLETE Column stats: NONE\n                      Group By Operator\n                        keys: _col0 (type: string)\n                        mode: hash\n                        outputColumnNames: _col0\n                        Statistics: Num rows: 12000 Data size: 17183178 Basic stats: COMPLETE Column stats: NONE\n                        Reduce Output Operator\n                          key expressions: _col0 (type: string)\n                          sort order: +\n                          Map-reduce partition columns: _col0 (type: string)\n                          Statistics: Num rows: 12000 Data size: 17183178 Basic stats: COMPLETE Column stats: NONE\n            Execution mode: vectorized\n        Map 12 \n            Map Operator Tree:\n                TableScan\n                  alias: i\n                  filterExpr: ((i_color) IN ('purple', 'burlywood', 'indian') and i_item_id is not null) (type: boolean)\n                  Statistics: Num rows: 48000 Data size: 68732712 Basic stats: COMPLETE Column stats: NONE\n                  Filter Operator\n                    predicate: ((i_color) IN ('purple', 'burlywood', 'indian') and i_item_id is not null) (type: boolean)\n                    Statistics: Num rows: 12000 Data size: 17183178 Basic stats: COMPLETE Column stats: NONE\n                    Select Operator\n                      expressions: i_item_id (type: string)\n                      outputColumnNames: _col0\n                      Statistics: Num rows: 12000 Data size: 17183178 Basic stats: COMPLETE Column stats: NONE\n                      Group By Operator\n                        keys: _col0 (type: string)\n                        mode: hash\n                        outputColumnNames: _col0\n                        Statistics: Num rows: 12000 Data size: 17183178 Basic stats: COMPLETE Column stats: NONE\n                        Reduce Output Operator\n                          key expressions: _col0 (type: string)\n                          sort order: +\n                          Map-reduce partition columns: _col0 (type: string)\n                          Statistics: Num rows: 12000 Data size: 17183178 Basic stats: COMPLETE Column stats: NONE\n            Execution mode: vectorized\n        Map 13 \n            Map Operator Tree:\n                TableScan\n                  alias: item\n                  filterExpr: i_item_id is not null (type: boolean)\n                  Statistics: Num rows: 48000 Data size: 68732712 Basic stats: COMPLETE Column stats: NONE\n                  Filter Operator\n                    predicate: i_item_id is not null (type: boolean)\n                    Statistics: Num rows: 24000 Data size: 34366356 Basic stats: COMPLETE Column stats: NONE\n                    Map Join Operator\n                      condition map:\n                           Inner Join 0 to 1\n                      condition expressions:\n                        0 {d_date_sk}\n                        1 {i_item_sk} {i_item_id}\n                      keys:\n                        0 \n                        1 \n                      outputColumnNames: _col0, _col31, _col32\n                      input vertices:\n                        0 Map 16\n                      Statistics: Num rows: 26400 Data size: 37802992 Basic stats: COMPLETE Column stats: NONE\n                      Reduce Output Operator\n                        sort order: \n                        Statistics: Num rows: 26400 Data size: 37802992 Basic stats: COMPLETE Column stats: NONE\n                        value expressions: _col0 (type: int), _col31 (type: int), _col32 (type: string)\n            Execution mode: vectorized\n        Map 14 \n            Map Operator Tree:\n                TableScan\n                  alias: web_sales\n                  Statistics: Num rows: 143966864 Data size: 19001610332 Basic stats: COMPLETE Column stats: NONE\n                  Map Join Operator\n                    condition map:\n                         Inner Join 0 to 1\n                    condition expressions:\n                      0 {_col0} {_col31} {_col32} {_col56}\n                      1 {ws_item_sk} {ws_bill_addr_sk} {ws_ext_sales_price} {ws_sold_date_sk}\n                    keys:\n                      0 \n                      1 \n                    outputColumnNames: _col0, _col31, _col32, _col56, _col74, _col78, _col94, _col105\n                    input vertices:\n                      0 Map 21\n                    Statistics: Num rows: 158363552 Data size: 20901771264 Basic stats: COMPLETE Column stats: NONE\n                    Filter Operator\n                      predicate: (((_col74 = _col31) and (_col105 = _col0)) and (_col78 = _col56)) (type: boolean)\n                      Statistics: Num rows: 19795444 Data size: 2612721408 Basic stats: COMPLETE Column stats: NONE\n                      Select Operator\n                        expressions: _col94 (type: float), _col32 (type: string)\n                        outputColumnNames: _col22, _col85\n                        Statistics: Num rows: 19795444 Data size: 2612721408 Basic stats: COMPLETE Column stats: NONE\n                        Map Join Operator\n                          condition map:\n                               Left Semi Join 0 to 1\n                          condition expressions:\n                            0 {_col22} {_col85}\n                            1 \n                          keys:\n                            0 _col85 (type: string)\n                            1 _col0 (type: string)\n                          outputColumnNames: _col22, _col85\n                          input vertices:\n                            1 Map 11\n                          Statistics: Num rows: 21774988 Data size: 2873993728 Basic stats: COMPLETE Column stats: NONE\n                          Select Operator\n                            expressions: _col85 (type: string), _col22 (type: float)\n                            outputColumnNames: _col0, _col1\n                            Statistics: Num rows: 21774988 Data size: 2873993728 Basic stats: COMPLETE Column stats: NONE\n                            Group By Operator\n                              aggregations: sum(_col1)\n                              keys: _col0 (type: string)\n                              mode: hash\n                              outputColumnNames: _col0, _col1\n                              Statistics: Num rows: 21774988 Data size: 2873993728 Basic stats: COMPLETE Column stats: NONE\n                              Reduce Output Operator\n                                key expressions: _col0 (type: string)\n                                sort order: +\n                                Map-reduce partition columns: _col0 (type: string)\n                                Statistics: Num rows: 21774988 Data size: 2873993728 Basic stats: COMPLETE Column stats: NONE\n                                value expressions: _col1 (type: double)\n            Execution mode: vectorized\n        Map 16 \n            Map Operator Tree:\n                TableScan\n                  alias: date_dim\n                  filterExpr: ((d_year = 2001) and (d_moy = 1)) (type: boolean)\n                  Statistics: Num rows: 73049 Data size: 81741831 Basic stats: COMPLETE Column stats: NONE\n                  Filter Operator\n                    predicate: ((d_year = 2001) and (d_moy = 1)) (type: boolean)\n                    Statistics: Num rows: 18262 Data size: 20435178 Basic stats: COMPLETE Column stats: NONE\n                    Reduce Output Operator\n                      sort order: \n                      Statistics: Num rows: 18262 Data size: 20435178 Basic stats: COMPLETE Column stats: NONE\n                      value expressions: d_date_sk (type: int)\n            Execution mode: vectorized\n        Map 17 \n            Map Operator Tree:\n                TableScan\n                  alias: store_sales\n                  Statistics: Num rows: 550076554 Data size: 47370018896 Basic stats: COMPLETE Column stats: NONE\n                  Map Join Operator\n                    condition map:\n                         Inner Join 0 to 1\n                    condition expressions:\n                      0 {_col0} {_col31} {_col32} {_col56}\n                      1 {ss_item_sk} {ss_addr_sk} {ss_ext_sales_price} {ss_sold_date_sk}\n                    keys:\n                      0 \n                      1 \n                    outputColumnNames: _col0, _col31, _col32, _col56, _col73, _col77, _col86, _col94\n                    input vertices:\n                      0 Map 22\n                    Statistics: Num rows: 605084224 Data size: 52107022336 Basic stats: COMPLETE Column stats: NONE\n                    Filter Operator\n                      predicate: (((_col73 = _col31) and (_col94 = _col0)) and (_col77 = _col56)) (type: boolean)\n                      Statistics: Num rows: 75635528 Data size: 6513377792 Basic stats: COMPLETE Column stats: NONE\n                      Select Operator\n                        expressions: _col86 (type: float), _col32 (type: string)\n                        outputColumnNames: _col14, _col74\n                        Statistics: Num rows: 75635528 Data size: 6513377792 Basic stats: COMPLETE Column stats: NONE\n                        Map Join Operator\n                          condition map:\n                               Left Semi Join 0 to 1\n                          condition expressions:\n                            0 {_col14} {_col74}\n                            1 \n                          keys:\n                            0 _col74 (type: string)\n                            1 _col0 (type: string)\n                          outputColumnNames: _col14, _col74\n                          input vertices:\n                            1 Map 12\n                          Statistics: Num rows: 83199080 Data size: 7164715520 Basic stats: COMPLETE Column stats: NONE\n                          Select Operator\n                            expressions: _col74 (type: string), _col14 (type: float)\n                            outputColumnNames: _col0, _col1\n                            Statistics: Num rows: 83199080 Data size: 7164715520 Basic stats: COMPLETE Column stats: NONE\n                            Group By Operator\n                              aggregations: sum(_col1)\n                              keys: _col0 (type: string)\n                              mode: hash\n                              outputColumnNames: _col0, _col1\n                              Statistics: Num rows: 83199080 Data size: 7164715520 Basic stats: COMPLETE Column stats: NONE\n                              Reduce Output Operator\n                                key expressions: _col0 (type: string)\n                                sort order: +\n                                Map-reduce partition columns: _col0 (type: string)\n                                Statistics: Num rows: 83199080 Data size: 7164715520 Basic stats: COMPLETE Column stats: NONE\n                                value expressions: _col1 (type: double)\n            Execution mode: vectorized\n        Map 19 \n            Map Operator Tree:\n                TableScan\n                  alias: date_dim\n                  filterExpr: ((d_year = 2001) and (d_moy = 1)) (type: boolean)\n                  Statistics: Num rows: 73049 Data size: 81741831 Basic stats: COMPLETE Column stats: NONE\n                  Filter Operator\n                    predicate: ((d_year = 2001) and (d_moy = 1)) (type: boolean)\n                    Statistics: Num rows: 18262 Data size: 20435178 Basic stats: COMPLETE Column stats: NONE\n                    Reduce Output Operator\n                      sort order: \n                      Statistics: Num rows: 18262 Data size: 20435178 Basic stats: COMPLETE Column stats: NONE\n                      value expressions: d_date_sk (type: int)\n            Execution mode: vectorized\n        Map 2 \n            Map Operator Tree:\n                TableScan\n                  alias: catalog_sales\n                  Statistics: Num rows: 286549727 Data size: 37743959324 Basic stats: COMPLETE Column stats: NONE\n                  Map Join Operator\n                    condition map:\n                         Inner Join 0 to 1\n                    condition expressions:\n                      0 {_col0} {_col31} {_col32} {_col56}\n                      1 {cs_bill_addr_sk} {cs_item_sk} {cs_ext_sales_price} {cs_sold_date_sk}\n                    keys:\n                      0 \n                      1 \n                    outputColumnNames: _col0, _col31, _col32, _col56, _col77, _col86, _col94, _col105\n                    input vertices:\n                      0 Map 10\n                    Statistics: Num rows: 315204704 Data size: 41518358528 Basic stats: COMPLETE Column stats: NONE\n                    Filter Operator\n                      predicate: (((_col86 = _col31) and (_col105 = _col0)) and (_col77 = _col56)) (type: boolean)\n                      Statistics: Num rows: 39400588 Data size: 5189794816 Basic stats: COMPLETE Column stats: NONE\n                      Select Operator\n                        expressions: _col94 (type: float), _col32 (type: string)\n                        outputColumnNames: _col22, _col85\n                        Statistics: Num rows: 39400588 Data size: 5189794816 Basic stats: COMPLETE Column stats: NONE\n                        Map Join Operator\n                          condition map:\n                               Left Semi Join 0 to 1\n                          condition expressions:\n                            0 {_col22} {_col85}\n                            1 \n                          keys:\n                            0 _col85 (type: string)\n                            1 _col0 (type: string)\n                          outputColumnNames: _col22, _col85\n                          input vertices:\n                            1 Map 1\n                          Statistics: Num rows: 43340648 Data size: 5708774400 Basic stats: COMPLETE Column stats: NONE\n                          Select Operator\n                            expressions: _col85 (type: string), _col22 (type: float)\n                            outputColumnNames: _col0, _col1\n                            Statistics: Num rows: 43340648 Data size: 5708774400 Basic stats: COMPLETE Column stats: NONE\n                            Group By Operator\n                              aggregations: sum(_col1)\n                              keys: _col0 (type: string)\n                              mode: hash\n                              outputColumnNames: _col0, _col1\n                              Statistics: Num rows: 43340648 Data size: 5708774400 Basic stats: COMPLETE Column stats: NONE\n                              Reduce Output Operator\n                                key expressions: _col0 (type: string)\n                                sort order: +\n                                Map-reduce partition columns: _col0 (type: string)\n                                Statistics: Num rows: 43340648 Data size: 5708774400 Basic stats: COMPLETE Column stats: NONE\n                                value expressions: _col1 (type: double)\n            Execution mode: vectorized\n        Map 20 \n            Map Operator Tree:\n                TableScan\n                  alias: item\n                  filterExpr: i_item_id is not null (type: boolean)\n                  Statistics: Num rows: 48000 Data size: 68732712 Basic stats: COMPLETE Column stats: NONE\n                  Filter Operator\n                    predicate: i_item_id is not null (type: boolean)\n                    Statistics: Num rows: 24000 Data size: 34366356 Basic stats: COMPLETE Column stats: NONE\n                    Map Join Operator\n                      condition map:\n                           Inner Join 0 to 1\n                      condition expressions:\n                        0 {d_date_sk}\n                        1 {i_item_sk} {i_item_id}\n                      keys:\n                        0 \n                        1 \n                      outputColumnNames: _col0, _col31, _col32\n                      input vertices:\n                        0 Map 9\n                      Statistics: Num rows: 26400 Data size: 37802992 Basic stats: COMPLETE Column stats: NONE\n                      Reduce Output Operator\n                        sort order: \n                        Statistics: Num rows: 26400 Data size: 37802992 Basic stats: COMPLETE Column stats: NONE\n                        value expressions: _col0 (type: int), _col31 (type: int), _col32 (type: string)\n            Execution mode: vectorized\n        Map 21 \n            Map Operator Tree:\n                TableScan\n                  alias: customer_address\n                  filterExpr: (ca_gmt_offset = UDFToFloat((- 6))) (type: boolean)\n                  Statistics: Num rows: 800000 Data size: 811903688 Basic stats: COMPLETE Column stats: NONE\n                  Filter Operator\n                    predicate: (ca_gmt_offset = UDFToFloat((- 6))) (type: boolean)\n                    Statistics: Num rows: 400000 Data size: 405951844 Basic stats: COMPLETE Column stats: NONE\n                    Map Join Operator\n                      condition map:\n                           Inner Join 0 to 1\n                      condition expressions:\n                        0 {_col0} {_col31} {_col32}\n                        1 {ca_address_sk}\n                      keys:\n                        0 \n                        1 \n                      outputColumnNames: _col0, _col31, _col32, _col56\n                      input vertices:\n                        0 Map 8\n                      Statistics: Num rows: 440000 Data size: 446547040 Basic stats: COMPLETE Column stats: NONE\n                      Reduce Output Operator\n                        sort order: \n                        Statistics: Num rows: 440000 Data size: 446547040 Basic stats: COMPLETE Column stats: NONE\n                        value expressions: _col0 (type: int), _col31 (type: int), _col32 (type: string), _col56 (type: int)\n            Execution mode: vectorized\n        Map 22 \n            Map Operator Tree:\n                TableScan\n                  alias: customer_address\n                  filterExpr: (ca_gmt_offset = UDFToFloat((- 6))) (type: boolean)\n                  Statistics: Num rows: 800000 Data size: 811903688 Basic stats: COMPLETE Column stats: NONE\n                  Filter Operator\n                    predicate: (ca_gmt_offset = UDFToFloat((- 6))) (type: boolean)\n                    Statistics: Num rows: 400000 Data size: 405951844 Basic stats: COMPLETE Column stats: NONE\n                    Map Join Operator\n                      condition map:\n                           Inner Join 0 to 1\n                      condition expressions:\n                        0 {_col0} {_col31} {_col32}\n                        1 {ca_address_sk}\n                      keys:\n                        0 \n                        1 \n                      outputColumnNames: _col0, _col31, _col32, _col56\n                      input vertices:\n                        0 Map 20\n                      Statistics: Num rows: 440000 Data size: 446547040 Basic stats: COMPLETE Column stats: NONE\n                      Reduce Output Operator\n                        sort order: \n                        Statistics: Num rows: 440000 Data size: 446547040 Basic stats: COMPLETE Column stats: NONE\n                        value expressions: _col0 (type: int), _col31 (type: int), _col32 (type: string), _col56 (type: int)\n            Execution mode: vectorized\n        Map 8 \n            Map Operator Tree:\n                TableScan\n                  alias: item\n                  filterExpr: i_item_id is not null (type: boolean)\n                  Statistics: Num rows: 48000 Data size: 68732712 Basic stats: COMPLETE Column stats: NONE\n                  Filter Operator\n                    predicate: i_item_id is not null (type: boolean)\n                    Statistics: Num rows: 24000 Data size: 34366356 Basic stats: COMPLETE Column stats: NONE\n                    Map Join Operator\n                      condition map:\n                           Inner Join 0 to 1\n                      condition expressions:\n                        0 {d_date_sk}\n                        1 {i_item_sk} {i_item_id}\n                      keys:\n                        0 \n                        1 \n                      outputColumnNames: _col0, _col31, _col32\n                      input vertices:\n                        0 Map 19\n                      Statistics: Num rows: 26400 Data size: 37802992 Basic stats: COMPLETE Column stats: NONE\n                      Reduce Output Operator\n                        sort order: \n                        Statistics: Num rows: 26400 Data size: 37802992 Basic stats: COMPLETE Column stats: NONE\n                        value expressions: _col0 (type: int), _col31 (type: int), _col32 (type: string)\n            Execution mode: vectorized\n        Map 9 \n            Map Operator Tree:\n                TableScan\n                  alias: date_dim\n                  filterExpr: ((d_year = 2001) and (d_moy = 1)) (type: boolean)\n                  Statistics: Num rows: 73049 Data size: 81741831 Basic stats: COMPLETE Column stats: NONE\n                  Filter Operator\n                    predicate: ((d_year = 2001) and (d_moy = 1)) (type: boolean)\n                    Statistics: Num rows: 18262 Data size: 20435178 Basic stats: COMPLETE Column stats: NONE\n                    Reduce Output Operator\n                      sort order: \n                      Statistics: Num rows: 18262 Data size: 20435178 Basic stats: COMPLETE Column stats: NONE\n                      value expressions: d_date_sk (type: int)\n            Execution mode: vectorized\n        Reducer 15 \n            Reduce Operator Tree:\n              Group By Operator\n                aggregations: sum(VALUE._col0)\n                keys: KEY._col0 (type: string)\n                mode: mergepartial\n                outputColumnNames: _col0, _col1\n                Select Operator\n                  expressions: _col0 (type: string), _col1 (type: double)\n                  outputColumnNames: _col0, _col1\n                  Select Operator\n                    expressions: _col0 (type: string), _col1 (type: double)\n                    outputColumnNames: _col0, _col1\n                    Group By Operator\n                      aggregations: sum(_col1)\n                      keys: _col0 (type: string)\n                      mode: hash\n                      outputColumnNames: _col0, _col1\n                      Reduce Output Operator\n                        key expressions: _col0 (type: string)\n                        sort order: +\n                        Map-reduce partition columns: _col0 (type: string)\n                        value expressions: _col1 (type: double)\n        Reducer 18 \n            Reduce Operator Tree:\n              Group By Operator\n                aggregations: sum(VALUE._col0)\n                keys: KEY._col0 (type: string)\n                mode: mergepartial\n                outputColumnNames: _col0, _col1\n                Select Operator\n                  expressions: _col0 (type: string), _col1 (type: double)\n                  outputColumnNames: _col0, _col1\n                  Select Operator\n                    expressions: _col0 (type: string), _col1 (type: double)\n                    outputColumnNames: _col0, _col1\n                    Select Operator\n                      expressions: _col0 (type: string), _col1 (type: double)\n                      outputColumnNames: _col0, _col1\n                      Group By Operator\n                        aggregations: sum(_col1)\n                        keys: _col0 (type: string)\n                        mode: hash\n                        outputColumnNames: _col0, _col1\n                        Reduce Output Operator\n                          key expressions: _col0 (type: string)\n                          sort order: +\n                          Map-reduce partition columns: _col0 (type: string)\n                          value expressions: _col1 (type: double)\n        Reducer 3 \n            Reduce Operator Tree:\n              Group By Operator\n                aggregations: sum(VALUE._col0)\n                keys: KEY._col0 (type: string)\n                mode: mergepartial\n                outputColumnNames: _col0, _col1\n                Select Operator\n                  expressions: _col0 (type: string), _col1 (type: double)\n                  outputColumnNames: _col0, _col1\n                  Select Operator\n                    expressions: _col0 (type: string), _col1 (type: double)\n                    outputColumnNames: _col0, _col1\n                    Select Operator\n                      expressions: _col0 (type: string), _col1 (type: double)\n                      outputColumnNames: _col0, _col1\n                      Group By Operator\n                        aggregations: sum(_col1)\n                        keys: _col0 (type: string)\n                        mode: hash\n                        outputColumnNames: _col0, _col1\n                        Reduce Output Operator\n                          key expressions: _col0 (type: string)\n                          sort order: +\n                          Map-reduce partition columns: _col0 (type: string)\n                          value expressions: _col1 (type: double)\n        Reducer 5 \n            Reduce Operator Tree:\n              Group By Operator\n                aggregations: sum(VALUE._col0)\n                keys: KEY._col0 (type: string)\n                mode: mergepartial\n                outputColumnNames: _col0, _col1\n                Statistics: Num rows: 37078679 Data size: 3936870912 Basic stats: COMPLETE Column stats: NONE\n                Select Operator\n                  expressions: _col0 (type: string), _col1 (type: double)\n                  outputColumnNames: _col0, _col1\n                  Statistics: Num rows: 37078679 Data size: 3936870912 Basic stats: COMPLETE Column stats: NONE\n                  Reduce Output Operator\n                    key expressions: _col1 (type: double)\n                    sort order: +\n                    Statistics: Num rows: 37078679 Data size: 3936870912 Basic stats: COMPLETE Column stats: NONE\n                    TopN Hash Memory Usage: 0.04\n                    value expressions: _col0 (type: string)\n            Execution mode: vectorized\n        Reducer 6 \n            Reduce Operator Tree:\n              Select Operator\n                expressions: VALUE._col0 (type: string), KEY.reducesinkkey0 (type: double)\n                outputColumnNames: _col0, _col1\n                Statistics: Num rows: 37078679 Data size: 3936870912 Basic stats: COMPLETE Column stats: NONE\n                Limit\n                  Number of rows: 100\n                  Statistics: Num rows: 100 Data size: 10600 Basic stats: COMPLETE Column stats: NONE\n                  Reduce Output Operator\n                    sort order: \n                    Statistics: Num rows: 100 Data size: 10600 Basic stats: COMPLETE Column stats: NONE\n                    TopN Hash Memory Usage: 0.04\n                    value expressions: _col0 (type: string), _col1 (type: double)\n            Execution mode: vectorized\n        Reducer 7 \n            Reduce Operator Tree:\n              Select Operator\n                expressions: VALUE._col0 (type: string), VALUE._col1 (type: double)\n                outputColumnNames: _col0, _col1\n                Statistics: Num rows: 100 Data size: 10600 Basic stats: COMPLETE Column stats: NONE\n                Limit\n                  Number of rows: 100\n                  Statistics: Num rows: 100 Data size: 10600 Basic stats: COMPLETE Column stats: NONE\n                  Select Operator\n                    expressions: _col0 (type: string), _col1 (type: double)\n                    outputColumnNames: _col0, _col1\n                    Statistics: Num rows: 100 Data size: 10600 Basic stats: COMPLETE Column stats: NONE\n                    File Output Operator\n                      compressed: false\n                      Statistics: Num rows: 100 Data size: 10600 Basic stats: COMPLETE Column stats: NONE\n                      table:\n                          input format: org.apache.hadoop.mapred.TextInputFormat\n                          output format: org.apache.hadoop.hive.ql.io.HiveIgnoreKeyTextOutputFormat\n                          serde: org.apache.hadoop.hive.serde2.lazy.LazySimpleSerDe\n            Execution mode: vectorized\n        Union 4 \n            Vertex: Union 4\n\n  Stage: Stage-0\n    Fetch Operator\n      limit: -1\n      Processor Tree:\n        ListSink\n\n{code}","updateAuthor":{"self":"https://issues.apache.org/jira/rest/api/2/user?username=mmokhtar","name":"mmokhtar","key":"mmokhtar","avatarUrls":{"48x48":"https://issues.apache.org/jira/secure/useravatar?ownerId=mmokhtar&avatarId=21863","24x24":"https://issues.apache.org/jira/secure/useravatar?size=small&ownerId=mmokhtar&avatarId=21863","16x16":"https://issues.apache.org/jira/secure/useravatar?size=xsmall&ownerId=mmokhtar&avatarId=21863","32x32":"https://issues.apache.org/jira/secure/useravatar?size=medium&ownerId=mmokhtar&avatarId=21863"},"displayName":"Mostafa Mokhtar","active":true,"timeZone":"America/Los_Angeles"},"created":"2014-09-17T19:13:25.321+0000","updated":"2014-09-17T19:13:25.321+0000"},{"self":"https://issues.apache.org/jira/rest/api/2/issue/12739190/comment/14167938","id":"14167938","author":{"self":"https://issues.apache.org/jira/rest/api/2/user?username=jpullokkaran","name":"jpullokkaran","key":"jpullokkaran","avatarUrls":{"48x48":"https://issues.apache.org/jira/secure/useravatar?avatarId=10452","24x24":"https://issues.apache.org/jira/secure/useravatar?size=small&avatarId=10452","16x16":"https://issues.apache.org/jira/secure/useravatar?size=xsmall&avatarId=10452","32x32":"https://issues.apache.org/jira/secure/useravatar?size=medium&avatarId=10452"},"displayName":"Laljo John Pullokkaran","active":true,"timeZone":"America/Los_Angeles"},"body":"Need to wait for OPTIQ-438 to get checked in.","updateAuthor":{"self":"https://issues.apache.org/jira/rest/api/2/user?username=jpullokkaran","name":"jpullokkaran","key":"jpullokkaran","avatarUrls":{"48x48":"https://issues.apache.org/jira/secure/useravatar?avatarId=10452","24x24":"https://issues.apache.org/jira/secure/useravatar?size=small&avatarId=10452","16x16":"https://issues.apache.org/jira/secure/useravatar?size=xsmall&avatarId=10452","32x32":"https://issues.apache.org/jira/secure/useravatar?size=medium&avatarId=10452"},"displayName":"Laljo John Pullokkaran","active":true,"timeZone":"America/Los_Angeles"},"created":"2014-10-11T01:54:57.024+0000","updated":"2014-10-11T01:54:57.024+0000"},{"self":"https://issues.apache.org/jira/rest/api/2/issue/12739190/comment/14177727","id":"14177727","author":{"self":"https://issues.apache.org/jira/rest/api/2/user?username=jpullokkaran","name":"jpullokkaran","key":"jpullokkaran","avatarUrls":{"48x48":"https://issues.apache.org/jira/secure/useravatar?avatarId=10452","24x24":"https://issues.apache.org/jira/secure/useravatar?size=small&avatarId=10452","16x16":"https://issues.apache.org/jira/secure/useravatar?size=xsmall&avatarId=10452","32x32":"https://issues.apache.org/jira/secure/useravatar?size=medium&avatarId=10452"},"displayName":"Laljo John Pullokkaran","active":true,"timeZone":"America/Los_Angeles"},"body":"Hive Side patch for PPD through SemiJoinRel.","updateAuthor":{"self":"https://issues.apache.org/jira/rest/api/2/user?username=jpullokkaran","name":"jpullokkaran","key":"jpullokkaran","avatarUrls":{"48x48":"https://issues.apache.org/jira/secure/useravatar?avatarId=10452","24x24":"https://issues.apache.org/jira/secure/useravatar?size=small&avatarId=10452","16x16":"https://issues.apache.org/jira/secure/useravatar?size=xsmall&avatarId=10452","32x32":"https://issues.apache.org/jira/secure/useravatar?size=medium&avatarId=10452"},"displayName":"Laljo John Pullokkaran","active":true,"timeZone":"America/Los_Angeles"},"created":"2014-10-21T00:45:08.075+0000","updated":"2014-10-21T00:45:08.075+0000"},{"self":"https://issues.apache.org/jira/rest/api/2/issue/12739190/comment/14177740","id":"14177740","author":{"self":"https://issues.apache.org/jira/rest/api/2/user?username=jpullokkaran","name":"jpullokkaran","key":"jpullokkaran","avatarUrls":{"48x48":"https://issues.apache.org/jira/secure/useravatar?avatarId=10452","24x24":"https://issues.apache.org/jira/secure/useravatar?size=small&avatarId=10452","16x16":"https://issues.apache.org/jira/secure/useravatar?size=xsmall&avatarId=10452","32x32":"https://issues.apache.org/jira/secure/useravatar?size=medium&avatarId=10452"},"displayName":"Laljo John Pullokkaran","active":true,"timeZone":"America/Los_Angeles"},"body":"Need to wait for HIVE-8522","updateAuthor":{"self":"https://issues.apache.org/jira/rest/api/2/user?username=jpullokkaran","name":"jpullokkaran","key":"jpullokkaran","avatarUrls":{"48x48":"https://issues.apache.org/jira/secure/useravatar?avatarId=10452","24x24":"https://issues.apache.org/jira/secure/useravatar?size=small&avatarId=10452","16x16":"https://issues.apache.org/jira/secure/useravatar?size=xsmall&avatarId=10452","32x32":"https://issues.apache.org/jira/secure/useravatar?size=medium&avatarId=10452"},"displayName":"Laljo John Pullokkaran","active":true,"timeZone":"America/Los_Angeles"},"created":"2014-10-21T00:51:54.682+0000","updated":"2014-10-21T00:51:54.682+0000"},{"self":"https://issues.apache.org/jira/rest/api/2/issue/12739190/comment/14180424","id":"14180424","author":{"self":"https://issues.apache.org/jira/rest/api/2/user?username=ashutoshc","name":"ashutoshc","key":"ashutoshc","avatarUrls":{"48x48":"https://issues.apache.org/jira/secure/useravatar?avatarId=10452","24x24":"https://issues.apache.org/jira/secure/useravatar?size=small&avatarId=10452","16x16":"https://issues.apache.org/jira/secure/useravatar?size=xsmall&avatarId=10452","32x32":"https://issues.apache.org/jira/secure/useravatar?size=medium&avatarId=10452"},"displayName":"Ashutosh Chauhan","active":true,"timeZone":"America/Los_Angeles"},"body":"+1","updateAuthor":{"self":"https://issues.apache.org/jira/rest/api/2/user?username=ashutoshc","name":"ashutoshc","key":"ashutoshc","avatarUrls":{"48x48":"https://issues.apache.org/jira/secure/useravatar?avatarId=10452","24x24":"https://issues.apache.org/jira/secure/useravatar?size=small&avatarId=10452","16x16":"https://issues.apache.org/jira/secure/useravatar?size=xsmall&avatarId=10452","32x32":"https://issues.apache.org/jira/secure/useravatar?size=medium&avatarId=10452"},"displayName":"Ashutosh Chauhan","active":true,"timeZone":"America/Los_Angeles"},"created":"2014-10-22T19:52:19.896+0000","updated":"2014-10-22T19:52:19.896+0000"},{"self":"https://issues.apache.org/jira/rest/api/2/issue/12739190/comment/14180568","id":"14180568","author":{"self":"https://issues.apache.org/jira/rest/api/2/user?username=hagleitn","name":"hagleitn","key":"hagleitn","avatarUrls":{"48x48":"https://issues.apache.org/jira/secure/useravatar?ownerId=hagleitn&avatarId=16035","24x24":"https://issues.apache.org/jira/secure/useravatar?size=small&ownerId=hagleitn&avatarId=16035","16x16":"https://issues.apache.org/jira/secure/useravatar?size=xsmall&ownerId=hagleitn&avatarId=16035","32x32":"https://issues.apache.org/jira/secure/useravatar?size=medium&ownerId=hagleitn&avatarId=16035"},"displayName":"Gunther Hagleitner","active":true,"timeZone":"America/Los_Angeles"},"body":"reuploading patch. seems test run was aborted.","updateAuthor":{"self":"https://issues.apache.org/jira/rest/api/2/user?username=hagleitn","name":"hagleitn","key":"hagleitn","avatarUrls":{"48x48":"https://issues.apache.org/jira/secure/useravatar?ownerId=hagleitn&avatarId=16035","24x24":"https://issues.apache.org/jira/secure/useravatar?size=small&ownerId=hagleitn&avatarId=16035","16x16":"https://issues.apache.org/jira/secure/useravatar?size=xsmall&ownerId=hagleitn&avatarId=16035","32x32":"https://issues.apache.org/jira/secure/useravatar?size=medium&ownerId=hagleitn&avatarId=16035"},"displayName":"Gunther Hagleitner","active":true,"timeZone":"America/Los_Angeles"},"created":"2014-10-22T21:33:16.880+0000","updated":"2014-10-22T21:33:16.880+0000"},{"self":"https://issues.apache.org/jira/rest/api/2/issue/12739190/comment/14180608","id":"14180608","author":{"self":"https://issues.apache.org/jira/rest/api/2/user?username=hiveqa","name":"hiveqa","key":"hiveqa","avatarUrls":{"48x48":"https://issues.apache.org/jira/secure/useravatar?ownerId=hiveqa&avatarId=17060","24x24":"https://issues.apache.org/jira/secure/useravatar?size=small&ownerId=hiveqa&avatarId=17060","16x16":"https://issues.apache.org/jira/secure/useravatar?size=xsmall&ownerId=hiveqa&avatarId=17060","32x32":"https://issues.apache.org/jira/secure/useravatar?size=medium&ownerId=hiveqa&avatarId=17060"},"displayName":"Hive QA","active":true,"timeZone":"America/Chicago"},"body":"\n\n{color:red}Overall{color}: -1 at least one tests failed\n\nHere are the results of testing the latest attachment:\nhttps://issues.apache.org/jira/secure/attachment/12675995/HIVE-7985.1.patch\n\n{color:red}ERROR:{color} -1 due to 3 failed/errored test(s), 6575 tests executed\n*Failed tests:*\n{noformat}\norg.apache.hadoop.hive.cli.TestCliDriver.testCliDriver_annotate_stats_join_pkfk\norg.apache.hadoop.hive.cli.TestMinimrCliDriver.testCliDriver_schemeAuthority\norg.apache.hive.minikdc.TestJdbcWithMiniKdc.testNegativeTokenAuth\n{noformat}\n\nTest results: http://ec2-174-129-184-35.compute-1.amazonaws.com/jenkins/job/PreCommit-HIVE-TRUNK-Build/1397/testReport\nConsole output: http://ec2-174-129-184-35.compute-1.amazonaws.com/jenkins/job/PreCommit-HIVE-TRUNK-Build/1397/console\nTest logs: http://ec2-174-129-184-35.compute-1.amazonaws.com/logs/PreCommit-HIVE-TRUNK-Build-1397/\n\nMessages:\n{noformat}\nExecuting org.apache.hive.ptest.execution.PrepPhase\nExecuting org.apache.hive.ptest.execution.ExecutionPhase\nExecuting org.apache.hive.ptest.execution.ReportingPhase\nTests exited with: TestsFailedException: 3 tests failed\n{noformat}\n\nThis message is automatically generated.\n\nATTACHMENT ID: 12675995 - PreCommit-HIVE-TRUNK-Build","updateAuthor":{"self":"https://issues.apache.org/jira/rest/api/2/user?username=hiveqa","name":"hiveqa","key":"hiveqa","avatarUrls":{"48x48":"https://issues.apache.org/jira/secure/useravatar?ownerId=hiveqa&avatarId=17060","24x24":"https://issues.apache.org/jira/secure/useravatar?size=small&ownerId=hiveqa&avatarId=17060","16x16":"https://issues.apache.org/jira/secure/useravatar?size=xsmall&ownerId=hiveqa&avatarId=17060","32x32":"https://issues.apache.org/jira/secure/useravatar?size=medium&ownerId=hiveqa&avatarId=17060"},"displayName":"Hive QA","active":true,"timeZone":"America/Chicago"},"created":"2014-10-22T22:00:01.367+0000","updated":"2014-10-22T22:00:01.367+0000"},{"self":"https://issues.apache.org/jira/rest/api/2/issue/12739190/comment/14180829","id":"14180829","author":{"self":"https://issues.apache.org/jira/rest/api/2/user?username=jpullokkaran","name":"jpullokkaran","key":"jpullokkaran","avatarUrls":{"48x48":"https://issues.apache.org/jira/secure/useravatar?avatarId=10452","24x24":"https://issues.apache.org/jira/secure/useravatar?size=small&avatarId=10452","16x16":"https://issues.apache.org/jira/secure/useravatar?size=xsmall&avatarId=10452","32x32":"https://issues.apache.org/jira/secure/useravatar?size=medium&avatarId=10452"},"displayName":"Laljo John Pullokkaran","active":true,"timeZone":"America/Los_Angeles"},"body":"These failures are not related to CBO.","updateAuthor":{"self":"https://issues.apache.org/jira/rest/api/2/user?username=jpullokkaran","name":"jpullokkaran","key":"jpullokkaran","avatarUrls":{"48x48":"https://issues.apache.org/jira/secure/useravatar?avatarId=10452","24x24":"https://issues.apache.org/jira/secure/useravatar?size=small&avatarId=10452","16x16":"https://issues.apache.org/jira/secure/useravatar?size=xsmall&avatarId=10452","32x32":"https://issues.apache.org/jira/secure/useravatar?size=medium&avatarId=10452"},"displayName":"Laljo John Pullokkaran","active":true,"timeZone":"America/Los_Angeles"},"created":"2014-10-23T00:47:07.299+0000","updated":"2014-10-23T00:47:07.299+0000"},{"self":"https://issues.apache.org/jira/rest/api/2/issue/12739190/comment/14180888","id":"14180888","author":{"self":"https://issues.apache.org/jira/rest/api/2/user?username=vikram.dixit","name":"vikram.dixit","key":"vikram.dixit","avatarUrls":{"48x48":"https://issues.apache.org/jira/secure/useravatar?avatarId=10452","24x24":"https://issues.apache.org/jira/secure/useravatar?size=small&avatarId=10452","16x16":"https://issues.apache.org/jira/secure/useravatar?size=xsmall&avatarId=10452","32x32":"https://issues.apache.org/jira/secure/useravatar?size=medium&avatarId=10452"},"displayName":"Vikram Dixit K","active":true,"timeZone":"America/Los_Angeles"},"body":"+1 for 0.14\n","updateAuthor":{"self":"https://issues.apache.org/jira/rest/api/2/user?username=vikram.dixit","name":"vikram.dixit","key":"vikram.dixit","avatarUrls":{"48x48":"https://issues.apache.org/jira/secure/useravatar?avatarId=10452","24x24":"https://issues.apache.org/jira/secure/useravatar?size=small&avatarId=10452","16x16":"https://issues.apache.org/jira/secure/useravatar?size=xsmall&avatarId=10452","32x32":"https://issues.apache.org/jira/secure/useravatar?size=medium&avatarId=10452"},"displayName":"Vikram Dixit K","active":true,"timeZone":"America/Los_Angeles"},"created":"2014-10-23T01:40:24.092+0000","updated":"2014-10-23T01:40:24.092+0000"},{"self":"https://issues.apache.org/jira/rest/api/2/issue/12739190/comment/14180893","id":"14180893","author":{"self":"https://issues.apache.org/jira/rest/api/2/user?username=hiveqa","name":"hiveqa","key":"hiveqa","avatarUrls":{"48x48":"https://issues.apache.org/jira/secure/useravatar?ownerId=hiveqa&avatarId=17060","24x24":"https://issues.apache.org/jira/secure/useravatar?size=small&ownerId=hiveqa&avatarId=17060","16x16":"https://issues.apache.org/jira/secure/useravatar?size=xsmall&ownerId=hiveqa&avatarId=17060","32x32":"https://issues.apache.org/jira/secure/useravatar?size=medium&ownerId=hiveqa&avatarId=17060"},"displayName":"Hive QA","active":true,"timeZone":"America/Chicago"},"body":"\n\n{color:red}Overall{color}: -1 at least one tests failed\n\nHere are the results of testing the latest attachment:\nhttps://issues.apache.org/jira/secure/attachment/12676432/HIVE-7985.2.patch\n\n{color:red}ERROR:{color} -1 due to 3 failed/errored test(s), 6576 tests executed\n*Failed tests:*\n{noformat}\norg.apache.hadoop.hive.cli.TestCliDriver.testCliDriver_annotate_stats_join_pkfk\norg.apache.hadoop.hive.cli.TestCliDriver.testCliDriver_udaf_histogram_numeric\norg.apache.hive.minikdc.TestJdbcWithMiniKdc.testNegativeTokenAuth\n{noformat}\n\nTest results: http://ec2-174-129-184-35.compute-1.amazonaws.com/jenkins/job/PreCommit-HIVE-TRUNK-Build/1402/testReport\nConsole output: http://ec2-174-129-184-35.compute-1.amazonaws.com/jenkins/job/PreCommit-HIVE-TRUNK-Build/1402/console\nTest logs: http://ec2-174-129-184-35.compute-1.amazonaws.com/logs/PreCommit-HIVE-TRUNK-Build-1402/\n\nMessages:\n{noformat}\nExecuting org.apache.hive.ptest.execution.PrepPhase\nExecuting org.apache.hive.ptest.execution.ExecutionPhase\nExecuting org.apache.hive.ptest.execution.ReportingPhase\nTests exited with: TestsFailedException: 3 tests failed\n{noformat}\n\nThis message is automatically generated.\n\nATTACHMENT ID: 12676432 - PreCommit-HIVE-TRUNK-Build","updateAuthor":{"self":"https://issues.apache.org/jira/rest/api/2/user?username=hiveqa","name":"hiveqa","key":"hiveqa","avatarUrls":{"48x48":"https://issues.apache.org/jira/secure/useravatar?ownerId=hiveqa&avatarId=17060","24x24":"https://issues.apache.org/jira/secure/useravatar?size=small&ownerId=hiveqa&avatarId=17060","16x16":"https://issues.apache.org/jira/secure/useravatar?size=xsmall&ownerId=hiveqa&avatarId=17060","32x32":"https://issues.apache.org/jira/secure/useravatar?size=medium&ownerId=hiveqa&avatarId=17060"},"displayName":"Hive QA","active":true,"timeZone":"America/Chicago"},"created":"2014-10-23T01:48:36.434+0000","updated":"2014-10-23T01:48:36.434+0000"},{"self":"https://issues.apache.org/jira/rest/api/2/issue/12739190/comment/14180929","id":"14180929","author":{"self":"https://issues.apache.org/jira/rest/api/2/user?username=hagleitn","name":"hagleitn","key":"hagleitn","avatarUrls":{"48x48":"https://issues.apache.org/jira/secure/useravatar?ownerId=hagleitn&avatarId=16035","24x24":"https://issues.apache.org/jira/secure/useravatar?size=small&ownerId=hagleitn&avatarId=16035","16x16":"https://issues.apache.org/jira/secure/useravatar?size=xsmall&ownerId=hagleitn&avatarId=16035","32x32":"https://issues.apache.org/jira/secure/useravatar?size=medium&ownerId=hagleitn&avatarId=16035"},"displayName":"Gunther Hagleitner","active":true,"timeZone":"America/Los_Angeles"},"body":"Committed to branch .14 and trunk. Thanks [~jpullokkaran] and [~ashutoshc]!","updateAuthor":{"self":"https://issues.apache.org/jira/rest/api/2/user?username=hagleitn","name":"hagleitn","key":"hagleitn","avatarUrls":{"48x48":"https://issues.apache.org/jira/secure/useravatar?ownerId=hagleitn&avatarId=16035","24x24":"https://issues.apache.org/jira/secure/useravatar?size=small&ownerId=hagleitn&avatarId=16035","16x16":"https://issues.apache.org/jira/secure/useravatar?size=xsmall&ownerId=hagleitn&avatarId=16035","32x32":"https://issues.apache.org/jira/secure/useravatar?size=medium&ownerId=hagleitn&avatarId=16035"},"displayName":"Gunther Hagleitner","active":true,"timeZone":"America/Los_Angeles"},"created":"2014-10-23T02:23:08.031+0000","updated":"2014-10-23T02:23:08.031+0000"},{"self":"https://issues.apache.org/jira/rest/api/2/issue/12739190/comment/14210798","id":"14210798","author":{"self":"https://issues.apache.org/jira/rest/api/2/user?username=thejas","name":"thejas","key":"thejas","avatarUrls":{"48x48":"https://issues.apache.org/jira/secure/useravatar?ownerId=thejas&avatarId=15902","24x24":"https://issues.apache.org/jira/secure/useravatar?size=small&ownerId=thejas&avatarId=15902","16x16":"https://issues.apache.org/jira/secure/useravatar?size=xsmall&ownerId=thejas&avatarId=15902","32x32":"https://issues.apache.org/jira/secure/useravatar?size=medium&ownerId=thejas&avatarId=15902"},"displayName":"Thejas M Nair","active":true,"timeZone":"America/Los_Angeles"},"body":"This has been fixed in 0.14 release. Please open new jira if you see any issues.\n","updateAuthor":{"self":"https://issues.apache.org/jira/rest/api/2/user?username=thejas","name":"thejas","key":"thejas","avatarUrls":{"48x48":"https://issues.apache.org/jira/secure/useravatar?ownerId=thejas&avatarId=15902","24x24":"https://issues.apache.org/jira/secure/useravatar?size=small&ownerId=thejas&avatarId=15902","16x16":"https://issues.apache.org/jira/secure/useravatar?size=xsmall&ownerId=thejas&avatarId=15902","32x32":"https://issues.apache.org/jira/secure/useravatar?size=medium&ownerId=thejas&avatarId=15902"},"displayName":"Thejas M Nair","active":true,"timeZone":"America/Los_Angeles"},"created":"2014-11-13T19:42:39.289+0000","updated":"2014-11-13T19:42:39.289+0000"}],"maxResults":12,"total":12,"startAt":0},"votes":{"self":"https://issues.apache.org/jira/rest/api/2/issue/HIVE-7985/votes","votes":0,"hasVoted":false},"worklog":{"startAt":0,"maxResults":20,"total":0,"worklogs":[]},"customfield_12311820":"0|i1zozr:"}}