{"expand":"renderedFields,names,schema,operations,editmeta,changelog,versionedRepresentations","id":"13017668","self":"https://issues.apache.org/jira/rest/api/2/issue/13017668","key":"HIVE-15117","fields":{"issuetype":{"self":"https://issues.apache.org/jira/rest/api/2/issuetype/1","id":"1","description":"A problem which impairs or prevents the functions of the product.","iconUrl":"https://issues.apache.org/jira/secure/viewavatar?size=xsmall&avatarId=21133&avatarType=issuetype","name":"Bug","subtask":false,"avatarId":21133},"timespent":null,"project":{"self":"https://issues.apache.org/jira/rest/api/2/project/12310843","id":"12310843","key":"HIVE","name":"Hive","avatarUrls":{"48x48":"https://issues.apache.org/jira/secure/projectavatar?pid=12310843&avatarId=11935","24x24":"https://issues.apache.org/jira/secure/projectavatar?size=small&pid=12310843&avatarId=11935","16x16":"https://issues.apache.org/jira/secure/projectavatar?size=xsmall&pid=12310843&avatarId=11935","32x32":"https://issues.apache.org/jira/secure/projectavatar?size=medium&pid=12310843&avatarId=11935"},"projectCategory":{"self":"https://issues.apache.org/jira/rest/api/2/projectCategory/10292","id":"10292","description":"Scalable Distributed Computing","name":"Hadoop"}},"fixVersions":[{"self":"https://issues.apache.org/jira/rest/api/2/version/12332384","id":"12332384","name":"1.2.1","archived":false,"released":true,"releaseDate":"2015-06-26"}],"aggregatetimespent":null,"resolution":null,"customfield_12312322":null,"customfield_12310220":null,"customfield_12312520":null,"customfield_12312323":null,"customfield_12312521":"2016-11-03 14:54:00.511","customfield_12310420":"9223372036854775807","customfield_12312320":null,"customfield_12310222":null,"customfield_12312321":null,"resolutiondate":null,"workratio":-1,"customfield_12312328":null,"customfield_12312329":null,"customfield_12312923":null,"customfield_12312326":null,"customfield_12312920":null,"customfield_12310300":null,"customfield_12312327":null,"customfield_12312921":null,"customfield_12312324":null,"customfield_12312720":null,"customfield_12312325":null,"lastViewed":null,"watches":{"self":"https://issues.apache.org/jira/rest/api/2/issue/HIVE-15117/watchers","watchCount":1,"isWatching":false},"created":"2016-11-03T14:54:00.511+0000","customfield_12310192":null,"customfield_12310191":null,"priority":{"self":"https://issues.apache.org/jira/rest/api/2/priority/3","iconUrl":"https://issues.apache.org/jira/images/icons/priorities/major.svg","name":"Major","id":"3"},"labels":["bug"],"customfield_12312333":null,"customfield_12310230":null,"customfield_12312334":null,"customfield_12313422":"false","customfield_12310310":"0.0","customfield_12312331":null,"customfield_12312332":null,"timeestimate":null,"aggregatetimeoriginalestimate":null,"customfield_12311120":null,"customfield_12312330":null,"versions":[{"self":"https://issues.apache.org/jira/rest/api/2/version/12332384","id":"12332384","name":"1.2.1","archived":false,"released":true,"releaseDate":"2015-06-26"}],"issuelinks":[],"customfield_12312339":null,"assignee":null,"customfield_12312337":null,"customfield_12312338":null,"updated":"2016-11-03T14:54:00.511+0000","customfield_12312335":null,"customfield_12312336":null,"status":{"self":"https://issues.apache.org/jira/rest/api/2/status/1","description":"The issue is open and ready for the assignee to start work on it.","iconUrl":"https://issues.apache.org/jira/images/icons/statuses/open.png","name":"Open","id":"1","statusCategory":{"self":"https://issues.apache.org/jira/rest/api/2/statuscategory/2","id":2,"key":"new","colorName":"blue-gray","name":"To Do"}},"components":[{"self":"https://issues.apache.org/jira/rest/api/2/component/12325007","id":"12325007","name":"Hive"}],"timeoriginalestimate":null,"description":"sql with lateral view didn't push down partition column as expected!.\n\nhere is how it can be reproduced.\n\n1. *create test table*\n\n{quote}\n   create table test_lateral_view (id bigint,json_cont string) partitioned by (vt string);\n{quote}\n\n2. *explain below sql*\n\n{quote}\n\nselect   *\nfrom test_lateral_view a\nlateral view json_tuple(json_cont, 'iids', 'indexs') b as iids,indexs\nwhere a.vt = '2016-10-27'\nand rand()>0.5;\n{quote}\n\nhere is my result:\n\n{quote}\n\nSTAGE DEPENDENCIES:\n  Stage-0 is a root stage\n\nSTAGE PLANS:\n  Stage: Stage-0\n    Fetch Operator\n      limit: -1\n      Processor Tree:\n        TableScan\n          alias: a\n          Statistics: Num rows: 1 Data size: 0 Basic stats: PARTIAL Column stats: NONE\n          Lateral View Forward\n            Statistics: Num rows: 1 Data size: 0 Basic stats: PARTIAL Column stats: NONE\n            Select Operator\n              expressions: id (type: bigint), json_cont (type: string), vt (type: string)\n              outputColumnNames: id, json_cont, vt\n              Statistics: Num rows: 1 Data size: 0 Basic stats: PARTIAL Column stats: NONE\n              Lateral View Join Operator\n                outputColumnNames: _col0, _col1, _col2, _col6, _col7\n                Statistics: Num rows: 2 Data size: 0 Basic stats: PARTIAL Column stats: NONE\n                Filter Operator\n                  {color:red}\n                  predicate: ((_col2 = '2016-10-27') and (rand() > 0.5)) (type: boolean)\n                  {color:red}\n                  Statistics: Num rows: 1 Data size: 0 Basic stats: PARTIAL Column stats: NONE\n                  Select Operator\n                    expressions: _col0 (type: bigint), _col1 (type: string), '2016-10-27' (type: string), _col6 (type: string), _col7 (type: string)\n                    outputColumnNames: _col0, _col1, _col2, _col3, _col4\n                    Statistics: Num rows: 1 Data size: 0 Basic stats: PARTIAL Column stats: NONE\n                    ListSink\n            Select Operator\n              expressions: json_cont (type: string), 'iids' (type: string), 'indexs' (type: string)\n              outputColumnNames: _col0, _col1, _col2\n              Statistics: Num rows: 1 Data size: 0 Basic stats: PARTIAL Column stats: NONE\n              UDTF Operator\n                Statistics: Num rows: 1 Data size: 0 Basic stats: PARTIAL Column stats: NONE\n                function name: json_tuple\n                Lateral View Join Operator\n                  outputColumnNames: _col0, _col1, _col2, _col6, _col7\n                  Statistics: Num rows: 2 Data size: 0 Basic stats: PARTIAL Column stats: NONE\n                  Filter Operator\n                    predicate: ((_col2 = '2016-10-27') and (rand() > 0.5)) (type: boolean)\n                    Statistics: Num rows: 1 Data size: 0 Basic stats: PARTIAL Column stats: NONE\n                    Select Operator\n                      expressions: _col0 (type: bigint), _col1 (type: string), '2016-10-27' (type: string), _col6 (type: string), _col7 (type: string)\n                      outputColumnNames: _col0, _col1, _col2, _col3, _col4\n                      Statistics: Num rows: 1 Data size: 0 Basic stats: PARTIAL Column stats: NONE\n                      ListSink\n{quote}\n\n As you can see,the partition column is in filter operator,which means this sql will scan the whole table.\n\n\n","customfield_10010":null,"timetracking":{},"customfield_12312026":null,"customfield_12312023":null,"customfield_12310320":[{"self":"https://issues.apache.org/jira/rest/api/2/version/12332384","id":"12332384","name":"1.2.1","archived":false,"released":true,"releaseDate":"2015-06-26"}],"customfield_12312024":null,"customfield_12312340":null,"attachment":[],"aggregatetimeestimate":null,"customfield_12312341":null,"customfield_12312220":null,"customfield_12312022":null,"customfield_12310921":null,"customfield_12310920":"9223372036854775807","customfield_12312823":null,"summary":"Partition filters are not pushed down with lateral view and undeterministic UDF","creator":{"self":"https://issues.apache.org/jira/rest/api/2/user?username=longshangren","name":"longshangren","key":"longshangren","avatarUrls":{"48x48":"https://issues.apache.org/jira/secure/useravatar?avatarId=10452","24x24":"https://issues.apache.org/jira/secure/useravatar?size=small&avatarId=10452","16x16":"https://issues.apache.org/jira/secure/useravatar?size=xsmall&avatarId=10452","32x32":"https://issues.apache.org/jira/secure/useravatar?size=medium&avatarId=10452"},"displayName":"LongShangRen","active":true,"timeZone":"Etc/UTC"},"subtasks":[],"customfield_12310291":null,"reporter":{"self":"https://issues.apache.org/jira/rest/api/2/user?username=longshangren","name":"longshangren","key":"longshangren","avatarUrls":{"48x48":"https://issues.apache.org/jira/secure/useravatar?avatarId=10452","24x24":"https://issues.apache.org/jira/secure/useravatar?size=small&avatarId=10452","16x16":"https://issues.apache.org/jira/secure/useravatar?size=xsmall&avatarId=10452","32x32":"https://issues.apache.org/jira/secure/useravatar?size=medium&avatarId=10452"},"displayName":"LongShangRen","active":true,"timeZone":"Etc/UTC"},"customfield_12310290":null,"aggregateprogress":{"progress":0,"total":0},"customfield_12311024":null,"environment":null,"customfield_12313520":null,"customfield_12311020":null,"duedate":null,"customfield_12310250":null,"progress":{"progress":0,"total":0},"comment":{"comments":[],"maxResults":0,"total":0,"startAt":0},"votes":{"self":"https://issues.apache.org/jira/rest/api/2/issue/HIVE-15117/votes","votes":0,"hasVoted":false},"worklog":{"startAt":0,"maxResults":20,"total":0,"worklogs":[]},"customfield_12311820":"0|i35syv:"}}