{"expand":"renderedFields,names,schema,operations,editmeta,changelog,versionedRepresentations","id":"12778445","self":"https://issues.apache.org/jira/rest/api/2/issue/12778445","key":"HIVE-9821","fields":{"issuetype":{"self":"https://issues.apache.org/jira/rest/api/2/issuetype/1","id":"1","description":"A problem which impairs or prevents the functions of the product.","iconUrl":"https://issues.apache.org/jira/secure/viewavatar?size=xsmall&avatarId=21133&avatarType=issuetype","name":"Bug","subtask":false,"avatarId":21133},"timespent":null,"project":{"self":"https://issues.apache.org/jira/rest/api/2/project/12310843","id":"12310843","key":"HIVE","name":"Hive","avatarUrls":{"48x48":"https://issues.apache.org/jira/secure/projectavatar?pid=12310843&avatarId=11935","24x24":"https://issues.apache.org/jira/secure/projectavatar?size=small&pid=12310843&avatarId=11935","16x16":"https://issues.apache.org/jira/secure/projectavatar?size=xsmall&pid=12310843&avatarId=11935","32x32":"https://issues.apache.org/jira/secure/projectavatar?size=medium&pid=12310843&avatarId=11935"},"projectCategory":{"self":"https://issues.apache.org/jira/rest/api/2/projectCategory/10292","id":"10292","description":"Scalable Distributed Computing","name":"Hadoop"}},"fixVersions":[],"aggregatetimespent":null,"resolution":null,"customfield_12312322":null,"customfield_12310220":"2015-03-02T18:11:37.869+0000","customfield_12312520":null,"customfield_12312323":null,"customfield_12312521":"Mon Mar 02 18:11:37 UTC 2015","customfield_12310420":"9223372036854775807","customfield_12312320":null,"customfield_12310222":null,"customfield_12312321":null,"resolutiondate":null,"workratio":-1,"customfield_12312328":null,"customfield_12312329":null,"customfield_12312923":null,"customfield_12312326":null,"customfield_12312920":null,"customfield_12310300":null,"customfield_12312327":null,"customfield_12312921":null,"customfield_12312324":null,"customfield_12312720":null,"customfield_12312325":null,"lastViewed":null,"watches":{"self":"https://issues.apache.org/jira/rest/api/2/issue/HIVE-9821/watchers","watchCount":1,"isWatching":false},"created":"2015-02-28T05:54:43.012+0000","customfield_12310192":null,"customfield_12310191":null,"priority":{"self":"https://issues.apache.org/jira/rest/api/2/priority/2","iconUrl":"https://issues.apache.org/jira/images/icons/priorities/critical.svg","name":"Critical","id":"2"},"labels":[],"customfield_12312333":null,"customfield_12310230":null,"customfield_12312334":null,"customfield_12313422":"false","customfield_12310310":"0.0","customfield_12312331":null,"customfield_12312332":null,"timeestimate":null,"aggregatetimeoriginalestimate":null,"customfield_12311120":null,"customfield_12312330":null,"versions":[{"self":"https://issues.apache.org/jira/rest/api/2/version/12326450","id":"12326450","description":"released","name":"0.14.0","archived":false,"released":true,"releaseDate":"2014-11-12"}],"issuelinks":[],"customfield_12312339":null,"assignee":null,"customfield_12312337":null,"customfield_12312338":null,"updated":"2015-03-02T18:11:37.869+0000","customfield_12312335":null,"customfield_12312336":null,"status":{"self":"https://issues.apache.org/jira/rest/api/2/status/1","description":"The issue is open and ready for the assignee to start work on it.","iconUrl":"https://issues.apache.org/jira/images/icons/statuses/open.png","name":"Open","id":"1","statusCategory":{"self":"https://issues.apache.org/jira/rest/api/2/statuscategory/2","id":2,"key":"new","colorName":"blue-gray","name":"To Do"}},"components":[{"self":"https://issues.apache.org/jira/rest/api/2/component/12323402","id":"12323402","name":"CBO","description":"All issues dealing with Hive's cost based optimizer and its interaction with Optiq"}],"timeoriginalestimate":null,"description":"bq.Test case is( JOIN sub tree had been flatten after CBO in final plan stage of calcite optimizer)  \n{code:sql}\n--set  hive.cbo.enable=true;\n\n--ANALYZE TABLE customer COMPUTE STATISTICS for columns;\n--ANALYZE TABLE orders COMPUTE STATISTICS for columns;\n--ANALYZE TABLE lineitem COMPUTE STATISTICS for columns;\n--ANALYZE TABLE region COMPUTE STATISTICS for columns;\n--ANALYZE TABLE supplier COMPUTE STATISTICS for columns;\n--ANALYZE TABLE partsupp COMPUTE STATISTICS for columns;\n--ANALYZE TABLE part COMPUTE STATISTICS for columns;\n--ANALYZE TABLE nation COMPUTE STATISTICS for columns;\n\nexplain select\n  o_year, sum(case when nation = 'BRAZIL' then volume else 0.0 end) / sum(volume) as mkt_share\nfrom\n  (\nselect\n  year(o_orderdate) as o_year, l_extendedprice * (1-l_discount) as volume,\n  n2.n_name as nation\n    from\n    nation n1 join region r\n      on n1.n_regionkey = r.r_regionkey and r.r_name = 'AMERICA'\n    join customer c\n      on c.c_nationkey = n1.n_nationkey\n    join orders o\n      on c.c_custkey = o.o_custkey\n    join lineitem l\n      on l.l_orderkey = o.o_orderkey and o.o_orderdate >= '1995-01-01'\n         and o.o_orderdate < '1996-12-31'\n    join part p\n      on p.p_partkey = l.l_partkey and p.p_type = 'ECONOMY ANODIZED STEEL'\n    join supplier s\n      on s.s_suppkey = l.l_suppkey\n    join  nation n2\n      on s.s_nationkey = n2.n_nationkey\n  ) all_nation\ngroup by o_year\norder by o_year;\n{code}\nbq. This test from had modified q8 in TPC-H_full . Uncomment  could enable CBO. twice run results are same :\n{quote}\nSTAGE DEPENDENCIES:\n  Stage-1 is a root stage\n  Stage-2 depends on stages: Stage-1, Stage-7\n  Stage-3 depends on stages: Stage-2, Stage-10\n  Stage-4 depends on stages: Stage-3\n  Stage-5 depends on stages: Stage-4\n  Stage-7 is a root stage\n  Stage-9 is a root stage\n  Stage-10 depends on stages: Stage-9, Stage-12\n  Stage-12 is a root stage\n  Stage-0 depends on stages: Stage-5\n\nSTAGE PLANS:\n  Stage: Stage-1\n    Map Reduce\n      Map Operator Tree:\n          TableScan\n            alias: l\n            Statistics: Num rows: 27137974 Data size: 759863296 Basic stats: COMPLETE Column stats: NONE\n            Filter Operator\n              predicate: ((l_partkey is not null and l_suppkey is not null) and l_orderkey is not null) (type: boolean)\n              Statistics: Num rows: 3392247 Data size: 94982919 Basic stats: COMPLETE Column stats: NONE\n              Select Operator\n                expressions: l_orderkey (type: int), l_partkey (type: int), l_suppkey (type: int), l_extendedprice (type: double), l_discount (type: double)\n                outputColumnNames: _col0, _col1, _col2, _col3, _col4\n                Statistics: Num rows: 3392247 Data size: 94982919 Basic stats: COMPLETE Column stats: NONE\n                Reduce Output Operator\n                  key expressions: _col1 (type: int)\n                  sort order: +\n                  Map-reduce partition columns: _col1 (type: int)\n                  Statistics: Num rows: 3392247 Data size: 94982919 Basic stats: COMPLETE Column stats: NONE\n                  value expressions: _col0 (type: int), _col2 (type: int), _col3 (type: double), _col4 (type: double)\n          TableScan\n            alias: p\n            Statistics: Num rows: 928322 Data size: 24136384 Basic stats: COMPLETE Column stats: NONE\n            Filter Operator\n              predicate: ((p_type = 'ECONOMY ANODIZED STEEL') and p_partkey is not null) (type: boolean)\n              Statistics: Num rows: 232081 Data size: 6034109 Basic stats: COMPLETE Column stats: NONE\n              Select Operator\n                expressions: p_partkey (type: int)\n                outputColumnNames: _col0\n                Statistics: Num rows: 232081 Data size: 6034109 Basic stats: COMPLETE Column stats: NONE\n                Reduce Output Operator\n                  key expressions: _col0 (type: int)\n                  sort order: +\n                  Map-reduce partition columns: _col0 (type: int)\n                  Statistics: Num rows: 232081 Data size: 6034109 Basic stats: COMPLETE Column stats: NONE\n      Reduce Operator Tree:\n        Join Operator\n          condition map:\n               Inner Join 0 to 1\n          keys:\n            0 _col1 (type: int)\n            1 _col0 (type: int)\n          outputColumnNames: _col0, _col2, _col3, _col4\n          Statistics: Num rows: 3731471 Data size: 104481213 Basic stats: COMPLETE Column stats: NONE\n          File Output Operator\n            compressed: false\n            table:\n                input format: org.apache.hadoop.mapred.SequenceFileInputFormat\n                output format: org.apache.hadoop.hive.ql.io.HiveSequenceFileOutputFormat\n                serde: org.apache.hadoop.hive.serde2.lazybinary.LazyBinarySerDe\n\n  Stage: Stage-2\n    Map Reduce\n      Map Operator Tree:\n          TableScan\n            Reduce Output Operator\n              key expressions: _col2 (type: int)\n              sort order: +\n              Map-reduce partition columns: _col2 (type: int)\n              Statistics: Num rows: 3731471 Data size: 104481213 Basic stats: COMPLETE Column stats: NONE\n              value expressions: _col0 (type: int), _col3 (type: double), _col4 (type: double)\n          TableScan\n            Reduce Output Operator\n              key expressions: _col0 (type: int)\n              sort order: +\n              Map-reduce partition columns: _col0 (type: int)\n              Statistics: Num rows: 48474 Data size: 387799 Basic stats: COMPLETE Column stats: NONE\n              value expressions: _col3 (type: string)\n      Reduce Operator Tree:\n        Join Operator\n          condition map:\n               Inner Join 0 to 1\n          keys:\n            0 _col2 (type: int)\n            1 _col0 (type: int)\n          outputColumnNames: _col0, _col3, _col4, _col10\n          Statistics: Num rows: 4104618 Data size: 114929336 Basic stats: COMPLETE Column stats: NONE\n          File Output Operator\n            compressed: false\n            table:\n                input format: org.apache.hadoop.mapred.SequenceFileInputFormat\n                output format: org.apache.hadoop.hive.ql.io.HiveSequenceFileOutputFormat\n                serde: org.apache.hadoop.hive.serde2.lazybinary.LazyBinarySerDe\n\n  Stage: Stage-3\n    Map Reduce\n      Map Operator Tree:\n          TableScan\n            Reduce Output Operator\n              key expressions: _col0 (type: int)\n              sort order: +\n              Map-reduce partition columns: _col0 (type: int)\n              Statistics: Num rows: 4104618 Data size: 114929336 Basic stats: COMPLETE Column stats: NONE\n              value expressions: _col3 (type: double), _col4 (type: double), _col10 (type: string)\n          TableScan\n            Reduce Output Operator\n              key expressions: _col0 (type: int)\n              sort order: +\n              Map-reduce partition columns: _col0 (type: int)\n              Statistics: Num rows: 920636 Data size: 7365096 Basic stats: COMPLETE Column stats: NONE\n              value expressions: _col2 (type: string)\n      Reduce Operator Tree:\n        Join Operator\n          condition map:\n               Inner Join 0 to 1\n          keys:\n            0 _col0 (type: int)\n            1 _col0 (type: int)\n          outputColumnNames: _col3, _col4, _col10, _col13\n          Statistics: Num rows: 4515079 Data size: 126422272 Basic stats: COMPLETE Column stats: NONE\n          Select Operator\n            expressions: year(_col13) (type: int), (_col3 * (1.0 - _col4)) (type: double), _col10 (type: string)\n            outputColumnNames: _col0, _col1, _col2\n            Statistics: Num rows: 4515079 Data size: 126422272 Basic stats: COMPLETE Column stats: NONE\n            Select Operator\n              expressions: _col0 (type: int), CASE WHEN ((_col2 = 'BRAZIL')) THEN (_col1) ELSE (0.0) END (type: double), _col1 (type: double)\n              outputColumnNames: _col0, _col1, _col2\n              Statistics: Num rows: 4515079 Data size: 126422272 Basic stats: COMPLETE Column stats: NONE\n              Group By Operator\n                aggregations: sum(_col1), sum(_col2)\n                keys: _col0 (type: int)\n                mode: hash\n                outputColumnNames: _col0, _col1, _col2\n                Statistics: Num rows: 4515079 Data size: 126422272 Basic stats: COMPLETE Column stats: NONE\n                File Output Operator\n                  compressed: false\n                  table:\n                      input format: org.apache.hadoop.mapred.SequenceFileInputFormat\n                      output format: org.apache.hadoop.hive.ql.io.HiveSequenceFileOutputFormat\n                      serde: org.apache.hadoop.hive.serde2.lazybinary.LazyBinarySerDe\n\n  Stage: Stage-4\n    Map Reduce\n      Map Operator Tree:\n          TableScan\n            Reduce Output Operator\n              key expressions: _col0 (type: int)\n              sort order: +\n              Map-reduce partition columns: _col0 (type: int)\n              Statistics: Num rows: 4515079 Data size: 126422272 Basic stats: COMPLETE Column stats: NONE\n              value expressions: _col1 (type: double), _col2 (type: double)\n      Reduce Operator Tree:\n        Group By Operator\n          aggregations: sum(VALUE._col0), sum(VALUE._col1)\n          keys: KEY._col0 (type: int)\n          mode: mergepartial\n          outputColumnNames: _col0, _col1, _col2\n          Statistics: Num rows: 2257539 Data size: 63211121 Basic stats: COMPLETE Column stats: NONE\n          Select Operator\n            expressions: _col0 (type: int), (_col1 / _col2) (type: double)\n            outputColumnNames: _col0, _col1\n            Statistics: Num rows: 2257539 Data size: 63211121 Basic stats: COMPLETE Column stats: NONE\n            File Output Operator\n              compressed: false\n              table:\n                  input format: org.apache.hadoop.mapred.SequenceFileInputFormat\n                  output format: org.apache.hadoop.hive.ql.io.HiveSequenceFileOutputFormat\n                  serde: org.apache.hadoop.hive.serde2.lazybinary.LazyBinarySerDe\n\n  Stage: Stage-5\n    Map Reduce\n      Map Operator Tree:\n          TableScan\n            Reduce Output Operator\n              key expressions: _col0 (type: int)\n              sort order: +\n              Statistics: Num rows: 2257539 Data size: 63211121 Basic stats: COMPLETE Column stats: NONE\n              value expressions: _col1 (type: double)\n      Reduce Operator Tree:\n        Select Operator\n          expressions: KEY.reducesinkkey0 (type: int), VALUE._col0 (type: double)\n          outputColumnNames: _col0, _col1\n          Statistics: Num rows: 2257539 Data size: 63211121 Basic stats: COMPLETE Column stats: NONE\n          File Output Operator\n            compressed: false\n            Statistics: Num rows: 2257539 Data size: 63211121 Basic stats: COMPLETE Column stats: NONE\n            table:\n                input format: org.apache.hadoop.mapred.TextInputFormat\n                output format: org.apache.hadoop.hive.ql.io.HiveIgnoreKeyTextOutputFormat\n                serde: org.apache.hadoop.hive.serde2.lazy.LazySimpleSerDe\n\n  Stage: Stage-7\n    Map Reduce\n      Map Operator Tree:\n          TableScan\n            alias: s\n            Statistics: Num rows: 176269 Data size: 1410156 Basic stats: COMPLETE Column stats: NONE\n            Filter Operator\n              predicate: (s_nationkey is not null and s_suppkey is not null) (type: boolean)\n              Statistics: Num rows: 44068 Data size: 352545 Basic stats: COMPLETE Column stats: NONE\n              Select Operator\n                expressions: s_suppkey (type: int), s_nationkey (type: int)\n                outputColumnNames: _col0, _col1\n                Statistics: Num rows: 44068 Data size: 352545 Basic stats: COMPLETE Column stats: NONE\n                Reduce Output Operator\n                  key expressions: _col1 (type: int)\n                  sort order: +\n                  Map-reduce partition columns: _col1 (type: int)\n                  Statistics: Num rows: 44068 Data size: 352545 Basic stats: COMPLETE Column stats: NONE\n                  value expressions: _col0 (type: int)\n          TableScan\n            alias: n1\n            Statistics: Num rows: 173 Data size: 18037 Basic stats: COMPLETE Column stats: NONE\n            Filter Operator\n              predicate: n_nationkey is not null (type: boolean)\n              Statistics: Num rows: 87 Data size: 9070 Basic stats: COMPLETE Column stats: NONE\n              Select Operator\n                expressions: n_nationkey (type: int), n_name (type: string)\n                outputColumnNames: _col0, _col1\n                Statistics: Num rows: 87 Data size: 9070 Basic stats: COMPLETE Column stats: NONE\n                Reduce Output Operator\n                  key expressions: _col0 (type: int)\n                  sort order: +\n                  Map-reduce partition columns: _col0 (type: int)\n                  Statistics: Num rows: 87 Data size: 9070 Basic stats: COMPLETE Column stats: NONE\n                  value expressions: _col1 (type: string)\n      Reduce Operator Tree:\n        Join Operator\n          condition map:\n               Inner Join 0 to 1\n          keys:\n            0 _col1 (type: int)\n            1 _col0 (type: int)\n          outputColumnNames: _col0, _col3\n          Statistics: Num rows: 48474 Data size: 387799 Basic stats: COMPLETE Column stats: NONE\n          File Output Operator\n            compressed: false\n            table:\n                input format: org.apache.hadoop.mapred.SequenceFileInputFormat\n                output format: org.apache.hadoop.hive.ql.io.HiveSequenceFileOutputFormat\n                serde: org.apache.hadoop.hive.serde2.lazybinary.LazyBinarySerDe\n\n  Stage: Stage-9\n    Map Reduce\n      Map Operator Tree:\n          TableScan\n            alias: o\n            Statistics: Num rows: 1592161 Data size: 171953408 Basic stats: COMPLETE Column stats: NONE\n            Filter Operator\n              predicate: ((((o_orderdate >= '1995-01-01') and (o_orderdate < '1996-12-31')) and o_custkey is not null) and o_orderkey is not null) (type: boolean)\n              Statistics: Num rows: 44227 Data size: 4776516 Basic stats: COMPLETE Column stats: NONE\n              Select Operator\n                expressions: o_orderkey (type: int), o_custkey (type: int), o_orderdate (type: string)\n                outputColumnNames: _col0, _col1, _col2\n                Statistics: Num rows: 44227 Data size: 4776516 Basic stats: COMPLETE Column stats: NONE\n                Reduce Output Operator\n                  key expressions: _col1 (type: int)\n                  sort order: +\n                  Map-reduce partition columns: _col1 (type: int)\n                  Statistics: Num rows: 44227 Data size: 4776516 Basic stats: COMPLETE Column stats: NONE\n                  value expressions: _col0 (type: int), _col2 (type: string)\n          TableScan\n            alias: c\n            Statistics: Num rows: 3043428 Data size: 24347428 Basic stats: COMPLETE Column stats: NONE\n            Filter Operator\n              predicate: (c_custkey is not null and c_nationkey is not null) (type: boolean)\n              Statistics: Num rows: 760857 Data size: 6086857 Basic stats: COMPLETE Column stats: NONE\n              Select Operator\n                expressions: c_custkey (type: int), c_nationkey (type: int)\n                outputColumnNames: _col0, _col1\n                Statistics: Num rows: 760857 Data size: 6086857 Basic stats: COMPLETE Column stats: NONE\n                Reduce Output Operator\n                  key expressions: _col0 (type: int)\n                  sort order: +\n                  Map-reduce partition columns: _col0 (type: int)\n                  Statistics: Num rows: 760857 Data size: 6086857 Basic stats: COMPLETE Column stats: NONE\n                  value expressions: _col1 (type: int)\n      Reduce Operator Tree:\n        Join Operator\n          condition map:\n               Inner Join 0 to 1\n          keys:\n            0 _col1 (type: int)\n            1 _col0 (type: int)\n          outputColumnNames: _col0, _col2, _col4\n          Statistics: Num rows: 836942 Data size: 6695542 Basic stats: COMPLETE Column stats: NONE\n          File Output Operator\n            compressed: false\n            table:\n                input format: org.apache.hadoop.mapred.SequenceFileInputFormat\n                output format: org.apache.hadoop.hive.ql.io.HiveSequenceFileOutputFormat\n                serde: org.apache.hadoop.hive.serde2.lazybinary.LazyBinarySerDe\n\n  Stage: Stage-10\n    Map Reduce\n      Map Operator Tree:\n          TableScan\n            Reduce Output Operator\n              key expressions: _col4 (type: int)\n              sort order: +\n              Map-reduce partition columns: _col4 (type: int)\n              Statistics: Num rows: 836942 Data size: 6695542 Basic stats: COMPLETE Column stats: NONE\n              value expressions: _col0 (type: int), _col2 (type: string)\n          TableScan\n            Reduce Output Operator\n              key expressions: _col0 (type: int)\n              sort order: +\n              Map-reduce partition columns: _col0 (type: int)\n              Statistics: Num rows: 620 Data size: 4964 Basic stats: COMPLETE Column stats: NONE\n      Reduce Operator Tree:\n        Join Operator\n          condition map:\n               Inner Join 0 to 1\n          keys:\n            0 _col4 (type: int)\n            1 _col0 (type: int)\n          outputColumnNames: _col0, _col2\n          Statistics: Num rows: 920636 Data size: 7365096 Basic stats: COMPLETE Column stats: NONE\n          File Output Operator\n            compressed: false\n            table:\n                input format: org.apache.hadoop.mapred.SequenceFileInputFormat\n                output format: org.apache.hadoop.hive.ql.io.HiveSequenceFileOutputFormat\n                serde: org.apache.hadoop.hive.serde2.lazybinary.LazyBinarySerDe\n\n  Stage: Stage-12\n    Map Reduce\n      Map Operator Tree:\n          TableScan\n            alias: n1\n            Statistics: Num rows: 2254 Data size: 18037 Basic stats: COMPLETE Column stats: NONE\n            Filter Operator\n              predicate: (n_regionkey is not null and n_nationkey is not null) (type: boolean)\n              Statistics: Num rows: 564 Data size: 4513 Basic stats: COMPLETE Column stats: NONE\n              Select Operator\n                expressions: n_nationkey (type: int), n_regionkey (type: int)\n                outputColumnNames: _col0, _col1\n                Statistics: Num rows: 564 Data size: 4513 Basic stats: COMPLETE Column stats: NONE\n                Reduce Output Operator\n                  key expressions: _col1 (type: int)\n                  sort order: +\n                  Map-reduce partition columns: _col1 (type: int)\n                  Statistics: Num rows: 564 Data size: 4513 Basic stats: COMPLETE Column stats: NONE\n                  value expressions: _col0 (type: int)\n          TableScan\n            alias: r\n            Statistics: Num rows: 63 Data size: 695 Basic stats: COMPLETE Column stats: NONE\n            Filter Operator\n              predicate: ((r_name = 'AMERICA') and r_regionkey is not null) (type: boolean)\n              Statistics: Num rows: 16 Data size: 176 Basic stats: COMPLETE Column stats: NONE\n              Select Operator\n                expressions: r_regionkey (type: int)\n                outputColumnNames: _col0\n                Statistics: Num rows: 16 Data size: 176 Basic stats: COMPLETE Column stats: NONE\n                Reduce Output Operator\n                  key expressions: _col0 (type: int)\n                  sort order: +\n                  Map-reduce partition columns: _col0 (type: int)\n                  Statistics: Num rows: 16 Data size: 176 Basic stats: COMPLETE Column stats: NONE\n      Reduce Operator Tree:\n        Join Operator\n          condition map:\n               Inner Join 0 to 1\n          keys:\n            0 _col1 (type: int)\n            1 _col0 (type: int)\n          outputColumnNames: _col0\n          Statistics: Num rows: 620 Data size: 4964 Basic stats: COMPLETE Column stats: NONE\n          File Output Operator\n            compressed: false\n            table:\n                input format: org.apache.hadoop.mapred.SequenceFileInputFormat\n                output format: org.apache.hadoop.hive.ql.io.HiveSequenceFileOutputFormat\n                serde: org.apache.hadoop.hive.serde2.lazybinary.LazyBinarySerDe\n\n  Stage: Stage-0\n    Fetch Operator\n      limit: -1\n      Processor Tree:\n        ListSink\n{quote}\nbq. Is CBO invalid? \n\n{color:red}\n The Join order had been modified in final  plan by Calcite .\n{color}\n{noformat}\nFinal plan after modifier\n HiveSort(sort0=[$0], dir0=[ASC])\n  HiveProject(o_year=[$0], mkt_share=[/($1, $2)])\n    HiveAggregate(group=[{0}], agg#0=[sum($1)], agg#1=[sum($2)])\n      HiveProject($f0=[$0], $f1=[when(=($2, 'BRAZIL'), $1, 0E0)], $f2=[$1])\n        HiveProject(o_year=[year($8)], volume=[*($12, -(CAST(1):DOUBLE, $13))], nation=[$19])\n          HiveProject(n_nationkey=[$16], n_regionkey=[$17], r_regionkey=[$18], r_name=[$19], c_custkey=[$14], c_nationkey=[$15], o_orderkey=[$11], o_custkey=[$12], o_orderdate=[$13], l_orderkey=[$0], l_partkey=[$1], l_suppkey=[$2], l_extendedprice=[$3], l_discount=[$4], p_partkey=[$5], p_type=[$6], s_suppkey=[$7], s_nationkey=[$8], n_nationkey0=[$9], n_name=[$10])\n            HiveJoin(condition=[=($0, $11)], joinType=[inner])\n              HiveJoin(condition=[=($7, $2)], joinType=[inner])\n                HiveJoin(condition=[=($5, $1)], joinType=[inner])\n                  HiveProject(l_orderkey=[$0], l_partkey=[$1], l_suppkey=[$2], l_extendedprice=[$5], l_discount=[$6])\n                    HiveTableScan(table=[[default.lineitem]])\n                  HiveProject(p_partkey=[$0], p_type=[$4])\n                    HiveFilter(condition=[=($4, 'ECONOMY ANODIZED STEEL')])\n                      HiveTableScan(table=[[default.part]])\n                HiveProject(s_suppkey=[$0], s_nationkey=[$1], n_nationkey=[$2], n_name=[$3])\n                  HiveJoin(condition=[=($1, $2)], joinType=[inner])\n                    HiveProject(s_suppkey=[$0], s_nationkey=[$3])\n                      HiveTableScan(table=[[default.supplier]])\n                    HiveProject(n_nationkey=[$0], n_name=[$1])\n                      HiveTableScan(table=[[default.nation]])\n              HiveProject(o_orderkey=[$0], o_custkey=[$1], o_orderdate=[$2], c_custkey=[$3], c_nationkey=[$4], n_nationkey=[$5],n_regionkey=[$6], r_regionkey=[$7], r_name=[$8])\n                HiveJoin(condition=[=($4, $5)], joinType=[inner])\n                  HiveJoin(condition=[=($3, $1)], joinType=[inner])\n                    HiveProject(o_orderkey=[$0], o_custkey=[$1], o_orderdate=[$4])\n                      HiveFilter(condition=[AND(>=($4, '1995-01-01'), <($4, '1996-12-31'))])\n                        HiveTableScan(table=[[default.orders]])\n                    HiveProject(c_custkey=[$0], c_nationkey=[$3])\n                      HiveTableScan(table=[[default.customer]])\n                  HiveProject(n_nationkey=[$0], n_regionkey=[$1], r_regionkey=[$2], r_name=[$3])\n                    HiveJoin(condition=[=($1, $2)], joinType=[inner])\n                      HiveProject(n_nationkey=[$0], n_regionkey=[$2])\n                        HiveTableScan(table=[[default.nation]])\n                      HiveProject(r_regionkey=[$0], r_name=[$1])\n                        HiveFilter(condition=[=($1, 'AMERICA')])\n                          HiveTableScan(table=[[default.region]])\n{noformat}","customfield_10010":null,"timetracking":{},"customfield_12312026":null,"customfield_12312023":null,"customfield_12310320":null,"customfield_12312024":null,"customfield_12312340":null,"attachment":[],"aggregatetimeestimate":null,"customfield_12312341":null,"customfield_12312220":null,"customfield_12312022":null,"customfield_12310921":null,"customfield_12310920":"9223372036854775807","customfield_12312823":null,"summary":"Having the consistent physical execution plan  , which using explain command  with disable CBO and enable CBO.","creator":{"self":"https://issues.apache.org/jira/rest/api/2/user?username=asko","name":"asko","key":"asko","avatarUrls":{"48x48":"https://issues.apache.org/jira/secure/useravatar?avatarId=10452","24x24":"https://issues.apache.org/jira/secure/useravatar?size=small&avatarId=10452","16x16":"https://issues.apache.org/jira/secure/useravatar?size=xsmall&avatarId=10452","32x32":"https://issues.apache.org/jira/secure/useravatar?size=medium&avatarId=10452"},"displayName":"asko","active":true,"timeZone":"Etc/UTC"},"subtasks":[],"customfield_12310291":null,"reporter":{"self":"https://issues.apache.org/jira/rest/api/2/user?username=asko","name":"asko","key":"asko","avatarUrls":{"48x48":"https://issues.apache.org/jira/secure/useravatar?avatarId=10452","24x24":"https://issues.apache.org/jira/secure/useravatar?size=small&avatarId=10452","16x16":"https://issues.apache.org/jira/secure/useravatar?size=xsmall&avatarId=10452","32x32":"https://issues.apache.org/jira/secure/useravatar?size=medium&avatarId=10452"},"displayName":"asko","active":true,"timeZone":"Etc/UTC"},"customfield_12310290":null,"aggregateprogress":{"progress":0,"total":0},"customfield_12311024":null,"environment":null,"customfield_12313520":null,"customfield_12311020":null,"duedate":null,"customfield_12310250":null,"progress":{"progress":0,"total":0},"comment":{"comments":[{"self":"https://issues.apache.org/jira/rest/api/2/issue/12778445/comment/14343514","id":"14343514","author":{"self":"https://issues.apache.org/jira/rest/api/2/user?username=jpullokkaran","name":"jpullokkaran","key":"jpullokkaran","avatarUrls":{"48x48":"https://issues.apache.org/jira/secure/useravatar?avatarId=10452","24x24":"https://issues.apache.org/jira/secure/useravatar?size=small&avatarId=10452","16x16":"https://issues.apache.org/jira/secure/useravatar?size=xsmall&avatarId=10452","32x32":"https://issues.apache.org/jira/secure/useravatar?size=medium&avatarId=10452"},"displayName":"Laljo John Pullokkaran","active":true,"timeZone":"America/Los_Angeles"},"body":"[~asko] What is the issue here?\nIf the issue you are raising is the physical plans are different with CBO ON/OFF then it is expected as the join order may change.","updateAuthor":{"self":"https://issues.apache.org/jira/rest/api/2/user?username=jpullokkaran","name":"jpullokkaran","key":"jpullokkaran","avatarUrls":{"48x48":"https://issues.apache.org/jira/secure/useravatar?avatarId=10452","24x24":"https://issues.apache.org/jira/secure/useravatar?size=small&avatarId=10452","16x16":"https://issues.apache.org/jira/secure/useravatar?size=xsmall&avatarId=10452","32x32":"https://issues.apache.org/jira/secure/useravatar?size=medium&avatarId=10452"},"displayName":"Laljo John Pullokkaran","active":true,"timeZone":"America/Los_Angeles"},"created":"2015-03-02T18:11:37.869+0000","updated":"2015-03-02T18:11:37.869+0000"}],"maxResults":1,"total":1,"startAt":0},"votes":{"self":"https://issues.apache.org/jira/rest/api/2/issue/HIVE-9821/votes","votes":0,"hasVoted":false},"worklog":{"startAt":0,"maxResults":20,"total":0,"worklogs":[]},"customfield_12311820":"0|i266tb:"}}